2024-09-18 20:29:42,639 [INFO] Activator:176 - 


2024-09-18 20:29:42,644 [INFO] Activator:177 - !SESSION log4j initialized
2024-09-18 20:29:47,741 [INFO] LogOutputStream:77 - [STDOUT_REDIRECT] 
2024-09-18 20:29:50,134 [INFO] ApplicationProperties:184 - Using Application install path: C:\ST\STM32CubeIDE_1.16.0\STM32CubeIDE\plugins\com.st.stm32cube.common.mx_6.12.0.202406281431
2024-09-18 20:29:50,150 [INFO] DbMcusXml:78 - Set database path to: C:\ST\STM32CubeIDE_1.16.0\STM32CubeIDE\plugins\com.st.stm32cube.common.mx_6.12.0.202406281431\\db\/mcu/
2024-09-18 20:29:50,150 [INFO] ApiDb:274 - Set plugin database path to: C:\ST\STM32CubeIDE_1.16.0\STM32CubeIDE\plugins\com.st.stm32cube.common.mx_6.12.0.202406281431\\db\/plugins/boardmanager/
2024-09-18 20:29:50,151 [WARN] ApiDb:259 - Overriding images path with different value:  => C:\ST\STM32CubeIDE_1.16.0\STM32CubeIDE\plugins\com.st.stm32cube.common.mx_6.12.0.202406281431\\db\/plugins/mcufinder/images/
2024-09-18 20:29:50,165 [INFO] ApiDb:250 - Set database path to: C:\Users\Juan\.stmcufinder\plugins\mcufinder//mcu/
2024-09-18 20:29:50,166 [INFO] DbMcusAds:125 - Set database path to: C:\Users\Juan\.stmcufinder\plugins\mcufinder//mcu/
2024-09-18 20:29:50,169 [INFO] CrossReferenceDbSqlite:203 - Set database path to: C:\Users\Juan\.stmcufinder\plugins\mcufinder//mcu/cs/
2024-09-18 20:29:50,273 [INFO] RulesReader:64 - Compatibility file has been processed (297 Rules)
2024-09-18 20:29:50,345 [INFO] DbMcusXml:78 - Set database path to: C:\ST\STM32CubeIDE_1.16.0\STM32CubeIDE\plugins\com.st.stm32cube.common.mx_6.12.0.202406281431\\db\/mcu/
2024-09-18 20:29:50,345 [INFO] ApiDb:274 - Set plugin database path to: C:\ST\STM32CubeIDE_1.16.0\STM32CubeIDE\plugins\com.st.stm32cube.common.mx_6.12.0.202406281431\\db\/plugins/boardmanager/
2024-09-18 20:29:50,345 [INFO] ApiDb:261 - Set plugin images path to: C:\ST\STM32CubeIDE_1.16.0\STM32CubeIDE\plugins\com.st.stm32cube.common.mx_6.12.0.202406281431\\db\/plugins/mcufinder/images/
2024-09-18 20:29:50,346 [WARN] DbFile:41 - Overriding database path with different value: C:\Users\Juan\.stmcufinder\plugins\mcufinder/ => C:\Users\Juan\.stmcufinder\plugins\mcufinder
2024-09-18 20:29:50,346 [INFO] ApiDb:250 - Set database path to: C:\Users\Juan\.stmcufinder\plugins\mcufinder//mcu/
2024-09-18 20:29:50,346 [WARN] DbFile:41 - Overriding database path with different value: C:\Users\Juan\.stmcufinder\plugins\mcufinder/ => C:\Users\Juan\.stmcufinder\plugins\mcufinder
2024-09-18 20:29:50,346 [INFO] DbMcusAds:125 - Set database path to: C:\Users\Juan\.stmcufinder\plugins\mcufinder//mcu/
2024-09-18 20:29:50,346 [WARN] DbFile:41 - Overriding database path with different value: C:\Users\Juan\.stmcufinder\plugins\mcufinder/ => C:\Users\Juan\.stmcufinder\plugins\mcufinder
2024-09-18 20:29:50,346 [WARN] DbFile:41 - Overriding database path with different value: C:\Users\Juan\.stmcufinder\plugins\mcufinder/ => C:\Users\Juan\.stmcufinder\plugins\mcufinder
2024-09-18 20:29:50,346 [INFO] CrossReferenceDbSqlite:203 - Set database path to: C:\Users\Juan\.stmcufinder\plugins\mcufinder//mcu/cs/
2024-09-18 20:29:50,416 [INFO] MainPanel:268 - HeapMemory: 268435456
2024-09-18 20:29:50,508 [INFO] DbMcusXml:78 - Set database path to: C:\ST\STM32CubeIDE_1.16.0\STM32CubeIDE\plugins\com.st.stm32cube.common.mx_6.12.0.202406281431\\db\/mcu/
2024-09-18 20:29:50,508 [INFO] ApiDb:274 - Set plugin database path to: C:\ST\STM32CubeIDE_1.16.0\STM32CubeIDE\plugins\com.st.stm32cube.common.mx_6.12.0.202406281431\\db\/plugins/boardmanager/
2024-09-18 20:29:50,508 [INFO] ApiDb:261 - Set plugin images path to: C:\ST\STM32CubeIDE_1.16.0\STM32CubeIDE\plugins\com.st.stm32cube.common.mx_6.12.0.202406281431\\db\/plugins/mcufinder/images/
2024-09-18 20:29:50,508 [WARN] DbFile:41 - Overriding database path with different value: C:\Users\Juan\.stmcufinder\plugins\mcufinder/ => C:\Users\Juan\.stmcufinder\plugins\mcufinder
2024-09-18 20:29:50,508 [INFO] ApiDb:250 - Set database path to: C:\Users\Juan\.stmcufinder\plugins\mcufinder//mcu/
2024-09-18 20:29:50,509 [WARN] DbFile:41 - Overriding database path with different value: C:\Users\Juan\.stmcufinder\plugins\mcufinder/ => C:\Users\Juan\.stmcufinder\plugins\mcufinder
2024-09-18 20:29:50,509 [INFO] DbMcusAds:125 - Set database path to: C:\Users\Juan\.stmcufinder\plugins\mcufinder//mcu/
2024-09-18 20:29:50,509 [WARN] DbFile:41 - Overriding database path with different value: C:\Users\Juan\.stmcufinder\plugins\mcufinder/ => C:\Users\Juan\.stmcufinder\plugins\mcufinder
2024-09-18 20:29:50,509 [WARN] DbFile:41 - Overriding database path with different value: C:\Users\Juan\.stmcufinder\plugins\mcufinder/ => C:\Users\Juan\.stmcufinder\plugins\mcufinder
2024-09-18 20:29:50,509 [INFO] CrossReferenceDbSqlite:203 - Set database path to: C:\Users\Juan\.stmcufinder\plugins\mcufinder//mcu/cs/
2024-09-18 20:29:50,522 [INFO] ApplicationProperties:184 - Using Application install path: C:\ST\STM32CubeIDE_1.16.0\STM32CubeIDE\plugins\com.st.stm32cube.common.mx_6.12.0.202406281431
2024-09-18 20:29:50,523 [INFO] PluginManage:196 - Search for loadable plugins [exclusion list=, ]
2024-09-18 20:29:50,525 [INFO] PluginManage:310 - Check plugin analytics
2024-09-18 20:29:50,651 [INFO] AnalyticsPlugin:253 - Accepted Software Licenses: STM32CubeMX.6.12.0
2024-09-18 20:29:50,651 [INFO] AnalyticsPlugin:255 - Accepted CMSIS Pack Licenses: 
2024-09-18 20:29:50,651 [INFO] AnalyticsPlugin:257 - Accepted Firmware Licenses: FW.F4.1.28.0
2024-09-18 20:29:50,654 [INFO] PluginManage:359 - Loaded plugin analytics (category:tool,tabindex:-1)
2024-09-18 20:29:50,654 [INFO] PluginManage:310 - Check plugin cadmodel
2024-09-18 20:29:50,667 [INFO] CADModel:105 - Init CAD model plugin
2024-09-18 20:29:50,667 [INFO] PluginManage:359 - Loaded plugin cadmodel (category:power,tabindex:5)
2024-09-18 20:29:50,668 [INFO] PluginManage:310 - Check plugin clock
2024-09-18 20:29:50,684 [INFO] PluginManage:359 - Loaded plugin clock (category:base,tabindex:2)
2024-09-18 20:29:50,684 [INFO] PluginManage:310 - Check plugin ddr
2024-09-18 20:29:50,686 [INFO] PluginManage:359 - Loaded plugin ddr (category:tool,tabindex:6)
2024-09-18 20:29:50,686 [INFO] PluginManage:310 - Check plugin filemanager
2024-09-18 20:29:50,798 [INFO] PluginManage:359 - Loaded plugin filemanager (category:base,tabindex:10)
2024-09-18 20:29:50,798 [INFO] PluginManage:310 - Check plugin ipmanager
2024-09-18 20:29:50,803 [INFO] PluginManage:359 - Loaded plugin ipmanager (category:base,tabindex:5)
2024-09-18 20:29:50,804 [INFO] PluginManage:310 - Check plugin lpbam
2024-09-18 20:29:50,819 [INFO] PluginManage:359 - Loaded plugin lpbam (category:base,tabindex:0)
2024-09-18 20:29:50,819 [INFO] PluginManage:310 - Check plugin memorymap
2024-09-18 20:29:50,840 [INFO] PluginManage:359 - Loaded plugin memorymap (category:base,tabindex:4)
2024-09-18 20:29:50,840 [INFO] PluginManage:310 - Check plugin pinoutandconfiguration
2024-09-18 20:29:50,854 [INFO] PluginManage:359 - Loaded plugin pinoutandconfiguration (category:base,tabindex:1)
2024-09-18 20:29:50,855 [INFO] PluginManage:310 - Check plugin pinoutconfig
2024-09-18 20:29:50,930 [WARN] SupportedApi:132 - Cannot load RTOS API schema: s4s-elt-must-match.1: The content of 'definitions' must match (annotation?, (simpleType | complexType)?, (unique | key | keyref)*)). A problem was found starting at: attribute.
2024-09-18 20:29:51,036 [INFO] PluginManage:359 - Loaded plugin pinoutconfig (category:base,tabindex:0)
2024-09-18 20:29:51,036 [INFO] PluginManage:310 - Check plugin power
2024-09-18 20:29:51,052 [INFO] PluginManage:359 - Loaded plugin power (category:power,tabindex:4)
2024-09-18 20:29:51,053 [INFO] PluginManage:310 - Check plugin projectmanager
2024-09-18 20:29:51,066 [INFO] PluginManage:359 - Loaded plugin projectmanager (category:projectmanager,tabindex:4)
2024-09-18 20:29:51,066 [INFO] PluginManage:310 - Check plugin rif
2024-09-18 20:29:51,080 [INFO] PluginManage:359 - Loaded plugin rif (category:base,tabindex:3)
2024-09-18 20:29:51,080 [INFO] PluginManage:310 - Check plugin thirdparty
2024-09-18 20:29:51,314 [INFO] PluginManage:359 - Loaded plugin thirdparty (category:base,tabindex:-1)
2024-09-18 20:29:51,314 [WARN] IntegrityCheckThread:84 - waiting for thirdparty lock release [integrity check]
2024-09-18 20:29:51,314 [INFO] PluginManage:310 - Check plugin tools
2024-09-18 20:29:51,314 [INFO] IntegrityCheckThread:86 - entering critical section [integrity check]
2024-09-18 20:29:51,314 [INFO] ThirdPartyUpdaterWithRetryManager:70 - Updater plugin not ready yet. [1/15]
2024-09-18 20:29:51,344 [INFO] PluginManage:359 - Loaded plugin tools (category:base,tabindex:7)
2024-09-18 20:29:51,344 [INFO] PluginManage:310 - Check plugin tutovideos
2024-09-18 20:29:51,504 [INFO] PluginManage:359 - Loaded plugin tutovideos (category:base,tabindex:-1)
2024-09-18 20:29:51,505 [INFO] PluginManage:310 - Check plugin updater
2024-09-18 20:29:51,519 [INFO] PluginManage:359 - Loaded plugin updater (category:base,tabindex:12)
2024-09-18 20:29:51,519 [INFO] PluginManage:310 - Check plugin userauth
2024-09-18 20:29:51,524 [INFO] UserAuth:113 - Init User Auth plugin
2024-09-18 20:29:51,524 [INFO] PluginManage:359 - Loaded plugin userauth (category:base,tabindex:14)
2024-09-18 20:29:51,525 [INFO] PluginManage:283 - PluginManage : Loaded plugins [18]
2024-09-18 20:29:51,701 [INFO] PinOutPanel:1561 - setPackage(No Configuration,No Configuration)
2024-09-18 20:29:51,774 [INFO] CADModel:165 - CPN selected for project level
2024-09-18 20:29:51,774 [INFO] CADModel:114 - Register for checkConnection events
2024-09-18 20:29:51,796 [INFO] IPUIPlugin:80 - create IPUIPlugin
2024-09-18 20:29:51,796 [INFO] PluginManager:220 - loadIPPluginJar : add adc
2024-09-18 20:29:51,831 [INFO] IPUIPlugin:80 - create IPUIPlugin
2024-09-18 20:29:51,831 [INFO] PluginManager:220 - loadIPPluginJar : add aes
2024-09-18 20:29:51,869 [INFO] IPUIPlugin:80 - create IPUIPlugin
2024-09-18 20:29:51,869 [INFO] PluginManager:220 - loadIPPluginJar : add can
2024-09-18 20:29:51,891 [INFO] IPUIPlugin:80 - create IPUIPlugin
2024-09-18 20:29:51,891 [INFO] PluginManager:220 - loadIPPluginJar : add comp
2024-09-18 20:29:51,923 [INFO] IPUIPlugin:80 - create IPUIPlugin
2024-09-18 20:29:51,923 [INFO] PluginManager:220 - loadIPPluginJar : add cryp
2024-09-18 20:29:51,934 [INFO] IPUIPlugin:80 - create IPUIPlugin
2024-09-18 20:29:51,934 [INFO] PluginManager:220 - loadIPPluginJar : add ddr_ctrl_phy
2024-09-18 20:29:51,962 [INFO] IPUIPlugin:80 - create IPUIPlugin
2024-09-18 20:29:51,962 [INFO] PluginManager:220 - loadIPPluginJar : add dfsdm
2024-09-18 20:29:51,975 [INFO] IPUIPlugin:80 - create IPUIPlugin
2024-09-18 20:29:51,975 [INFO] PluginManager:220 - loadIPPluginJar : add dma
2024-09-18 20:29:52,015 [INFO] IPUIPlugin:80 - create IPUIPlugin
2024-09-18 20:29:52,016 [INFO] PluginManager:220 - loadIPPluginJar : add dma3
2024-09-18 20:29:52,058 [INFO] IPUIPlugin:80 - create IPUIPlugin
2024-09-18 20:29:52,058 [INFO] PluginManager:220 - loadIPPluginJar : add extmemmanager
2024-09-18 20:29:52,078 [INFO] IPUIPlugin:80 - create IPUIPlugin
2024-09-18 20:29:52,078 [INFO] PluginManager:220 - loadIPPluginJar : add fatfs
2024-09-18 20:29:52,122 [INFO] IPUIPlugin:80 - create IPUIPlugin
2024-09-18 20:29:52,123 [INFO] PluginManager:220 - loadIPPluginJar : add fmc
2024-09-18 20:29:52,135 [INFO] IPUIPlugin:80 - create IPUIPlugin
2024-09-18 20:29:52,136 [INFO] PluginManager:220 - loadIPPluginJar : add freertos
2024-09-18 20:29:52,154 [INFO] IPUIPlugin:80 - create IPUIPlugin
2024-09-18 20:29:52,154 [INFO] PluginManager:220 - loadIPPluginJar : add genericplugin
2024-09-18 20:29:52,239 [INFO] IPUIPlugin:80 - create IPUIPlugin
2024-09-18 20:29:52,239 [INFO] PluginManager:220 - loadIPPluginJar : add gfxmmu
2024-09-18 20:29:52,354 [INFO] IPUIPlugin:80 - create IPUIPlugin
2024-09-18 20:29:52,354 [INFO] PluginManager:220 - loadIPPluginJar : add gic
2024-09-18 20:29:52,365 [INFO] IPUIPlugin:80 - create IPUIPlugin
2024-09-18 20:29:52,365 [INFO] PluginManager:220 - loadIPPluginJar : add gpio
2024-09-18 20:29:52,447 [INFO] IPUIPlugin:80 - create IPUIPlugin
2024-09-18 20:29:52,447 [INFO] PluginManager:220 - loadIPPluginJar : add gtzc
2024-09-18 20:29:52,477 [INFO] IPUIPlugin:80 - create IPUIPlugin
2024-09-18 20:29:52,477 [INFO] PluginManager:220 - loadIPPluginJar : add hash
2024-09-18 20:29:52,527 [INFO] IPUIPlugin:80 - create IPUIPlugin
2024-09-18 20:29:52,527 [INFO] PluginManager:220 - loadIPPluginJar : add i2c
2024-09-18 20:29:52,563 [INFO] IPUIPlugin:80 - create IPUIPlugin
2024-09-18 20:29:52,563 [INFO] PluginManager:220 - loadIPPluginJar : add i2s
2024-09-18 20:29:52,602 [INFO] IPUIPlugin:80 - create IPUIPlugin
2024-09-18 20:29:52,602 [INFO] PluginManager:220 - loadIPPluginJar : add i3c
2024-09-18 20:29:52,696 [INFO] IPUIPlugin:80 - create IPUIPlugin
2024-09-18 20:29:52,696 [INFO] PluginManager:220 - loadIPPluginJar : add ipddr
2024-09-18 20:29:52,777 [INFO] IPUIPlugin:80 - create IPUIPlugin
2024-09-18 20:29:52,777 [INFO] PluginManager:220 - loadIPPluginJar : add linkedlist
2024-09-18 20:29:52,808 [INFO] IPUIPlugin:80 - create IPUIPlugin
2024-09-18 20:29:52,808 [INFO] PluginManager:220 - loadIPPluginJar : add lorawan
2024-09-18 20:29:52,841 [INFO] IPUIPlugin:80 - create IPUIPlugin
2024-09-18 20:29:52,841 [INFO] PluginManager:220 - loadIPPluginJar : add ltdc
2024-09-18 20:29:52,853 [INFO] IPUIPlugin:80 - create IPUIPlugin
2024-09-18 20:29:52,853 [INFO] PluginManager:220 - loadIPPluginJar : add mdma
2024-09-18 20:29:52,864 [INFO] IPUIPlugin:80 - create IPUIPlugin
2024-09-18 20:29:52,864 [INFO] PluginManager:220 - loadIPPluginJar : add nvic
2024-09-18 20:29:52,897 [INFO] IPUIPlugin:80 - create IPUIPlugin
2024-09-18 20:29:52,897 [INFO] PluginManager:220 - loadIPPluginJar : add opamp
2024-09-18 20:29:52,950 [INFO] IPUIPlugin:80 - create IPUIPlugin
2024-09-18 20:29:52,950 [INFO] PluginManager:220 - loadIPPluginJar : add openamp
2024-09-18 20:29:52,986 [INFO] IPUIPlugin:80 - create IPUIPlugin
2024-09-18 20:29:52,986 [INFO] PluginManager:220 - loadIPPluginJar : add pdm2pcm
2024-09-18 20:29:52,998 [INFO] IPUIPlugin:80 - create IPUIPlugin
2024-09-18 20:29:53,000 [INFO] PluginManager:220 - loadIPPluginJar : add plateformsettings
2024-09-18 20:29:53,019 [INFO] IPUIPlugin:80 - create IPUIPlugin
2024-09-18 20:29:53,019 [INFO] PluginManager:220 - loadIPPluginJar : add quadspi
2024-09-18 20:29:53,042 [INFO] IPUIPlugin:80 - create IPUIPlugin
2024-09-18 20:29:53,042 [INFO] PluginManager:220 - loadIPPluginJar : add radio
2024-09-18 20:29:53,053 [INFO] IPUIPlugin:80 - create IPUIPlugin
2024-09-18 20:29:53,053 [INFO] PluginManager:220 - loadIPPluginJar : add resmgrutility
2024-09-18 20:29:53,096 [INFO] IPUIPlugin:80 - create IPUIPlugin
2024-09-18 20:29:53,096 [INFO] PluginManager:220 - loadIPPluginJar : add sai
2024-09-18 20:29:53,128 [INFO] IPUIPlugin:80 - create IPUIPlugin
2024-09-18 20:29:53,128 [INFO] PluginManager:220 - loadIPPluginJar : add spi
2024-09-18 20:29:53,190 [INFO] IPUIPlugin:80 - create IPUIPlugin
2024-09-18 20:29:53,190 [INFO] PluginManager:220 - loadIPPluginJar : add stm32_wpan
2024-09-18 20:29:53,210 [INFO] IPUIPlugin:80 - create IPUIPlugin
2024-09-18 20:29:53,210 [INFO] PluginManager:220 - loadIPPluginJar : add tim
2024-09-18 20:29:53,263 [INFO] IPUIPlugin:80 - create IPUIPlugin
2024-09-18 20:29:53,263 [INFO] PluginManager:220 - loadIPPluginJar : add touchsensing
2024-09-18 20:29:53,283 [INFO] IPUIPlugin:80 - create IPUIPlugin
2024-09-18 20:29:53,283 [INFO] PluginManager:220 - loadIPPluginJar : add tracer_emb
2024-09-18 20:29:53,304 [INFO] IPUIPlugin:80 - create IPUIPlugin
2024-09-18 20:29:53,304 [INFO] PluginManager:220 - loadIPPluginJar : add ts
2024-09-18 20:29:53,324 [INFO] IPUIPlugin:80 - create IPUIPlugin
2024-09-18 20:29:53,324 [INFO] PluginManager:220 - loadIPPluginJar : add tsc
2024-09-18 20:29:53,344 [INFO] IPUIPlugin:80 - create IPUIPlugin
2024-09-18 20:29:53,344 [INFO] PluginManager:220 - loadIPPluginJar : add ucpd
2024-09-18 20:29:53,384 [INFO] IPUIPlugin:80 - create IPUIPlugin
2024-09-18 20:29:53,384 [INFO] PluginManager:220 - loadIPPluginJar : add usart
2024-09-18 20:29:53,429 [INFO] IPUIPlugin:80 - create IPUIPlugin
2024-09-18 20:29:53,430 [INFO] PluginManager:220 - loadIPPluginJar : add usbx
2024-09-18 20:29:53,544 [INFO] CADModel:165 - CPN selected for project level
2024-09-18 20:29:53,544 [INFO] CADModel:114 - Register for checkConnection events
2024-09-18 20:29:53,544 [FATAL] Updater:334 - Updater called before beeing initialized
2024-09-18 20:29:53,544 [ERROR] CADModel:125 - Updater not yet initialized, retry later 
2024-09-18 20:29:53,655 [INFO] CADModel:165 - CPN selected for project level
2024-09-18 20:29:53,655 [INFO] CADModel:114 - Register for checkConnection events
2024-09-18 20:29:53,655 [FATAL] Updater:334 - Updater called before beeing initialized
2024-09-18 20:29:53,655 [ERROR] CADModel:125 - Updater not yet initialized, retry later 
2024-09-18 20:29:53,658 [FATAL] Updater:334 - Updater called before beeing initialized
2024-09-18 20:29:53,740 [FATAL] Updater:334 - Updater called before beeing initialized
2024-09-18 20:29:53,747 [INFO] DbMcusAds:53 - JSON generation date=Thu May 16 06:22:00 ART 2024 (1715851320667)
2024-09-18 20:29:53,748 [FATAL] Updater:334 - Updater called before beeing initialized
2024-09-18 20:29:53,779 [WARN] DetailPanel:346 - Failed to get advertising image, set to default
2024-09-18 20:29:53,845 [FATAL] Updater:334 - Updater called before beeing initialized
2024-09-18 20:29:53,847 [FATAL] Updater:334 - Updater called before beeing initialized
2024-09-18 20:29:53,847 [FATAL] Updater:334 - Updater called before beeing initialized
2024-09-18 20:29:53,847 [WARN] DetailPanel:346 - Failed to get advertising image, set to default
2024-09-18 20:29:53,848 [FATAL] Updater:334 - Updater called before beeing initialized
2024-09-18 20:29:53,897 [ERROR] Updater:1164 - MainUpdater not yet initialized. External WinMGr cannot be set.
2024-09-18 20:29:53,906 [INFO] Updater:1100 - Updater Version found : 6.12.0
2024-09-18 20:29:53,921 [INFO] ApplicationProperties:184 - Using Application install path: C:\ST\STM32CubeIDE_1.16.0\STM32CubeIDE\plugins\com.st.stm32cube.common.mx_6.12.0.202406281431
2024-09-18 20:29:54,211 [INFO] MainUpdater:2873 - connection check result : 10
2024-09-18 20:29:54,211 [INFO] MainUpdater:3567 - Updater definition file requires update
2024-09-18 20:29:54,212 [INFO] MainUpdater:290 - Updater Check For Update Now.
2024-09-18 20:29:54,212 [INFO] MicroXplorer:498 - Change Database Version : DB.6.0.120
2024-09-18 20:29:54,227 [INFO] McuFinderGlobals:63 - Set McuFinder mode to 2 (CubeIDE integrated)
2024-09-18 20:29:54,233 [INFO] UserAuth:417 - Internet connection configuration mode: 1
2024-09-18 20:29:54,255 [INFO] JxBrowserEngine:152 - Initiate JxBrowser Engine with user profile folder
2024-09-18 20:29:54,316 [WARN] MainUpdater:1194 - Updater busy. Cannot search thirdparties
2024-09-18 20:29:54,316 [INFO] ThirdPartyUpdaterWithRetryManager:96 - Updater plugin is busy. [1/15]
2024-09-18 20:29:54,320 [INFO] ServerAccessManage:473 - Download File updaters.zip
2024-09-18 20:29:54,432 [INFO] FileExtend:240 - Unzip File : updaters.zip
2024-09-18 20:29:54,432 [INFO] FileExtend:255 - Standard Zip Deflate
2024-09-18 20:29:54,959 [INFO] ServerAccessManage:473 - Download File PacksControlFlags.xml
2024-09-18 20:29:55,105 [INFO] ServerAccessManage:473 - Download File cubemx.pidx
2024-09-18 20:29:55,910 [INFO] ServerAccessManage:473 - Download File STMicroelectronics.X-CUBE-ISPU.pdsc
2024-09-18 20:29:57,324 [WARN] MainUpdater:1194 - Updater busy. Cannot search thirdparties
2024-09-18 20:29:57,324 [INFO] ThirdPartyUpdaterWithRetryManager:96 - Updater plugin is busy. [2/15]
2024-09-18 20:29:57,647 [INFO] WebApp:167 - Instantiating new browser for Auth
2024-09-18 20:29:58,567 [INFO] WebApp:448 - Apply proxy settings
2024-09-18 20:29:58,567 [INFO] WebApp:533 - Chromium requires no authentication
2024-09-18 20:29:58,578 [INFO] WebApp:476 - Direct internet connection detected
2024-09-18 20:29:58,581 [WARN] PackLoader:240 - Cannot read IP mode file for STMicroelectronics.X-CUBE-ISPU.2.1.0
2024-09-18 20:29:58,583 [INFO] PopulateThirdPartyThread:66 - Ending populate Thread
2024-09-18 20:29:58,584 [INFO] ThirdParty:1030 - CMSIS Pack Vendor :STMicroelectronics X-CUBE-ISPU 2.1.0
2024-09-18 20:29:58,584 [INFO] LoadServerUpdatesThread:375 - End of LoadServerUpdate Thread
2024-09-18 20:29:58,601 [INFO] WebApp:869 - Register for checkConnection events
2024-09-18 20:29:58,601 [INFO] WebApp:448 - Apply proxy settings
2024-09-18 20:29:58,601 [INFO] WebApp:533 - Chromium requires no authentication
2024-09-18 20:29:58,602 [INFO] WebApp:476 - Direct internet connection detected
2024-09-18 20:29:58,706 [INFO] CheckServerUpdateThread:120 - End of CheckServer Thread
2024-09-18 20:29:58,745 [INFO] WebApp:220 - Starting web application
2024-09-18 20:29:58,746 [INFO] WebApp:578 - Web application path used C:\ST\STM32CubeIDE_1.16.0\STM32CubeIDE\plugins\com.st.stm32cube.common.mx_6.12.0.202406281431\db\plugins\mcufinder\reactClient1\index.html
2024-09-18 20:29:58,866 [INFO] UserAuth:417 - Internet connection configuration mode: 1
2024-09-18 20:29:58,884 [INFO] WebApp:186 - Connection restablished
2024-09-18 20:30:00,487 [WARN] PackLoader:240 - Cannot read IP mode file for STMicroelectronics.FP-SNS-MOTENVWB1.1.4.0
2024-09-18 20:30:00,499 [WARN] PackLoader:240 - Cannot read IP mode file for STMicroelectronics.X-CUBE-SMBUS.2.1.0
2024-09-18 20:30:00,528 [WARN] PackLoader:240 - Cannot read IP mode file for STMicroelectronics.X-CUBE-AZRTOS-F7.1.1.0
2024-09-18 20:30:00,535 [WARN] PackLoader:240 - Cannot read IP mode file for STMicroelectronics.FP-SNS-FLIGHT1.5.0.2
2024-09-18 20:30:00,550 [WARN] PackLoader:240 - Cannot read IP mode file for STMicroelectronics.X-CUBE-DISPLAY.3.0.0
2024-09-18 20:30:00,566 [WARN] PackLoader:240 - Cannot read IP mode file for STMicroelectronics.X-CUBE-BLE1.7.0.0
2024-09-18 20:30:00,579 [WARN] PackLoader:240 - Cannot read IP mode file for emotas.I-CUBE-CANOPEN.1.3.0
2024-09-18 20:30:00,594 [WARN] PackLoader:240 - Cannot read IP mode file for STMicroelectronics.X-CUBE-BLEMGR.3.1.0
2024-09-18 20:30:00,610 [WARN] PackLoader:240 - Cannot read IP mode file for STMicroelectronics.FP-SNS-SMARTAG2.1.2.0
2024-09-18 20:30:00,627 [INFO] LogOutputStream:77 - [STDOUT_REDIRECT] 1 : Invalid condition id : UX_CORESTACK_Condition cause : null
2024-09-18 20:30:00,628 [INFO] LogOutputStream:77 - [STDOUT_REDIRECT] 1 : Invalid condition id : UX_CORESTACK_Condition cause : null
2024-09-18 20:30:00,628 [INFO] LogOutputStream:77 - [STDOUT_REDIRECT] 1 : Invalid condition id : UX_CORESTACK_Condition cause : null
2024-09-18 20:30:00,629 [INFO] LogOutputStream:77 - [STDOUT_REDIRECT] 1 : Invalid condition id : UX_CORESTACK_Condition cause : null
2024-09-18 20:30:00,630 [INFO] LogOutputStream:77 - [STDOUT_REDIRECT] 1 : Invalid condition id : UX_CORESTACK_Condition cause : null
2024-09-18 20:30:00,632 [WARN] PackLoader:240 - Cannot read IP mode file for STMicroelectronics.X-CUBE-AZRTOS-WL.2.0.0
2024-09-18 20:30:00,644 [WARN] PackLoader:240 - Cannot read IP mode file for STMicroelectronics.FP-SNS-MOTENV1.5.0.0
2024-09-18 20:30:00,649 [WARN] PackLoader:240 - Cannot read IP mode file for wolfSSL.I-CUBE-wolfMQTT.1.19.0
2024-09-18 20:30:00,661 [WARN] PackLoader:240 - Cannot read IP mode file for WES.I-CUBE-Cesium.1.3.0
2024-09-18 20:30:00,671 [WARN] PackLoader:240 - Cannot read IP mode file for STMicroelectronics.X-CUBE-BLE2.3.3.0
2024-09-18 20:30:00,681 [WARN] PackLoader:240 - Cannot read IP mode file for STMicroelectronics.X-CUBE-TCPP.4.1.0
2024-09-18 20:30:00,703 [WARN] PackLoader:240 - Cannot read IP mode file for STMicroelectronics.X-CUBE-AZRTOS-G0.1.1.0
2024-09-18 20:30:00,715 [WARN] PackLoader:240 - Cannot read IP mode file for STMicroelectronics.X-CUBE-SAFEA1.1.2.2
2024-09-18 20:30:00,726 [WARN] PackLoader:240 - Cannot read IP mode file for STMicroelectronics.X-CUBE-NFC4.3.0.0
2024-09-18 20:30:00,746 [WARN] PackLoader:240 - Cannot read IP mode file for EmbeddedOffice.I-CUBE-FS-RTOS.1.0.1
2024-09-18 20:30:00,746 [ERROR] ConditionMgr:805 - Attr not supported : Dmpu
2024-09-18 20:30:00,747 [ERROR] ConditionMgr:805 - Attr not supported : Dmpu
2024-09-18 20:30:00,747 [ERROR] ConditionMgr:805 - Attr not supported : Dmpu
2024-09-18 20:30:00,747 [ERROR] ConditionMgr:805 - Attr not supported : Dmpu
2024-09-18 20:30:00,747 [ERROR] ConditionMgr:805 - Attr not supported : Dmpu
2024-09-18 20:30:00,747 [ERROR] ConditionMgr:805 - Attr not supported : Dmpu
2024-09-18 20:30:00,747 [ERROR] ConditionMgr:805 - Attr not supported : Dmpu
2024-09-18 20:30:00,747 [ERROR] ConditionMgr:805 - Attr not supported : Dmpu
2024-09-18 20:30:00,747 [ERROR] ConditionMgr:805 - Attr not supported : Dmpu
2024-09-18 20:30:00,747 [ERROR] ConditionMgr:805 - Attr not supported : Dmpu
2024-09-18 20:30:00,747 [ERROR] ConditionMgr:805 - Attr not supported : Dmpu
2024-09-18 20:30:00,747 [ERROR] ConditionMgr:805 - Attr not supported : Dmpu
2024-09-18 20:30:00,747 [ERROR] ConditionMgr:805 - Attr not supported : Dmpu
2024-09-18 20:30:00,747 [ERROR] ConditionMgr:805 - Attr not supported : Dmpu
2024-09-18 20:30:00,747 [ERROR] ConditionMgr:805 - Attr not supported : Dmpu
2024-09-18 20:30:00,747 [ERROR] ConditionMgr:805 - Attr not supported : Dmpu
2024-09-18 20:30:00,747 [ERROR] ConditionMgr:805 - Attr not supported : Dmpu
2024-09-18 20:30:00,747 [ERROR] ConditionMgr:805 - Attr not supported : Dmpu
2024-09-18 20:30:00,748 [ERROR] ConditionMgr:805 - Attr not supported : Dmpu
2024-09-18 20:30:00,748 [ERROR] ConditionMgr:805 - Attr not supported : Dmpu
2024-09-18 20:30:00,748 [ERROR] ConditionMgr:805 - Attr not supported : Dmpu
2024-09-18 20:30:00,748 [ERROR] ConditionMgr:805 - Attr not supported : Dmpu
2024-09-18 20:30:00,748 [ERROR] ConditionMgr:805 - Attr not supported : Dmpu
2024-09-18 20:30:00,748 [ERROR] ConditionMgr:805 - Attr not supported : Dmpu
2024-09-18 20:30:00,748 [ERROR] ConditionMgr:805 - Attr not supported : Dmpu
2024-09-18 20:30:00,748 [ERROR] ConditionMgr:805 - Attr not supported : Dmpu
2024-09-18 20:30:00,748 [ERROR] ConditionMgr:805 - Attr not supported : Dmpu
2024-09-18 20:30:00,748 [ERROR] ConditionMgr:805 - Attr not supported : Dmpu
2024-09-18 20:30:00,748 [ERROR] ConditionMgr:805 - Attr not supported : Dmpu
2024-09-18 20:30:00,748 [ERROR] ConditionMgr:805 - Attr not supported : Dmpu
2024-09-18 20:30:00,748 [ERROR] ConditionMgr:805 - Attr not supported : Dmpu
2024-09-18 20:30:00,748 [ERROR] ConditionMgr:805 - Attr not supported : Dmpu
2024-09-18 20:30:00,748 [ERROR] ConditionMgr:805 - Attr not supported : Dmpu
2024-09-18 20:30:00,748 [ERROR] ConditionMgr:805 - Attr not supported : Dmpu
2024-09-18 20:30:00,748 [ERROR] ConditionMgr:805 - Attr not supported : Dmpu
2024-09-18 20:30:00,748 [ERROR] ConditionMgr:805 - Attr not supported : Dmpu
2024-09-18 20:30:00,748 [ERROR] ConditionMgr:805 - Attr not supported : Dmpu
2024-09-18 20:30:00,749 [ERROR] ConditionMgr:805 - Attr not supported : Dmpu
2024-09-18 20:30:00,749 [ERROR] ConditionMgr:805 - Attr not supported : Dmpu
2024-09-18 20:30:00,749 [ERROR] ConditionMgr:805 - Attr not supported : Dmpu
2024-09-18 20:30:00,749 [ERROR] ConditionMgr:805 - Attr not supported : Dmpu
2024-09-18 20:30:00,749 [ERROR] ConditionMgr:805 - Attr not supported : Dmpu
2024-09-18 20:30:00,749 [ERROR] ConditionMgr:805 - Attr not supported : Dmpu
2024-09-18 20:30:00,749 [ERROR] ConditionMgr:805 - Attr not supported : Dmpu
2024-09-18 20:30:00,749 [ERROR] ConditionMgr:805 - Attr not supported : Dmpu
2024-09-18 20:30:00,749 [ERROR] ConditionMgr:805 - Attr not supported : Dmpu
2024-09-18 20:30:00,749 [ERROR] ConditionMgr:805 - Attr not supported : Dmpu
2024-09-18 20:30:00,749 [ERROR] ConditionMgr:805 - Attr not supported : Dmpu
2024-09-18 20:30:00,750 [ERROR] ConditionMgr:805 - Attr not supported : Dmpu
2024-09-18 20:30:00,750 [ERROR] ConditionMgr:805 - Attr not supported : Dmpu
2024-09-18 20:30:00,750 [ERROR] ConditionMgr:805 - Attr not supported : Dmpu
2024-09-18 20:30:00,750 [ERROR] ConditionMgr:805 - Attr not supported : Dmpu
2024-09-18 20:30:00,750 [ERROR] ConditionMgr:805 - Attr not supported : Dmpu
2024-09-18 20:30:00,750 [ERROR] ConditionMgr:805 - Attr not supported : Dmpu
2024-09-18 20:30:00,750 [ERROR] ConditionMgr:805 - Attr not supported : Dmpu
2024-09-18 20:30:00,750 [ERROR] ConditionMgr:805 - Attr not supported : Dmpu
2024-09-18 20:30:00,750 [ERROR] ConditionMgr:805 - Attr not supported : Dmpu
2024-09-18 20:30:00,750 [ERROR] ConditionMgr:805 - Attr not supported : Dmpu
2024-09-18 20:30:00,750 [ERROR] ConditionMgr:805 - Attr not supported : Dmpu
2024-09-18 20:30:00,750 [ERROR] ConditionMgr:805 - Attr not supported : Dmpu
2024-09-18 20:30:00,750 [ERROR] ConditionMgr:805 - Attr not supported : Dmpu
2024-09-18 20:30:00,750 [ERROR] ConditionMgr:805 - Attr not supported : Dmpu
2024-09-18 20:30:00,750 [ERROR] ConditionMgr:805 - Attr not supported : Dmpu
2024-09-18 20:30:00,750 [ERROR] ConditionMgr:805 - Attr not supported : Dmpu
2024-09-18 20:30:00,763 [WARN] PackLoader:240 - Cannot read IP mode file for RealThread.X-CUBE-RT-Thread_Nano.4.1.1
2024-09-18 20:30:00,767 [WARN] PackLoader:240 - Cannot read IP mode file for STMicroelectronics.FP-ATR-SIGFOX1.3.2.0
2024-09-18 20:30:00,777 [WARN] PackLoader:240 - Cannot read IP mode file for wolfSSL.I-CUBE-wolfSSL.5.7.2
2024-09-18 20:30:00,787 [WARN] PackLoader:240 - Cannot read IP mode file for STMicroelectronics.X-CUBE-EEPRMA1.5.1.0
2024-09-18 20:30:00,799 [WARN] PackLoader:240 - Cannot read IP mode file for ITTIA_DB.I-CUBE-ITTIADB.8.9.0
2024-09-18 20:30:00,823 [WARN] PackLoader:240 - Cannot read IP mode file for SEGGER.I-CUBE-embOS.1.3.1
2024-09-18 20:30:00,858 [WARN] PackLoader:240 - Cannot read IP mode file for STMicroelectronics.X-CUBE-ALGOBUILD.1.4.0
2024-09-18 20:30:00,870 [WARN] PackLoader:240 - Cannot read IP mode file for STMicroelectronics.X-CUBE-GNSS1.6.0.0
2024-09-18 20:30:00,892 [WARN] PackLoader:240 - Cannot read IP mode file for STMicroelectronics.X-CUBE-AZRTOS-F4.1.1.0
2024-09-18 20:30:00,896 [WARN] PackLoader:240 - Cannot read IP mode file for STMicroelectronics.X-CUBE-ISPU.2.1.0
2024-09-18 20:30:00,906 [WARN] PackLoader:240 - Cannot read IP mode file for STMicroelectronics.X-CUBE-FREERTOS.1.2.0
2024-09-18 20:30:00,926 [WARN] PackLoader:240 - Cannot read IP mode file for STMicroelectronics.X-CUBE-AZRTOS-L5.2.0.0
2024-09-18 20:30:00,939 [WARN] PackLoader:240 - Cannot read IP mode file for STMicroelectronics.X-CUBE-NFC6.3.1.0
2024-09-18 20:30:00,949 [WARN] PackLoader:240 - Cannot read IP mode file for STMicroelectronics.X-CUBE-AI.9.0.0
2024-09-18 20:30:00,960 [WARN] PackLoader:240 - Cannot read IP mode file for STMicroelectronics.X-CUBE-NFC7.1.0.1
2024-09-18 20:30:00,981 [WARN] ConditionMgr:438 - getConditionDescription Invalid condition id : LAN8742 Phy interface Condition cause : null
2024-09-18 20:30:00,981 [WARN] PackLoader:240 - Cannot read IP mode file for STMicroelectronics.X-CUBE-AZRTOS-L4.2.0.0
2024-09-18 20:30:00,982 [WARN] ConditionMgr:1039 - genDependencies : Invalid condition id : LAN8742 Phy interface Condition cause : null
2024-09-18 20:30:00,982 [WARN] ConditionMgr:1039 - genDependencies : Invalid condition id : LAN8742 Phy interface Condition cause : null
2024-09-18 20:30:00,982 [WARN] ConditionMgr:1039 - genDependencies : Invalid condition id : LAN8742 Phy interface Condition cause : null
2024-09-18 20:30:00,993 [WARN] PackLoader:240 - Cannot read IP mode file for STMicroelectronics.X-CUBE-SFXS2LP1.4.0.0
2024-09-18 20:30:01,017 [WARN] PackLoader:240 - Cannot read IP mode file for STMicroelectronics.X-CUBE-AZRTOS-H7.3.3.0
2024-09-18 20:30:01,036 [WARN] ConditionMgr:438 - getConditionDescription Invalid condition id : UX DEVICE CLASS RTOS Condition cause : null
2024-09-18 20:30:01,036 [WARN] ConditionMgr:438 - getConditionDescription Invalid condition id : UX DEVICE CLASS RTOS Condition cause : null
2024-09-18 20:30:01,037 [WARN] PackLoader:240 - Cannot read IP mode file for STMicroelectronics.X-CUBE-AZRTOS-WB.2.0.0
2024-09-18 20:30:01,038 [WARN] ConditionMgr:1039 - genDependencies : Invalid condition id : UX DEVICE CLASS RTOS Condition cause : null
2024-09-18 20:30:01,038 [WARN] ConditionMgr:1039 - genDependencies : Invalid condition id : UX DEVICE CLASS RTOS Condition cause : null
2024-09-18 20:30:01,038 [WARN] ConditionMgr:1039 - genDependencies : Invalid condition id : UX DEVICE CLASS RTOS Condition cause : null
2024-09-18 20:30:01,038 [WARN] ConditionMgr:1039 - genDependencies : Invalid condition id : UX DEVICE CLASS RTOS Condition cause : null
2024-09-18 20:30:01,038 [WARN] ConditionMgr:1039 - genDependencies : Invalid condition id : UX DEVICE CLASS RTOS Condition cause : null
2024-09-18 20:30:01,048 [WARN] PackLoader:240 - Cannot read IP mode file for STMicroelectronics.X-CUBE-GNSS1.7.0.0
2024-09-18 20:30:01,062 [WARN] PackLoader:240 - Cannot read IP mode file for STMicroelectronics.X-CUBE-SUBG2.5.0.0
2024-09-18 20:30:01,068 [WARN] PackLoader:240 - Cannot read IP mode file for Cesanta.I-CUBE-Mongoose.7.13.0
2024-09-18 20:30:01,087 [WARN] PackLoader:240 - Cannot read IP mode file for STMicroelectronics.X-CUBE-AZRTOS-G4.2.0.0
2024-09-18 20:30:01,098 [WARN] PackLoader:240 - Cannot read IP mode file for STMicroelectronics.X-CUBE-ISPU.2.0.0
2024-09-18 20:30:01,152 [WARN] PackLoader:240 - Cannot read IP mode file for STMicroelectronics.X-CUBE-ALS.1.0.2
2024-09-18 20:30:01,200 [WARN] PackLoader:240 - Cannot read IP mode file for STMicroelectronics.X-CUBE-MEMS1.10.0.0
2024-09-18 20:30:01,272 [WARN] PackLoader:240 - Cannot read IP mode file for STMicroelectronics.X-CUBE-TOUCHGFX.4.24.0
2024-09-18 20:30:01,275 [WARN] PackLoader:240 - Cannot read IP mode file for wolfSSL.I-CUBE-wolfTPM.3.4.0
2024-09-18 20:30:01,293 [WARN] PackLoader:240 - Cannot read IP mode file for portGmbH.I-Cube-SoM-uGOAL.1.1.0
2024-09-18 20:30:01,321 [WARN] PackLoader:240 - Cannot read IP mode file for STMicroelectronics.X-CUBE-AZRTOS-H7RS.1.0.0
2024-09-18 20:30:01,327 [WARN] PackLoader:240 - Cannot read IP mode file for STMicroelectronics.FP-ATR-ASTRA1.2.0.0
2024-09-18 20:30:01,355 [WARN] PackLoader:240 - Cannot read IP mode file for Infineon.AIROC-Wi-Fi-Bluetooth-STM32.1.6.1
2024-09-18 20:30:01,363 [WARN] PackLoader:240 - Cannot read IP mode file for wolfSSL.I-CUBE-wolfSSH.1.4.17
2024-09-18 20:30:01,364 [INFO] ThirdParty:978 - Integrity check success = true
2024-09-18 20:30:01,364 [INFO] IntegrityCheckThread:100 - exiting critical section [integrity check]
2024-09-18 20:30:01,364 [INFO] IntegrityCheckThread:103 - End integrity checks thread
2024-09-18 20:41:15,288 [INFO] Activator:176 - 


2024-09-18 20:41:15,290 [INFO] Activator:177 - !SESSION log4j initialized
2024-09-18 20:41:19,603 [INFO] LogOutputStream:77 - [STDOUT_REDIRECT] 
2024-09-18 20:41:20,828 [INFO] ApplicationProperties:184 - Using Application install path: C:\ST\STM32CubeIDE_1.16.0\STM32CubeIDE\plugins\com.st.stm32cube.common.mx_6.12.1.202409122256
2024-09-18 20:41:20,840 [INFO] DbMcusXml:78 - Set database path to: C:\ST\STM32CubeIDE_1.16.0\STM32CubeIDE\plugins\com.st.stm32cube.common.mx_6.12.1.202409122256\\db\/mcu/
2024-09-18 20:41:20,840 [INFO] ApiDb:274 - Set plugin database path to: C:\ST\STM32CubeIDE_1.16.0\STM32CubeIDE\plugins\com.st.stm32cube.common.mx_6.12.1.202409122256\\db\/plugins/boardmanager/
2024-09-18 20:41:20,841 [WARN] ApiDb:259 - Overriding images path with different value:  => C:\ST\STM32CubeIDE_1.16.0\STM32CubeIDE\plugins\com.st.stm32cube.common.mx_6.12.1.202409122256\\db\/plugins/mcufinder/images/
2024-09-18 20:41:21,928 [INFO] ApiDb:250 - Set database path to: C:\Users\Juan\.stmcufinder\plugins\mcufinder//mcu/
2024-09-18 20:41:21,929 [INFO] DbMcusAds:125 - Set database path to: C:\Users\Juan\.stmcufinder\plugins\mcufinder//mcu/
2024-09-18 20:41:21,931 [INFO] CrossReferenceDbSqlite:203 - Set database path to: C:\Users\Juan\.stmcufinder\plugins\mcufinder//mcu/cs/
2024-09-18 20:41:22,009 [INFO] RulesReader:64 - Compatibility file has been processed (297 Rules)
2024-09-18 20:41:22,066 [INFO] DbMcusXml:78 - Set database path to: C:\ST\STM32CubeIDE_1.16.0\STM32CubeIDE\plugins\com.st.stm32cube.common.mx_6.12.1.202409122256\\db\/mcu/
2024-09-18 20:41:22,066 [INFO] ApiDb:274 - Set plugin database path to: C:\ST\STM32CubeIDE_1.16.0\STM32CubeIDE\plugins\com.st.stm32cube.common.mx_6.12.1.202409122256\\db\/plugins/boardmanager/
2024-09-18 20:41:22,066 [INFO] ApiDb:261 - Set plugin images path to: C:\ST\STM32CubeIDE_1.16.0\STM32CubeIDE\plugins\com.st.stm32cube.common.mx_6.12.1.202409122256\\db\/plugins/mcufinder/images/
2024-09-18 20:41:22,066 [WARN] DbFile:41 - Overriding database path with different value: C:\Users\Juan\.stmcufinder\plugins\mcufinder/ => C:\Users\Juan\.stmcufinder\plugins\mcufinder
2024-09-18 20:41:22,066 [INFO] ApiDb:250 - Set database path to: C:\Users\Juan\.stmcufinder\plugins\mcufinder//mcu/
2024-09-18 20:41:22,066 [WARN] DbFile:41 - Overriding database path with different value: C:\Users\Juan\.stmcufinder\plugins\mcufinder/ => C:\Users\Juan\.stmcufinder\plugins\mcufinder
2024-09-18 20:41:22,066 [INFO] DbMcusAds:125 - Set database path to: C:\Users\Juan\.stmcufinder\plugins\mcufinder//mcu/
2024-09-18 20:41:22,066 [WARN] DbFile:41 - Overriding database path with different value: C:\Users\Juan\.stmcufinder\plugins\mcufinder/ => C:\Users\Juan\.stmcufinder\plugins\mcufinder
2024-09-18 20:41:22,066 [WARN] DbFile:41 - Overriding database path with different value: C:\Users\Juan\.stmcufinder\plugins\mcufinder/ => C:\Users\Juan\.stmcufinder\plugins\mcufinder
2024-09-18 20:41:22,066 [INFO] CrossReferenceDbSqlite:203 - Set database path to: C:\Users\Juan\.stmcufinder\plugins\mcufinder//mcu/cs/
2024-09-18 20:41:22,127 [INFO] MainPanel:268 - HeapMemory: 268435456
2024-09-18 20:41:22,203 [INFO] DbMcusXml:78 - Set database path to: C:\ST\STM32CubeIDE_1.16.0\STM32CubeIDE\plugins\com.st.stm32cube.common.mx_6.12.1.202409122256\\db\/mcu/
2024-09-18 20:41:22,203 [INFO] ApiDb:274 - Set plugin database path to: C:\ST\STM32CubeIDE_1.16.0\STM32CubeIDE\plugins\com.st.stm32cube.common.mx_6.12.1.202409122256\\db\/plugins/boardmanager/
2024-09-18 20:41:22,203 [INFO] ApiDb:261 - Set plugin images path to: C:\ST\STM32CubeIDE_1.16.0\STM32CubeIDE\plugins\com.st.stm32cube.common.mx_6.12.1.202409122256\\db\/plugins/mcufinder/images/
2024-09-18 20:41:22,203 [WARN] DbFile:41 - Overriding database path with different value: C:\Users\Juan\.stmcufinder\plugins\mcufinder/ => C:\Users\Juan\.stmcufinder\plugins\mcufinder
2024-09-18 20:41:22,203 [INFO] ApiDb:250 - Set database path to: C:\Users\Juan\.stmcufinder\plugins\mcufinder//mcu/
2024-09-18 20:41:22,203 [WARN] DbFile:41 - Overriding database path with different value: C:\Users\Juan\.stmcufinder\plugins\mcufinder/ => C:\Users\Juan\.stmcufinder\plugins\mcufinder
2024-09-18 20:41:22,203 [INFO] DbMcusAds:125 - Set database path to: C:\Users\Juan\.stmcufinder\plugins\mcufinder//mcu/
2024-09-18 20:41:22,203 [WARN] DbFile:41 - Overriding database path with different value: C:\Users\Juan\.stmcufinder\plugins\mcufinder/ => C:\Users\Juan\.stmcufinder\plugins\mcufinder
2024-09-18 20:41:22,203 [WARN] DbFile:41 - Overriding database path with different value: C:\Users\Juan\.stmcufinder\plugins\mcufinder/ => C:\Users\Juan\.stmcufinder\plugins\mcufinder
2024-09-18 20:41:22,203 [INFO] CrossReferenceDbSqlite:203 - Set database path to: C:\Users\Juan\.stmcufinder\plugins\mcufinder//mcu/cs/
2024-09-18 20:41:22,217 [INFO] ApplicationProperties:184 - Using Application install path: C:\ST\STM32CubeIDE_1.16.0\STM32CubeIDE\plugins\com.st.stm32cube.common.mx_6.12.1.202409122256
2024-09-18 20:41:22,218 [INFO] PluginManage:196 - Search for loadable plugins [exclusion list=, ]
2024-09-18 20:41:22,219 [INFO] PluginManage:310 - Check plugin analytics
2024-09-18 20:41:22,347 [INFO] AnalyticsPlugin:253 - Accepted Software Licenses: STM32CubeMX.6.12.0
2024-09-18 20:41:22,347 [INFO] AnalyticsPlugin:255 - Accepted CMSIS Pack Licenses: 
2024-09-18 20:41:22,347 [INFO] AnalyticsPlugin:257 - Accepted Firmware Licenses: FW.F4.1.28.0
2024-09-18 20:41:22,350 [INFO] PluginManage:359 - Loaded plugin analytics (category:tool,tabindex:-1)
2024-09-18 20:41:22,350 [INFO] PluginManage:310 - Check plugin cadmodel
2024-09-18 20:41:22,353 [INFO] CADModel:105 - Init CAD model plugin
2024-09-18 20:41:22,353 [INFO] PluginManage:359 - Loaded plugin cadmodel (category:power,tabindex:5)
2024-09-18 20:41:22,353 [INFO] PluginManage:310 - Check plugin clock
2024-09-18 20:41:22,361 [INFO] PluginManage:359 - Loaded plugin clock (category:base,tabindex:2)
2024-09-18 20:41:22,361 [INFO] PluginManage:310 - Check plugin ddr
2024-09-18 20:41:22,363 [INFO] PluginManage:359 - Loaded plugin ddr (category:tool,tabindex:6)
2024-09-18 20:41:22,363 [INFO] PluginManage:310 - Check plugin filemanager
2024-09-18 20:41:22,476 [INFO] PluginManage:359 - Loaded plugin filemanager (category:base,tabindex:10)
2024-09-18 20:41:22,476 [INFO] PluginManage:310 - Check plugin ipmanager
2024-09-18 20:41:22,481 [INFO] PluginManage:359 - Loaded plugin ipmanager (category:base,tabindex:5)
2024-09-18 20:41:22,482 [INFO] PluginManage:310 - Check plugin lpbam
2024-09-18 20:41:22,488 [INFO] PluginManage:359 - Loaded plugin lpbam (category:base,tabindex:0)
2024-09-18 20:41:22,488 [INFO] PluginManage:310 - Check plugin memorymap
2024-09-18 20:41:22,497 [INFO] PluginManage:359 - Loaded plugin memorymap (category:base,tabindex:4)
2024-09-18 20:41:22,497 [INFO] PluginManage:310 - Check plugin pinoutandconfiguration
2024-09-18 20:41:22,503 [INFO] PluginManage:359 - Loaded plugin pinoutandconfiguration (category:base,tabindex:1)
2024-09-18 20:41:22,503 [INFO] PluginManage:310 - Check plugin pinoutconfig
2024-09-18 20:41:22,580 [WARN] SupportedApi:132 - Cannot load RTOS API schema: s4s-elt-must-match.1: The content of 'definitions' must match (annotation?, (simpleType | complexType)?, (unique | key | keyref)*)). A problem was found starting at: attribute.
2024-09-18 20:41:22,689 [INFO] PluginManage:359 - Loaded plugin pinoutconfig (category:base,tabindex:0)
2024-09-18 20:41:22,689 [INFO] PluginManage:310 - Check plugin power
2024-09-18 20:41:22,697 [INFO] PluginManage:359 - Loaded plugin power (category:power,tabindex:4)
2024-09-18 20:41:22,697 [INFO] PluginManage:310 - Check plugin projectmanager
2024-09-18 20:41:22,714 [INFO] PluginManage:359 - Loaded plugin projectmanager (category:projectmanager,tabindex:4)
2024-09-18 20:41:22,714 [INFO] PluginManage:310 - Check plugin rif
2024-09-18 20:41:22,717 [INFO] PluginManage:359 - Loaded plugin rif (category:base,tabindex:3)
2024-09-18 20:41:22,717 [INFO] PluginManage:310 - Check plugin thirdparty
2024-09-18 20:41:22,814 [INFO] PluginManage:359 - Loaded plugin thirdparty (category:base,tabindex:-1)
2024-09-18 20:41:22,814 [WARN] IntegrityCheckThread:84 - waiting for thirdparty lock release [integrity check]
2024-09-18 20:41:22,814 [INFO] PluginManage:310 - Check plugin tools
2024-09-18 20:41:22,814 [INFO] IntegrityCheckThread:86 - entering critical section [integrity check]
2024-09-18 20:41:22,814 [INFO] ThirdPartyUpdaterWithRetryManager:70 - Updater plugin not ready yet. [1/15]
2024-09-18 20:41:22,816 [INFO] PluginManage:359 - Loaded plugin tools (category:base,tabindex:7)
2024-09-18 20:41:22,816 [INFO] PluginManage:310 - Check plugin tutovideos
2024-09-18 20:41:22,955 [INFO] PluginManage:359 - Loaded plugin tutovideos (category:base,tabindex:-1)
2024-09-18 20:41:22,955 [INFO] PluginManage:310 - Check plugin updater
2024-09-18 20:41:22,967 [INFO] PluginManage:359 - Loaded plugin updater (category:base,tabindex:12)
2024-09-18 20:41:22,967 [INFO] PluginManage:310 - Check plugin userauth
2024-09-18 20:41:22,971 [INFO] UserAuth:113 - Init User Auth plugin
2024-09-18 20:41:22,971 [INFO] PluginManage:359 - Loaded plugin userauth (category:base,tabindex:14)
2024-09-18 20:41:22,971 [INFO] PluginManage:283 - PluginManage : Loaded plugins [18]
2024-09-18 20:41:23,107 [INFO] PinOutPanel:1561 - setPackage(No Configuration,No Configuration)
2024-09-18 20:41:23,169 [INFO] CADModel:165 - CPN selected for project level
2024-09-18 20:41:23,169 [INFO] CADModel:114 - Register for checkConnection events
2024-09-18 20:41:23,181 [INFO] IPUIPlugin:80 - create IPUIPlugin
2024-09-18 20:41:23,181 [INFO] PluginManager:220 - loadIPPluginJar : add adc
2024-09-18 20:41:23,183 [INFO] IPUIPlugin:80 - create IPUIPlugin
2024-09-18 20:41:23,183 [INFO] PluginManager:220 - loadIPPluginJar : add aes
2024-09-18 20:41:23,185 [INFO] IPUIPlugin:80 - create IPUIPlugin
2024-09-18 20:41:23,185 [INFO] PluginManager:220 - loadIPPluginJar : add can
2024-09-18 20:41:23,186 [INFO] IPUIPlugin:80 - create IPUIPlugin
2024-09-18 20:41:23,186 [INFO] PluginManager:220 - loadIPPluginJar : add comp
2024-09-18 20:41:23,188 [INFO] IPUIPlugin:80 - create IPUIPlugin
2024-09-18 20:41:23,188 [INFO] PluginManager:220 - loadIPPluginJar : add cryp
2024-09-18 20:41:23,190 [INFO] IPUIPlugin:80 - create IPUIPlugin
2024-09-18 20:41:23,190 [INFO] PluginManager:220 - loadIPPluginJar : add ddr_ctrl_phy
2024-09-18 20:41:23,192 [INFO] IPUIPlugin:80 - create IPUIPlugin
2024-09-18 20:41:23,192 [INFO] PluginManager:220 - loadIPPluginJar : add dfsdm
2024-09-18 20:41:23,196 [INFO] IPUIPlugin:80 - create IPUIPlugin
2024-09-18 20:41:23,197 [INFO] PluginManager:220 - loadIPPluginJar : add dma
2024-09-18 20:41:23,199 [INFO] IPUIPlugin:80 - create IPUIPlugin
2024-09-18 20:41:23,199 [INFO] PluginManager:220 - loadIPPluginJar : add dma3
2024-09-18 20:41:23,201 [INFO] IPUIPlugin:80 - create IPUIPlugin
2024-09-18 20:41:23,201 [INFO] PluginManager:220 - loadIPPluginJar : add extmemmanager
2024-09-18 20:41:23,202 [INFO] IPUIPlugin:80 - create IPUIPlugin
2024-09-18 20:41:23,202 [INFO] PluginManager:220 - loadIPPluginJar : add fatfs
2024-09-18 20:41:23,205 [INFO] IPUIPlugin:80 - create IPUIPlugin
2024-09-18 20:41:23,205 [INFO] PluginManager:220 - loadIPPluginJar : add fmc
2024-09-18 20:41:23,209 [INFO] IPUIPlugin:80 - create IPUIPlugin
2024-09-18 20:41:23,209 [INFO] PluginManager:220 - loadIPPluginJar : add freertos
2024-09-18 20:41:23,211 [INFO] IPUIPlugin:80 - create IPUIPlugin
2024-09-18 20:41:23,211 [INFO] PluginManager:220 - loadIPPluginJar : add genericplugin
2024-09-18 20:41:23,213 [INFO] IPUIPlugin:80 - create IPUIPlugin
2024-09-18 20:41:23,213 [INFO] PluginManager:220 - loadIPPluginJar : add gfxmmu
2024-09-18 20:41:23,217 [INFO] IPUIPlugin:80 - create IPUIPlugin
2024-09-18 20:41:23,217 [INFO] PluginManager:220 - loadIPPluginJar : add gic
2024-09-18 20:41:23,220 [INFO] IPUIPlugin:80 - create IPUIPlugin
2024-09-18 20:41:23,221 [INFO] PluginManager:220 - loadIPPluginJar : add gpio
2024-09-18 20:41:23,223 [INFO] IPUIPlugin:80 - create IPUIPlugin
2024-09-18 20:41:23,223 [INFO] PluginManager:220 - loadIPPluginJar : add gtzc
2024-09-18 20:41:23,225 [INFO] IPUIPlugin:80 - create IPUIPlugin
2024-09-18 20:41:23,225 [INFO] PluginManager:220 - loadIPPluginJar : add hash
2024-09-18 20:41:23,227 [INFO] IPUIPlugin:80 - create IPUIPlugin
2024-09-18 20:41:23,227 [INFO] PluginManager:220 - loadIPPluginJar : add i2c
2024-09-18 20:41:23,229 [INFO] IPUIPlugin:80 - create IPUIPlugin
2024-09-18 20:41:23,230 [INFO] PluginManager:220 - loadIPPluginJar : add i2s
2024-09-18 20:41:23,233 [INFO] IPUIPlugin:80 - create IPUIPlugin
2024-09-18 20:41:23,233 [INFO] PluginManager:220 - loadIPPluginJar : add i3c
2024-09-18 20:41:23,237 [INFO] IPUIPlugin:80 - create IPUIPlugin
2024-09-18 20:41:23,237 [INFO] PluginManager:220 - loadIPPluginJar : add ipddr
2024-09-18 20:41:23,243 [INFO] IPUIPlugin:80 - create IPUIPlugin
2024-09-18 20:41:23,243 [INFO] PluginManager:220 - loadIPPluginJar : add linkedlist
2024-09-18 20:41:23,245 [INFO] IPUIPlugin:80 - create IPUIPlugin
2024-09-18 20:41:23,245 [INFO] PluginManager:220 - loadIPPluginJar : add lorawan
2024-09-18 20:41:23,247 [INFO] IPUIPlugin:80 - create IPUIPlugin
2024-09-18 20:41:23,247 [INFO] PluginManager:220 - loadIPPluginJar : add ltdc
2024-09-18 20:41:23,251 [INFO] IPUIPlugin:80 - create IPUIPlugin
2024-09-18 20:41:23,251 [INFO] PluginManager:220 - loadIPPluginJar : add mdma
2024-09-18 20:41:23,254 [INFO] IPUIPlugin:80 - create IPUIPlugin
2024-09-18 20:41:23,254 [INFO] PluginManager:220 - loadIPPluginJar : add nvic
2024-09-18 20:41:23,256 [INFO] IPUIPlugin:80 - create IPUIPlugin
2024-09-18 20:41:23,256 [INFO] PluginManager:220 - loadIPPluginJar : add opamp
2024-09-18 20:41:23,260 [INFO] IPUIPlugin:80 - create IPUIPlugin
2024-09-18 20:41:23,260 [INFO] PluginManager:220 - loadIPPluginJar : add openamp
2024-09-18 20:41:23,263 [INFO] IPUIPlugin:80 - create IPUIPlugin
2024-09-18 20:41:23,263 [INFO] PluginManager:220 - loadIPPluginJar : add pdm2pcm
2024-09-18 20:41:23,267 [INFO] IPUIPlugin:80 - create IPUIPlugin
2024-09-18 20:41:23,269 [INFO] PluginManager:220 - loadIPPluginJar : add plateformsettings
2024-09-18 20:41:23,270 [INFO] IPUIPlugin:80 - create IPUIPlugin
2024-09-18 20:41:23,270 [INFO] PluginManager:220 - loadIPPluginJar : add quadspi
2024-09-18 20:41:23,271 [INFO] IPUIPlugin:80 - create IPUIPlugin
2024-09-18 20:41:23,273 [INFO] PluginManager:220 - loadIPPluginJar : add radio
2024-09-18 20:41:23,275 [INFO] IPUIPlugin:80 - create IPUIPlugin
2024-09-18 20:41:23,275 [INFO] PluginManager:220 - loadIPPluginJar : add resmgrutility
2024-09-18 20:41:23,277 [INFO] IPUIPlugin:80 - create IPUIPlugin
2024-09-18 20:41:23,277 [INFO] PluginManager:220 - loadIPPluginJar : add sai
2024-09-18 20:41:23,279 [INFO] IPUIPlugin:80 - create IPUIPlugin
2024-09-18 20:41:23,279 [INFO] PluginManager:220 - loadIPPluginJar : add spi
2024-09-18 20:41:23,282 [INFO] IPUIPlugin:80 - create IPUIPlugin
2024-09-18 20:41:23,283 [INFO] PluginManager:220 - loadIPPluginJar : add stm32_wpan
2024-09-18 20:41:23,284 [INFO] IPUIPlugin:80 - create IPUIPlugin
2024-09-18 20:41:23,284 [INFO] PluginManager:220 - loadIPPluginJar : add tim
2024-09-18 20:41:23,286 [INFO] IPUIPlugin:80 - create IPUIPlugin
2024-09-18 20:41:23,286 [INFO] PluginManager:220 - loadIPPluginJar : add touchsensing
2024-09-18 20:41:23,288 [INFO] IPUIPlugin:80 - create IPUIPlugin
2024-09-18 20:41:23,288 [INFO] PluginManager:220 - loadIPPluginJar : add tracer_emb
2024-09-18 20:41:23,289 [INFO] IPUIPlugin:80 - create IPUIPlugin
2024-09-18 20:41:23,289 [INFO] PluginManager:220 - loadIPPluginJar : add ts
2024-09-18 20:41:23,290 [INFO] IPUIPlugin:80 - create IPUIPlugin
2024-09-18 20:41:23,290 [INFO] PluginManager:220 - loadIPPluginJar : add tsc
2024-09-18 20:41:23,292 [INFO] IPUIPlugin:80 - create IPUIPlugin
2024-09-18 20:41:23,292 [INFO] PluginManager:220 - loadIPPluginJar : add ucpd
2024-09-18 20:41:23,294 [INFO] IPUIPlugin:80 - create IPUIPlugin
2024-09-18 20:41:23,295 [INFO] PluginManager:220 - loadIPPluginJar : add usart
2024-09-18 20:41:23,297 [INFO] IPUIPlugin:80 - create IPUIPlugin
2024-09-18 20:41:23,297 [INFO] PluginManager:220 - loadIPPluginJar : add usbx
2024-09-18 20:41:23,407 [INFO] CADModel:165 - CPN selected for project level
2024-09-18 20:41:23,407 [INFO] CADModel:114 - Register for checkConnection events
2024-09-18 20:41:23,407 [FATAL] Updater:334 - Updater called before beeing initialized
2024-09-18 20:41:23,407 [ERROR] CADModel:125 - Updater not yet initialized, retry later 
2024-09-18 20:41:23,502 [INFO] CADModel:165 - CPN selected for project level
2024-09-18 20:41:23,502 [INFO] CADModel:114 - Register for checkConnection events
2024-09-18 20:41:23,502 [FATAL] Updater:334 - Updater called before beeing initialized
2024-09-18 20:41:23,502 [ERROR] CADModel:125 - Updater not yet initialized, retry later 
2024-09-18 20:41:23,505 [FATAL] Updater:334 - Updater called before beeing initialized
2024-09-18 20:41:23,591 [FATAL] Updater:334 - Updater called before beeing initialized
2024-09-18 20:41:23,595 [INFO] DbMcusAds:53 - JSON generation date=Thu Sep 30 03:55:09 ART 2021 (1632984909247)
2024-09-18 20:41:23,595 [FATAL] Updater:334 - Updater called before beeing initialized
2024-09-18 20:41:23,623 [WARN] DetailPanel:346 - Failed to get advertising image, set to default
2024-09-18 20:41:23,701 [FATAL] Updater:334 - Updater called before beeing initialized
2024-09-18 20:41:23,702 [FATAL] Updater:334 - Updater called before beeing initialized
2024-09-18 20:41:23,702 [FATAL] Updater:334 - Updater called before beeing initialized
2024-09-18 20:41:23,702 [WARN] DetailPanel:346 - Failed to get advertising image, set to default
2024-09-18 20:41:23,703 [FATAL] Updater:334 - Updater called before beeing initialized
2024-09-18 20:41:23,751 [ERROR] Updater:1164 - MainUpdater not yet initialized. External WinMGr cannot be set.
2024-09-18 20:41:23,752 [INFO] Updater:1100 - Updater Version found : 6.12.1
2024-09-18 20:41:23,774 [INFO] ApplicationProperties:184 - Using Application install path: C:\ST\STM32CubeIDE_1.16.0\STM32CubeIDE\plugins\com.st.stm32cube.common.mx_6.12.1.202409122256
2024-09-18 20:41:23,802 [INFO] MainUpdater:526 - Copy updater definitions from MX database
2024-09-18 20:41:25,161 [INFO] MainUpdater:2873 - connection check result : 10
2024-09-18 20:41:25,161 [INFO] MainUpdater:3567 - Updater definition file requires update
2024-09-18 20:41:25,162 [INFO] MainUpdater:290 - Updater Check For Update Now.
2024-09-18 20:41:25,162 [INFO] MicroXplorer:498 - Change Database Version : DB.6.0.121
2024-09-18 20:41:25,168 [INFO] McuFinderGlobals:63 - Set McuFinder mode to 2 (CubeIDE integrated)
2024-09-18 20:41:25,169 [INFO] UserAuth:417 - Internet connection configuration mode: 1
2024-09-18 20:41:25,176 [INFO] JxBrowserEngine:152 - Initiate JxBrowser Engine with user profile folder
2024-09-18 20:41:25,201 [INFO] ServerAccessManage:473 - Download File updaters.zip
2024-09-18 20:41:25,274 [INFO] FileExtend:240 - Unzip File : updaters.zip
2024-09-18 20:41:25,274 [INFO] FileExtend:255 - Standard Zip Deflate
2024-09-18 20:41:25,541 [INFO] ServerAccessManage:473 - Download File PacksControlFlags.xml
2024-09-18 20:41:25,616 [INFO] ServerAccessManage:473 - Download File cubemx.pidx
2024-09-18 20:41:25,717 [INFO] LoadServerUpdatesThread:375 - End of LoadServerUpdate Thread
2024-09-18 20:41:25,816 [WARN] MainUpdater:1194 - Updater busy. Cannot search thirdparties
2024-09-18 20:41:25,816 [INFO] ThirdPartyUpdaterWithRetryManager:96 - Updater plugin is busy. [1/15]
2024-09-18 20:41:25,928 [INFO] WebApp:167 - Instantiating new browser for Auth
2024-09-18 20:41:25,992 [INFO] CheckServerUpdateThread:120 - End of CheckServer Thread
2024-09-18 20:41:26,625 [INFO] WebApp:448 - Apply proxy settings
2024-09-18 20:41:26,625 [INFO] WebApp:533 - Chromium requires no authentication
2024-09-18 20:41:26,631 [INFO] WebApp:476 - Direct internet connection detected
2024-09-18 20:41:26,646 [INFO] WebApp:869 - Register for checkConnection events
2024-09-18 20:41:26,646 [INFO] WebApp:448 - Apply proxy settings
2024-09-18 20:41:26,646 [INFO] WebApp:533 - Chromium requires no authentication
2024-09-18 20:41:26,646 [INFO] WebApp:476 - Direct internet connection detected
2024-09-18 20:41:26,757 [INFO] WebApp:220 - Starting web application
2024-09-18 20:41:26,757 [INFO] WebApp:578 - Web application path used C:\ST\STM32CubeIDE_1.16.0\STM32CubeIDE\plugins\com.st.stm32cube.common.mx_6.12.1.202409122256\db\plugins\mcufinder\reactClient1\index.html
2024-09-18 20:41:26,824 [INFO] UserAuth:417 - Internet connection configuration mode: 1
2024-09-18 20:41:26,946 [INFO] WebApp:186 - Connection restablished
2024-09-18 20:41:28,969 [WARN] PackLoader:240 - Cannot read IP mode file for STMicroelectronics.FP-SNS-MOTENVWB1.1.4.0
2024-09-18 20:41:28,978 [WARN] PackLoader:240 - Cannot read IP mode file for STMicroelectronics.X-CUBE-SMBUS.2.1.0
2024-09-18 20:41:29,004 [WARN] PackLoader:240 - Cannot read IP mode file for STMicroelectronics.X-CUBE-AZRTOS-F7.1.1.0
2024-09-18 20:41:29,014 [WARN] PackLoader:240 - Cannot read IP mode file for STMicroelectronics.FP-SNS-FLIGHT1.5.0.2
2024-09-18 20:41:29,024 [WARN] PackLoader:240 - Cannot read IP mode file for STMicroelectronics.X-CUBE-DISPLAY.3.0.0
2024-09-18 20:41:29,040 [WARN] PackLoader:240 - Cannot read IP mode file for STMicroelectronics.X-CUBE-BLE1.7.0.0
2024-09-18 20:41:29,046 [WARN] PackLoader:240 - Cannot read IP mode file for emotas.I-CUBE-CANOPEN.1.3.0
2024-09-18 20:41:29,060 [WARN] PackLoader:240 - Cannot read IP mode file for STMicroelectronics.X-CUBE-BLEMGR.3.1.0
2024-09-18 20:41:29,070 [WARN] PackLoader:240 - Cannot read IP mode file for STMicroelectronics.FP-SNS-SMARTAG2.1.2.0
2024-09-18 20:41:29,080 [INFO] LogOutputStream:77 - [STDOUT_REDIRECT] 1 : Invalid condition id : UX_CORESTACK_Condition cause : null
2024-09-18 20:41:29,080 [INFO] LogOutputStream:77 - [STDOUT_REDIRECT] 1 : Invalid condition id : UX_CORESTACK_Condition cause : null
2024-09-18 20:41:29,081 [INFO] LogOutputStream:77 - [STDOUT_REDIRECT] 1 : Invalid condition id : UX_CORESTACK_Condition cause : null
2024-09-18 20:41:29,082 [INFO] LogOutputStream:77 - [STDOUT_REDIRECT] 1 : Invalid condition id : UX_CORESTACK_Condition cause : null
2024-09-18 20:41:29,083 [INFO] LogOutputStream:77 - [STDOUT_REDIRECT] 1 : Invalid condition id : UX_CORESTACK_Condition cause : null
2024-09-18 20:41:29,086 [WARN] PackLoader:240 - Cannot read IP mode file for STMicroelectronics.X-CUBE-AZRTOS-WL.2.0.0
2024-09-18 20:41:29,095 [WARN] PackLoader:240 - Cannot read IP mode file for STMicroelectronics.FP-SNS-MOTENV1.5.0.0
2024-09-18 20:41:29,102 [WARN] PackLoader:240 - Cannot read IP mode file for wolfSSL.I-CUBE-wolfMQTT.1.19.0
2024-09-18 20:41:29,110 [WARN] PackLoader:240 - Cannot read IP mode file for WES.I-CUBE-Cesium.1.3.0
2024-09-18 20:41:29,115 [WARN] PackLoader:240 - Cannot read IP mode file for STMicroelectronics.X-CUBE-BLE2.3.3.0
2024-09-18 20:41:29,122 [WARN] PackLoader:240 - Cannot read IP mode file for STMicroelectronics.X-CUBE-TCPP.4.1.0
2024-09-18 20:41:29,140 [WARN] PackLoader:240 - Cannot read IP mode file for STMicroelectronics.X-CUBE-AZRTOS-G0.1.1.0
2024-09-18 20:41:29,149 [WARN] PackLoader:240 - Cannot read IP mode file for STMicroelectronics.X-CUBE-SAFEA1.1.2.2
2024-09-18 20:41:29,154 [WARN] PackLoader:240 - Cannot read IP mode file for STMicroelectronics.X-CUBE-NFC4.3.0.0
2024-09-18 20:41:29,163 [WARN] PackLoader:240 - Cannot read IP mode file for EmbeddedOffice.I-CUBE-FS-RTOS.1.0.1
2024-09-18 20:41:29,163 [ERROR] ConditionMgr:805 - Attr not supported : Dmpu
2024-09-18 20:41:29,163 [ERROR] ConditionMgr:805 - Attr not supported : Dmpu
2024-09-18 20:41:29,163 [ERROR] ConditionMgr:805 - Attr not supported : Dmpu
2024-09-18 20:41:29,163 [ERROR] ConditionMgr:805 - Attr not supported : Dmpu
2024-09-18 20:41:29,164 [ERROR] ConditionMgr:805 - Attr not supported : Dmpu
2024-09-18 20:41:29,164 [ERROR] ConditionMgr:805 - Attr not supported : Dmpu
2024-09-18 20:41:29,164 [ERROR] ConditionMgr:805 - Attr not supported : Dmpu
2024-09-18 20:41:29,164 [ERROR] ConditionMgr:805 - Attr not supported : Dmpu
2024-09-18 20:41:29,164 [ERROR] ConditionMgr:805 - Attr not supported : Dmpu
2024-09-18 20:41:29,164 [ERROR] ConditionMgr:805 - Attr not supported : Dmpu
2024-09-18 20:41:29,164 [ERROR] ConditionMgr:805 - Attr not supported : Dmpu
2024-09-18 20:41:29,164 [ERROR] ConditionMgr:805 - Attr not supported : Dmpu
2024-09-18 20:41:29,164 [ERROR] ConditionMgr:805 - Attr not supported : Dmpu
2024-09-18 20:41:29,164 [ERROR] ConditionMgr:805 - Attr not supported : Dmpu
2024-09-18 20:41:29,164 [ERROR] ConditionMgr:805 - Attr not supported : Dmpu
2024-09-18 20:41:29,164 [ERROR] ConditionMgr:805 - Attr not supported : Dmpu
2024-09-18 20:41:29,164 [ERROR] ConditionMgr:805 - Attr not supported : Dmpu
2024-09-18 20:41:29,164 [ERROR] ConditionMgr:805 - Attr not supported : Dmpu
2024-09-18 20:41:29,164 [ERROR] ConditionMgr:805 - Attr not supported : Dmpu
2024-09-18 20:41:29,165 [ERROR] ConditionMgr:805 - Attr not supported : Dmpu
2024-09-18 20:41:29,165 [ERROR] ConditionMgr:805 - Attr not supported : Dmpu
2024-09-18 20:41:29,165 [ERROR] ConditionMgr:805 - Attr not supported : Dmpu
2024-09-18 20:41:29,165 [ERROR] ConditionMgr:805 - Attr not supported : Dmpu
2024-09-18 20:41:29,165 [ERROR] ConditionMgr:805 - Attr not supported : Dmpu
2024-09-18 20:41:29,165 [ERROR] ConditionMgr:805 - Attr not supported : Dmpu
2024-09-18 20:41:29,165 [ERROR] ConditionMgr:805 - Attr not supported : Dmpu
2024-09-18 20:41:29,165 [ERROR] ConditionMgr:805 - Attr not supported : Dmpu
2024-09-18 20:41:29,165 [ERROR] ConditionMgr:805 - Attr not supported : Dmpu
2024-09-18 20:41:29,165 [ERROR] ConditionMgr:805 - Attr not supported : Dmpu
2024-09-18 20:41:29,165 [ERROR] ConditionMgr:805 - Attr not supported : Dmpu
2024-09-18 20:41:29,165 [ERROR] ConditionMgr:805 - Attr not supported : Dmpu
2024-09-18 20:41:29,165 [ERROR] ConditionMgr:805 - Attr not supported : Dmpu
2024-09-18 20:41:29,165 [ERROR] ConditionMgr:805 - Attr not supported : Dmpu
2024-09-18 20:41:29,165 [ERROR] ConditionMgr:805 - Attr not supported : Dmpu
2024-09-18 20:41:29,165 [ERROR] ConditionMgr:805 - Attr not supported : Dmpu
2024-09-18 20:41:29,165 [ERROR] ConditionMgr:805 - Attr not supported : Dmpu
2024-09-18 20:41:29,166 [ERROR] ConditionMgr:805 - Attr not supported : Dmpu
2024-09-18 20:41:29,166 [ERROR] ConditionMgr:805 - Attr not supported : Dmpu
2024-09-18 20:41:29,166 [ERROR] ConditionMgr:805 - Attr not supported : Dmpu
2024-09-18 20:41:29,166 [ERROR] ConditionMgr:805 - Attr not supported : Dmpu
2024-09-18 20:41:29,166 [ERROR] ConditionMgr:805 - Attr not supported : Dmpu
2024-09-18 20:41:29,166 [ERROR] ConditionMgr:805 - Attr not supported : Dmpu
2024-09-18 20:41:29,166 [ERROR] ConditionMgr:805 - Attr not supported : Dmpu
2024-09-18 20:41:29,166 [ERROR] ConditionMgr:805 - Attr not supported : Dmpu
2024-09-18 20:41:29,166 [ERROR] ConditionMgr:805 - Attr not supported : Dmpu
2024-09-18 20:41:29,166 [ERROR] ConditionMgr:805 - Attr not supported : Dmpu
2024-09-18 20:41:29,166 [ERROR] ConditionMgr:805 - Attr not supported : Dmpu
2024-09-18 20:41:29,167 [ERROR] ConditionMgr:805 - Attr not supported : Dmpu
2024-09-18 20:41:29,167 [ERROR] ConditionMgr:805 - Attr not supported : Dmpu
2024-09-18 20:41:29,167 [ERROR] ConditionMgr:805 - Attr not supported : Dmpu
2024-09-18 20:41:29,167 [ERROR] ConditionMgr:805 - Attr not supported : Dmpu
2024-09-18 20:41:29,167 [ERROR] ConditionMgr:805 - Attr not supported : Dmpu
2024-09-18 20:41:29,167 [ERROR] ConditionMgr:805 - Attr not supported : Dmpu
2024-09-18 20:41:29,167 [ERROR] ConditionMgr:805 - Attr not supported : Dmpu
2024-09-18 20:41:29,167 [ERROR] ConditionMgr:805 - Attr not supported : Dmpu
2024-09-18 20:41:29,167 [ERROR] ConditionMgr:805 - Attr not supported : Dmpu
2024-09-18 20:41:29,167 [ERROR] ConditionMgr:805 - Attr not supported : Dmpu
2024-09-18 20:41:29,167 [ERROR] ConditionMgr:805 - Attr not supported : Dmpu
2024-09-18 20:41:29,167 [ERROR] ConditionMgr:805 - Attr not supported : Dmpu
2024-09-18 20:41:29,167 [ERROR] ConditionMgr:805 - Attr not supported : Dmpu
2024-09-18 20:41:29,167 [ERROR] ConditionMgr:805 - Attr not supported : Dmpu
2024-09-18 20:41:29,167 [ERROR] ConditionMgr:805 - Attr not supported : Dmpu
2024-09-18 20:41:29,167 [ERROR] ConditionMgr:805 - Attr not supported : Dmpu
2024-09-18 20:41:29,168 [ERROR] ConditionMgr:805 - Attr not supported : Dmpu
2024-09-18 20:41:29,172 [WARN] PackLoader:240 - Cannot read IP mode file for RealThread.X-CUBE-RT-Thread_Nano.4.1.1
2024-09-18 20:41:29,175 [WARN] PackLoader:240 - Cannot read IP mode file for STMicroelectronics.FP-ATR-SIGFOX1.3.2.0
2024-09-18 20:41:29,179 [WARN] PackLoader:240 - Cannot read IP mode file for wolfSSL.I-CUBE-wolfSSL.5.7.2
2024-09-18 20:41:29,183 [WARN] PackLoader:240 - Cannot read IP mode file for STMicroelectronics.X-CUBE-EEPRMA1.5.1.0
2024-09-18 20:41:29,189 [WARN] PackLoader:240 - Cannot read IP mode file for ITTIA_DB.I-CUBE-ITTIADB.8.9.0
2024-09-18 20:41:29,215 [WARN] PackLoader:240 - Cannot read IP mode file for SEGGER.I-CUBE-embOS.1.3.1
2024-09-18 20:41:29,250 [WARN] PackLoader:240 - Cannot read IP mode file for STMicroelectronics.X-CUBE-ALGOBUILD.1.4.0
2024-09-18 20:41:29,255 [WARN] PackLoader:240 - Cannot read IP mode file for STMicroelectronics.X-CUBE-GNSS1.6.0.0
2024-09-18 20:41:29,268 [WARN] PackLoader:240 - Cannot read IP mode file for STMicroelectronics.X-CUBE-AZRTOS-F4.1.1.0
2024-09-18 20:41:29,279 [WARN] PackLoader:240 - Cannot read IP mode file for STMicroelectronics.X-CUBE-ISPU.2.1.0
2024-09-18 20:41:29,285 [WARN] PackLoader:240 - Cannot read IP mode file for STMicroelectronics.X-CUBE-FREERTOS.1.2.0
2024-09-18 20:41:29,303 [WARN] PackLoader:240 - Cannot read IP mode file for STMicroelectronics.X-CUBE-AZRTOS-L5.2.0.0
2024-09-18 20:41:29,318 [WARN] PackLoader:240 - Cannot read IP mode file for STMicroelectronics.X-CUBE-NFC6.3.1.0
2024-09-18 20:41:29,324 [WARN] PackLoader:240 - Cannot read IP mode file for STMicroelectronics.X-CUBE-AI.9.0.0
2024-09-18 20:41:29,329 [WARN] PackLoader:240 - Cannot read IP mode file for STMicroelectronics.X-CUBE-NFC7.1.0.1
2024-09-18 20:41:29,344 [WARN] ConditionMgr:438 - getConditionDescription Invalid condition id : LAN8742 Phy interface Condition cause : null
2024-09-18 20:41:29,345 [WARN] PackLoader:240 - Cannot read IP mode file for STMicroelectronics.X-CUBE-AZRTOS-L4.2.0.0
2024-09-18 20:41:29,346 [WARN] ConditionMgr:1039 - genDependencies : Invalid condition id : LAN8742 Phy interface Condition cause : null
2024-09-18 20:41:29,346 [WARN] ConditionMgr:1039 - genDependencies : Invalid condition id : LAN8742 Phy interface Condition cause : null
2024-09-18 20:41:29,347 [WARN] ConditionMgr:1039 - genDependencies : Invalid condition id : LAN8742 Phy interface Condition cause : null
2024-09-18 20:41:29,360 [WARN] PackLoader:240 - Cannot read IP mode file for STMicroelectronics.X-CUBE-SFXS2LP1.4.0.0
2024-09-18 20:41:29,381 [WARN] PackLoader:240 - Cannot read IP mode file for STMicroelectronics.X-CUBE-AZRTOS-H7.3.3.0
2024-09-18 20:41:29,395 [WARN] ConditionMgr:438 - getConditionDescription Invalid condition id : UX DEVICE CLASS RTOS Condition cause : null
2024-09-18 20:41:29,395 [WARN] ConditionMgr:438 - getConditionDescription Invalid condition id : UX DEVICE CLASS RTOS Condition cause : null
2024-09-18 20:41:29,397 [WARN] PackLoader:240 - Cannot read IP mode file for STMicroelectronics.X-CUBE-AZRTOS-WB.2.0.0
2024-09-18 20:41:29,398 [WARN] ConditionMgr:1039 - genDependencies : Invalid condition id : UX DEVICE CLASS RTOS Condition cause : null
2024-09-18 20:41:29,398 [WARN] ConditionMgr:1039 - genDependencies : Invalid condition id : UX DEVICE CLASS RTOS Condition cause : null
2024-09-18 20:41:29,398 [WARN] ConditionMgr:1039 - genDependencies : Invalid condition id : UX DEVICE CLASS RTOS Condition cause : null
2024-09-18 20:41:29,399 [WARN] ConditionMgr:1039 - genDependencies : Invalid condition id : UX DEVICE CLASS RTOS Condition cause : null
2024-09-18 20:41:29,399 [WARN] ConditionMgr:1039 - genDependencies : Invalid condition id : UX DEVICE CLASS RTOS Condition cause : null
2024-09-18 20:41:29,403 [WARN] PackLoader:240 - Cannot read IP mode file for STMicroelectronics.X-CUBE-GNSS1.7.0.0
2024-09-18 20:41:29,411 [WARN] PackLoader:240 - Cannot read IP mode file for STMicroelectronics.X-CUBE-SUBG2.5.0.0
2024-09-18 20:41:29,418 [WARN] PackLoader:240 - Cannot read IP mode file for Cesanta.I-CUBE-Mongoose.7.13.0
2024-09-18 20:41:29,428 [WARN] PackLoader:240 - Cannot read IP mode file for STMicroelectronics.X-CUBE-AZRTOS-G4.2.0.0
2024-09-18 20:41:29,432 [WARN] PackLoader:240 - Cannot read IP mode file for STMicroelectronics.X-CUBE-ISPU.2.0.0
2024-09-18 20:41:29,435 [WARN] PackLoader:240 - Cannot read IP mode file for STMicroelectronics.X-CUBE-ALS.1.0.2
2024-09-18 20:41:29,464 [WARN] PackLoader:240 - Cannot read IP mode file for STMicroelectronics.X-CUBE-MEMS1.10.0.0
2024-09-18 20:41:29,595 [WARN] PackLoader:240 - Cannot read IP mode file for STMicroelectronics.X-CUBE-TOUCHGFX.4.24.0
2024-09-18 20:41:29,599 [WARN] PackLoader:240 - Cannot read IP mode file for wolfSSL.I-CUBE-wolfTPM.3.4.0
2024-09-18 20:41:29,603 [WARN] PackLoader:240 - Cannot read IP mode file for portGmbH.I-Cube-SoM-uGOAL.1.1.0
2024-09-18 20:41:29,618 [WARN] PackLoader:240 - Cannot read IP mode file for STMicroelectronics.X-CUBE-AZRTOS-H7RS.1.0.0
2024-09-18 20:41:29,623 [WARN] PackLoader:240 - Cannot read IP mode file for STMicroelectronics.FP-ATR-ASTRA1.2.0.0
2024-09-18 20:41:29,636 [WARN] PackLoader:240 - Cannot read IP mode file for Infineon.AIROC-Wi-Fi-Bluetooth-STM32.1.6.1
2024-09-18 20:41:29,642 [WARN] PackLoader:240 - Cannot read IP mode file for wolfSSL.I-CUBE-wolfSSH.1.4.17
2024-09-18 20:41:29,642 [INFO] ThirdParty:978 - Integrity check success = true
2024-09-18 20:41:29,643 [INFO] IntegrityCheckThread:100 - exiting critical section [integrity check]
2024-09-18 20:41:29,643 [INFO] IntegrityCheckThread:103 - End integrity checks thread
2024-09-18 21:32:10,223 [ERROR] LogOutputStream:75 - [STDERR_REDIRECT] 
