2024-09-06 22:27:34,234 [INFO] Activator:176 - 


2024-09-06 22:27:34,238 [INFO] Activator:177 - !SESSION log4j initialized
2024-09-06 22:27:39,815 [INFO] LogOutputStream:77 - [STDOUT_REDIRECT] 
2024-09-06 22:27:46,321 [INFO] ApplicationProperties:184 - Using Application install path: C:\ST\STM32CubeIDE_1.16.0\STM32CubeIDE\plugins\com.st.stm32cube.common.mx_6.12.0.202406281431
2024-09-06 22:27:46,334 [INFO] DbMcusXml:78 - Set database path to: C:\ST\STM32CubeIDE_1.16.0\STM32CubeIDE\plugins\com.st.stm32cube.common.mx_6.12.0.202406281431\\db\/mcu/
2024-09-06 22:27:46,334 [INFO] ApiDb:274 - Set plugin database path to: C:\ST\STM32CubeIDE_1.16.0\STM32CubeIDE\plugins\com.st.stm32cube.common.mx_6.12.0.202406281431\\db\/plugins/boardmanager/
2024-09-06 22:27:46,335 [WARN] ApiDb:259 - Overriding images path with different value:  => C:\ST\STM32CubeIDE_1.16.0\STM32CubeIDE\plugins\com.st.stm32cube.common.mx_6.12.0.202406281431\\db\/plugins/mcufinder/images/
2024-09-06 22:27:46,344 [INFO] ApiDb:250 - Set database path to: C:\Users\Juan\.stmcufinder\plugins\mcufinder//mcu/
2024-09-06 22:27:46,345 [INFO] DbMcusAds:125 - Set database path to: C:\Users\Juan\.stmcufinder\plugins\mcufinder//mcu/
2024-09-06 22:27:46,346 [INFO] CrossReferenceDbSqlite:203 - Set database path to: C:\Users\Juan\.stmcufinder\plugins\mcufinder//mcu/cs/
2024-09-06 22:27:46,450 [INFO] RulesReader:64 - Compatibility file has been processed (297 Rules)
2024-09-06 22:27:46,507 [INFO] DbMcusXml:78 - Set database path to: C:\ST\STM32CubeIDE_1.16.0\STM32CubeIDE\plugins\com.st.stm32cube.common.mx_6.12.0.202406281431\\db\/mcu/
2024-09-06 22:27:46,507 [INFO] ApiDb:274 - Set plugin database path to: C:\ST\STM32CubeIDE_1.16.0\STM32CubeIDE\plugins\com.st.stm32cube.common.mx_6.12.0.202406281431\\db\/plugins/boardmanager/
2024-09-06 22:27:46,507 [INFO] ApiDb:261 - Set plugin images path to: C:\ST\STM32CubeIDE_1.16.0\STM32CubeIDE\plugins\com.st.stm32cube.common.mx_6.12.0.202406281431\\db\/plugins/mcufinder/images/
2024-09-06 22:27:46,507 [WARN] DbFile:41 - Overriding database path with different value: C:\Users\Juan\.stmcufinder\plugins\mcufinder/ => C:\Users\Juan\.stmcufinder\plugins\mcufinder
2024-09-06 22:27:46,507 [INFO] ApiDb:250 - Set database path to: C:\Users\Juan\.stmcufinder\plugins\mcufinder//mcu/
2024-09-06 22:27:46,507 [WARN] DbFile:41 - Overriding database path with different value: C:\Users\Juan\.stmcufinder\plugins\mcufinder/ => C:\Users\Juan\.stmcufinder\plugins\mcufinder
2024-09-06 22:27:46,508 [INFO] DbMcusAds:125 - Set database path to: C:\Users\Juan\.stmcufinder\plugins\mcufinder//mcu/
2024-09-06 22:27:46,508 [WARN] DbFile:41 - Overriding database path with different value: C:\Users\Juan\.stmcufinder\plugins\mcufinder/ => C:\Users\Juan\.stmcufinder\plugins\mcufinder
2024-09-06 22:27:46,508 [WARN] DbFile:41 - Overriding database path with different value: C:\Users\Juan\.stmcufinder\plugins\mcufinder/ => C:\Users\Juan\.stmcufinder\plugins\mcufinder
2024-09-06 22:27:46,508 [INFO] CrossReferenceDbSqlite:203 - Set database path to: C:\Users\Juan\.stmcufinder\plugins\mcufinder//mcu/cs/
2024-09-06 22:27:46,561 [INFO] MainPanel:268 - HeapMemory: 268435456
2024-09-06 22:27:46,630 [INFO] DbMcusXml:78 - Set database path to: C:\ST\STM32CubeIDE_1.16.0\STM32CubeIDE\plugins\com.st.stm32cube.common.mx_6.12.0.202406281431\\db\/mcu/
2024-09-06 22:27:46,630 [INFO] ApiDb:274 - Set plugin database path to: C:\ST\STM32CubeIDE_1.16.0\STM32CubeIDE\plugins\com.st.stm32cube.common.mx_6.12.0.202406281431\\db\/plugins/boardmanager/
2024-09-06 22:27:46,630 [INFO] ApiDb:261 - Set plugin images path to: C:\ST\STM32CubeIDE_1.16.0\STM32CubeIDE\plugins\com.st.stm32cube.common.mx_6.12.0.202406281431\\db\/plugins/mcufinder/images/
2024-09-06 22:27:46,631 [WARN] DbFile:41 - Overriding database path with different value: C:\Users\Juan\.stmcufinder\plugins\mcufinder/ => C:\Users\Juan\.stmcufinder\plugins\mcufinder
2024-09-06 22:27:46,631 [INFO] ApiDb:250 - Set database path to: C:\Users\Juan\.stmcufinder\plugins\mcufinder//mcu/
2024-09-06 22:27:46,631 [WARN] DbFile:41 - Overriding database path with different value: C:\Users\Juan\.stmcufinder\plugins\mcufinder/ => C:\Users\Juan\.stmcufinder\plugins\mcufinder
2024-09-06 22:27:46,631 [INFO] DbMcusAds:125 - Set database path to: C:\Users\Juan\.stmcufinder\plugins\mcufinder//mcu/
2024-09-06 22:27:46,631 [WARN] DbFile:41 - Overriding database path with different value: C:\Users\Juan\.stmcufinder\plugins\mcufinder/ => C:\Users\Juan\.stmcufinder\plugins\mcufinder
2024-09-06 22:27:46,631 [WARN] DbFile:41 - Overriding database path with different value: C:\Users\Juan\.stmcufinder\plugins\mcufinder/ => C:\Users\Juan\.stmcufinder\plugins\mcufinder
2024-09-06 22:27:46,631 [INFO] CrossReferenceDbSqlite:203 - Set database path to: C:\Users\Juan\.stmcufinder\plugins\mcufinder//mcu/cs/
2024-09-06 22:27:46,644 [INFO] ApplicationProperties:184 - Using Application install path: C:\ST\STM32CubeIDE_1.16.0\STM32CubeIDE\plugins\com.st.stm32cube.common.mx_6.12.0.202406281431
2024-09-06 22:27:46,645 [INFO] PluginManage:196 - Search for loadable plugins [exclusion list=, ]
2024-09-06 22:27:46,647 [INFO] PluginManage:310 - Check plugin analytics
2024-09-06 22:27:51,296 [INFO] AnalyticsPlugin:253 - Accepted Software Licenses: STM32CubeMX.6.12.0
2024-09-06 22:27:51,296 [INFO] AnalyticsPlugin:255 - Accepted CMSIS Pack Licenses: 
2024-09-06 22:27:51,296 [INFO] AnalyticsPlugin:257 - Accepted Firmware Licenses: FW.F4.1.28.0
2024-09-06 22:27:51,298 [INFO] PluginManage:359 - Loaded plugin analytics (category:tool,tabindex:-1)
2024-09-06 22:27:51,299 [INFO] PluginManage:310 - Check plugin cadmodel
2024-09-06 22:27:51,308 [INFO] CADModel:105 - Init CAD model plugin
2024-09-06 22:27:51,308 [INFO] PluginManage:359 - Loaded plugin cadmodel (category:power,tabindex:5)
2024-09-06 22:27:51,308 [INFO] PluginManage:310 - Check plugin clock
2024-09-06 22:27:51,320 [INFO] PluginManage:359 - Loaded plugin clock (category:base,tabindex:2)
2024-09-06 22:27:51,321 [INFO] PluginManage:310 - Check plugin ddr
2024-09-06 22:27:51,322 [INFO] PluginManage:359 - Loaded plugin ddr (category:tool,tabindex:6)
2024-09-06 22:27:51,322 [INFO] PluginManage:310 - Check plugin filemanager
2024-09-06 22:27:51,417 [INFO] PluginManage:359 - Loaded plugin filemanager (category:base,tabindex:10)
2024-09-06 22:27:51,417 [INFO] PluginManage:310 - Check plugin ipmanager
2024-09-06 22:27:51,422 [INFO] PluginManage:359 - Loaded plugin ipmanager (category:base,tabindex:5)
2024-09-06 22:27:51,422 [INFO] PluginManage:310 - Check plugin lpbam
2024-09-06 22:27:51,434 [INFO] PluginManage:359 - Loaded plugin lpbam (category:base,tabindex:0)
2024-09-06 22:27:51,434 [INFO] PluginManage:310 - Check plugin memorymap
2024-09-06 22:27:51,449 [INFO] PluginManage:359 - Loaded plugin memorymap (category:base,tabindex:4)
2024-09-06 22:27:51,449 [INFO] PluginManage:310 - Check plugin pinoutandconfiguration
2024-09-06 22:27:51,460 [INFO] PluginManage:359 - Loaded plugin pinoutandconfiguration (category:base,tabindex:1)
2024-09-06 22:27:51,461 [INFO] PluginManage:310 - Check plugin pinoutconfig
2024-09-06 22:27:51,527 [WARN] SupportedApi:132 - Cannot load RTOS API schema: s4s-elt-must-match.1: The content of 'definitions' must match (annotation?, (simpleType | complexType)?, (unique | key | keyref)*)). A problem was found starting at: attribute.
2024-09-06 22:27:51,634 [INFO] PluginManage:359 - Loaded plugin pinoutconfig (category:base,tabindex:0)
2024-09-06 22:27:51,635 [INFO] PluginManage:310 - Check plugin power
2024-09-06 22:27:51,653 [INFO] PluginManage:359 - Loaded plugin power (category:power,tabindex:4)
2024-09-06 22:27:51,653 [INFO] PluginManage:310 - Check plugin projectmanager
2024-09-06 22:27:51,667 [INFO] PluginManage:359 - Loaded plugin projectmanager (category:projectmanager,tabindex:4)
2024-09-06 22:27:51,667 [INFO] PluginManage:310 - Check plugin rif
2024-09-06 22:27:51,679 [INFO] PluginManage:359 - Loaded plugin rif (category:base,tabindex:3)
2024-09-06 22:27:51,680 [INFO] PluginManage:310 - Check plugin thirdparty
2024-09-06 22:27:51,872 [INFO] PluginManage:359 - Loaded plugin thirdparty (category:base,tabindex:-1)
2024-09-06 22:27:51,872 [WARN] IntegrityCheckThread:84 - waiting for thirdparty lock release [integrity check]
2024-09-06 22:27:51,873 [INFO] PluginManage:310 - Check plugin tools
2024-09-06 22:27:51,873 [INFO] IntegrityCheckThread:86 - entering critical section [integrity check]
2024-09-06 22:27:51,873 [INFO] ThirdPartyUpdaterWithRetryManager:70 - Updater plugin not ready yet. [1/15]
2024-09-06 22:27:51,904 [INFO] PluginManage:359 - Loaded plugin tools (category:base,tabindex:7)
2024-09-06 22:27:51,904 [INFO] PluginManage:310 - Check plugin tutovideos
2024-09-06 22:27:52,041 [INFO] PluginManage:359 - Loaded plugin tutovideos (category:base,tabindex:-1)
2024-09-06 22:27:52,041 [INFO] PluginManage:310 - Check plugin updater
2024-09-06 22:27:52,051 [INFO] PluginManage:359 - Loaded plugin updater (category:base,tabindex:12)
2024-09-06 22:27:52,051 [INFO] PluginManage:310 - Check plugin userauth
2024-09-06 22:27:52,055 [INFO] UserAuth:113 - Init User Auth plugin
2024-09-06 22:27:52,055 [INFO] PluginManage:359 - Loaded plugin userauth (category:base,tabindex:14)
2024-09-06 22:27:52,055 [INFO] PluginManage:283 - PluginManage : Loaded plugins [18]
2024-09-06 22:27:52,198 [INFO] PinOutPanel:1561 - setPackage(No Configuration,No Configuration)
2024-09-06 22:27:52,260 [INFO] CADModel:165 - CPN selected for project level
2024-09-06 22:27:52,260 [INFO] CADModel:114 - Register for checkConnection events
2024-09-06 22:27:52,279 [INFO] IPUIPlugin:80 - create IPUIPlugin
2024-09-06 22:27:52,279 [INFO] PluginManager:220 - loadIPPluginJar : add adc
2024-09-06 22:27:52,309 [INFO] IPUIPlugin:80 - create IPUIPlugin
2024-09-06 22:27:52,309 [INFO] PluginManager:220 - loadIPPluginJar : add aes
2024-09-06 22:27:52,343 [INFO] IPUIPlugin:80 - create IPUIPlugin
2024-09-06 22:27:52,343 [INFO] PluginManager:220 - loadIPPluginJar : add can
2024-09-06 22:27:52,364 [INFO] IPUIPlugin:80 - create IPUIPlugin
2024-09-06 22:27:52,364 [INFO] PluginManager:220 - loadIPPluginJar : add comp
2024-09-06 22:27:52,394 [INFO] IPUIPlugin:80 - create IPUIPlugin
2024-09-06 22:27:52,394 [INFO] PluginManager:220 - loadIPPluginJar : add cryp
2024-09-06 22:27:52,403 [INFO] IPUIPlugin:80 - create IPUIPlugin
2024-09-06 22:27:52,404 [INFO] PluginManager:220 - loadIPPluginJar : add ddr_ctrl_phy
2024-09-06 22:27:52,428 [INFO] IPUIPlugin:80 - create IPUIPlugin
2024-09-06 22:27:52,428 [INFO] PluginManager:220 - loadIPPluginJar : add dfsdm
2024-09-06 22:27:52,439 [INFO] IPUIPlugin:80 - create IPUIPlugin
2024-09-06 22:27:52,439 [INFO] PluginManager:220 - loadIPPluginJar : add dma
2024-09-06 22:27:52,475 [INFO] IPUIPlugin:80 - create IPUIPlugin
2024-09-06 22:27:52,475 [INFO] PluginManager:220 - loadIPPluginJar : add dma3
2024-09-06 22:27:52,512 [INFO] IPUIPlugin:80 - create IPUIPlugin
2024-09-06 22:27:52,512 [INFO] PluginManager:220 - loadIPPluginJar : add extmemmanager
2024-09-06 22:27:52,529 [INFO] IPUIPlugin:80 - create IPUIPlugin
2024-09-06 22:27:52,529 [INFO] PluginManager:220 - loadIPPluginJar : add fatfs
2024-09-06 22:27:52,570 [INFO] IPUIPlugin:80 - create IPUIPlugin
2024-09-06 22:27:52,570 [INFO] PluginManager:220 - loadIPPluginJar : add fmc
2024-09-06 22:27:52,581 [INFO] IPUIPlugin:80 - create IPUIPlugin
2024-09-06 22:27:52,581 [INFO] PluginManager:220 - loadIPPluginJar : add freertos
2024-09-06 22:27:52,598 [INFO] IPUIPlugin:80 - create IPUIPlugin
2024-09-06 22:27:52,598 [INFO] PluginManager:220 - loadIPPluginJar : add genericplugin
2024-09-06 22:27:52,685 [INFO] IPUIPlugin:80 - create IPUIPlugin
2024-09-06 22:27:52,685 [INFO] PluginManager:220 - loadIPPluginJar : add gfxmmu
2024-09-06 22:27:52,799 [INFO] IPUIPlugin:80 - create IPUIPlugin
2024-09-06 22:27:52,799 [INFO] PluginManager:220 - loadIPPluginJar : add gic
2024-09-06 22:27:52,809 [INFO] IPUIPlugin:80 - create IPUIPlugin
2024-09-06 22:27:52,809 [INFO] PluginManager:220 - loadIPPluginJar : add gpio
2024-09-06 22:27:52,893 [INFO] IPUIPlugin:80 - create IPUIPlugin
2024-09-06 22:27:52,893 [INFO] PluginManager:220 - loadIPPluginJar : add gtzc
2024-09-06 22:27:52,924 [INFO] IPUIPlugin:80 - create IPUIPlugin
2024-09-06 22:27:52,924 [INFO] PluginManager:220 - loadIPPluginJar : add hash
2024-09-06 22:27:52,968 [INFO] IPUIPlugin:80 - create IPUIPlugin
2024-09-06 22:27:52,969 [INFO] PluginManager:220 - loadIPPluginJar : add i2c
2024-09-06 22:27:53,001 [INFO] IPUIPlugin:80 - create IPUIPlugin
2024-09-06 22:27:53,001 [INFO] PluginManager:220 - loadIPPluginJar : add i2s
2024-09-06 22:27:53,035 [INFO] IPUIPlugin:80 - create IPUIPlugin
2024-09-06 22:27:53,036 [INFO] PluginManager:220 - loadIPPluginJar : add i3c
2024-09-06 22:27:53,123 [INFO] IPUIPlugin:80 - create IPUIPlugin
2024-09-06 22:27:53,123 [INFO] PluginManager:220 - loadIPPluginJar : add ipddr
2024-09-06 22:27:53,206 [INFO] IPUIPlugin:80 - create IPUIPlugin
2024-09-06 22:27:53,206 [INFO] PluginManager:220 - loadIPPluginJar : add linkedlist
2024-09-06 22:27:53,236 [INFO] IPUIPlugin:80 - create IPUIPlugin
2024-09-06 22:27:53,236 [INFO] PluginManager:220 - loadIPPluginJar : add lorawan
2024-09-06 22:27:53,267 [INFO] IPUIPlugin:80 - create IPUIPlugin
2024-09-06 22:27:53,267 [INFO] PluginManager:220 - loadIPPluginJar : add ltdc
2024-09-06 22:27:53,278 [INFO] IPUIPlugin:80 - create IPUIPlugin
2024-09-06 22:27:53,278 [INFO] PluginManager:220 - loadIPPluginJar : add mdma
2024-09-06 22:27:53,287 [INFO] IPUIPlugin:80 - create IPUIPlugin
2024-09-06 22:27:53,287 [INFO] PluginManager:220 - loadIPPluginJar : add nvic
2024-09-06 22:27:53,317 [INFO] IPUIPlugin:80 - create IPUIPlugin
2024-09-06 22:27:53,317 [INFO] PluginManager:220 - loadIPPluginJar : add opamp
2024-09-06 22:27:53,372 [INFO] IPUIPlugin:80 - create IPUIPlugin
2024-09-06 22:27:53,372 [INFO] PluginManager:220 - loadIPPluginJar : add openamp
2024-09-06 22:27:53,411 [INFO] IPUIPlugin:80 - create IPUIPlugin
2024-09-06 22:27:53,412 [INFO] PluginManager:220 - loadIPPluginJar : add pdm2pcm
2024-09-06 22:27:53,423 [INFO] IPUIPlugin:80 - create IPUIPlugin
2024-09-06 22:27:53,425 [INFO] PluginManager:220 - loadIPPluginJar : add plateformsettings
2024-09-06 22:27:53,443 [INFO] IPUIPlugin:80 - create IPUIPlugin
2024-09-06 22:27:53,443 [INFO] PluginManager:220 - loadIPPluginJar : add quadspi
2024-09-06 22:27:53,465 [INFO] IPUIPlugin:80 - create IPUIPlugin
2024-09-06 22:27:53,466 [INFO] PluginManager:220 - loadIPPluginJar : add radio
2024-09-06 22:27:53,475 [INFO] IPUIPlugin:80 - create IPUIPlugin
2024-09-06 22:27:53,475 [INFO] PluginManager:220 - loadIPPluginJar : add resmgrutility
2024-09-06 22:27:53,514 [INFO] IPUIPlugin:80 - create IPUIPlugin
2024-09-06 22:27:53,514 [INFO] PluginManager:220 - loadIPPluginJar : add sai
2024-09-06 22:27:53,546 [INFO] IPUIPlugin:80 - create IPUIPlugin
2024-09-06 22:27:53,546 [INFO] PluginManager:220 - loadIPPluginJar : add spi
2024-09-06 22:27:53,604 [INFO] IPUIPlugin:80 - create IPUIPlugin
2024-09-06 22:27:53,605 [INFO] PluginManager:220 - loadIPPluginJar : add stm32_wpan
2024-09-06 22:27:53,624 [INFO] IPUIPlugin:80 - create IPUIPlugin
2024-09-06 22:27:53,624 [INFO] PluginManager:220 - loadIPPluginJar : add tim
2024-09-06 22:27:53,680 [INFO] IPUIPlugin:80 - create IPUIPlugin
2024-09-06 22:27:53,680 [INFO] PluginManager:220 - loadIPPluginJar : add touchsensing
2024-09-06 22:27:53,698 [INFO] IPUIPlugin:80 - create IPUIPlugin
2024-09-06 22:27:53,698 [INFO] PluginManager:220 - loadIPPluginJar : add tracer_emb
2024-09-06 22:27:53,717 [INFO] IPUIPlugin:80 - create IPUIPlugin
2024-09-06 22:27:53,717 [INFO] PluginManager:220 - loadIPPluginJar : add ts
2024-09-06 22:27:53,736 [INFO] IPUIPlugin:80 - create IPUIPlugin
2024-09-06 22:27:53,736 [INFO] PluginManager:220 - loadIPPluginJar : add tsc
2024-09-06 22:27:53,754 [INFO] IPUIPlugin:80 - create IPUIPlugin
2024-09-06 22:27:53,754 [INFO] PluginManager:220 - loadIPPluginJar : add ucpd
2024-09-06 22:27:53,791 [INFO] IPUIPlugin:80 - create IPUIPlugin
2024-09-06 22:27:53,791 [INFO] PluginManager:220 - loadIPPluginJar : add usart
2024-09-06 22:27:53,827 [INFO] IPUIPlugin:80 - create IPUIPlugin
2024-09-06 22:27:53,827 [INFO] PluginManager:220 - loadIPPluginJar : add usbx
2024-09-06 22:27:53,939 [INFO] CADModel:165 - CPN selected for project level
2024-09-06 22:27:53,939 [INFO] CADModel:114 - Register for checkConnection events
2024-09-06 22:27:53,939 [FATAL] Updater:334 - Updater called before beeing initialized
2024-09-06 22:27:53,939 [ERROR] CADModel:125 - Updater not yet initialized, retry later 
2024-09-06 22:27:54,039 [INFO] CADModel:165 - CPN selected for project level
2024-09-06 22:27:54,039 [INFO] CADModel:114 - Register for checkConnection events
2024-09-06 22:27:54,040 [FATAL] Updater:334 - Updater called before beeing initialized
2024-09-06 22:27:54,040 [ERROR] CADModel:125 - Updater not yet initialized, retry later 
2024-09-06 22:27:54,042 [FATAL] Updater:334 - Updater called before beeing initialized
2024-09-06 22:27:54,122 [FATAL] Updater:334 - Updater called before beeing initialized
2024-09-06 22:27:54,131 [INFO] DbMcusAds:53 - JSON generation date=Thu May 16 06:22:00 ART 2024 (1715851320667)
2024-09-06 22:27:54,131 [FATAL] Updater:334 - Updater called before beeing initialized
2024-09-06 22:27:54,158 [WARN] DetailPanel:346 - Failed to get advertising image, set to default
2024-09-06 22:27:54,225 [FATAL] Updater:334 - Updater called before beeing initialized
2024-09-06 22:27:54,226 [FATAL] Updater:334 - Updater called before beeing initialized
2024-09-06 22:27:54,226 [FATAL] Updater:334 - Updater called before beeing initialized
2024-09-06 22:27:54,226 [WARN] DetailPanel:346 - Failed to get advertising image, set to default
2024-09-06 22:27:54,227 [FATAL] Updater:334 - Updater called before beeing initialized
2024-09-06 22:27:54,271 [ERROR] Updater:1164 - MainUpdater not yet initialized. External WinMGr cannot be set.
2024-09-06 22:27:54,280 [INFO] Updater:1100 - Updater Version found : 6.12.0
2024-09-06 22:27:54,292 [INFO] ApplicationProperties:184 - Using Application install path: C:\ST\STM32CubeIDE_1.16.0\STM32CubeIDE\plugins\com.st.stm32cube.common.mx_6.12.0.202406281431
2024-09-06 22:27:54,528 [INFO] MainUpdater:2873 - connection check result : 10
2024-09-06 22:27:54,528 [INFO] MainUpdater:3567 - Updater definition file requires update
2024-09-06 22:27:54,529 [INFO] MainUpdater:290 - Updater Check For Update Now.
2024-09-06 22:27:54,529 [INFO] MicroXplorer:498 - Change Database Version : DB.6.0.120
2024-09-06 22:27:54,541 [INFO] McuFinderGlobals:63 - Set McuFinder mode to 2 (CubeIDE integrated)
2024-09-06 22:27:54,545 [INFO] UserAuth:417 - Internet connection configuration mode: 1
2024-09-06 22:27:54,559 [INFO] JxBrowserEngine:152 - Initiate JxBrowser Engine with user profile folder
2024-09-06 22:27:54,599 [INFO] ServerAccessManage:473 - Download File updaters.zip
2024-09-06 22:27:54,671 [INFO] FileExtend:240 - Unzip File : updaters.zip
2024-09-06 22:27:54,672 [INFO] FileExtend:255 - Standard Zip Deflate
2024-09-06 22:27:54,874 [WARN] MainUpdater:1194 - Updater busy. Cannot search thirdparties
2024-09-06 22:27:54,874 [INFO] ThirdPartyUpdaterWithRetryManager:96 - Updater plugin is busy. [1/15]
2024-09-06 22:27:55,000 [INFO] ServerAccessManage:473 - Download File PacksControlFlags.xml
2024-09-06 22:27:55,100 [INFO] ServerAccessManage:473 - Download File cubemx.pidx
2024-09-06 22:27:55,186 [INFO] LoadServerUpdatesThread:375 - End of LoadServerUpdate Thread
2024-09-06 22:27:55,397 [INFO] CheckServerUpdateThread:120 - End of CheckServer Thread
2024-09-06 22:27:56,887 [INFO] WebApp:167 - Instantiating new browser for Auth
2024-09-06 22:27:57,373 [INFO] WebApp:448 - Apply proxy settings
2024-09-06 22:27:57,373 [INFO] WebApp:533 - Chromium requires no authentication
2024-09-06 22:27:57,378 [INFO] WebApp:476 - Direct internet connection detected
2024-09-06 22:27:57,391 [INFO] WebApp:869 - Register for checkConnection events
2024-09-06 22:27:57,391 [INFO] WebApp:448 - Apply proxy settings
2024-09-06 22:27:57,391 [INFO] WebApp:533 - Chromium requires no authentication
2024-09-06 22:27:57,392 [INFO] WebApp:476 - Direct internet connection detected
2024-09-06 22:27:57,497 [INFO] WebApp:220 - Starting web application
2024-09-06 22:27:57,498 [INFO] WebApp:578 - Web application path used C:\ST\STM32CubeIDE_1.16.0\STM32CubeIDE\plugins\com.st.stm32cube.common.mx_6.12.0.202406281431\db\plugins\mcufinder\reactClient1\index.html
2024-09-06 22:27:57,607 [INFO] UserAuth:417 - Internet connection configuration mode: 1
2024-09-06 22:27:57,683 [INFO] WebApp:186 - Connection restablished
2024-09-06 22:27:58,005 [WARN] PackLoader:240 - Cannot read IP mode file for STMicroelectronics.FP-SNS-MOTENVWB1.1.4.0
2024-09-06 22:27:58,024 [WARN] PackLoader:240 - Cannot read IP mode file for STMicroelectronics.X-CUBE-SMBUS.2.1.0
2024-09-06 22:27:58,037 [WARN] PackLoader:240 - Cannot read IP mode file for STMicroelectronics.FP-SNS-FLIGHT1.5.0.2
2024-09-06 22:27:58,053 [WARN] PackLoader:240 - Cannot read IP mode file for STMicroelectronics.X-CUBE-DISPLAY.3.0.0
2024-09-06 22:27:58,071 [WARN] PackLoader:240 - Cannot read IP mode file for STMicroelectronics.X-CUBE-BLE1.7.0.0
2024-09-06 22:27:58,086 [WARN] PackLoader:240 - Cannot read IP mode file for STMicroelectronics.X-CUBE-BLEMGR.3.1.0
2024-09-06 22:27:58,099 [WARN] PackLoader:240 - Cannot read IP mode file for STMicroelectronics.FP-SNS-SMARTAG2.1.2.0
2024-09-06 22:27:58,109 [WARN] PackLoader:240 - Cannot read IP mode file for STMicroelectronics.FP-SNS-MOTENV1.5.0.0
2024-09-06 22:27:58,121 [WARN] PackLoader:240 - Cannot read IP mode file for STMicroelectronics.X-CUBE-BLE2.3.3.0
2024-09-06 22:27:58,132 [WARN] PackLoader:240 - Cannot read IP mode file for STMicroelectronics.X-CUBE-TCPP.4.1.0
2024-09-06 22:27:58,146 [WARN] PackLoader:240 - Cannot read IP mode file for STMicroelectronics.X-CUBE-SAFEA1.1.2.2
2024-09-06 22:27:58,157 [WARN] PackLoader:240 - Cannot read IP mode file for STMicroelectronics.X-CUBE-NFC4.3.0.0
2024-09-06 22:27:58,166 [WARN] PackLoader:240 - Cannot read IP mode file for STMicroelectronics.FP-ATR-SIGFOX1.3.2.0
2024-09-06 22:27:58,178 [WARN] PackLoader:240 - Cannot read IP mode file for STMicroelectronics.X-CUBE-EEPRMA1.5.1.0
2024-09-06 22:27:58,190 [WARN] PackLoader:240 - Cannot read IP mode file for STMicroelectronics.X-CUBE-GNSS1.6.0.0
2024-09-06 22:27:58,203 [WARN] PackLoader:240 - Cannot read IP mode file for STMicroelectronics.X-CUBE-FREERTOS.1.2.0
2024-09-06 22:27:58,215 [WARN] PackLoader:240 - Cannot read IP mode file for STMicroelectronics.X-CUBE-NFC6.3.1.0
2024-09-06 22:27:58,227 [WARN] PackLoader:240 - Cannot read IP mode file for STMicroelectronics.X-CUBE-AI.9.0.0
2024-09-06 22:27:58,239 [WARN] PackLoader:240 - Cannot read IP mode file for STMicroelectronics.X-CUBE-NFC7.1.0.1
2024-09-06 22:27:58,252 [WARN] PackLoader:240 - Cannot read IP mode file for STMicroelectronics.X-CUBE-SFXS2LP1.4.0.0
2024-09-06 22:27:58,268 [WARN] PackLoader:240 - Cannot read IP mode file for STMicroelectronics.X-CUBE-SUBG2.5.0.0
2024-09-06 22:27:58,283 [WARN] PackLoader:240 - Cannot read IP mode file for STMicroelectronics.X-CUBE-ISPU.2.0.0
2024-09-06 22:27:58,295 [WARN] PackLoader:240 - Cannot read IP mode file for STMicroelectronics.X-CUBE-ALS.1.0.2
2024-09-06 22:27:58,344 [WARN] PackLoader:240 - Cannot read IP mode file for STMicroelectronics.X-CUBE-MEMS1.10.0.0
2024-09-06 22:27:58,445 [WARN] PackLoader:240 - Cannot read IP mode file for STMicroelectronics.FP-ATR-ASTRA1.2.0.0
2024-09-06 22:27:58,445 [INFO] ThirdParty:978 - Integrity check success = true
2024-09-06 22:27:58,445 [INFO] IntegrityCheckThread:100 - exiting critical section [integrity check]
2024-09-06 22:27:58,446 [INFO] IntegrityCheckThread:103 - End integrity checks thread
2024-09-06 22:28:25,280 [ERROR] LogOutputStream:75 - [STDERR_REDIRECT] 
