2024-10-22 01:36:15,959 [INFO] UtilMem:75 - End SaveConfig() Used Memory: 291395224 Bytes (650117120)
2024-10-22 01:36:16,059 [INFO] UtilMem:75 - End SaveConfig() Used Memory: 312366744 Bytes (650117120)
2024-10-22 01:36:16,264 [INFO] UtilMem:75 - End SaveConfig() Used Memory: 340678296 Bytes (650117120)
2024-10-22 01:36:16,678 [INFO] BlockDiagram:2766 - set Specific Code input for plugin: SPI
2024-10-22 01:36:16,678 [INFO] BlockDiagram:2766 - set Specific Code input for plugin: TIM1_8
2024-10-22 01:36:16,678 [INFO] BlockDiagram:2766 - set Specific Code input for plugin: TIM1_8
2024-10-22 01:36:16,678 [INFO] BlockDiagram:2766 - set Specific Code input for plugin: SYS
2024-10-22 01:36:16,678 [INFO] BlockDiagram:2766 - set Specific Code input for plugin: ADC
2024-10-22 01:36:16,678 [INFO] BlockDiagram:2766 - set Specific Code input for plugin: RCC
2024-10-22 01:36:16,679 [INFO] BlockDiagram:2766 - set Specific Code input for plugin: NVIC
2024-10-22 01:36:16,679 [INFO] BlockDiagram:2766 - set Specific Code input for plugin: GPIO
2024-10-22 01:36:16,680 [INFO] CodeGenerator:807 - code generatio: config db path: C:/Users/Juan/.stm32cubemx/databases/DB.6.0.120/db/
2024-10-22 01:36:16,868 [INFO] CodeEngine:255 - oldGeneratedFile, C:\Users\Juan\STM32CubeIDE\workspace_1.16.0\SSE-Disc\MXTmpFiles\license.tmp_save
2024-10-22 01:36:17,149 [INFO] CodeEngine:279 - Generated code: C:\Users\Juan\STM32CubeIDE\workspace_1.16.0\SSE-Disc\MXTmpFiles\license.tmp
2024-10-22 01:36:17,234 [INFO] CodeEngine:255 - oldGeneratedFile, C:\Users\Juan\STM32CubeIDE\workspace_1.16.0\SSE-Disc\Core\Src\gpio.c_save
2024-10-22 01:36:17,376 [INFO] CodeEngine:279 - Generated code: C:\Users\Juan\STM32CubeIDE\workspace_1.16.0\SSE-Disc\Core\Src\gpio.c
2024-10-22 01:36:17,394 [INFO] CodeEngine:255 - oldGeneratedFile, C:\Users\Juan\STM32CubeIDE\workspace_1.16.0\SSE-Disc\Core\Inc\gpio.h_save
2024-10-22 01:36:17,503 [INFO] CodeEngine:279 - Generated code: C:\Users\Juan\STM32CubeIDE\workspace_1.16.0\SSE-Disc\Core\Inc\gpio.h
2024-10-22 01:36:17,868 [INFO] CodeEngine:255 - oldGeneratedFile, C:\Users\Juan\STM32CubeIDE\workspace_1.16.0\SSE-Disc\Core\Src\adc.c_save
2024-10-22 01:36:17,989 [INFO] CodeEngine:279 - Generated code: C:\Users\Juan\STM32CubeIDE\workspace_1.16.0\SSE-Disc\Core\Src\adc.c
2024-10-22 01:36:18,006 [INFO] CodeEngine:255 - oldGeneratedFile, C:\Users\Juan\STM32CubeIDE\workspace_1.16.0\SSE-Disc\Core\Inc\adc.h_save
2024-10-22 01:36:18,102 [INFO] CodeEngine:279 - Generated code: C:\Users\Juan\STM32CubeIDE\workspace_1.16.0\SSE-Disc\Core\Inc\adc.h
2024-10-22 01:36:18,119 [INFO] CodeEngine:255 - oldGeneratedFile, C:\Users\Juan\STM32CubeIDE\workspace_1.16.0\SSE-Disc\Core\Src\spi.c_save
2024-10-22 01:36:18,216 [INFO] CodeEngine:279 - Generated code: C:\Users\Juan\STM32CubeIDE\workspace_1.16.0\SSE-Disc\Core\Src\spi.c
2024-10-22 01:36:18,220 [INFO] CodeEngine:255 - oldGeneratedFile, C:\Users\Juan\STM32CubeIDE\workspace_1.16.0\SSE-Disc\Core\Inc\spi.h_save
2024-10-22 01:36:18,289 [INFO] CodeEngine:279 - Generated code: C:\Users\Juan\STM32CubeIDE\workspace_1.16.0\SSE-Disc\Core\Inc\spi.h
2024-10-22 01:36:18,297 [INFO] CodeEngine:255 - oldGeneratedFile, C:\Users\Juan\STM32CubeIDE\workspace_1.16.0\SSE-Disc\Core\Src\tim.c_save
2024-10-22 01:36:18,401 [INFO] CodeEngine:279 - Generated code: C:\Users\Juan\STM32CubeIDE\workspace_1.16.0\SSE-Disc\Core\Src\tim.c
2024-10-22 01:36:18,408 [INFO] CodeEngine:255 - oldGeneratedFile, C:\Users\Juan\STM32CubeIDE\workspace_1.16.0\SSE-Disc\Core\Inc\tim.h_save
2024-10-22 01:36:18,489 [INFO] CodeEngine:279 - Generated code: C:\Users\Juan\STM32CubeIDE\workspace_1.16.0\SSE-Disc\Core\Inc\tim.h
2024-10-22 01:36:18,513 [INFO] CodeEngine:255 - oldGeneratedFile, C:\Users\Juan\STM32CubeIDE\workspace_1.16.0\SSE-Disc\Core\Src\stm32f4xx_it.c_save
2024-10-22 01:36:18,625 [INFO] CodeEngine:279 - Generated code: C:\Users\Juan\STM32CubeIDE\workspace_1.16.0\SSE-Disc\Core\Src\stm32f4xx_it.c
2024-10-22 01:36:18,647 [INFO] CodeEngine:255 - oldGeneratedFile, C:\Users\Juan\STM32CubeIDE\workspace_1.16.0\SSE-Disc\Core\Inc\stm32f4xx_it.h_save
2024-10-22 01:36:18,723 [INFO] CodeEngine:279 - Generated code: C:\Users\Juan\STM32CubeIDE\workspace_1.16.0\SSE-Disc\Core\Inc\stm32f4xx_it.h
2024-10-22 01:36:18,748 [INFO] CodeEngine:255 - oldGeneratedFile, C:\Users\Juan\STM32CubeIDE\workspace_1.16.0\SSE-Disc\Core\Src\stm32f4xx_hal_msp.c_save
2024-10-22 01:36:18,835 [INFO] CodeEngine:279 - Generated code: C:\Users\Juan\STM32CubeIDE\workspace_1.16.0\SSE-Disc\Core\Src\stm32f4xx_hal_msp.c
2024-10-22 01:36:18,844 [INFO] CodeEngine:255 - oldGeneratedFile, C:\Users\Juan\STM32CubeIDE\workspace_1.16.0\SSE-Disc\MXTmpFiles\system.tmp_save
2024-10-22 01:36:18,899 [INFO] CodeEngine:279 - Generated code: C:\Users\Juan\STM32CubeIDE\workspace_1.16.0\SSE-Disc\MXTmpFiles\system.tmp
2024-10-22 01:36:18,920 [INFO] CodeEngine:311 - oldGeneratedFile, C:\Users\Juan\STM32CubeIDE\workspace_1.16.0\SSE-Disc\Core\Inc\stm32f4xx_hal_conf.h_save
2024-10-22 01:36:18,997 [INFO] CodeEngine:335 - Generated code: C:\Users\Juan\STM32CubeIDE\workspace_1.16.0\SSE-Disc\Core\Inc\stm32f4xx_hal_conf.h
2024-10-22 01:36:19,057 [INFO] CodeEngine:255 - oldGeneratedFile, C:\Users\Juan\STM32CubeIDE\workspace_1.16.0\SSE-Disc\Core\Inc\main.h_save
2024-10-22 01:36:19,154 [INFO] CodeEngine:279 - Generated code: C:\Users\Juan\STM32CubeIDE\workspace_1.16.0\SSE-Disc\Core\Inc\main.h
2024-10-22 01:36:19,177 [INFO] CodeEngine:255 - oldGeneratedFile, C:\Users\Juan\STM32CubeIDE\workspace_1.16.0\SSE-Disc\Core\Src\main.c_save
2024-10-22 01:36:19,278 [INFO] CodeEngine:279 - Generated code: C:\Users\Juan\STM32CubeIDE\workspace_1.16.0\SSE-Disc\Core\Src\main.c
2024-10-22 01:36:19,615 [INFO] ProjectBuilder:3249 - Time for Copy HAL[1] : 190mS.
2024-10-22 01:36:19,621 [INFO] ProjectBuilder:4828 - Project Generator version: 4.5.0-B34
2024-10-22 01:36:19,699 [INFO] ConfigFileManager:1531 - The Die is : DIE413
2024-10-22 01:36:19,712 [INFO] ApiDbMcu:508 - Load IP Config File for FATFS
2024-10-22 01:36:19,722 [INFO] ApiDbMcu:508 - Load IP Config File for FREERTOS
2024-10-22 01:36:19,730 [INFO] ApiDbMcu:508 - Load IP Config File for LIBJPEG
2024-10-22 01:36:19,741 [INFO] ApiDbMcu:508 - Load IP Config File for LWIP
2024-10-22 01:36:19,753 [INFO] ApiDbMcu:508 - Load IP Config File for MBEDTLS
2024-10-22 01:36:19,766 [INFO] ApiDbMcu:508 - Load IP Config File for USB_DEVICE
2024-10-22 01:36:19,775 [INFO] ApiDbMcu:508 - Load IP Config File for USB_HOST
