2024-09-23 04:19:35,646 [ERROR] LogOutputStream:75 - [STDERR_REDIRECT] 
2024-09-23 04:19:41,076 [INFO] Activator:176 - 


2024-09-23 04:19:41,078 [INFO] Activator:177 - !SESSION log4j initialized
2024-09-23 04:19:44,832 [INFO] LogOutputStream:77 - [STDOUT_REDIRECT] 
2024-09-23 04:19:45,982 [INFO] ApplicationProperties:184 - Using Application install path: C:\ST\STM32CubeIDE_1.16.0\STM32CubeIDE\plugins\com.st.stm32cube.common.mx_6.12.1.202409122256
2024-09-23 04:19:45,993 [INFO] DbMcusXml:78 - Set database path to: C:\ST\STM32CubeIDE_1.16.0\STM32CubeIDE\plugins\com.st.stm32cube.common.mx_6.12.1.202409122256\\db\/mcu/
2024-09-23 04:19:45,994 [INFO] ApiDb:274 - Set plugin database path to: C:\ST\STM32CubeIDE_1.16.0\STM32CubeIDE\plugins\com.st.stm32cube.common.mx_6.12.1.202409122256\\db\/plugins/boardmanager/
2024-09-23 04:19:45,994 [WARN] ApiDb:259 - Overriding images path with different value:  => C:\ST\STM32CubeIDE_1.16.0\STM32CubeIDE\plugins\com.st.stm32cube.common.mx_6.12.1.202409122256\\db\/plugins/mcufinder/images/
2024-09-23 04:19:45,998 [INFO] ApiDb:250 - Set database path to: C:\Users\Juan\.stmcufinder\plugins\mcufinder//mcu/
2024-09-23 04:19:45,999 [INFO] DbMcusAds:125 - Set database path to: C:\Users\Juan\.stmcufinder\plugins\mcufinder//mcu/
2024-09-23 04:19:46,001 [INFO] CrossReferenceDbSqlite:203 - Set database path to: C:\Users\Juan\.stmcufinder\plugins\mcufinder//mcu/cs/
2024-09-23 04:19:46,081 [INFO] RulesReader:64 - Compatibility file has been processed (297 Rules)
2024-09-23 04:19:46,133 [INFO] DbMcusXml:78 - Set database path to: C:\ST\STM32CubeIDE_1.16.0\STM32CubeIDE\plugins\com.st.stm32cube.common.mx_6.12.1.202409122256\\db\/mcu/
2024-09-23 04:19:46,133 [INFO] ApiDb:274 - Set plugin database path to: C:\ST\STM32CubeIDE_1.16.0\STM32CubeIDE\plugins\com.st.stm32cube.common.mx_6.12.1.202409122256\\db\/plugins/boardmanager/
2024-09-23 04:19:46,133 [INFO] ApiDb:261 - Set plugin images path to: C:\ST\STM32CubeIDE_1.16.0\STM32CubeIDE\plugins\com.st.stm32cube.common.mx_6.12.1.202409122256\\db\/plugins/mcufinder/images/
2024-09-23 04:19:46,133 [WARN] DbFile:41 - Overriding database path with different value: C:\Users\Juan\.stmcufinder\plugins\mcufinder/ => C:\Users\Juan\.stmcufinder\plugins\mcufinder
2024-09-23 04:19:46,133 [INFO] ApiDb:250 - Set database path to: C:\Users\Juan\.stmcufinder\plugins\mcufinder//mcu/
2024-09-23 04:19:46,133 [WARN] DbFile:41 - Overriding database path with different value: C:\Users\Juan\.stmcufinder\plugins\mcufinder/ => C:\Users\Juan\.stmcufinder\plugins\mcufinder
2024-09-23 04:19:46,133 [INFO] DbMcusAds:125 - Set database path to: C:\Users\Juan\.stmcufinder\plugins\mcufinder//mcu/
2024-09-23 04:19:46,133 [WARN] DbFile:41 - Overriding database path with different value: C:\Users\Juan\.stmcufinder\plugins\mcufinder/ => C:\Users\Juan\.stmcufinder\plugins\mcufinder
2024-09-23 04:19:46,133 [WARN] DbFile:41 - Overriding database path with different value: C:\Users\Juan\.stmcufinder\plugins\mcufinder/ => C:\Users\Juan\.stmcufinder\plugins\mcufinder
2024-09-23 04:19:46,134 [INFO] CrossReferenceDbSqlite:203 - Set database path to: C:\Users\Juan\.stmcufinder\plugins\mcufinder//mcu/cs/
2024-09-23 04:19:46,191 [INFO] MainPanel:268 - HeapMemory: 268435456
2024-09-23 04:19:46,264 [INFO] DbMcusXml:78 - Set database path to: C:\ST\STM32CubeIDE_1.16.0\STM32CubeIDE\plugins\com.st.stm32cube.common.mx_6.12.1.202409122256\\db\/mcu/
2024-09-23 04:19:46,265 [INFO] ApiDb:274 - Set plugin database path to: C:\ST\STM32CubeIDE_1.16.0\STM32CubeIDE\plugins\com.st.stm32cube.common.mx_6.12.1.202409122256\\db\/plugins/boardmanager/
2024-09-23 04:19:46,265 [INFO] ApiDb:261 - Set plugin images path to: C:\ST\STM32CubeIDE_1.16.0\STM32CubeIDE\plugins\com.st.stm32cube.common.mx_6.12.1.202409122256\\db\/plugins/mcufinder/images/
2024-09-23 04:19:46,265 [WARN] DbFile:41 - Overriding database path with different value: C:\Users\Juan\.stmcufinder\plugins\mcufinder/ => C:\Users\Juan\.stmcufinder\plugins\mcufinder
2024-09-23 04:19:46,265 [INFO] ApiDb:250 - Set database path to: C:\Users\Juan\.stmcufinder\plugins\mcufinder//mcu/
2024-09-23 04:19:46,265 [WARN] DbFile:41 - Overriding database path with different value: C:\Users\Juan\.stmcufinder\plugins\mcufinder/ => C:\Users\Juan\.stmcufinder\plugins\mcufinder
2024-09-23 04:19:46,265 [INFO] DbMcusAds:125 - Set database path to: C:\Users\Juan\.stmcufinder\plugins\mcufinder//mcu/
2024-09-23 04:19:46,265 [WARN] DbFile:41 - Overriding database path with different value: C:\Users\Juan\.stmcufinder\plugins\mcufinder/ => C:\Users\Juan\.stmcufinder\plugins\mcufinder
2024-09-23 04:19:46,265 [WARN] DbFile:41 - Overriding database path with different value: C:\Users\Juan\.stmcufinder\plugins\mcufinder/ => C:\Users\Juan\.stmcufinder\plugins\mcufinder
2024-09-23 04:19:46,265 [INFO] CrossReferenceDbSqlite:203 - Set database path to: C:\Users\Juan\.stmcufinder\plugins\mcufinder//mcu/cs/
2024-09-23 04:19:46,277 [INFO] ApplicationProperties:184 - Using Application install path: C:\ST\STM32CubeIDE_1.16.0\STM32CubeIDE\plugins\com.st.stm32cube.common.mx_6.12.1.202409122256
2024-09-23 04:19:46,278 [INFO] PluginManage:196 - Search for loadable plugins [exclusion list=, ]
2024-09-23 04:19:46,279 [INFO] PluginManage:310 - Check plugin analytics
2024-09-23 04:19:46,399 [INFO] AnalyticsPlugin:253 - Accepted Software Licenses: STM32CubeMX.6.12.0
2024-09-23 04:19:46,399 [INFO] AnalyticsPlugin:255 - Accepted CMSIS Pack Licenses: 
2024-09-23 04:19:46,399 [INFO] AnalyticsPlugin:257 - Accepted Firmware Licenses: FW.F4.1.28.0
2024-09-23 04:19:46,401 [INFO] PluginManage:359 - Loaded plugin analytics (category:tool,tabindex:-1)
2024-09-23 04:19:46,401 [INFO] PluginManage:310 - Check plugin cadmodel
2024-09-23 04:19:46,404 [INFO] CADModel:105 - Init CAD model plugin
2024-09-23 04:19:46,404 [INFO] PluginManage:359 - Loaded plugin cadmodel (category:power,tabindex:5)
2024-09-23 04:19:46,405 [INFO] PluginManage:310 - Check plugin clock
2024-09-23 04:19:46,411 [INFO] PluginManage:359 - Loaded plugin clock (category:base,tabindex:2)
2024-09-23 04:19:46,411 [INFO] PluginManage:310 - Check plugin ddr
2024-09-23 04:19:46,414 [INFO] PluginManage:359 - Loaded plugin ddr (category:tool,tabindex:6)
2024-09-23 04:19:46,414 [INFO] PluginManage:310 - Check plugin filemanager
2024-09-23 04:19:46,517 [INFO] PluginManage:359 - Loaded plugin filemanager (category:base,tabindex:10)
2024-09-23 04:19:46,517 [INFO] PluginManage:310 - Check plugin ipmanager
2024-09-23 04:19:46,522 [INFO] PluginManage:359 - Loaded plugin ipmanager (category:base,tabindex:5)
2024-09-23 04:19:46,523 [INFO] PluginManage:310 - Check plugin lpbam
2024-09-23 04:19:46,529 [INFO] PluginManage:359 - Loaded plugin lpbam (category:base,tabindex:0)
2024-09-23 04:19:46,529 [INFO] PluginManage:310 - Check plugin memorymap
2024-09-23 04:19:46,537 [INFO] PluginManage:359 - Loaded plugin memorymap (category:base,tabindex:4)
2024-09-23 04:19:46,537 [INFO] PluginManage:310 - Check plugin pinoutandconfiguration
2024-09-23 04:19:46,542 [INFO] PluginManage:359 - Loaded plugin pinoutandconfiguration (category:base,tabindex:1)
2024-09-23 04:19:46,543 [INFO] PluginManage:310 - Check plugin pinoutconfig
2024-09-23 04:19:46,611 [WARN] SupportedApi:132 - Cannot load RTOS API schema: s4s-elt-must-match.1: The content of 'definitions' must match (annotation?, (simpleType | complexType)?, (unique | key | keyref)*)). A problem was found starting at: attribute.
2024-09-23 04:19:46,721 [INFO] PluginManage:359 - Loaded plugin pinoutconfig (category:base,tabindex:0)
2024-09-23 04:19:46,721 [INFO] PluginManage:310 - Check plugin power
2024-09-23 04:19:46,727 [INFO] PluginManage:359 - Loaded plugin power (category:power,tabindex:4)
2024-09-23 04:19:46,728 [INFO] PluginManage:310 - Check plugin projectmanager
2024-09-23 04:19:46,740 [INFO] PluginManage:359 - Loaded plugin projectmanager (category:projectmanager,tabindex:4)
2024-09-23 04:19:46,740 [INFO] PluginManage:310 - Check plugin rif
2024-09-23 04:19:46,744 [INFO] PluginManage:359 - Loaded plugin rif (category:base,tabindex:3)
2024-09-23 04:19:46,745 [INFO] PluginManage:310 - Check plugin thirdparty
2024-09-23 04:19:46,837 [WARN] IntegrityCheckThread:84 - waiting for thirdparty lock release [integrity check]
2024-09-23 04:19:46,838 [INFO] IntegrityCheckThread:86 - entering critical section [integrity check]
2024-09-23 04:19:46,838 [INFO] PluginManage:359 - Loaded plugin thirdparty (category:base,tabindex:-1)
2024-09-23 04:19:46,838 [INFO] ThirdPartyUpdaterWithRetryManager:70 - Updater plugin not ready yet. [1/15]
2024-09-23 04:19:46,839 [INFO] PluginManage:310 - Check plugin tools
2024-09-23 04:19:46,842 [INFO] PluginManage:359 - Loaded plugin tools (category:base,tabindex:7)
2024-09-23 04:19:46,842 [INFO] PluginManage:310 - Check plugin tutovideos
2024-09-23 04:19:46,971 [INFO] PluginManage:359 - Loaded plugin tutovideos (category:base,tabindex:-1)
2024-09-23 04:19:46,971 [INFO] PluginManage:310 - Check plugin updater
2024-09-23 04:19:46,984 [INFO] PluginManage:359 - Loaded plugin updater (category:base,tabindex:12)
2024-09-23 04:19:46,984 [INFO] PluginManage:310 - Check plugin userauth
2024-09-23 04:19:46,989 [INFO] UserAuth:113 - Init User Auth plugin
2024-09-23 04:19:46,989 [INFO] PluginManage:359 - Loaded plugin userauth (category:base,tabindex:14)
2024-09-23 04:19:46,989 [INFO] PluginManage:283 - PluginManage : Loaded plugins [18]
2024-09-23 04:19:47,143 [INFO] PinOutPanel:1561 - setPackage(No Configuration,No Configuration)
2024-09-23 04:19:47,215 [INFO] CADModel:165 - CPN selected for project level
2024-09-23 04:19:47,215 [INFO] CADModel:114 - Register for checkConnection events
2024-09-23 04:19:47,227 [INFO] IPUIPlugin:80 - create IPUIPlugin
2024-09-23 04:19:47,228 [INFO] PluginManager:220 - loadIPPluginJar : add adc
2024-09-23 04:19:47,229 [INFO] IPUIPlugin:80 - create IPUIPlugin
2024-09-23 04:19:47,229 [INFO] PluginManager:220 - loadIPPluginJar : add aes
2024-09-23 04:19:47,231 [INFO] IPUIPlugin:80 - create IPUIPlugin
2024-09-23 04:19:47,232 [INFO] PluginManager:220 - loadIPPluginJar : add can
2024-09-23 04:19:47,233 [INFO] IPUIPlugin:80 - create IPUIPlugin
2024-09-23 04:19:47,233 [INFO] PluginManager:220 - loadIPPluginJar : add comp
2024-09-23 04:19:47,234 [INFO] IPUIPlugin:80 - create IPUIPlugin
2024-09-23 04:19:47,235 [INFO] PluginManager:220 - loadIPPluginJar : add cryp
2024-09-23 04:19:47,236 [INFO] IPUIPlugin:80 - create IPUIPlugin
2024-09-23 04:19:47,236 [INFO] PluginManager:220 - loadIPPluginJar : add ddr_ctrl_phy
2024-09-23 04:19:47,238 [INFO] IPUIPlugin:80 - create IPUIPlugin
2024-09-23 04:19:47,238 [INFO] PluginManager:220 - loadIPPluginJar : add dfsdm
2024-09-23 04:19:47,241 [INFO] IPUIPlugin:80 - create IPUIPlugin
2024-09-23 04:19:47,242 [INFO] PluginManager:220 - loadIPPluginJar : add dma
2024-09-23 04:19:47,243 [INFO] IPUIPlugin:80 - create IPUIPlugin
2024-09-23 04:19:47,244 [INFO] PluginManager:220 - loadIPPluginJar : add dma3
2024-09-23 04:19:47,245 [INFO] IPUIPlugin:80 - create IPUIPlugin
2024-09-23 04:19:47,246 [INFO] PluginManager:220 - loadIPPluginJar : add extmemmanager
2024-09-23 04:19:47,246 [INFO] IPUIPlugin:80 - create IPUIPlugin
2024-09-23 04:19:47,247 [INFO] PluginManager:220 - loadIPPluginJar : add fatfs
2024-09-23 04:19:47,250 [INFO] IPUIPlugin:80 - create IPUIPlugin
2024-09-23 04:19:47,250 [INFO] PluginManager:220 - loadIPPluginJar : add fmc
2024-09-23 04:19:47,253 [INFO] IPUIPlugin:80 - create IPUIPlugin
2024-09-23 04:19:47,254 [INFO] PluginManager:220 - loadIPPluginJar : add freertos
2024-09-23 04:19:47,255 [INFO] IPUIPlugin:80 - create IPUIPlugin
2024-09-23 04:19:47,255 [INFO] PluginManager:220 - loadIPPluginJar : add genericplugin
2024-09-23 04:19:47,256 [INFO] IPUIPlugin:80 - create IPUIPlugin
2024-09-23 04:19:47,256 [INFO] PluginManager:220 - loadIPPluginJar : add gfxmmu
2024-09-23 04:19:47,259 [INFO] IPUIPlugin:80 - create IPUIPlugin
2024-09-23 04:19:47,259 [INFO] PluginManager:220 - loadIPPluginJar : add gic
2024-09-23 04:19:47,262 [INFO] IPUIPlugin:80 - create IPUIPlugin
2024-09-23 04:19:47,262 [INFO] PluginManager:220 - loadIPPluginJar : add gpio
2024-09-23 04:19:47,264 [INFO] IPUIPlugin:80 - create IPUIPlugin
2024-09-23 04:19:47,264 [INFO] PluginManager:220 - loadIPPluginJar : add gtzc
2024-09-23 04:19:47,265 [INFO] IPUIPlugin:80 - create IPUIPlugin
2024-09-23 04:19:47,265 [INFO] PluginManager:220 - loadIPPluginJar : add hash
2024-09-23 04:19:47,267 [INFO] IPUIPlugin:80 - create IPUIPlugin
2024-09-23 04:19:47,267 [INFO] PluginManager:220 - loadIPPluginJar : add i2c
2024-09-23 04:19:47,269 [INFO] IPUIPlugin:80 - create IPUIPlugin
2024-09-23 04:19:47,269 [INFO] PluginManager:220 - loadIPPluginJar : add i2s
2024-09-23 04:19:47,270 [INFO] IPUIPlugin:80 - create IPUIPlugin
2024-09-23 04:19:47,270 [INFO] PluginManager:220 - loadIPPluginJar : add i3c
2024-09-23 04:19:47,276 [INFO] IPUIPlugin:80 - create IPUIPlugin
2024-09-23 04:19:47,276 [INFO] PluginManager:220 - loadIPPluginJar : add ipddr
2024-09-23 04:19:47,281 [INFO] IPUIPlugin:80 - create IPUIPlugin
2024-09-23 04:19:47,281 [INFO] PluginManager:220 - loadIPPluginJar : add linkedlist
2024-09-23 04:19:47,283 [INFO] IPUIPlugin:80 - create IPUIPlugin
2024-09-23 04:19:47,283 [INFO] PluginManager:220 - loadIPPluginJar : add lorawan
2024-09-23 04:19:47,284 [INFO] IPUIPlugin:80 - create IPUIPlugin
2024-09-23 04:19:47,284 [INFO] PluginManager:220 - loadIPPluginJar : add ltdc
2024-09-23 04:19:47,288 [INFO] IPUIPlugin:80 - create IPUIPlugin
2024-09-23 04:19:47,288 [INFO] PluginManager:220 - loadIPPluginJar : add mdma
2024-09-23 04:19:47,290 [INFO] IPUIPlugin:80 - create IPUIPlugin
2024-09-23 04:19:47,290 [INFO] PluginManager:220 - loadIPPluginJar : add nvic
2024-09-23 04:19:47,292 [INFO] IPUIPlugin:80 - create IPUIPlugin
2024-09-23 04:19:47,292 [INFO] PluginManager:220 - loadIPPluginJar : add opamp
2024-09-23 04:19:47,295 [INFO] IPUIPlugin:80 - create IPUIPlugin
2024-09-23 04:19:47,295 [INFO] PluginManager:220 - loadIPPluginJar : add openamp
2024-09-23 04:19:47,297 [INFO] IPUIPlugin:80 - create IPUIPlugin
2024-09-23 04:19:47,297 [INFO] PluginManager:220 - loadIPPluginJar : add pdm2pcm
2024-09-23 04:19:47,302 [INFO] IPUIPlugin:80 - create IPUIPlugin
2024-09-23 04:19:47,304 [INFO] PluginManager:220 - loadIPPluginJar : add plateformsettings
2024-09-23 04:19:47,305 [INFO] IPUIPlugin:80 - create IPUIPlugin
2024-09-23 04:19:47,305 [INFO] PluginManager:220 - loadIPPluginJar : add quadspi
2024-09-23 04:19:47,307 [INFO] IPUIPlugin:80 - create IPUIPlugin
2024-09-23 04:19:47,308 [INFO] PluginManager:220 - loadIPPluginJar : add radio
2024-09-23 04:19:47,311 [INFO] IPUIPlugin:80 - create IPUIPlugin
2024-09-23 04:19:47,311 [INFO] PluginManager:220 - loadIPPluginJar : add resmgrutility
2024-09-23 04:19:47,314 [INFO] IPUIPlugin:80 - create IPUIPlugin
2024-09-23 04:19:47,314 [INFO] PluginManager:220 - loadIPPluginJar : add sai
2024-09-23 04:19:47,316 [INFO] IPUIPlugin:80 - create IPUIPlugin
2024-09-23 04:19:47,316 [INFO] PluginManager:220 - loadIPPluginJar : add spi
2024-09-23 04:19:47,321 [INFO] IPUIPlugin:80 - create IPUIPlugin
2024-09-23 04:19:47,321 [INFO] PluginManager:220 - loadIPPluginJar : add stm32_wpan
2024-09-23 04:19:47,322 [INFO] IPUIPlugin:80 - create IPUIPlugin
2024-09-23 04:19:47,322 [INFO] PluginManager:220 - loadIPPluginJar : add tim
2024-09-23 04:19:47,325 [INFO] IPUIPlugin:80 - create IPUIPlugin
2024-09-23 04:19:47,325 [INFO] PluginManager:220 - loadIPPluginJar : add touchsensing
2024-09-23 04:19:47,327 [INFO] IPUIPlugin:80 - create IPUIPlugin
2024-09-23 04:19:47,327 [INFO] PluginManager:220 - loadIPPluginJar : add tracer_emb
2024-09-23 04:19:47,329 [INFO] IPUIPlugin:80 - create IPUIPlugin
2024-09-23 04:19:47,329 [INFO] PluginManager:220 - loadIPPluginJar : add ts
2024-09-23 04:19:47,330 [INFO] IPUIPlugin:80 - create IPUIPlugin
2024-09-23 04:19:47,330 [INFO] PluginManager:220 - loadIPPluginJar : add tsc
2024-09-23 04:19:47,332 [INFO] IPUIPlugin:80 - create IPUIPlugin
2024-09-23 04:19:47,332 [INFO] PluginManager:220 - loadIPPluginJar : add ucpd
2024-09-23 04:19:47,334 [INFO] IPUIPlugin:80 - create IPUIPlugin
2024-09-23 04:19:47,334 [INFO] PluginManager:220 - loadIPPluginJar : add usart
2024-09-23 04:19:47,337 [INFO] IPUIPlugin:80 - create IPUIPlugin
2024-09-23 04:19:47,337 [INFO] PluginManager:220 - loadIPPluginJar : add usbx
2024-09-23 04:19:47,453 [INFO] CADModel:165 - CPN selected for project level
2024-09-23 04:19:47,453 [INFO] CADModel:114 - Register for checkConnection events
2024-09-23 04:19:47,453 [FATAL] Updater:334 - Updater called before beeing initialized
2024-09-23 04:19:47,453 [ERROR] CADModel:125 - Updater not yet initialized, retry later 
2024-09-23 04:19:47,551 [INFO] CADModel:165 - CPN selected for project level
2024-09-23 04:19:47,551 [INFO] CADModel:114 - Register for checkConnection events
2024-09-23 04:19:47,551 [FATAL] Updater:334 - Updater called before beeing initialized
2024-09-23 04:19:47,551 [ERROR] CADModel:125 - Updater not yet initialized, retry later 
2024-09-23 04:19:47,553 [FATAL] Updater:334 - Updater called before beeing initialized
2024-09-23 04:19:47,633 [FATAL] Updater:334 - Updater called before beeing initialized
2024-09-23 04:19:47,636 [INFO] DbMcusAds:53 - JSON generation date=Thu Sep 30 03:55:09 ART 2021 (1632984909247)
2024-09-23 04:19:47,636 [FATAL] Updater:334 - Updater called before beeing initialized
2024-09-23 04:19:47,662 [WARN] DetailPanel:346 - Failed to get advertising image, set to default
2024-09-23 04:19:47,741 [FATAL] Updater:334 - Updater called before beeing initialized
2024-09-23 04:19:47,742 [FATAL] Updater:334 - Updater called before beeing initialized
2024-09-23 04:19:47,742 [FATAL] Updater:334 - Updater called before beeing initialized
2024-09-23 04:19:47,742 [WARN] DetailPanel:346 - Failed to get advertising image, set to default
2024-09-23 04:19:47,743 [FATAL] Updater:334 - Updater called before beeing initialized
2024-09-23 04:19:47,778 [ERROR] Updater:1164 - MainUpdater not yet initialized. External WinMGr cannot be set.
2024-09-23 04:19:47,779 [INFO] Updater:1100 - Updater Version found : 6.12.1
2024-09-23 04:19:47,796 [INFO] ApplicationProperties:184 - Using Application install path: C:\ST\STM32CubeIDE_1.16.0\STM32CubeIDE\plugins\com.st.stm32cube.common.mx_6.12.1.202409122256
2024-09-23 04:19:49,752 [INFO] MainUpdater:2873 - connection check result : 10
2024-09-23 04:19:49,753 [INFO] MainUpdater:290 - Updater Check For Update Now.
2024-09-23 04:19:49,753 [INFO] MicroXplorer:498 - Change Database Version : DB.6.0.121
2024-09-23 04:19:49,759 [INFO] McuFinderGlobals:63 - Set McuFinder mode to 2 (CubeIDE integrated)
2024-09-23 04:19:49,760 [INFO] UserAuth:417 - Internet connection configuration mode: 1
2024-09-23 04:19:49,775 [INFO] JxBrowserEngine:152 - Initiate JxBrowser Engine with user profile folder
2024-09-23 04:19:49,840 [WARN] MainUpdater:1194 - Updater busy. Cannot search thirdparties
2024-09-23 04:19:49,840 [INFO] ThirdPartyUpdaterWithRetryManager:96 - Updater plugin is busy. [1/15]
2024-09-23 04:19:49,912 [INFO] CheckServerUpdateThread:120 - End of CheckServer Thread
2024-09-23 04:19:51,218 [INFO] WebApp:167 - Instantiating new browser for Auth
2024-09-23 04:19:51,693 [INFO] WebApp:448 - Apply proxy settings
2024-09-23 04:19:51,694 [INFO] WebApp:533 - Chromium requires no authentication
2024-09-23 04:19:51,699 [INFO] WebApp:476 - Direct internet connection detected
2024-09-23 04:19:51,714 [INFO] WebApp:869 - Register for checkConnection events
2024-09-23 04:19:51,714 [INFO] WebApp:448 - Apply proxy settings
2024-09-23 04:19:51,714 [INFO] WebApp:533 - Chromium requires no authentication
2024-09-23 04:19:51,714 [INFO] WebApp:476 - Direct internet connection detected
2024-09-23 04:19:51,822 [INFO] WebApp:220 - Starting web application
2024-09-23 04:19:51,822 [INFO] WebApp:578 - Web application path used C:\ST\STM32CubeIDE_1.16.0\STM32CubeIDE\plugins\com.st.stm32cube.common.mx_6.12.1.202409122256\db\plugins\mcufinder\reactClient1\index.html
2024-09-23 04:19:51,885 [INFO] UserAuth:417 - Internet connection configuration mode: 1
2024-09-23 04:19:51,988 [INFO] WebApp:186 - Connection restablished
2024-09-23 04:19:52,978 [WARN] PackLoader:240 - Cannot read IP mode file for STMicroelectronics.FP-SNS-MOTENVWB1.1.4.0
2024-09-23 04:19:52,987 [WARN] PackLoader:240 - Cannot read IP mode file for STMicroelectronics.X-CUBE-SMBUS.2.1.0
2024-09-23 04:19:53,011 [WARN] PackLoader:240 - Cannot read IP mode file for STMicroelectronics.X-CUBE-AZRTOS-F7.1.1.0
2024-09-23 04:19:53,018 [WARN] PackLoader:240 - Cannot read IP mode file for STMicroelectronics.FP-SNS-FLIGHT1.5.0.2
2024-09-23 04:19:53,025 [WARN] PackLoader:240 - Cannot read IP mode file for STMicroelectronics.X-CUBE-DISPLAY.3.0.0
2024-09-23 04:19:53,035 [WARN] PackLoader:240 - Cannot read IP mode file for STMicroelectronics.X-CUBE-BLE1.7.0.0
2024-09-23 04:19:53,039 [WARN] PackLoader:240 - Cannot read IP mode file for emotas.I-CUBE-CANOPEN.1.3.0
2024-09-23 04:19:53,048 [WARN] PackLoader:240 - Cannot read IP mode file for STMicroelectronics.X-CUBE-BLEMGR.3.1.0
2024-09-23 04:19:53,054 [WARN] PackLoader:240 - Cannot read IP mode file for STMicroelectronics.FP-SNS-SMARTAG2.1.2.0
2024-09-23 04:19:53,062 [INFO] LogOutputStream:77 - [STDOUT_REDIRECT] 1 : Invalid condition id : UX_CORESTACK_Condition cause : null
2024-09-23 04:19:53,062 [INFO] LogOutputStream:77 - [STDOUT_REDIRECT] 1 : Invalid condition id : UX_CORESTACK_Condition cause : null
2024-09-23 04:19:53,063 [INFO] LogOutputStream:77 - [STDOUT_REDIRECT] 1 : Invalid condition id : UX_CORESTACK_Condition cause : null
2024-09-23 04:19:53,064 [INFO] LogOutputStream:77 - [STDOUT_REDIRECT] 1 : Invalid condition id : UX_CORESTACK_Condition cause : null
2024-09-23 04:19:53,065 [INFO] LogOutputStream:77 - [STDOUT_REDIRECT] 1 : Invalid condition id : UX_CORESTACK_Condition cause : null
2024-09-23 04:19:53,068 [WARN] PackLoader:240 - Cannot read IP mode file for STMicroelectronics.X-CUBE-AZRTOS-WL.2.0.0
2024-09-23 04:19:53,073 [WARN] PackLoader:240 - Cannot read IP mode file for STMicroelectronics.FP-SNS-MOTENV1.5.0.0
2024-09-23 04:19:53,077 [WARN] PackLoader:240 - Cannot read IP mode file for wolfSSL.I-CUBE-wolfMQTT.1.19.0
2024-09-23 04:19:53,082 [WARN] PackLoader:240 - Cannot read IP mode file for WES.I-CUBE-Cesium.1.3.0
2024-09-23 04:19:53,086 [WARN] PackLoader:240 - Cannot read IP mode file for STMicroelectronics.X-CUBE-BLE2.3.3.0
2024-09-23 04:19:53,090 [WARN] PackLoader:240 - Cannot read IP mode file for STMicroelectronics.X-CUBE-TCPP.4.1.0
2024-09-23 04:19:53,104 [WARN] PackLoader:240 - Cannot read IP mode file for STMicroelectronics.X-CUBE-AZRTOS-G0.1.1.0
2024-09-23 04:19:53,109 [WARN] PackLoader:240 - Cannot read IP mode file for STMicroelectronics.X-CUBE-SAFEA1.1.2.2
2024-09-23 04:19:53,114 [WARN] PackLoader:240 - Cannot read IP mode file for STMicroelectronics.X-CUBE-NFC4.3.0.0
2024-09-23 04:19:53,121 [WARN] PackLoader:240 - Cannot read IP mode file for EmbeddedOffice.I-CUBE-FS-RTOS.1.0.1
2024-09-23 04:19:53,121 [ERROR] ConditionMgr:805 - Attr not supported : Dmpu
2024-09-23 04:19:53,122 [ERROR] ConditionMgr:805 - Attr not supported : Dmpu
2024-09-23 04:19:53,122 [ERROR] ConditionMgr:805 - Attr not supported : Dmpu
2024-09-23 04:19:53,122 [ERROR] ConditionMgr:805 - Attr not supported : Dmpu
2024-09-23 04:19:53,122 [ERROR] ConditionMgr:805 - Attr not supported : Dmpu
2024-09-23 04:19:53,122 [ERROR] ConditionMgr:805 - Attr not supported : Dmpu
2024-09-23 04:19:53,122 [ERROR] ConditionMgr:805 - Attr not supported : Dmpu
2024-09-23 04:19:53,122 [ERROR] ConditionMgr:805 - Attr not supported : Dmpu
2024-09-23 04:19:53,122 [ERROR] ConditionMgr:805 - Attr not supported : Dmpu
2024-09-23 04:19:53,122 [ERROR] ConditionMgr:805 - Attr not supported : Dmpu
2024-09-23 04:19:53,122 [ERROR] ConditionMgr:805 - Attr not supported : Dmpu
2024-09-23 04:19:53,122 [ERROR] ConditionMgr:805 - Attr not supported : Dmpu
2024-09-23 04:19:53,122 [ERROR] ConditionMgr:805 - Attr not supported : Dmpu
2024-09-23 04:19:53,122 [ERROR] ConditionMgr:805 - Attr not supported : Dmpu
2024-09-23 04:19:53,122 [ERROR] ConditionMgr:805 - Attr not supported : Dmpu
2024-09-23 04:19:53,122 [ERROR] ConditionMgr:805 - Attr not supported : Dmpu
2024-09-23 04:19:53,122 [ERROR] ConditionMgr:805 - Attr not supported : Dmpu
2024-09-23 04:19:53,122 [ERROR] ConditionMgr:805 - Attr not supported : Dmpu
2024-09-23 04:19:53,122 [ERROR] ConditionMgr:805 - Attr not supported : Dmpu
2024-09-23 04:19:53,122 [ERROR] ConditionMgr:805 - Attr not supported : Dmpu
2024-09-23 04:19:53,123 [ERROR] ConditionMgr:805 - Attr not supported : Dmpu
2024-09-23 04:19:53,123 [ERROR] ConditionMgr:805 - Attr not supported : Dmpu
2024-09-23 04:19:53,123 [ERROR] ConditionMgr:805 - Attr not supported : Dmpu
2024-09-23 04:19:53,123 [ERROR] ConditionMgr:805 - Attr not supported : Dmpu
2024-09-23 04:19:53,123 [ERROR] ConditionMgr:805 - Attr not supported : Dmpu
2024-09-23 04:19:53,123 [ERROR] ConditionMgr:805 - Attr not supported : Dmpu
2024-09-23 04:19:53,123 [ERROR] ConditionMgr:805 - Attr not supported : Dmpu
2024-09-23 04:19:53,123 [ERROR] ConditionMgr:805 - Attr not supported : Dmpu
2024-09-23 04:19:53,123 [ERROR] ConditionMgr:805 - Attr not supported : Dmpu
2024-09-23 04:19:53,123 [ERROR] ConditionMgr:805 - Attr not supported : Dmpu
2024-09-23 04:19:53,123 [ERROR] ConditionMgr:805 - Attr not supported : Dmpu
2024-09-23 04:19:53,123 [ERROR] ConditionMgr:805 - Attr not supported : Dmpu
2024-09-23 04:19:53,123 [ERROR] ConditionMgr:805 - Attr not supported : Dmpu
2024-09-23 04:19:53,123 [ERROR] ConditionMgr:805 - Attr not supported : Dmpu
2024-09-23 04:19:53,123 [ERROR] ConditionMgr:805 - Attr not supported : Dmpu
2024-09-23 04:19:53,123 [ERROR] ConditionMgr:805 - Attr not supported : Dmpu
2024-09-23 04:19:53,123 [ERROR] ConditionMgr:805 - Attr not supported : Dmpu
2024-09-23 04:19:53,123 [ERROR] ConditionMgr:805 - Attr not supported : Dmpu
2024-09-23 04:19:53,123 [ERROR] ConditionMgr:805 - Attr not supported : Dmpu
2024-09-23 04:19:53,124 [ERROR] ConditionMgr:805 - Attr not supported : Dmpu
2024-09-23 04:19:53,124 [ERROR] ConditionMgr:805 - Attr not supported : Dmpu
2024-09-23 04:19:53,124 [ERROR] ConditionMgr:805 - Attr not supported : Dmpu
2024-09-23 04:19:53,124 [ERROR] ConditionMgr:805 - Attr not supported : Dmpu
2024-09-23 04:19:53,124 [ERROR] ConditionMgr:805 - Attr not supported : Dmpu
2024-09-23 04:19:53,124 [ERROR] ConditionMgr:805 - Attr not supported : Dmpu
2024-09-23 04:19:53,124 [ERROR] ConditionMgr:805 - Attr not supported : Dmpu
2024-09-23 04:19:53,124 [ERROR] ConditionMgr:805 - Attr not supported : Dmpu
2024-09-23 04:19:53,124 [ERROR] ConditionMgr:805 - Attr not supported : Dmpu
2024-09-23 04:19:53,124 [ERROR] ConditionMgr:805 - Attr not supported : Dmpu
2024-09-23 04:19:53,124 [ERROR] ConditionMgr:805 - Attr not supported : Dmpu
2024-09-23 04:19:53,124 [ERROR] ConditionMgr:805 - Attr not supported : Dmpu
2024-09-23 04:19:53,124 [ERROR] ConditionMgr:805 - Attr not supported : Dmpu
2024-09-23 04:19:53,124 [ERROR] ConditionMgr:805 - Attr not supported : Dmpu
2024-09-23 04:19:53,124 [ERROR] ConditionMgr:805 - Attr not supported : Dmpu
2024-09-23 04:19:53,124 [ERROR] ConditionMgr:805 - Attr not supported : Dmpu
2024-09-23 04:19:53,124 [ERROR] ConditionMgr:805 - Attr not supported : Dmpu
2024-09-23 04:19:53,124 [ERROR] ConditionMgr:805 - Attr not supported : Dmpu
2024-09-23 04:19:53,125 [ERROR] ConditionMgr:805 - Attr not supported : Dmpu
2024-09-23 04:19:53,125 [ERROR] ConditionMgr:805 - Attr not supported : Dmpu
2024-09-23 04:19:53,125 [ERROR] ConditionMgr:805 - Attr not supported : Dmpu
2024-09-23 04:19:53,125 [ERROR] ConditionMgr:805 - Attr not supported : Dmpu
2024-09-23 04:19:53,125 [ERROR] ConditionMgr:805 - Attr not supported : Dmpu
2024-09-23 04:19:53,125 [ERROR] ConditionMgr:805 - Attr not supported : Dmpu
2024-09-23 04:19:53,125 [ERROR] ConditionMgr:805 - Attr not supported : Dmpu
2024-09-23 04:19:53,129 [WARN] PackLoader:240 - Cannot read IP mode file for RealThread.X-CUBE-RT-Thread_Nano.4.1.1
2024-09-23 04:19:53,131 [WARN] PackLoader:240 - Cannot read IP mode file for STMicroelectronics.FP-ATR-SIGFOX1.3.2.0
2024-09-23 04:19:53,134 [WARN] PackLoader:240 - Cannot read IP mode file for wolfSSL.I-CUBE-wolfSSL.5.7.2
2024-09-23 04:19:53,138 [WARN] PackLoader:240 - Cannot read IP mode file for STMicroelectronics.X-CUBE-EEPRMA1.5.1.0
2024-09-23 04:19:53,143 [WARN] PackLoader:240 - Cannot read IP mode file for ITTIA_DB.I-CUBE-ITTIADB.8.9.0
2024-09-23 04:19:53,163 [WARN] PackLoader:240 - Cannot read IP mode file for SEGGER.I-CUBE-embOS.1.3.1
2024-09-23 04:19:53,196 [WARN] PackLoader:240 - Cannot read IP mode file for STMicroelectronics.X-CUBE-ALGOBUILD.1.4.0
2024-09-23 04:19:53,201 [WARN] PackLoader:240 - Cannot read IP mode file for STMicroelectronics.X-CUBE-GNSS1.6.0.0
2024-09-23 04:19:53,213 [WARN] PackLoader:240 - Cannot read IP mode file for STMicroelectronics.X-CUBE-AZRTOS-F4.1.1.0
2024-09-23 04:19:53,217 [WARN] PackLoader:240 - Cannot read IP mode file for STMicroelectronics.X-CUBE-ISPU.2.1.0
2024-09-23 04:19:53,222 [WARN] PackLoader:240 - Cannot read IP mode file for STMicroelectronics.X-CUBE-FREERTOS.1.2.0
2024-09-23 04:19:53,232 [WARN] PackLoader:240 - Cannot read IP mode file for STMicroelectronics.X-CUBE-AZRTOS-L5.2.0.0
2024-09-23 04:19:53,238 [WARN] PackLoader:240 - Cannot read IP mode file for STMicroelectronics.X-CUBE-NFC6.3.1.0
2024-09-23 04:19:53,242 [WARN] PackLoader:240 - Cannot read IP mode file for STMicroelectronics.X-CUBE-AI.9.0.0
2024-09-23 04:19:53,245 [WARN] PackLoader:240 - Cannot read IP mode file for STMicroelectronics.X-CUBE-NFC7.1.0.1
2024-09-23 04:19:53,258 [WARN] ConditionMgr:438 - getConditionDescription Invalid condition id : LAN8742 Phy interface Condition cause : null
2024-09-23 04:19:53,259 [WARN] PackLoader:240 - Cannot read IP mode file for STMicroelectronics.X-CUBE-AZRTOS-L4.2.0.0
2024-09-23 04:19:53,260 [WARN] ConditionMgr:1039 - genDependencies : Invalid condition id : LAN8742 Phy interface Condition cause : null
2024-09-23 04:19:53,260 [WARN] ConditionMgr:1039 - genDependencies : Invalid condition id : LAN8742 Phy interface Condition cause : null
2024-09-23 04:19:53,261 [WARN] ConditionMgr:1039 - genDependencies : Invalid condition id : LAN8742 Phy interface Condition cause : null
2024-09-23 04:19:53,266 [WARN] PackLoader:240 - Cannot read IP mode file for STMicroelectronics.X-CUBE-SFXS2LP1.4.0.0
2024-09-23 04:19:53,279 [WARN] PackLoader:240 - Cannot read IP mode file for STMicroelectronics.X-CUBE-AZRTOS-H7.3.3.0
2024-09-23 04:19:53,289 [WARN] ConditionMgr:438 - getConditionDescription Invalid condition id : UX DEVICE CLASS RTOS Condition cause : null
2024-09-23 04:19:53,289 [WARN] ConditionMgr:438 - getConditionDescription Invalid condition id : UX DEVICE CLASS RTOS Condition cause : null
2024-09-23 04:19:53,290 [WARN] PackLoader:240 - Cannot read IP mode file for STMicroelectronics.X-CUBE-AZRTOS-WB.2.0.0
2024-09-23 04:19:53,290 [WARN] ConditionMgr:1039 - genDependencies : Invalid condition id : UX DEVICE CLASS RTOS Condition cause : null
2024-09-23 04:19:53,291 [WARN] ConditionMgr:1039 - genDependencies : Invalid condition id : UX DEVICE CLASS RTOS Condition cause : null
2024-09-23 04:19:53,291 [WARN] ConditionMgr:1039 - genDependencies : Invalid condition id : UX DEVICE CLASS RTOS Condition cause : null
2024-09-23 04:19:53,291 [WARN] ConditionMgr:1039 - genDependencies : Invalid condition id : UX DEVICE CLASS RTOS Condition cause : null
2024-09-23 04:19:53,291 [WARN] ConditionMgr:1039 - genDependencies : Invalid condition id : UX DEVICE CLASS RTOS Condition cause : null
2024-09-23 04:19:53,294 [WARN] PackLoader:240 - Cannot read IP mode file for STMicroelectronics.X-CUBE-GNSS1.7.0.0
2024-09-23 04:19:53,301 [WARN] PackLoader:240 - Cannot read IP mode file for STMicroelectronics.X-CUBE-SUBG2.5.0.0
2024-09-23 04:19:53,306 [WARN] PackLoader:240 - Cannot read IP mode file for Cesanta.I-CUBE-Mongoose.7.13.0
2024-09-23 04:19:53,315 [WARN] PackLoader:240 - Cannot read IP mode file for STMicroelectronics.X-CUBE-AZRTOS-G4.2.0.0
2024-09-23 04:19:53,322 [WARN] PackLoader:240 - Cannot read IP mode file for STMicroelectronics.X-CUBE-ISPU.2.0.0
2024-09-23 04:19:53,325 [WARN] PackLoader:240 - Cannot read IP mode file for STMicroelectronics.X-CUBE-ALS.1.0.2
2024-09-23 04:19:53,351 [WARN] PackLoader:240 - Cannot read IP mode file for STMicroelectronics.X-CUBE-MEMS1.10.0.0
2024-09-23 04:19:53,456 [WARN] PackLoader:240 - Cannot read IP mode file for STMicroelectronics.X-CUBE-TOUCHGFX.4.24.0
2024-09-23 04:19:53,458 [WARN] PackLoader:240 - Cannot read IP mode file for wolfSSL.I-CUBE-wolfTPM.3.4.0
2024-09-23 04:19:53,462 [WARN] PackLoader:240 - Cannot read IP mode file for portGmbH.I-Cube-SoM-uGOAL.1.1.0
2024-09-23 04:19:53,474 [WARN] PackLoader:240 - Cannot read IP mode file for STMicroelectronics.X-CUBE-AZRTOS-H7RS.1.0.0
2024-09-23 04:19:53,478 [WARN] PackLoader:240 - Cannot read IP mode file for STMicroelectronics.FP-ATR-ASTRA1.2.0.0
2024-09-23 04:19:53,493 [WARN] PackLoader:240 - Cannot read IP mode file for Infineon.AIROC-Wi-Fi-Bluetooth-STM32.1.6.1
2024-09-23 04:19:53,498 [WARN] PackLoader:240 - Cannot read IP mode file for wolfSSL.I-CUBE-wolfSSH.1.4.17
2024-09-23 04:19:53,498 [INFO] ThirdParty:978 - Integrity check success = true
2024-09-23 04:19:53,498 [INFO] IntegrityCheckThread:100 - exiting critical section [integrity check]
2024-09-23 04:19:53,498 [INFO] IntegrityCheckThread:103 - End integrity checks thread
2024-09-23 04:42:33,201 [ERROR] LogOutputStream:75 - [STDERR_REDIRECT] 
