2024-11-14 11:23:26,256 [INFO] Activator:176 - 


2024-11-14 11:23:26,260 [INFO] Activator:177 - !SESSION log4j initialized
2024-11-14 11:23:30,439 [INFO] LogOutputStream:77 - [STDOUT_REDIRECT] 
2024-11-14 11:23:33,555 [INFO] ApplicationProperties:184 - Using Application install path: C:\ST\STM32CubeIDE_1.16.0\STM32CubeIDE\plugins\com.st.stm32cube.common.mx_6.12.1.202409122256
2024-11-14 11:23:33,569 [INFO] DbMcusXml:78 - Set database path to: C:\ST\STM32CubeIDE_1.16.0\STM32CubeIDE\plugins\com.st.stm32cube.common.mx_6.12.1.202409122256\\db\/mcu/
2024-11-14 11:23:33,569 [INFO] ApiDb:274 - Set plugin database path to: C:\ST\STM32CubeIDE_1.16.0\STM32CubeIDE\plugins\com.st.stm32cube.common.mx_6.12.1.202409122256\\db\/plugins/boardmanager/
2024-11-14 11:23:33,569 [WARN] ApiDb:259 - Overriding images path with different value:  => C:\ST\STM32CubeIDE_1.16.0\STM32CubeIDE\plugins\com.st.stm32cube.common.mx_6.12.1.202409122256\\db\/plugins/mcufinder/images/
2024-11-14 11:23:33,583 [INFO] ApiDb:250 - Set database path to: C:\Users\Juan\.stmcufinder\plugins\mcufinder//mcu/
2024-11-14 11:23:33,584 [INFO] DbMcusAds:125 - Set database path to: C:\Users\Juan\.stmcufinder\plugins\mcufinder//mcu/
2024-11-14 11:23:33,586 [INFO] CrossReferenceDbSqlite:203 - Set database path to: C:\Users\Juan\.stmcufinder\plugins\mcufinder//mcu/cs/
2024-11-14 11:23:33,677 [INFO] RulesReader:64 - Compatibility file has been processed (297 Rules)
2024-11-14 11:23:33,757 [INFO] DbMcusXml:78 - Set database path to: C:\ST\STM32CubeIDE_1.16.0\STM32CubeIDE\plugins\com.st.stm32cube.common.mx_6.12.1.202409122256\\db\/mcu/
2024-11-14 11:23:33,757 [INFO] ApiDb:274 - Set plugin database path to: C:\ST\STM32CubeIDE_1.16.0\STM32CubeIDE\plugins\com.st.stm32cube.common.mx_6.12.1.202409122256\\db\/plugins/boardmanager/
2024-11-14 11:23:33,757 [INFO] ApiDb:261 - Set plugin images path to: C:\ST\STM32CubeIDE_1.16.0\STM32CubeIDE\plugins\com.st.stm32cube.common.mx_6.12.1.202409122256\\db\/plugins/mcufinder/images/
2024-11-14 11:23:33,757 [WARN] DbFile:41 - Overriding database path with different value: C:\Users\Juan\.stmcufinder\plugins\mcufinder/ => C:\Users\Juan\.stmcufinder\plugins\mcufinder
2024-11-14 11:23:33,757 [INFO] ApiDb:250 - Set database path to: C:\Users\Juan\.stmcufinder\plugins\mcufinder//mcu/
2024-11-14 11:23:33,757 [WARN] DbFile:41 - Overriding database path with different value: C:\Users\Juan\.stmcufinder\plugins\mcufinder/ => C:\Users\Juan\.stmcufinder\plugins\mcufinder
2024-11-14 11:23:33,758 [INFO] DbMcusAds:125 - Set database path to: C:\Users\Juan\.stmcufinder\plugins\mcufinder//mcu/
2024-11-14 11:23:33,758 [WARN] DbFile:41 - Overriding database path with different value: C:\Users\Juan\.stmcufinder\plugins\mcufinder/ => C:\Users\Juan\.stmcufinder\plugins\mcufinder
2024-11-14 11:23:33,758 [WARN] DbFile:41 - Overriding database path with different value: C:\Users\Juan\.stmcufinder\plugins\mcufinder/ => C:\Users\Juan\.stmcufinder\plugins\mcufinder
2024-11-14 11:23:33,758 [INFO] CrossReferenceDbSqlite:203 - Set database path to: C:\Users\Juan\.stmcufinder\plugins\mcufinder//mcu/cs/
2024-11-14 11:23:33,823 [INFO] MainPanel:268 - HeapMemory: 268435456
2024-11-14 11:23:33,936 [INFO] DbMcusXml:78 - Set database path to: C:\ST\STM32CubeIDE_1.16.0\STM32CubeIDE\plugins\com.st.stm32cube.common.mx_6.12.1.202409122256\\db\/mcu/
2024-11-14 11:23:33,936 [INFO] ApiDb:274 - Set plugin database path to: C:\ST\STM32CubeIDE_1.16.0\STM32CubeIDE\plugins\com.st.stm32cube.common.mx_6.12.1.202409122256\\db\/plugins/boardmanager/
2024-11-14 11:23:33,937 [INFO] ApiDb:261 - Set plugin images path to: C:\ST\STM32CubeIDE_1.16.0\STM32CubeIDE\plugins\com.st.stm32cube.common.mx_6.12.1.202409122256\\db\/plugins/mcufinder/images/
2024-11-14 11:23:33,937 [WARN] DbFile:41 - Overriding database path with different value: C:\Users\Juan\.stmcufinder\plugins\mcufinder/ => C:\Users\Juan\.stmcufinder\plugins\mcufinder
2024-11-14 11:23:33,937 [INFO] ApiDb:250 - Set database path to: C:\Users\Juan\.stmcufinder\plugins\mcufinder//mcu/
2024-11-14 11:23:33,937 [WARN] DbFile:41 - Overriding database path with different value: C:\Users\Juan\.stmcufinder\plugins\mcufinder/ => C:\Users\Juan\.stmcufinder\plugins\mcufinder
2024-11-14 11:23:33,937 [INFO] DbMcusAds:125 - Set database path to: C:\Users\Juan\.stmcufinder\plugins\mcufinder//mcu/
2024-11-14 11:23:33,937 [WARN] DbFile:41 - Overriding database path with different value: C:\Users\Juan\.stmcufinder\plugins\mcufinder/ => C:\Users\Juan\.stmcufinder\plugins\mcufinder
2024-11-14 11:23:33,937 [WARN] DbFile:41 - Overriding database path with different value: C:\Users\Juan\.stmcufinder\plugins\mcufinder/ => C:\Users\Juan\.stmcufinder\plugins\mcufinder
2024-11-14 11:23:33,937 [INFO] CrossReferenceDbSqlite:203 - Set database path to: C:\Users\Juan\.stmcufinder\plugins\mcufinder//mcu/cs/
2024-11-14 11:23:33,950 [INFO] ApplicationProperties:184 - Using Application install path: C:\ST\STM32CubeIDE_1.16.0\STM32CubeIDE\plugins\com.st.stm32cube.common.mx_6.12.1.202409122256
2024-11-14 11:23:33,951 [INFO] PluginManage:196 - Search for loadable plugins [exclusion list=, ]
2024-11-14 11:23:33,952 [INFO] PluginManage:310 - Check plugin analytics
2024-11-14 11:23:34,085 [INFO] AnalyticsPlugin:253 - Accepted Software Licenses: STM32CubeMX.6.12.0
2024-11-14 11:23:34,085 [INFO] AnalyticsPlugin:255 - Accepted CMSIS Pack Licenses: 
2024-11-14 11:23:34,085 [INFO] AnalyticsPlugin:257 - Accepted Firmware Licenses: FW.F4.1.28.0
2024-11-14 11:23:34,087 [INFO] PluginManage:359 - Loaded plugin analytics (category:tool,tabindex:-1)
2024-11-14 11:23:34,087 [INFO] PluginManage:310 - Check plugin cadmodel
2024-11-14 11:23:34,099 [INFO] CADModel:105 - Init CAD model plugin
2024-11-14 11:23:34,099 [INFO] PluginManage:359 - Loaded plugin cadmodel (category:power,tabindex:5)
2024-11-14 11:23:34,100 [INFO] PluginManage:310 - Check plugin clock
2024-11-14 11:23:34,114 [INFO] PluginManage:359 - Loaded plugin clock (category:base,tabindex:2)
2024-11-14 11:23:34,115 [INFO] PluginManage:310 - Check plugin ddr
2024-11-14 11:23:34,117 [INFO] PluginManage:359 - Loaded plugin ddr (category:tool,tabindex:6)
2024-11-14 11:23:34,117 [INFO] PluginManage:310 - Check plugin filemanager
2024-11-14 11:23:34,238 [INFO] PluginManage:359 - Loaded plugin filemanager (category:base,tabindex:10)
2024-11-14 11:23:34,238 [INFO] PluginManage:310 - Check plugin ipmanager
2024-11-14 11:23:34,244 [INFO] PluginManage:359 - Loaded plugin ipmanager (category:base,tabindex:5)
2024-11-14 11:23:34,244 [INFO] PluginManage:310 - Check plugin lpbam
2024-11-14 11:23:34,260 [INFO] PluginManage:359 - Loaded plugin lpbam (category:base,tabindex:0)
2024-11-14 11:23:34,260 [INFO] PluginManage:310 - Check plugin memorymap
2024-11-14 11:23:34,281 [INFO] PluginManage:359 - Loaded plugin memorymap (category:base,tabindex:4)
2024-11-14 11:23:34,282 [INFO] PluginManage:310 - Check plugin pinoutandconfiguration
2024-11-14 11:23:34,296 [INFO] PluginManage:359 - Loaded plugin pinoutandconfiguration (category:base,tabindex:1)
2024-11-14 11:23:34,296 [INFO] PluginManage:310 - Check plugin pinoutconfig
2024-11-14 11:23:34,381 [WARN] SupportedApi:132 - Cannot load RTOS API schema: s4s-elt-must-match.1: The content of 'definitions' must match (annotation?, (simpleType | complexType)?, (unique | key | keyref)*)). A problem was found starting at: attribute.
2024-11-14 11:23:34,486 [INFO] PluginManage:359 - Loaded plugin pinoutconfig (category:base,tabindex:0)
2024-11-14 11:23:34,486 [INFO] PluginManage:310 - Check plugin power
2024-11-14 11:23:34,503 [INFO] PluginManage:359 - Loaded plugin power (category:power,tabindex:4)
2024-11-14 11:23:34,503 [INFO] PluginManage:310 - Check plugin projectmanager
2024-11-14 11:23:34,516 [INFO] PluginManage:359 - Loaded plugin projectmanager (category:projectmanager,tabindex:4)
2024-11-14 11:23:34,516 [INFO] PluginManage:310 - Check plugin rif
2024-11-14 11:23:34,528 [INFO] PluginManage:359 - Loaded plugin rif (category:base,tabindex:3)
2024-11-14 11:23:34,528 [INFO] PluginManage:310 - Check plugin thirdparty
2024-11-14 11:23:34,747 [INFO] PluginManage:359 - Loaded plugin thirdparty (category:base,tabindex:-1)
2024-11-14 11:23:34,747 [WARN] IntegrityCheckThread:84 - waiting for thirdparty lock release [integrity check]
2024-11-14 11:23:34,748 [INFO] IntegrityCheckThread:86 - entering critical section [integrity check]
2024-11-14 11:23:34,748 [INFO] PluginManage:310 - Check plugin tools
2024-11-14 11:23:34,748 [INFO] ThirdPartyUpdaterWithRetryManager:70 - Updater plugin not ready yet. [1/15]
2024-11-14 11:23:34,777 [INFO] PluginManage:359 - Loaded plugin tools (category:base,tabindex:7)
2024-11-14 11:23:34,777 [INFO] PluginManage:310 - Check plugin tutovideos
2024-11-14 11:23:34,927 [INFO] PluginManage:359 - Loaded plugin tutovideos (category:base,tabindex:-1)
2024-11-14 11:23:34,928 [INFO] PluginManage:310 - Check plugin updater
2024-11-14 11:23:34,941 [INFO] PluginManage:359 - Loaded plugin updater (category:base,tabindex:12)
2024-11-14 11:23:34,941 [INFO] PluginManage:310 - Check plugin userauth
2024-11-14 11:23:34,945 [INFO] UserAuth:113 - Init User Auth plugin
2024-11-14 11:23:34,946 [INFO] PluginManage:359 - Loaded plugin userauth (category:base,tabindex:14)
2024-11-14 11:23:34,946 [INFO] PluginManage:283 - PluginManage : Loaded plugins [18]
2024-11-14 11:23:35,105 [INFO] PinOutPanel:1561 - setPackage(No Configuration,No Configuration)
2024-11-14 11:23:35,184 [INFO] CADModel:165 - CPN selected for project level
2024-11-14 11:23:35,184 [INFO] CADModel:114 - Register for checkConnection events
2024-11-14 11:23:35,215 [INFO] IPUIPlugin:80 - create IPUIPlugin
2024-11-14 11:23:35,215 [INFO] PluginManager:220 - loadIPPluginJar : add adc
2024-11-14 11:23:35,250 [INFO] IPUIPlugin:80 - create IPUIPlugin
2024-11-14 11:23:35,250 [INFO] PluginManager:220 - loadIPPluginJar : add aes
2024-11-14 11:23:35,289 [INFO] IPUIPlugin:80 - create IPUIPlugin
2024-11-14 11:23:35,289 [INFO] PluginManager:220 - loadIPPluginJar : add can
2024-11-14 11:23:35,310 [INFO] IPUIPlugin:80 - create IPUIPlugin
2024-11-14 11:23:35,310 [INFO] PluginManager:220 - loadIPPluginJar : add comp
2024-11-14 11:23:35,341 [INFO] IPUIPlugin:80 - create IPUIPlugin
2024-11-14 11:23:35,341 [INFO] PluginManager:220 - loadIPPluginJar : add cryp
2024-11-14 11:23:35,351 [INFO] IPUIPlugin:80 - create IPUIPlugin
2024-11-14 11:23:35,351 [INFO] PluginManager:220 - loadIPPluginJar : add ddr_ctrl_phy
2024-11-14 11:23:35,379 [INFO] IPUIPlugin:80 - create IPUIPlugin
2024-11-14 11:23:35,379 [INFO] PluginManager:220 - loadIPPluginJar : add dfsdm
2024-11-14 11:23:35,391 [INFO] IPUIPlugin:80 - create IPUIPlugin
2024-11-14 11:23:35,391 [INFO] PluginManager:220 - loadIPPluginJar : add dma
2024-11-14 11:23:35,431 [INFO] IPUIPlugin:80 - create IPUIPlugin
2024-11-14 11:23:35,431 [INFO] PluginManager:220 - loadIPPluginJar : add dma3
2024-11-14 11:23:35,469 [INFO] IPUIPlugin:80 - create IPUIPlugin
2024-11-14 11:23:35,469 [INFO] PluginManager:220 - loadIPPluginJar : add extmemmanager
2024-11-14 11:23:35,486 [INFO] IPUIPlugin:80 - create IPUIPlugin
2024-11-14 11:23:35,486 [INFO] PluginManager:220 - loadIPPluginJar : add fatfs
2024-11-14 11:23:35,528 [INFO] IPUIPlugin:80 - create IPUIPlugin
2024-11-14 11:23:35,528 [INFO] PluginManager:220 - loadIPPluginJar : add fmc
2024-11-14 11:23:35,540 [INFO] IPUIPlugin:80 - create IPUIPlugin
2024-11-14 11:23:35,540 [INFO] PluginManager:220 - loadIPPluginJar : add freertos
2024-11-14 11:23:35,559 [INFO] IPUIPlugin:80 - create IPUIPlugin
2024-11-14 11:23:35,559 [INFO] PluginManager:220 - loadIPPluginJar : add genericplugin
2024-11-14 11:23:35,644 [INFO] IPUIPlugin:80 - create IPUIPlugin
2024-11-14 11:23:35,644 [INFO] PluginManager:220 - loadIPPluginJar : add gfxmmu
2024-11-14 11:23:35,749 [INFO] IPUIPlugin:80 - create IPUIPlugin
2024-11-14 11:23:35,749 [INFO] PluginManager:220 - loadIPPluginJar : add gic
2024-11-14 11:23:35,761 [INFO] IPUIPlugin:80 - create IPUIPlugin
2024-11-14 11:23:35,761 [INFO] PluginManager:220 - loadIPPluginJar : add gpio
2024-11-14 11:23:35,844 [INFO] IPUIPlugin:80 - create IPUIPlugin
2024-11-14 11:23:35,844 [INFO] PluginManager:220 - loadIPPluginJar : add gtzc
2024-11-14 11:23:35,872 [INFO] IPUIPlugin:80 - create IPUIPlugin
2024-11-14 11:23:35,872 [INFO] PluginManager:220 - loadIPPluginJar : add hash
2024-11-14 11:23:35,919 [INFO] IPUIPlugin:80 - create IPUIPlugin
2024-11-14 11:23:35,919 [INFO] PluginManager:220 - loadIPPluginJar : add i2c
2024-11-14 11:23:35,954 [INFO] IPUIPlugin:80 - create IPUIPlugin
2024-11-14 11:23:35,954 [INFO] PluginManager:220 - loadIPPluginJar : add i2s
2024-11-14 11:23:35,988 [INFO] IPUIPlugin:80 - create IPUIPlugin
2024-11-14 11:23:35,988 [INFO] PluginManager:220 - loadIPPluginJar : add i3c
2024-11-14 11:23:36,077 [INFO] IPUIPlugin:80 - create IPUIPlugin
2024-11-14 11:23:36,077 [INFO] PluginManager:220 - loadIPPluginJar : add ipddr
2024-11-14 11:23:36,158 [INFO] IPUIPlugin:80 - create IPUIPlugin
2024-11-14 11:23:36,158 [INFO] PluginManager:220 - loadIPPluginJar : add linkedlist
2024-11-14 11:23:36,186 [INFO] IPUIPlugin:80 - create IPUIPlugin
2024-11-14 11:23:36,186 [INFO] PluginManager:220 - loadIPPluginJar : add lorawan
2024-11-14 11:23:36,215 [INFO] IPUIPlugin:80 - create IPUIPlugin
2024-11-14 11:23:36,215 [INFO] PluginManager:220 - loadIPPluginJar : add ltdc
2024-11-14 11:23:36,228 [INFO] IPUIPlugin:80 - create IPUIPlugin
2024-11-14 11:23:36,228 [INFO] PluginManager:220 - loadIPPluginJar : add mdma
2024-11-14 11:23:36,239 [INFO] IPUIPlugin:80 - create IPUIPlugin
2024-11-14 11:23:36,239 [INFO] PluginManager:220 - loadIPPluginJar : add nvic
2024-11-14 11:23:36,270 [INFO] IPUIPlugin:80 - create IPUIPlugin
2024-11-14 11:23:36,270 [INFO] PluginManager:220 - loadIPPluginJar : add opamp
2024-11-14 11:23:36,322 [INFO] IPUIPlugin:80 - create IPUIPlugin
2024-11-14 11:23:36,322 [INFO] PluginManager:220 - loadIPPluginJar : add openamp
2024-11-14 11:23:36,360 [INFO] IPUIPlugin:80 - create IPUIPlugin
2024-11-14 11:23:36,360 [INFO] PluginManager:220 - loadIPPluginJar : add pdm2pcm
2024-11-14 11:23:36,372 [INFO] IPUIPlugin:80 - create IPUIPlugin
2024-11-14 11:23:36,374 [INFO] PluginManager:220 - loadIPPluginJar : add plateformsettings
2024-11-14 11:23:36,394 [INFO] IPUIPlugin:80 - create IPUIPlugin
2024-11-14 11:23:36,394 [INFO] PluginManager:220 - loadIPPluginJar : add quadspi
2024-11-14 11:23:36,416 [INFO] IPUIPlugin:80 - create IPUIPlugin
2024-11-14 11:23:36,418 [INFO] PluginManager:220 - loadIPPluginJar : add radio
2024-11-14 11:23:36,429 [INFO] IPUIPlugin:80 - create IPUIPlugin
2024-11-14 11:23:36,430 [INFO] PluginManager:220 - loadIPPluginJar : add resmgrutility
2024-11-14 11:23:36,471 [INFO] IPUIPlugin:80 - create IPUIPlugin
2024-11-14 11:23:36,471 [INFO] PluginManager:220 - loadIPPluginJar : add sai
2024-11-14 11:23:36,500 [INFO] IPUIPlugin:80 - create IPUIPlugin
2024-11-14 11:23:36,500 [INFO] PluginManager:220 - loadIPPluginJar : add spi
2024-11-14 11:23:36,559 [INFO] IPUIPlugin:80 - create IPUIPlugin
2024-11-14 11:23:36,559 [INFO] PluginManager:220 - loadIPPluginJar : add stm32_wpan
2024-11-14 11:23:36,578 [INFO] IPUIPlugin:80 - create IPUIPlugin
2024-11-14 11:23:36,579 [INFO] PluginManager:220 - loadIPPluginJar : add tim
2024-11-14 11:23:36,633 [INFO] IPUIPlugin:80 - create IPUIPlugin
2024-11-14 11:23:36,633 [INFO] PluginManager:220 - loadIPPluginJar : add touchsensing
2024-11-14 11:23:36,651 [INFO] IPUIPlugin:80 - create IPUIPlugin
2024-11-14 11:23:36,652 [INFO] PluginManager:220 - loadIPPluginJar : add tracer_emb
2024-11-14 11:23:36,671 [INFO] IPUIPlugin:80 - create IPUIPlugin
2024-11-14 11:23:36,671 [INFO] PluginManager:220 - loadIPPluginJar : add ts
2024-11-14 11:23:36,690 [INFO] IPUIPlugin:80 - create IPUIPlugin
2024-11-14 11:23:36,691 [INFO] PluginManager:220 - loadIPPluginJar : add tsc
2024-11-14 11:23:36,709 [INFO] IPUIPlugin:80 - create IPUIPlugin
2024-11-14 11:23:36,709 [INFO] PluginManager:220 - loadIPPluginJar : add ucpd
2024-11-14 11:23:36,747 [INFO] IPUIPlugin:80 - create IPUIPlugin
2024-11-14 11:23:36,748 [INFO] PluginManager:220 - loadIPPluginJar : add usart
2024-11-14 11:23:36,785 [INFO] IPUIPlugin:80 - create IPUIPlugin
2024-11-14 11:23:36,785 [INFO] PluginManager:220 - loadIPPluginJar : add usbx
2024-11-14 11:23:36,896 [INFO] CADModel:165 - CPN selected for project level
2024-11-14 11:23:36,896 [INFO] CADModel:114 - Register for checkConnection events
2024-11-14 11:23:36,896 [FATAL] Updater:334 - Updater called before beeing initialized
2024-11-14 11:23:36,896 [ERROR] CADModel:125 - Updater not yet initialized, retry later 
2024-11-14 11:23:37,003 [INFO] CADModel:165 - CPN selected for project level
2024-11-14 11:23:37,003 [INFO] CADModel:114 - Register for checkConnection events
2024-11-14 11:23:37,004 [FATAL] Updater:334 - Updater called before beeing initialized
2024-11-14 11:23:37,004 [ERROR] CADModel:125 - Updater not yet initialized, retry later 
2024-11-14 11:23:37,006 [FATAL] Updater:334 - Updater called before beeing initialized
2024-11-14 11:23:37,088 [FATAL] Updater:334 - Updater called before beeing initialized
2024-11-14 11:23:37,098 [INFO] DbMcusAds:53 - JSON generation date=Fri Sep 20 10:04:38 ART 2024 (1726837478367)
2024-11-14 11:23:37,098 [FATAL] Updater:334 - Updater called before beeing initialized
2024-11-14 11:23:37,131 [WARN] DetailPanel:346 - Failed to get advertising image, set to default
2024-11-14 11:23:37,198 [FATAL] Updater:334 - Updater called before beeing initialized
2024-11-14 11:23:37,199 [FATAL] Updater:334 - Updater called before beeing initialized
2024-11-14 11:23:37,199 [FATAL] Updater:334 - Updater called before beeing initialized
2024-11-14 11:23:37,199 [WARN] DetailPanel:346 - Failed to get advertising image, set to default
2024-11-14 11:23:37,200 [FATAL] Updater:334 - Updater called before beeing initialized
2024-11-14 11:23:37,247 [ERROR] Updater:1164 - MainUpdater not yet initialized. External WinMGr cannot be set.
2024-11-14 11:23:37,256 [INFO] Updater:1100 - Updater Version found : 6.12.1
2024-11-14 11:23:37,272 [INFO] ApplicationProperties:184 - Using Application install path: C:\ST\STM32CubeIDE_1.16.0\STM32CubeIDE\plugins\com.st.stm32cube.common.mx_6.12.1.202409122256
2024-11-14 11:23:37,749 [INFO] ThirdPartyUpdaterWithRetryManager:70 - Updater plugin not ready yet. [2/15]
2024-11-14 11:23:37,832 [INFO] MainUpdater:2873 - connection check result : 10
2024-11-14 11:23:37,832 [INFO] MainUpdater:3567 - Updater definition file requires update
2024-11-14 11:23:37,833 [INFO] MainUpdater:290 - Updater Check For Update Now.
2024-11-14 11:23:37,833 [INFO] MicroXplorer:498 - Change Database Version : DB.6.0.121
2024-11-14 11:23:37,847 [INFO] McuFinderGlobals:63 - Set McuFinder mode to 2 (CubeIDE integrated)
2024-11-14 11:23:37,852 [INFO] UserAuth:417 - Internet connection configuration mode: 1
2024-11-14 11:23:37,871 [INFO] JxBrowserEngine:152 - Initiate JxBrowser Engine with user profile folder
2024-11-14 11:23:39,730 [INFO] ServerAccessManage:473 - Download File updaters.zip
2024-11-14 11:23:39,793 [INFO] FileExtend:240 - Unzip File : updaters.zip
2024-11-14 11:23:39,793 [INFO] FileExtend:255 - Standard Zip Deflate
2024-11-14 11:23:40,749 [WARN] MainUpdater:1194 - Updater busy. Cannot search thirdparties
2024-11-14 11:23:40,749 [INFO] ThirdPartyUpdaterWithRetryManager:96 - Updater plugin is busy. [1/15]
2024-11-14 11:23:41,334 [INFO] ServerAccessManage:473 - Download File PacksControlFlags.xml
2024-11-14 11:23:42,604 [INFO] ServerAccessManage:473 - Download File cubemx.pidx
2024-11-14 11:23:43,044 [INFO] WebApp:167 - Instantiating new browser for Auth
2024-11-14 11:23:43,595 [INFO] WebApp:448 - Apply proxy settings
2024-11-14 11:23:43,595 [INFO] WebApp:533 - Chromium requires no authentication
2024-11-14 11:23:43,603 [INFO] WebApp:476 - Direct internet connection detected
2024-11-14 11:23:43,621 [INFO] WebApp:869 - Register for checkConnection events
2024-11-14 11:23:43,621 [INFO] WebApp:448 - Apply proxy settings
2024-11-14 11:23:43,621 [INFO] WebApp:533 - Chromium requires no authentication
2024-11-14 11:23:43,621 [INFO] WebApp:476 - Direct internet connection detected
2024-11-14 11:23:43,750 [WARN] MainUpdater:1194 - Updater busy. Cannot search thirdparties
2024-11-14 11:23:43,750 [INFO] ThirdPartyUpdaterWithRetryManager:96 - Updater plugin is busy. [2/15]
2024-11-14 11:23:43,752 [INFO] WebApp:220 - Starting web application
2024-11-14 11:23:43,752 [INFO] WebApp:578 - Web application path used C:\ST\STM32CubeIDE_1.16.0\STM32CubeIDE\plugins\com.st.stm32cube.common.mx_6.12.1.202409122256\db\plugins\mcufinder\reactClient1\index.html
2024-11-14 11:23:43,808 [INFO] ServerAccessManage:473 - Download File STMicroelectronics.FP-ATR-ASTRA1.pdsc
2024-11-14 11:23:43,886 [INFO] WebApp:186 - Connection restablished
2024-11-14 11:23:43,898 [INFO] UserAuth:417 - Internet connection configuration mode: 1
2024-11-14 11:23:46,751 [WARN] MainUpdater:1194 - Updater busy. Cannot search thirdparties
2024-11-14 11:23:46,751 [INFO] ThirdPartyUpdaterWithRetryManager:96 - Updater plugin is busy. [3/15]
2024-11-14 11:23:49,611 [INFO] ServerAccessManage:473 - Download File quantropi.X-CUBE-qispace-sdk-base.pdsc
2024-11-14 11:23:49,751 [WARN] MainUpdater:1194 - Updater busy. Cannot search thirdparties
2024-11-14 11:23:49,751 [INFO] ThirdPartyUpdaterWithRetryManager:96 - Updater plugin is busy. [4/15]
2024-11-14 11:23:49,879 [WARN] PackLoader:240 - Cannot read IP mode file for STMicroelectronics.FP-ATR-ASTRA1.2.0.1
2024-11-14 11:23:49,885 [WARN] ConditionMgr:438 - getConditionDescription Invalid condition id : Cortex-A Device cause : null
2024-11-14 11:23:49,897 [WARN] ConditionMgr:1039 - genDependencies : Invalid condition id : Cortex-A Device cause : null
2024-11-14 11:23:49,898 [WARN] ConditionMgr:1039 - genDependencies : Invalid condition id : Cortex-A Device cause : null
2024-11-14 11:23:49,898 [WARN] ConditionMgr:1039 - genDependencies : Invalid condition id : Cortex-A Device cause : null
2024-11-14 11:23:49,898 [INFO] PopulateThirdPartyThread:66 - Ending populate Thread
2024-11-14 11:23:49,898 [INFO] ThirdParty:1030 - CMSIS Pack Vendor :STMicroelectronics FP-ATR-ASTRA1 2.0.1
2024-11-14 11:23:49,898 [INFO] ThirdParty:1030 - CMSIS Pack Vendor :quantropi X-CUBE-qispace-sdk-base 1.9.3
2024-11-14 11:23:49,899 [INFO] LoadServerUpdatesThread:375 - End of LoadServerUpdate Thread
2024-11-14 11:23:50,034 [INFO] CheckServerUpdateThread:120 - End of CheckServer Thread
2024-11-14 11:23:52,905 [WARN] PackLoader:240 - Cannot read IP mode file for STMicroelectronics.FP-SNS-MOTENVWB1.1.4.0
2024-11-14 11:23:52,908 [WARN] PackLoader:240 - Cannot read IP mode file for STMicroelectronics.FP-ATR-ASTRA1.2.0.1
2024-11-14 11:23:52,919 [WARN] PackLoader:240 - Cannot read IP mode file for STMicroelectronics.X-CUBE-SMBUS.2.1.0
2024-11-14 11:23:52,933 [WARN] PackLoader:240 - Cannot read IP mode file for STMicroelectronics.X-CUBE-WB05N.1.1.0
2024-11-14 11:23:52,960 [WARN] PackLoader:240 - Cannot read IP mode file for STMicroelectronics.X-CUBE-AZRTOS-F7.1.1.0
2024-11-14 11:23:52,967 [WARN] PackLoader:240 - Cannot read IP mode file for STMicroelectronics.FP-SNS-FLIGHT1.5.0.2
2024-11-14 11:23:52,979 [WARN] PackLoader:240 - Cannot read IP mode file for STMicroelectronics.X-CUBE-DISPLAY.3.0.0
2024-11-14 11:23:52,996 [WARN] PackLoader:240 - Cannot read IP mode file for STMicroelectronics.X-CUBE-BLE1.7.0.0
2024-11-14 11:23:53,009 [WARN] PackLoader:240 - Cannot read IP mode file for STMicroelectronics.X-CUBE-NFC10.1.0.0
2024-11-14 11:23:53,021 [WARN] PackLoader:240 - Cannot read IP mode file for emotas.I-CUBE-CANOPEN.1.3.0
2024-11-14 11:23:53,036 [WARN] PackLoader:240 - Cannot read IP mode file for STMicroelectronics.X-CUBE-BLEMGR.3.1.0
2024-11-14 11:23:53,047 [WARN] PackLoader:240 - Cannot read IP mode file for STMicroelectronics.FP-SNS-SMARTAG2.1.2.0
2024-11-14 11:23:53,062 [INFO] LogOutputStream:77 - [STDOUT_REDIRECT] 1 : Invalid condition id : UX_CORESTACK_Condition cause : null
2024-11-14 11:23:53,063 [INFO] LogOutputStream:77 - [STDOUT_REDIRECT] 1 : Invalid condition id : UX_CORESTACK_Condition cause : null
2024-11-14 11:23:53,063 [INFO] LogOutputStream:77 - [STDOUT_REDIRECT] 1 : Invalid condition id : UX_CORESTACK_Condition cause : null
2024-11-14 11:23:53,064 [INFO] LogOutputStream:77 - [STDOUT_REDIRECT] 1 : Invalid condition id : UX_CORESTACK_Condition cause : null
2024-11-14 11:23:53,065 [INFO] LogOutputStream:77 - [STDOUT_REDIRECT] 1 : Invalid condition id : UX_CORESTACK_Condition cause : null
2024-11-14 11:23:53,067 [WARN] PackLoader:240 - Cannot read IP mode file for STMicroelectronics.X-CUBE-AZRTOS-WL.2.0.0
2024-11-14 11:23:53,078 [WARN] PackLoader:240 - Cannot read IP mode file for STMicroelectronics.FP-SNS-MOTENV1.5.0.0
2024-11-14 11:23:53,083 [WARN] PackLoader:240 - Cannot read IP mode file for wolfSSL.I-CUBE-wolfMQTT.1.19.0
2024-11-14 11:23:53,093 [WARN] PackLoader:240 - Cannot read IP mode file for WES.I-CUBE-Cesium.1.3.0
2024-11-14 11:23:53,104 [WARN] PackLoader:240 - Cannot read IP mode file for STMicroelectronics.X-CUBE-BLE2.3.3.0
2024-11-14 11:23:53,116 [WARN] PackLoader:240 - Cannot read IP mode file for STMicroelectronics.X-CUBE-NFC9.1.0.0
2024-11-14 11:23:53,127 [WARN] PackLoader:240 - Cannot read IP mode file for STMicroelectronics.X-CUBE-TCPP.4.1.0
2024-11-14 11:23:53,150 [WARN] PackLoader:240 - Cannot read IP mode file for STMicroelectronics.X-CUBE-AZRTOS-G0.1.1.0
2024-11-14 11:23:53,164 [WARN] PackLoader:240 - Cannot read IP mode file for STMicroelectronics.X-CUBE-SAFEA1.1.2.2
2024-11-14 11:23:53,177 [WARN] PackLoader:240 - Cannot read IP mode file for STMicroelectronics.X-CUBE-NFC4.3.0.0
2024-11-14 11:23:53,192 [WARN] PackLoader:240 - Cannot read IP mode file for EmbeddedOffice.I-CUBE-FS-RTOS.1.0.1
2024-11-14 11:23:53,192 [ERROR] ConditionMgr:805 - Attr not supported : Dmpu
2024-11-14 11:23:53,193 [ERROR] ConditionMgr:805 - Attr not supported : Dmpu
2024-11-14 11:23:53,193 [ERROR] ConditionMgr:805 - Attr not supported : Dmpu
2024-11-14 11:23:53,193 [ERROR] ConditionMgr:805 - Attr not supported : Dmpu
2024-11-14 11:23:53,193 [ERROR] ConditionMgr:805 - Attr not supported : Dmpu
2024-11-14 11:23:53,193 [ERROR] ConditionMgr:805 - Attr not supported : Dmpu
2024-11-14 11:23:53,193 [ERROR] ConditionMgr:805 - Attr not supported : Dmpu
2024-11-14 11:23:53,193 [ERROR] ConditionMgr:805 - Attr not supported : Dmpu
2024-11-14 11:23:53,193 [ERROR] ConditionMgr:805 - Attr not supported : Dmpu
2024-11-14 11:23:53,193 [ERROR] ConditionMgr:805 - Attr not supported : Dmpu
2024-11-14 11:23:53,193 [ERROR] ConditionMgr:805 - Attr not supported : Dmpu
2024-11-14 11:23:53,193 [ERROR] ConditionMgr:805 - Attr not supported : Dmpu
2024-11-14 11:23:53,193 [ERROR] ConditionMgr:805 - Attr not supported : Dmpu
2024-11-14 11:23:53,193 [ERROR] ConditionMgr:805 - Attr not supported : Dmpu
2024-11-14 11:23:53,193 [ERROR] ConditionMgr:805 - Attr not supported : Dmpu
2024-11-14 11:23:53,193 [ERROR] ConditionMgr:805 - Attr not supported : Dmpu
2024-11-14 11:23:53,193 [ERROR] ConditionMgr:805 - Attr not supported : Dmpu
2024-11-14 11:23:53,193 [ERROR] ConditionMgr:805 - Attr not supported : Dmpu
2024-11-14 11:23:53,193 [ERROR] ConditionMgr:805 - Attr not supported : Dmpu
2024-11-14 11:23:53,193 [ERROR] ConditionMgr:805 - Attr not supported : Dmpu
2024-11-14 11:23:53,193 [ERROR] ConditionMgr:805 - Attr not supported : Dmpu
2024-11-14 11:23:53,193 [ERROR] ConditionMgr:805 - Attr not supported : Dmpu
2024-11-14 11:23:53,194 [ERROR] ConditionMgr:805 - Attr not supported : Dmpu
2024-11-14 11:23:53,194 [ERROR] ConditionMgr:805 - Attr not supported : Dmpu
2024-11-14 11:23:53,194 [ERROR] ConditionMgr:805 - Attr not supported : Dmpu
2024-11-14 11:23:53,194 [ERROR] ConditionMgr:805 - Attr not supported : Dmpu
2024-11-14 11:23:53,194 [ERROR] ConditionMgr:805 - Attr not supported : Dmpu
2024-11-14 11:23:53,194 [ERROR] ConditionMgr:805 - Attr not supported : Dmpu
2024-11-14 11:23:53,194 [ERROR] ConditionMgr:805 - Attr not supported : Dmpu
2024-11-14 11:23:53,194 [ERROR] ConditionMgr:805 - Attr not supported : Dmpu
2024-11-14 11:23:53,194 [ERROR] ConditionMgr:805 - Attr not supported : Dmpu
2024-11-14 11:23:53,194 [ERROR] ConditionMgr:805 - Attr not supported : Dmpu
2024-11-14 11:23:53,194 [ERROR] ConditionMgr:805 - Attr not supported : Dmpu
2024-11-14 11:23:53,194 [ERROR] ConditionMgr:805 - Attr not supported : Dmpu
2024-11-14 11:23:53,194 [ERROR] ConditionMgr:805 - Attr not supported : Dmpu
2024-11-14 11:23:53,194 [ERROR] ConditionMgr:805 - Attr not supported : Dmpu
2024-11-14 11:23:53,194 [ERROR] ConditionMgr:805 - Attr not supported : Dmpu
2024-11-14 11:23:53,194 [ERROR] ConditionMgr:805 - Attr not supported : Dmpu
2024-11-14 11:23:53,194 [ERROR] ConditionMgr:805 - Attr not supported : Dmpu
2024-11-14 11:23:53,194 [ERROR] ConditionMgr:805 - Attr not supported : Dmpu
2024-11-14 11:23:53,194 [ERROR] ConditionMgr:805 - Attr not supported : Dmpu
2024-11-14 11:23:53,194 [ERROR] ConditionMgr:805 - Attr not supported : Dmpu
2024-11-14 11:23:53,194 [ERROR] ConditionMgr:805 - Attr not supported : Dmpu
2024-11-14 11:23:53,195 [ERROR] ConditionMgr:805 - Attr not supported : Dmpu
2024-11-14 11:23:53,195 [ERROR] ConditionMgr:805 - Attr not supported : Dmpu
2024-11-14 11:23:53,195 [ERROR] ConditionMgr:805 - Attr not supported : Dmpu
2024-11-14 11:23:53,195 [ERROR] ConditionMgr:805 - Attr not supported : Dmpu
2024-11-14 11:23:53,195 [ERROR] ConditionMgr:805 - Attr not supported : Dmpu
2024-11-14 11:23:53,195 [ERROR] ConditionMgr:805 - Attr not supported : Dmpu
2024-11-14 11:23:53,195 [ERROR] ConditionMgr:805 - Attr not supported : Dmpu
2024-11-14 11:23:53,195 [ERROR] ConditionMgr:805 - Attr not supported : Dmpu
2024-11-14 11:23:53,195 [ERROR] ConditionMgr:805 - Attr not supported : Dmpu
2024-11-14 11:23:53,195 [ERROR] ConditionMgr:805 - Attr not supported : Dmpu
2024-11-14 11:23:53,195 [ERROR] ConditionMgr:805 - Attr not supported : Dmpu
2024-11-14 11:23:53,195 [ERROR] ConditionMgr:805 - Attr not supported : Dmpu
2024-11-14 11:23:53,195 [ERROR] ConditionMgr:805 - Attr not supported : Dmpu
2024-11-14 11:23:53,195 [ERROR] ConditionMgr:805 - Attr not supported : Dmpu
2024-11-14 11:23:53,195 [ERROR] ConditionMgr:805 - Attr not supported : Dmpu
2024-11-14 11:23:53,195 [ERROR] ConditionMgr:805 - Attr not supported : Dmpu
2024-11-14 11:23:53,195 [ERROR] ConditionMgr:805 - Attr not supported : Dmpu
2024-11-14 11:23:53,195 [ERROR] ConditionMgr:805 - Attr not supported : Dmpu
2024-11-14 11:23:53,195 [ERROR] ConditionMgr:805 - Attr not supported : Dmpu
2024-11-14 11:23:53,196 [ERROR] ConditionMgr:805 - Attr not supported : Dmpu
2024-11-14 11:23:53,196 [ERROR] ConditionMgr:805 - Attr not supported : Dmpu
2024-11-14 11:23:53,208 [WARN] PackLoader:240 - Cannot read IP mode file for RealThread.X-CUBE-RT-Thread_Nano.4.1.1
2024-11-14 11:23:53,211 [WARN] PackLoader:240 - Cannot read IP mode file for STMicroelectronics.FP-ATR-SIGFOX1.3.2.0
2024-11-14 11:23:53,221 [WARN] PackLoader:240 - Cannot read IP mode file for wolfSSL.I-CUBE-wolfSSL.5.7.2
2024-11-14 11:23:53,223 [WARN] ConditionMgr:438 - getConditionDescription Invalid condition id : Cortex-A Device cause : null
2024-11-14 11:23:53,228 [WARN] ConditionMgr:1039 - genDependencies : Invalid condition id : Cortex-A Device cause : null
2024-11-14 11:23:53,228 [WARN] ConditionMgr:1039 - genDependencies : Invalid condition id : Cortex-A Device cause : null
2024-11-14 11:23:53,228 [WARN] ConditionMgr:1039 - genDependencies : Invalid condition id : Cortex-A Device cause : null
2024-11-14 11:23:53,240 [WARN] PackLoader:240 - Cannot read IP mode file for STMicroelectronics.X-CUBE-EEPRMA1.5.1.0
2024-11-14 11:23:53,254 [WARN] PackLoader:240 - Cannot read IP mode file for ITTIA_DB.I-CUBE-ITTIADB.8.9.0
2024-11-14 11:23:53,283 [WARN] PackLoader:240 - Cannot read IP mode file for SEGGER.I-CUBE-embOS.1.3.1
2024-11-14 11:23:53,317 [WARN] PackLoader:240 - Cannot read IP mode file for STMicroelectronics.X-CUBE-ALGOBUILD.1.4.0
2024-11-14 11:23:53,328 [WARN] PackLoader:240 - Cannot read IP mode file for STMicroelectronics.X-CUBE-AI.9.1.0
2024-11-14 11:23:53,340 [WARN] PackLoader:240 - Cannot read IP mode file for STMicroelectronics.X-CUBE-GNSS1.6.0.0
2024-11-14 11:23:53,364 [WARN] PackLoader:240 - Cannot read IP mode file for STMicroelectronics.X-CUBE-AZRTOS-F4.1.1.0
2024-11-14 11:23:53,375 [WARN] PackLoader:240 - Cannot read IP mode file for STMicroelectronics.X-CUBE-ISPU.2.1.0
2024-11-14 11:23:53,386 [WARN] PackLoader:240 - Cannot read IP mode file for STMicroelectronics.X-CUBE-FREERTOS.1.2.0
2024-11-14 11:23:53,406 [WARN] PackLoader:240 - Cannot read IP mode file for STMicroelectronics.X-CUBE-AZRTOS-L5.2.0.0
2024-11-14 11:23:53,420 [WARN] PackLoader:240 - Cannot read IP mode file for STMicroelectronics.X-CUBE-NFC6.3.1.0
2024-11-14 11:23:53,432 [WARN] PackLoader:240 - Cannot read IP mode file for STMicroelectronics.X-CUBE-AI.9.0.0
2024-11-14 11:23:53,443 [WARN] PackLoader:240 - Cannot read IP mode file for STMicroelectronics.X-CUBE-NFC7.1.0.1
2024-11-14 11:23:53,466 [WARN] ConditionMgr:438 - getConditionDescription Invalid condition id : LAN8742 Phy interface Condition cause : null
2024-11-14 11:23:53,466 [WARN] PackLoader:240 - Cannot read IP mode file for STMicroelectronics.X-CUBE-AZRTOS-L4.2.0.0
2024-11-14 11:23:53,467 [WARN] ConditionMgr:1039 - genDependencies : Invalid condition id : LAN8742 Phy interface Condition cause : null
2024-11-14 11:23:53,467 [WARN] ConditionMgr:1039 - genDependencies : Invalid condition id : LAN8742 Phy interface Condition cause : null
2024-11-14 11:23:53,467 [WARN] ConditionMgr:1039 - genDependencies : Invalid condition id : LAN8742 Phy interface Condition cause : null
2024-11-14 11:23:53,480 [WARN] PackLoader:240 - Cannot read IP mode file for STMicroelectronics.X-CUBE-SFXS2LP1.4.0.0
2024-11-14 11:23:53,507 [WARN] PackLoader:240 - Cannot read IP mode file for STMicroelectronics.X-CUBE-AZRTOS-H7.3.3.0
2024-11-14 11:23:53,525 [WARN] PackLoader:240 - Cannot read IP mode file for STMicroelectronics.X-CUBE-IPS.3.0.0
2024-11-14 11:23:53,546 [WARN] ConditionMgr:438 - getConditionDescription Invalid condition id : UX DEVICE CLASS RTOS Condition cause : null
2024-11-14 11:23:53,546 [WARN] ConditionMgr:438 - getConditionDescription Invalid condition id : UX DEVICE CLASS RTOS Condition cause : null
2024-11-14 11:23:53,547 [WARN] PackLoader:240 - Cannot read IP mode file for STMicroelectronics.X-CUBE-AZRTOS-WB.2.0.0
2024-11-14 11:23:53,548 [WARN] ConditionMgr:1039 - genDependencies : Invalid condition id : UX DEVICE CLASS RTOS Condition cause : null
2024-11-14 11:23:53,548 [WARN] ConditionMgr:1039 - genDependencies : Invalid condition id : UX DEVICE CLASS RTOS Condition cause : null
2024-11-14 11:23:53,548 [WARN] ConditionMgr:1039 - genDependencies : Invalid condition id : UX DEVICE CLASS RTOS Condition cause : null
2024-11-14 11:23:53,548 [WARN] ConditionMgr:1039 - genDependencies : Invalid condition id : UX DEVICE CLASS RTOS Condition cause : null
2024-11-14 11:23:53,548 [WARN] ConditionMgr:1039 - genDependencies : Invalid condition id : UX DEVICE CLASS RTOS Condition cause : null
2024-11-14 11:23:53,560 [WARN] PackLoader:240 - Cannot read IP mode file for STMicroelectronics.X-CUBE-GNSS1.7.0.0
2024-11-14 11:23:53,578 [WARN] PackLoader:240 - Cannot read IP mode file for STMicroelectronics.X-CUBE-SUBG2.5.0.0
2024-11-14 11:23:53,585 [WARN] PackLoader:240 - Cannot read IP mode file for Cesanta.I-CUBE-Mongoose.7.13.0
2024-11-14 11:23:53,604 [WARN] PackLoader:240 - Cannot read IP mode file for STMicroelectronics.X-CUBE-AZRTOS-G4.2.0.0
2024-11-14 11:23:53,614 [WARN] PackLoader:240 - Cannot read IP mode file for STMicroelectronics.X-CUBE-ISPU.2.0.0
2024-11-14 11:23:53,625 [WARN] PackLoader:240 - Cannot read IP mode file for STMicroelectronics.X-CUBE-ALS.1.0.2
2024-11-14 11:23:53,667 [WARN] PackLoader:240 - Cannot read IP mode file for STMicroelectronics.X-CUBE-MEMS1.10.0.0
2024-11-14 11:23:53,751 [WARN] PackLoader:240 - Cannot read IP mode file for STMicroelectronics.X-CUBE-TOUCHGFX.4.24.0
2024-11-14 11:23:53,761 [WARN] PackLoader:240 - Cannot read IP mode file for STMicroelectronics.X-CUBE-TOUCHGFX.4.24.1
2024-11-14 11:23:53,765 [WARN] PackLoader:240 - Cannot read IP mode file for wolfSSL.I-CUBE-wolfTPM.3.4.0
2024-11-14 11:23:53,775 [WARN] PackLoader:240 - Cannot read IP mode file for portGmbH.I-Cube-SoM-uGOAL.1.1.0
2024-11-14 11:23:53,796 [WARN] PackLoader:240 - Cannot read IP mode file for STMicroelectronics.X-CUBE-AZRTOS-H7RS.1.0.0
2024-11-14 11:23:53,807 [WARN] PackLoader:240 - Cannot read IP mode file for STMicroelectronics.FP-ATR-ASTRA1.2.0.0
2024-11-14 11:23:53,832 [WARN] PackLoader:240 - Cannot read IP mode file for Infineon.AIROC-Wi-Fi-Bluetooth-STM32.1.6.1
2024-11-14 11:23:53,837 [WARN] PackLoader:240 - Cannot read IP mode file for wolfSSL.I-CUBE-wolfSSH.1.4.17
2024-11-14 11:23:53,838 [INFO] ThirdParty:978 - Integrity check success = true
2024-11-14 11:23:53,838 [INFO] IntegrityCheckThread:100 - exiting critical section [integrity check]
2024-11-14 11:23:53,838 [INFO] IntegrityCheckThread:103 - End integrity checks thread
2024-11-14 11:44:39,319 [ERROR] LogOutputStream:75 - [STDERR_REDIRECT] 
2024-11-14 11:45:04,553 [INFO] Activator:176 - 


2024-11-14 11:45:04,554 [INFO] Activator:177 - !SESSION log4j initialized
2024-11-14 11:45:08,544 [INFO] LogOutputStream:77 - [STDOUT_REDIRECT] 
2024-11-14 11:45:10,541 [INFO] ApplicationProperties:184 - Using Application install path: C:\ST\STM32CubeIDE_1.16.0\STM32CubeIDE\plugins\com.st.stm32cube.common.mx_6.12.1.202409122256
2024-11-14 11:45:10,557 [INFO] DbMcusXml:78 - Set database path to: C:\ST\STM32CubeIDE_1.16.0\STM32CubeIDE\plugins\com.st.stm32cube.common.mx_6.12.1.202409122256\\db\/mcu/
2024-11-14 11:45:10,557 [INFO] ApiDb:274 - Set plugin database path to: C:\ST\STM32CubeIDE_1.16.0\STM32CubeIDE\plugins\com.st.stm32cube.common.mx_6.12.1.202409122256\\db\/plugins/boardmanager/
2024-11-14 11:45:10,558 [WARN] ApiDb:259 - Overriding images path with different value:  => C:\ST\STM32CubeIDE_1.16.0\STM32CubeIDE\plugins\com.st.stm32cube.common.mx_6.12.1.202409122256\\db\/plugins/mcufinder/images/
2024-11-14 11:45:10,564 [INFO] ApiDb:250 - Set database path to: C:\Users\Juan\.stmcufinder\plugins\mcufinder//mcu/
2024-11-14 11:45:10,565 [INFO] DbMcusAds:125 - Set database path to: C:\Users\Juan\.stmcufinder\plugins\mcufinder//mcu/
2024-11-14 11:45:10,568 [INFO] CrossReferenceDbSqlite:203 - Set database path to: C:\Users\Juan\.stmcufinder\plugins\mcufinder//mcu/cs/
2024-11-14 11:45:10,681 [INFO] RulesReader:64 - Compatibility file has been processed (297 Rules)
2024-11-14 11:45:10,770 [INFO] DbMcusXml:78 - Set database path to: C:\ST\STM32CubeIDE_1.16.0\STM32CubeIDE\plugins\com.st.stm32cube.common.mx_6.12.1.202409122256\\db\/mcu/
2024-11-14 11:45:10,770 [INFO] ApiDb:274 - Set plugin database path to: C:\ST\STM32CubeIDE_1.16.0\STM32CubeIDE\plugins\com.st.stm32cube.common.mx_6.12.1.202409122256\\db\/plugins/boardmanager/
2024-11-14 11:45:10,771 [INFO] ApiDb:261 - Set plugin images path to: C:\ST\STM32CubeIDE_1.16.0\STM32CubeIDE\plugins\com.st.stm32cube.common.mx_6.12.1.202409122256\\db\/plugins/mcufinder/images/
2024-11-14 11:45:10,771 [WARN] DbFile:41 - Overriding database path with different value: C:\Users\Juan\.stmcufinder\plugins\mcufinder/ => C:\Users\Juan\.stmcufinder\plugins\mcufinder
2024-11-14 11:45:10,771 [INFO] ApiDb:250 - Set database path to: C:\Users\Juan\.stmcufinder\plugins\mcufinder//mcu/
2024-11-14 11:45:10,771 [WARN] DbFile:41 - Overriding database path with different value: C:\Users\Juan\.stmcufinder\plugins\mcufinder/ => C:\Users\Juan\.stmcufinder\plugins\mcufinder
2024-11-14 11:45:10,771 [INFO] DbMcusAds:125 - Set database path to: C:\Users\Juan\.stmcufinder\plugins\mcufinder//mcu/
2024-11-14 11:45:10,772 [WARN] DbFile:41 - Overriding database path with different value: C:\Users\Juan\.stmcufinder\plugins\mcufinder/ => C:\Users\Juan\.stmcufinder\plugins\mcufinder
2024-11-14 11:45:10,772 [WARN] DbFile:41 - Overriding database path with different value: C:\Users\Juan\.stmcufinder\plugins\mcufinder/ => C:\Users\Juan\.stmcufinder\plugins\mcufinder
2024-11-14 11:45:10,772 [INFO] CrossReferenceDbSqlite:203 - Set database path to: C:\Users\Juan\.stmcufinder\plugins\mcufinder//mcu/cs/
2024-11-14 11:45:10,837 [INFO] MainPanel:268 - HeapMemory: 268435456
2024-11-14 11:45:10,943 [INFO] DbMcusXml:78 - Set database path to: C:\ST\STM32CubeIDE_1.16.0\STM32CubeIDE\plugins\com.st.stm32cube.common.mx_6.12.1.202409122256\\db\/mcu/
2024-11-14 11:45:10,943 [INFO] ApiDb:274 - Set plugin database path to: C:\ST\STM32CubeIDE_1.16.0\STM32CubeIDE\plugins\com.st.stm32cube.common.mx_6.12.1.202409122256\\db\/plugins/boardmanager/
2024-11-14 11:45:10,943 [INFO] ApiDb:261 - Set plugin images path to: C:\ST\STM32CubeIDE_1.16.0\STM32CubeIDE\plugins\com.st.stm32cube.common.mx_6.12.1.202409122256\\db\/plugins/mcufinder/images/
2024-11-14 11:45:10,944 [WARN] DbFile:41 - Overriding database path with different value: C:\Users\Juan\.stmcufinder\plugins\mcufinder/ => C:\Users\Juan\.stmcufinder\plugins\mcufinder
2024-11-14 11:45:10,944 [INFO] ApiDb:250 - Set database path to: C:\Users\Juan\.stmcufinder\plugins\mcufinder//mcu/
2024-11-14 11:45:10,944 [WARN] DbFile:41 - Overriding database path with different value: C:\Users\Juan\.stmcufinder\plugins\mcufinder/ => C:\Users\Juan\.stmcufinder\plugins\mcufinder
2024-11-14 11:45:10,944 [INFO] DbMcusAds:125 - Set database path to: C:\Users\Juan\.stmcufinder\plugins\mcufinder//mcu/
2024-11-14 11:45:10,944 [WARN] DbFile:41 - Overriding database path with different value: C:\Users\Juan\.stmcufinder\plugins\mcufinder/ => C:\Users\Juan\.stmcufinder\plugins\mcufinder
2024-11-14 11:45:10,944 [WARN] DbFile:41 - Overriding database path with different value: C:\Users\Juan\.stmcufinder\plugins\mcufinder/ => C:\Users\Juan\.stmcufinder\plugins\mcufinder
2024-11-14 11:45:10,944 [INFO] CrossReferenceDbSqlite:203 - Set database path to: C:\Users\Juan\.stmcufinder\plugins\mcufinder//mcu/cs/
2024-11-14 11:45:10,957 [INFO] ApplicationProperties:184 - Using Application install path: C:\ST\STM32CubeIDE_1.16.0\STM32CubeIDE\plugins\com.st.stm32cube.common.mx_6.12.1.202409122256
2024-11-14 11:45:10,959 [INFO] PluginManage:196 - Search for loadable plugins [exclusion list=, ]
2024-11-14 11:45:10,960 [INFO] PluginManage:310 - Check plugin analytics
2024-11-14 11:45:11,098 [INFO] AnalyticsPlugin:253 - Accepted Software Licenses: STM32CubeMX.6.12.0
2024-11-14 11:45:11,098 [INFO] AnalyticsPlugin:255 - Accepted CMSIS Pack Licenses: 
2024-11-14 11:45:11,098 [INFO] AnalyticsPlugin:257 - Accepted Firmware Licenses: FW.F4.1.28.0
2024-11-14 11:45:11,100 [INFO] PluginManage:359 - Loaded plugin analytics (category:tool,tabindex:-1)
2024-11-14 11:45:11,100 [INFO] PluginManage:310 - Check plugin cadmodel
2024-11-14 11:45:11,103 [INFO] CADModel:105 - Init CAD model plugin
2024-11-14 11:45:11,104 [INFO] PluginManage:359 - Loaded plugin cadmodel (category:power,tabindex:5)
2024-11-14 11:45:11,104 [INFO] PluginManage:310 - Check plugin clock
2024-11-14 11:45:11,112 [INFO] PluginManage:359 - Loaded plugin clock (category:base,tabindex:2)
2024-11-14 11:45:11,112 [INFO] PluginManage:310 - Check plugin ddr
2024-11-14 11:45:11,114 [INFO] PluginManage:359 - Loaded plugin ddr (category:tool,tabindex:6)
2024-11-14 11:45:11,114 [INFO] PluginManage:310 - Check plugin filemanager
2024-11-14 11:45:11,237 [INFO] PluginManage:359 - Loaded plugin filemanager (category:base,tabindex:10)
2024-11-14 11:45:11,237 [INFO] PluginManage:310 - Check plugin ipmanager
2024-11-14 11:45:11,243 [INFO] PluginManage:359 - Loaded plugin ipmanager (category:base,tabindex:5)
2024-11-14 11:45:11,243 [INFO] PluginManage:310 - Check plugin lpbam
2024-11-14 11:45:11,250 [INFO] PluginManage:359 - Loaded plugin lpbam (category:base,tabindex:0)
2024-11-14 11:45:11,250 [INFO] PluginManage:310 - Check plugin memorymap
2024-11-14 11:45:11,261 [INFO] PluginManage:359 - Loaded plugin memorymap (category:base,tabindex:4)
2024-11-14 11:45:11,261 [INFO] PluginManage:310 - Check plugin pinoutandconfiguration
2024-11-14 11:45:11,271 [INFO] PluginManage:359 - Loaded plugin pinoutandconfiguration (category:base,tabindex:1)
2024-11-14 11:45:11,271 [INFO] PluginManage:310 - Check plugin pinoutconfig
2024-11-14 11:45:11,365 [WARN] SupportedApi:132 - Cannot load RTOS API schema: s4s-elt-must-match.1: The content of 'definitions' must match (annotation?, (simpleType | complexType)?, (unique | key | keyref)*)). A problem was found starting at: attribute.
2024-11-14 11:45:11,565 [INFO] PluginManage:359 - Loaded plugin pinoutconfig (category:base,tabindex:0)
2024-11-14 11:45:11,565 [INFO] PluginManage:310 - Check plugin power
2024-11-14 11:45:11,571 [INFO] PluginManage:359 - Loaded plugin power (category:power,tabindex:4)
2024-11-14 11:45:11,571 [INFO] PluginManage:310 - Check plugin projectmanager
2024-11-14 11:45:11,583 [INFO] PluginManage:359 - Loaded plugin projectmanager (category:projectmanager,tabindex:4)
2024-11-14 11:45:11,583 [INFO] PluginManage:310 - Check plugin rif
2024-11-14 11:45:11,586 [INFO] PluginManage:359 - Loaded plugin rif (category:base,tabindex:3)
2024-11-14 11:45:11,586 [INFO] PluginManage:310 - Check plugin thirdparty
2024-11-14 11:45:11,690 [INFO] PluginManage:359 - Loaded plugin thirdparty (category:base,tabindex:-1)
2024-11-14 11:45:11,690 [WARN] IntegrityCheckThread:84 - waiting for thirdparty lock release [integrity check]
2024-11-14 11:45:11,690 [INFO] IntegrityCheckThread:86 - entering critical section [integrity check]
2024-11-14 11:45:11,691 [INFO] ThirdPartyUpdaterWithRetryManager:70 - Updater plugin not ready yet. [1/15]
2024-11-14 11:45:11,690 [INFO] PluginManage:310 - Check plugin tools
2024-11-14 11:45:11,698 [INFO] PluginManage:359 - Loaded plugin tools (category:base,tabindex:7)
2024-11-14 11:45:11,698 [INFO] PluginManage:310 - Check plugin tutovideos
2024-11-14 11:45:11,852 [INFO] PluginManage:359 - Loaded plugin tutovideos (category:base,tabindex:-1)
2024-11-14 11:45:11,852 [INFO] PluginManage:310 - Check plugin updater
2024-11-14 11:45:11,892 [INFO] PluginManage:359 - Loaded plugin updater (category:base,tabindex:12)
2024-11-14 11:45:11,892 [INFO] PluginManage:310 - Check plugin userauth
2024-11-14 11:45:11,896 [INFO] UserAuth:113 - Init User Auth plugin
2024-11-14 11:45:11,896 [INFO] PluginManage:359 - Loaded plugin userauth (category:base,tabindex:14)
2024-11-14 11:45:11,897 [INFO] PluginManage:283 - PluginManage : Loaded plugins [18]
2024-11-14 11:45:12,064 [INFO] PinOutPanel:1561 - setPackage(No Configuration,No Configuration)
2024-11-14 11:45:12,137 [INFO] CADModel:165 - CPN selected for project level
2024-11-14 11:45:12,137 [INFO] CADModel:114 - Register for checkConnection events
2024-11-14 11:45:12,156 [INFO] IPUIPlugin:80 - create IPUIPlugin
2024-11-14 11:45:12,157 [INFO] PluginManager:220 - loadIPPluginJar : add adc
2024-11-14 11:45:12,164 [INFO] IPUIPlugin:80 - create IPUIPlugin
2024-11-14 11:45:12,164 [INFO] PluginManager:220 - loadIPPluginJar : add aes
2024-11-14 11:45:12,167 [INFO] IPUIPlugin:80 - create IPUIPlugin
2024-11-14 11:45:12,167 [INFO] PluginManager:220 - loadIPPluginJar : add can
2024-11-14 11:45:12,168 [INFO] IPUIPlugin:80 - create IPUIPlugin
2024-11-14 11:45:12,168 [INFO] PluginManager:220 - loadIPPluginJar : add comp
2024-11-14 11:45:12,170 [INFO] IPUIPlugin:80 - create IPUIPlugin
2024-11-14 11:45:12,171 [INFO] PluginManager:220 - loadIPPluginJar : add cryp
2024-11-14 11:45:12,172 [INFO] IPUIPlugin:80 - create IPUIPlugin
2024-11-14 11:45:12,172 [INFO] PluginManager:220 - loadIPPluginJar : add ddr_ctrl_phy
2024-11-14 11:45:12,175 [INFO] IPUIPlugin:80 - create IPUIPlugin
2024-11-14 11:45:12,175 [INFO] PluginManager:220 - loadIPPluginJar : add dfsdm
2024-11-14 11:45:12,179 [INFO] IPUIPlugin:80 - create IPUIPlugin
2024-11-14 11:45:12,179 [INFO] PluginManager:220 - loadIPPluginJar : add dma
2024-11-14 11:45:12,182 [INFO] IPUIPlugin:80 - create IPUIPlugin
2024-11-14 11:45:12,182 [INFO] PluginManager:220 - loadIPPluginJar : add dma3
2024-11-14 11:45:12,184 [INFO] IPUIPlugin:80 - create IPUIPlugin
2024-11-14 11:45:12,184 [INFO] PluginManager:220 - loadIPPluginJar : add extmemmanager
2024-11-14 11:45:12,186 [INFO] IPUIPlugin:80 - create IPUIPlugin
2024-11-14 11:45:12,186 [INFO] PluginManager:220 - loadIPPluginJar : add fatfs
2024-11-14 11:45:12,190 [INFO] IPUIPlugin:80 - create IPUIPlugin
2024-11-14 11:45:12,190 [INFO] PluginManager:220 - loadIPPluginJar : add fmc
2024-11-14 11:45:12,194 [INFO] IPUIPlugin:80 - create IPUIPlugin
2024-11-14 11:45:12,194 [INFO] PluginManager:220 - loadIPPluginJar : add freertos
2024-11-14 11:45:12,195 [INFO] IPUIPlugin:80 - create IPUIPlugin
2024-11-14 11:45:12,195 [INFO] PluginManager:220 - loadIPPluginJar : add genericplugin
2024-11-14 11:45:12,197 [INFO] IPUIPlugin:80 - create IPUIPlugin
2024-11-14 11:45:12,197 [INFO] PluginManager:220 - loadIPPluginJar : add gfxmmu
2024-11-14 11:45:12,201 [INFO] IPUIPlugin:80 - create IPUIPlugin
2024-11-14 11:45:12,201 [INFO] PluginManager:220 - loadIPPluginJar : add gic
2024-11-14 11:45:12,205 [INFO] IPUIPlugin:80 - create IPUIPlugin
2024-11-14 11:45:12,205 [INFO] PluginManager:220 - loadIPPluginJar : add gpio
2024-11-14 11:45:12,207 [INFO] IPUIPlugin:80 - create IPUIPlugin
2024-11-14 11:45:12,207 [INFO] PluginManager:220 - loadIPPluginJar : add gtzc
2024-11-14 11:45:12,210 [INFO] IPUIPlugin:80 - create IPUIPlugin
2024-11-14 11:45:12,210 [INFO] PluginManager:220 - loadIPPluginJar : add hash
2024-11-14 11:45:12,212 [INFO] IPUIPlugin:80 - create IPUIPlugin
2024-11-14 11:45:12,212 [INFO] PluginManager:220 - loadIPPluginJar : add i2c
2024-11-14 11:45:12,214 [INFO] IPUIPlugin:80 - create IPUIPlugin
2024-11-14 11:45:12,215 [INFO] PluginManager:220 - loadIPPluginJar : add i2s
2024-11-14 11:45:12,217 [INFO] IPUIPlugin:80 - create IPUIPlugin
2024-11-14 11:45:12,217 [INFO] PluginManager:220 - loadIPPluginJar : add i3c
2024-11-14 11:45:12,220 [INFO] IPUIPlugin:80 - create IPUIPlugin
2024-11-14 11:45:12,220 [INFO] PluginManager:220 - loadIPPluginJar : add ipddr
2024-11-14 11:45:12,226 [INFO] IPUIPlugin:80 - create IPUIPlugin
2024-11-14 11:45:12,226 [INFO] PluginManager:220 - loadIPPluginJar : add linkedlist
2024-11-14 11:45:12,229 [INFO] IPUIPlugin:80 - create IPUIPlugin
2024-11-14 11:45:12,229 [INFO] PluginManager:220 - loadIPPluginJar : add lorawan
2024-11-14 11:45:12,231 [INFO] IPUIPlugin:80 - create IPUIPlugin
2024-11-14 11:45:12,231 [INFO] PluginManager:220 - loadIPPluginJar : add ltdc
2024-11-14 11:45:12,235 [INFO] IPUIPlugin:80 - create IPUIPlugin
2024-11-14 11:45:12,235 [INFO] PluginManager:220 - loadIPPluginJar : add mdma
2024-11-14 11:45:12,238 [INFO] IPUIPlugin:80 - create IPUIPlugin
2024-11-14 11:45:12,238 [INFO] PluginManager:220 - loadIPPluginJar : add nvic
2024-11-14 11:45:12,241 [INFO] IPUIPlugin:80 - create IPUIPlugin
2024-11-14 11:45:12,241 [INFO] PluginManager:220 - loadIPPluginJar : add opamp
2024-11-14 11:45:12,243 [INFO] IPUIPlugin:80 - create IPUIPlugin
2024-11-14 11:45:12,243 [INFO] PluginManager:220 - loadIPPluginJar : add openamp
2024-11-14 11:45:12,246 [INFO] IPUIPlugin:80 - create IPUIPlugin
2024-11-14 11:45:12,246 [INFO] PluginManager:220 - loadIPPluginJar : add pdm2pcm
2024-11-14 11:45:12,251 [INFO] IPUIPlugin:80 - create IPUIPlugin
2024-11-14 11:45:12,253 [INFO] PluginManager:220 - loadIPPluginJar : add plateformsettings
2024-11-14 11:45:12,254 [INFO] IPUIPlugin:80 - create IPUIPlugin
2024-11-14 11:45:12,254 [INFO] PluginManager:220 - loadIPPluginJar : add quadspi
2024-11-14 11:45:12,256 [INFO] IPUIPlugin:80 - create IPUIPlugin
2024-11-14 11:45:12,257 [INFO] PluginManager:220 - loadIPPluginJar : add radio
2024-11-14 11:45:12,259 [INFO] IPUIPlugin:80 - create IPUIPlugin
2024-11-14 11:45:12,259 [INFO] PluginManager:220 - loadIPPluginJar : add resmgrutility
2024-11-14 11:45:12,262 [INFO] IPUIPlugin:80 - create IPUIPlugin
2024-11-14 11:45:12,262 [INFO] PluginManager:220 - loadIPPluginJar : add sai
2024-11-14 11:45:12,264 [INFO] IPUIPlugin:80 - create IPUIPlugin
2024-11-14 11:45:12,264 [INFO] PluginManager:220 - loadIPPluginJar : add spi
2024-11-14 11:45:12,269 [INFO] IPUIPlugin:80 - create IPUIPlugin
2024-11-14 11:45:12,269 [INFO] PluginManager:220 - loadIPPluginJar : add stm32_wpan
2024-11-14 11:45:12,271 [INFO] IPUIPlugin:80 - create IPUIPlugin
2024-11-14 11:45:12,271 [INFO] PluginManager:220 - loadIPPluginJar : add tim
2024-11-14 11:45:12,273 [INFO] IPUIPlugin:80 - create IPUIPlugin
2024-11-14 11:45:12,274 [INFO] PluginManager:220 - loadIPPluginJar : add touchsensing
2024-11-14 11:45:12,275 [INFO] IPUIPlugin:80 - create IPUIPlugin
2024-11-14 11:45:12,276 [INFO] PluginManager:220 - loadIPPluginJar : add tracer_emb
2024-11-14 11:45:12,277 [INFO] IPUIPlugin:80 - create IPUIPlugin
2024-11-14 11:45:12,277 [INFO] PluginManager:220 - loadIPPluginJar : add ts
2024-11-14 11:45:12,279 [INFO] IPUIPlugin:80 - create IPUIPlugin
2024-11-14 11:45:12,279 [INFO] PluginManager:220 - loadIPPluginJar : add tsc
2024-11-14 11:45:12,280 [INFO] IPUIPlugin:80 - create IPUIPlugin
2024-11-14 11:45:12,280 [INFO] PluginManager:220 - loadIPPluginJar : add ucpd
2024-11-14 11:45:12,282 [INFO] IPUIPlugin:80 - create IPUIPlugin
2024-11-14 11:45:12,282 [INFO] PluginManager:220 - loadIPPluginJar : add usart
2024-11-14 11:45:12,284 [INFO] IPUIPlugin:80 - create IPUIPlugin
2024-11-14 11:45:12,285 [INFO] PluginManager:220 - loadIPPluginJar : add usbx
2024-11-14 11:45:12,400 [INFO] CADModel:165 - CPN selected for project level
2024-11-14 11:45:12,400 [INFO] CADModel:114 - Register for checkConnection events
2024-11-14 11:45:12,401 [FATAL] Updater:334 - Updater called before beeing initialized
2024-11-14 11:45:12,401 [ERROR] CADModel:125 - Updater not yet initialized, retry later 
2024-11-14 11:45:12,500 [INFO] CADModel:165 - CPN selected for project level
2024-11-14 11:45:12,500 [INFO] CADModel:114 - Register for checkConnection events
2024-11-14 11:45:12,500 [FATAL] Updater:334 - Updater called before beeing initialized
2024-11-14 11:45:12,500 [ERROR] CADModel:125 - Updater not yet initialized, retry later 
2024-11-14 11:45:12,503 [FATAL] Updater:334 - Updater called before beeing initialized
2024-11-14 11:45:12,608 [FATAL] Updater:334 - Updater called before beeing initialized
2024-11-14 11:45:12,612 [INFO] DbMcusAds:53 - JSON generation date=Fri Sep 20 10:04:38 ART 2024 (1726837478367)
2024-11-14 11:45:12,612 [FATAL] Updater:334 - Updater called before beeing initialized
2024-11-14 11:45:12,655 [WARN] DetailPanel:346 - Failed to get advertising image, set to default
2024-11-14 11:45:12,735 [FATAL] Updater:334 - Updater called before beeing initialized
2024-11-14 11:45:12,737 [FATAL] Updater:334 - Updater called before beeing initialized
2024-11-14 11:45:12,737 [FATAL] Updater:334 - Updater called before beeing initialized
2024-11-14 11:45:12,737 [WARN] DetailPanel:346 - Failed to get advertising image, set to default
2024-11-14 11:45:12,738 [FATAL] Updater:334 - Updater called before beeing initialized
2024-11-14 11:45:12,772 [ERROR] Updater:1164 - MainUpdater not yet initialized. External WinMGr cannot be set.
2024-11-14 11:45:12,775 [INFO] Updater:1100 - Updater Version found : 6.12.1
2024-11-14 11:45:12,786 [INFO] ApplicationProperties:184 - Using Application install path: C:\ST\STM32CubeIDE_1.16.0\STM32CubeIDE\plugins\com.st.stm32cube.common.mx_6.12.1.202409122256
2024-11-14 11:45:13,251 [INFO] MainUpdater:2873 - connection check result : 10
2024-11-14 11:45:13,251 [INFO] MainUpdater:290 - Updater Check For Update Now.
2024-11-14 11:45:13,252 [INFO] MicroXplorer:498 - Change Database Version : DB.6.0.121
2024-11-14 11:45:13,258 [INFO] McuFinderGlobals:63 - Set McuFinder mode to 2 (CubeIDE integrated)
2024-11-14 11:45:13,259 [INFO] UserAuth:417 - Internet connection configuration mode: 1
2024-11-14 11:45:13,269 [INFO] JxBrowserEngine:152 - Initiate JxBrowser Engine with user profile folder
2024-11-14 11:45:13,409 [INFO] CheckServerUpdateThread:120 - End of CheckServer Thread
2024-11-14 11:45:13,847 [INFO] WebApp:167 - Instantiating new browser for Auth
2024-11-14 11:45:14,568 [INFO] WebApp:448 - Apply proxy settings
2024-11-14 11:45:14,569 [INFO] WebApp:533 - Chromium requires no authentication
2024-11-14 11:45:14,577 [INFO] WebApp:476 - Direct internet connection detected
2024-11-14 11:45:14,603 [INFO] WebApp:869 - Register for checkConnection events
2024-11-14 11:45:14,603 [INFO] WebApp:448 - Apply proxy settings
2024-11-14 11:45:14,603 [INFO] WebApp:533 - Chromium requires no authentication
2024-11-14 11:45:14,605 [INFO] WebApp:476 - Direct internet connection detected
2024-11-14 11:45:14,781 [INFO] WebApp:220 - Starting web application
2024-11-14 11:45:14,782 [INFO] WebApp:578 - Web application path used C:\ST\STM32CubeIDE_1.16.0\STM32CubeIDE\plugins\com.st.stm32cube.common.mx_6.12.1.202409122256\db\plugins\mcufinder\reactClient1\index.html
2024-11-14 11:45:14,862 [WARN] PackLoader:240 - Cannot read IP mode file for STMicroelectronics.FP-SNS-MOTENVWB1.1.4.0
2024-11-14 11:45:14,864 [INFO] UserAuth:417 - Internet connection configuration mode: 1
2024-11-14 11:45:14,871 [WARN] PackLoader:240 - Cannot read IP mode file for STMicroelectronics.FP-ATR-ASTRA1.2.0.1
2024-11-14 11:45:14,880 [WARN] PackLoader:240 - Cannot read IP mode file for STMicroelectronics.X-CUBE-SMBUS.2.1.0
2024-11-14 11:45:14,890 [WARN] PackLoader:240 - Cannot read IP mode file for STMicroelectronics.X-CUBE-WB05N.1.1.0
2024-11-14 11:45:14,939 [WARN] PackLoader:240 - Cannot read IP mode file for STMicroelectronics.X-CUBE-AZRTOS-F7.1.1.0
2024-11-14 11:45:14,949 [WARN] PackLoader:240 - Cannot read IP mode file for STMicroelectronics.FP-SNS-FLIGHT1.5.0.2
2024-11-14 11:45:14,957 [WARN] PackLoader:240 - Cannot read IP mode file for STMicroelectronics.X-CUBE-DISPLAY.3.0.0
2024-11-14 11:45:14,965 [WARN] PackLoader:240 - Cannot read IP mode file for STMicroelectronics.X-CUBE-BLE1.7.0.0
2024-11-14 11:45:14,994 [WARN] PackLoader:240 - Cannot read IP mode file for STMicroelectronics.X-CUBE-NFC10.1.0.0
2024-11-14 11:45:15,003 [WARN] PackLoader:240 - Cannot read IP mode file for emotas.I-CUBE-CANOPEN.1.3.0
2024-11-14 11:45:15,011 [WARN] PackLoader:240 - Cannot read IP mode file for STMicroelectronics.X-CUBE-BLEMGR.3.1.0
2024-11-14 11:45:15,017 [WARN] PackLoader:240 - Cannot read IP mode file for STMicroelectronics.FP-SNS-SMARTAG2.1.2.0
2024-11-14 11:45:15,026 [INFO] LogOutputStream:77 - [STDOUT_REDIRECT] 1 : Invalid condition id : UX_CORESTACK_Condition cause : null
2024-11-14 11:45:15,027 [INFO] LogOutputStream:77 - [STDOUT_REDIRECT] 1 : Invalid condition id : UX_CORESTACK_Condition cause : null
2024-11-14 11:45:15,028 [INFO] LogOutputStream:77 - [STDOUT_REDIRECT] 1 : Invalid condition id : UX_CORESTACK_Condition cause : null
2024-11-14 11:45:15,029 [INFO] LogOutputStream:77 - [STDOUT_REDIRECT] 1 : Invalid condition id : UX_CORESTACK_Condition cause : null
2024-11-14 11:45:15,030 [INFO] LogOutputStream:77 - [STDOUT_REDIRECT] 1 : Invalid condition id : UX_CORESTACK_Condition cause : null
2024-11-14 11:45:15,032 [WARN] PackLoader:240 - Cannot read IP mode file for STMicroelectronics.X-CUBE-AZRTOS-WL.2.0.0
2024-11-14 11:45:15,037 [WARN] PackLoader:240 - Cannot read IP mode file for STMicroelectronics.FP-SNS-MOTENV1.5.0.0
2024-11-14 11:45:15,042 [WARN] PackLoader:240 - Cannot read IP mode file for wolfSSL.I-CUBE-wolfMQTT.1.19.0
2024-11-14 11:45:15,048 [WARN] PackLoader:240 - Cannot read IP mode file for WES.I-CUBE-Cesium.1.3.0
2024-11-14 11:45:15,052 [WARN] PackLoader:240 - Cannot read IP mode file for STMicroelectronics.X-CUBE-BLE2.3.3.0
2024-11-14 11:45:15,060 [WARN] PackLoader:240 - Cannot read IP mode file for STMicroelectronics.X-CUBE-NFC9.1.0.0
2024-11-14 11:45:15,067 [WARN] PackLoader:240 - Cannot read IP mode file for STMicroelectronics.X-CUBE-TCPP.4.1.0
2024-11-14 11:45:15,072 [INFO] WebApp:186 - Connection restablished
2024-11-14 11:45:15,082 [WARN] PackLoader:240 - Cannot read IP mode file for STMicroelectronics.X-CUBE-AZRTOS-G0.1.1.0
2024-11-14 11:45:15,089 [WARN] PackLoader:240 - Cannot read IP mode file for STMicroelectronics.X-CUBE-SAFEA1.1.2.2
2024-11-14 11:45:15,095 [WARN] PackLoader:240 - Cannot read IP mode file for STMicroelectronics.X-CUBE-NFC4.3.0.0
2024-11-14 11:45:15,104 [WARN] PackLoader:240 - Cannot read IP mode file for EmbeddedOffice.I-CUBE-FS-RTOS.1.0.1
2024-11-14 11:45:15,104 [ERROR] ConditionMgr:805 - Attr not supported : Dmpu
2024-11-14 11:45:15,105 [ERROR] ConditionMgr:805 - Attr not supported : Dmpu
2024-11-14 11:45:15,105 [ERROR] ConditionMgr:805 - Attr not supported : Dmpu
2024-11-14 11:45:15,105 [ERROR] ConditionMgr:805 - Attr not supported : Dmpu
2024-11-14 11:45:15,105 [ERROR] ConditionMgr:805 - Attr not supported : Dmpu
2024-11-14 11:45:15,105 [ERROR] ConditionMgr:805 - Attr not supported : Dmpu
2024-11-14 11:45:15,105 [ERROR] ConditionMgr:805 - Attr not supported : Dmpu
2024-11-14 11:45:15,105 [ERROR] ConditionMgr:805 - Attr not supported : Dmpu
2024-11-14 11:45:15,105 [ERROR] ConditionMgr:805 - Attr not supported : Dmpu
2024-11-14 11:45:15,105 [ERROR] ConditionMgr:805 - Attr not supported : Dmpu
2024-11-14 11:45:15,105 [ERROR] ConditionMgr:805 - Attr not supported : Dmpu
2024-11-14 11:45:15,105 [ERROR] ConditionMgr:805 - Attr not supported : Dmpu
2024-11-14 11:45:15,105 [ERROR] ConditionMgr:805 - Attr not supported : Dmpu
2024-11-14 11:45:15,106 [ERROR] ConditionMgr:805 - Attr not supported : Dmpu
2024-11-14 11:45:15,106 [ERROR] ConditionMgr:805 - Attr not supported : Dmpu
2024-11-14 11:45:15,106 [ERROR] ConditionMgr:805 - Attr not supported : Dmpu
2024-11-14 11:45:15,106 [ERROR] ConditionMgr:805 - Attr not supported : Dmpu
2024-11-14 11:45:15,106 [ERROR] ConditionMgr:805 - Attr not supported : Dmpu
2024-11-14 11:45:15,106 [ERROR] ConditionMgr:805 - Attr not supported : Dmpu
2024-11-14 11:45:15,106 [ERROR] ConditionMgr:805 - Attr not supported : Dmpu
2024-11-14 11:45:15,106 [ERROR] ConditionMgr:805 - Attr not supported : Dmpu
2024-11-14 11:45:15,106 [ERROR] ConditionMgr:805 - Attr not supported : Dmpu
2024-11-14 11:45:15,106 [ERROR] ConditionMgr:805 - Attr not supported : Dmpu
2024-11-14 11:45:15,106 [ERROR] ConditionMgr:805 - Attr not supported : Dmpu
2024-11-14 11:45:15,106 [ERROR] ConditionMgr:805 - Attr not supported : Dmpu
2024-11-14 11:45:15,106 [ERROR] ConditionMgr:805 - Attr not supported : Dmpu
2024-11-14 11:45:15,106 [ERROR] ConditionMgr:805 - Attr not supported : Dmpu
2024-11-14 11:45:15,106 [ERROR] ConditionMgr:805 - Attr not supported : Dmpu
2024-11-14 11:45:15,107 [ERROR] ConditionMgr:805 - Attr not supported : Dmpu
2024-11-14 11:45:15,107 [ERROR] ConditionMgr:805 - Attr not supported : Dmpu
2024-11-14 11:45:15,107 [ERROR] ConditionMgr:805 - Attr not supported : Dmpu
2024-11-14 11:45:15,107 [ERROR] ConditionMgr:805 - Attr not supported : Dmpu
2024-11-14 11:45:15,107 [ERROR] ConditionMgr:805 - Attr not supported : Dmpu
2024-11-14 11:45:15,107 [ERROR] ConditionMgr:805 - Attr not supported : Dmpu
2024-11-14 11:45:15,107 [ERROR] ConditionMgr:805 - Attr not supported : Dmpu
2024-11-14 11:45:15,107 [ERROR] ConditionMgr:805 - Attr not supported : Dmpu
2024-11-14 11:45:15,107 [ERROR] ConditionMgr:805 - Attr not supported : Dmpu
2024-11-14 11:45:15,107 [ERROR] ConditionMgr:805 - Attr not supported : Dmpu
2024-11-14 11:45:15,107 [ERROR] ConditionMgr:805 - Attr not supported : Dmpu
2024-11-14 11:45:15,107 [ERROR] ConditionMgr:805 - Attr not supported : Dmpu
2024-11-14 11:45:15,107 [ERROR] ConditionMgr:805 - Attr not supported : Dmpu
2024-11-14 11:45:15,107 [ERROR] ConditionMgr:805 - Attr not supported : Dmpu
2024-11-14 11:45:15,107 [ERROR] ConditionMgr:805 - Attr not supported : Dmpu
2024-11-14 11:45:15,107 [ERROR] ConditionMgr:805 - Attr not supported : Dmpu
2024-11-14 11:45:15,108 [ERROR] ConditionMgr:805 - Attr not supported : Dmpu
2024-11-14 11:45:15,108 [ERROR] ConditionMgr:805 - Attr not supported : Dmpu
2024-11-14 11:45:15,108 [ERROR] ConditionMgr:805 - Attr not supported : Dmpu
2024-11-14 11:45:15,108 [ERROR] ConditionMgr:805 - Attr not supported : Dmpu
2024-11-14 11:45:15,108 [ERROR] ConditionMgr:805 - Attr not supported : Dmpu
2024-11-14 11:45:15,108 [ERROR] ConditionMgr:805 - Attr not supported : Dmpu
2024-11-14 11:45:15,108 [ERROR] ConditionMgr:805 - Attr not supported : Dmpu
2024-11-14 11:45:15,108 [ERROR] ConditionMgr:805 - Attr not supported : Dmpu
2024-11-14 11:45:15,108 [ERROR] ConditionMgr:805 - Attr not supported : Dmpu
2024-11-14 11:45:15,108 [ERROR] ConditionMgr:805 - Attr not supported : Dmpu
2024-11-14 11:45:15,108 [ERROR] ConditionMgr:805 - Attr not supported : Dmpu
2024-11-14 11:45:15,108 [ERROR] ConditionMgr:805 - Attr not supported : Dmpu
2024-11-14 11:45:15,108 [ERROR] ConditionMgr:805 - Attr not supported : Dmpu
2024-11-14 11:45:15,108 [ERROR] ConditionMgr:805 - Attr not supported : Dmpu
2024-11-14 11:45:15,109 [ERROR] ConditionMgr:805 - Attr not supported : Dmpu
2024-11-14 11:45:15,109 [ERROR] ConditionMgr:805 - Attr not supported : Dmpu
2024-11-14 11:45:15,109 [ERROR] ConditionMgr:805 - Attr not supported : Dmpu
2024-11-14 11:45:15,109 [ERROR] ConditionMgr:805 - Attr not supported : Dmpu
2024-11-14 11:45:15,109 [ERROR] ConditionMgr:805 - Attr not supported : Dmpu
2024-11-14 11:45:15,109 [ERROR] ConditionMgr:805 - Attr not supported : Dmpu
2024-11-14 11:45:15,113 [WARN] PackLoader:240 - Cannot read IP mode file for RealThread.X-CUBE-RT-Thread_Nano.4.1.1
2024-11-14 11:45:15,117 [WARN] PackLoader:240 - Cannot read IP mode file for STMicroelectronics.FP-ATR-SIGFOX1.3.2.0
2024-11-14 11:45:15,121 [WARN] PackLoader:240 - Cannot read IP mode file for wolfSSL.I-CUBE-wolfSSL.5.7.2
2024-11-14 11:45:15,125 [WARN] ConditionMgr:438 - getConditionDescription Invalid condition id : Cortex-A Device cause : null
2024-11-14 11:45:15,147 [WARN] ConditionMgr:1039 - genDependencies : Invalid condition id : Cortex-A Device cause : null
2024-11-14 11:45:15,147 [WARN] ConditionMgr:1039 - genDependencies : Invalid condition id : Cortex-A Device cause : null
2024-11-14 11:45:15,147 [WARN] ConditionMgr:1039 - genDependencies : Invalid condition id : Cortex-A Device cause : null
2024-11-14 11:45:15,154 [WARN] PackLoader:240 - Cannot read IP mode file for STMicroelectronics.X-CUBE-EEPRMA1.5.1.0
2024-11-14 11:45:15,162 [WARN] PackLoader:240 - Cannot read IP mode file for ITTIA_DB.I-CUBE-ITTIADB.8.9.0
2024-11-14 11:45:15,207 [WARN] PackLoader:240 - Cannot read IP mode file for SEGGER.I-CUBE-embOS.1.3.1
2024-11-14 11:45:15,241 [WARN] PackLoader:240 - Cannot read IP mode file for STMicroelectronics.X-CUBE-ALGOBUILD.1.4.0
2024-11-14 11:45:15,245 [WARN] PackLoader:240 - Cannot read IP mode file for STMicroelectronics.X-CUBE-AI.9.1.0
2024-11-14 11:45:15,250 [WARN] PackLoader:240 - Cannot read IP mode file for STMicroelectronics.X-CUBE-GNSS1.6.0.0
2024-11-14 11:45:15,264 [WARN] PackLoader:240 - Cannot read IP mode file for STMicroelectronics.X-CUBE-AZRTOS-F4.1.1.0
2024-11-14 11:45:15,270 [WARN] PackLoader:240 - Cannot read IP mode file for STMicroelectronics.X-CUBE-ISPU.2.1.0
2024-11-14 11:45:15,277 [WARN] PackLoader:240 - Cannot read IP mode file for STMicroelectronics.X-CUBE-FREERTOS.1.2.0
2024-11-14 11:45:15,290 [WARN] PackLoader:240 - Cannot read IP mode file for STMicroelectronics.X-CUBE-AZRTOS-L5.2.0.0
2024-11-14 11:45:15,298 [WARN] PackLoader:240 - Cannot read IP mode file for STMicroelectronics.X-CUBE-NFC6.3.1.0
2024-11-14 11:45:15,303 [WARN] PackLoader:240 - Cannot read IP mode file for STMicroelectronics.X-CUBE-AI.9.0.0
2024-11-14 11:45:15,307 [WARN] PackLoader:240 - Cannot read IP mode file for STMicroelectronics.X-CUBE-NFC7.1.0.1
2024-11-14 11:45:15,327 [WARN] ConditionMgr:438 - getConditionDescription Invalid condition id : LAN8742 Phy interface Condition cause : null
2024-11-14 11:45:15,327 [WARN] PackLoader:240 - Cannot read IP mode file for STMicroelectronics.X-CUBE-AZRTOS-L4.2.0.0
2024-11-14 11:45:15,328 [WARN] ConditionMgr:1039 - genDependencies : Invalid condition id : LAN8742 Phy interface Condition cause : null
2024-11-14 11:45:15,328 [WARN] ConditionMgr:1039 - genDependencies : Invalid condition id : LAN8742 Phy interface Condition cause : null
2024-11-14 11:45:15,329 [WARN] ConditionMgr:1039 - genDependencies : Invalid condition id : LAN8742 Phy interface Condition cause : null
2024-11-14 11:45:15,336 [WARN] PackLoader:240 - Cannot read IP mode file for STMicroelectronics.X-CUBE-SFXS2LP1.4.0.0
2024-11-14 11:45:15,355 [WARN] PackLoader:240 - Cannot read IP mode file for STMicroelectronics.X-CUBE-AZRTOS-H7.3.3.0
2024-11-14 11:45:15,366 [WARN] PackLoader:240 - Cannot read IP mode file for STMicroelectronics.X-CUBE-IPS.3.0.0
2024-11-14 11:45:15,380 [WARN] ConditionMgr:438 - getConditionDescription Invalid condition id : UX DEVICE CLASS RTOS Condition cause : null
2024-11-14 11:45:15,380 [WARN] ConditionMgr:438 - getConditionDescription Invalid condition id : UX DEVICE CLASS RTOS Condition cause : null
2024-11-14 11:45:15,382 [WARN] PackLoader:240 - Cannot read IP mode file for STMicroelectronics.X-CUBE-AZRTOS-WB.2.0.0
2024-11-14 11:45:15,382 [WARN] ConditionMgr:1039 - genDependencies : Invalid condition id : UX DEVICE CLASS RTOS Condition cause : null
2024-11-14 11:45:15,382 [WARN] ConditionMgr:1039 - genDependencies : Invalid condition id : UX DEVICE CLASS RTOS Condition cause : null
2024-11-14 11:45:15,383 [WARN] ConditionMgr:1039 - genDependencies : Invalid condition id : UX DEVICE CLASS RTOS Condition cause : null
2024-11-14 11:45:15,383 [WARN] ConditionMgr:1039 - genDependencies : Invalid condition id : UX DEVICE CLASS RTOS Condition cause : null
2024-11-14 11:45:15,383 [WARN] ConditionMgr:1039 - genDependencies : Invalid condition id : UX DEVICE CLASS RTOS Condition cause : null
2024-11-14 11:45:15,387 [WARN] PackLoader:240 - Cannot read IP mode file for STMicroelectronics.X-CUBE-GNSS1.7.0.0
2024-11-14 11:45:15,406 [WARN] PackLoader:240 - Cannot read IP mode file for STMicroelectronics.X-CUBE-SUBG2.5.0.0
2024-11-14 11:45:15,414 [WARN] PackLoader:240 - Cannot read IP mode file for Cesanta.I-CUBE-Mongoose.7.13.0
2024-11-14 11:45:15,429 [WARN] PackLoader:240 - Cannot read IP mode file for STMicroelectronics.X-CUBE-AZRTOS-G4.2.0.0
2024-11-14 11:45:15,434 [WARN] PackLoader:240 - Cannot read IP mode file for STMicroelectronics.X-CUBE-ISPU.2.0.0
2024-11-14 11:45:15,438 [WARN] PackLoader:240 - Cannot read IP mode file for STMicroelectronics.X-CUBE-ALS.1.0.2
2024-11-14 11:45:15,475 [WARN] PackLoader:240 - Cannot read IP mode file for STMicroelectronics.X-CUBE-MEMS1.10.0.0
2024-11-14 11:45:15,595 [WARN] PackLoader:240 - Cannot read IP mode file for STMicroelectronics.X-CUBE-TOUCHGFX.4.24.0
2024-11-14 11:45:15,597 [WARN] PackLoader:240 - Cannot read IP mode file for STMicroelectronics.X-CUBE-TOUCHGFX.4.24.1
2024-11-14 11:45:15,600 [WARN] PackLoader:240 - Cannot read IP mode file for wolfSSL.I-CUBE-wolfTPM.3.4.0
2024-11-14 11:45:15,605 [WARN] PackLoader:240 - Cannot read IP mode file for portGmbH.I-Cube-SoM-uGOAL.1.1.0
2024-11-14 11:45:15,618 [WARN] PackLoader:240 - Cannot read IP mode file for STMicroelectronics.X-CUBE-AZRTOS-H7RS.1.0.0
2024-11-14 11:45:15,623 [WARN] PackLoader:240 - Cannot read IP mode file for STMicroelectronics.FP-ATR-ASTRA1.2.0.0
2024-11-14 11:45:15,638 [WARN] PackLoader:240 - Cannot read IP mode file for Infineon.AIROC-Wi-Fi-Bluetooth-STM32.1.6.1
2024-11-14 11:45:15,645 [WARN] PackLoader:240 - Cannot read IP mode file for wolfSSL.I-CUBE-wolfSSH.1.4.17
2024-11-14 11:45:15,646 [INFO] ThirdParty:978 - Integrity check success = true
2024-11-14 11:45:15,646 [INFO] IntegrityCheckThread:100 - exiting critical section [integrity check]
2024-11-14 11:45:15,646 [INFO] IntegrityCheckThread:103 - End integrity checks thread
