2024-09-11 22:52:52,096 [INFO] Activator:176 - 


2024-09-11 22:52:52,101 [INFO] Activator:177 - !SESSION log4j initialized
2024-09-11 22:52:57,088 [INFO] LogOutputStream:77 - [STDOUT_REDIRECT] 
2024-09-11 22:52:59,357 [INFO] ApplicationProperties:184 - Using Application install path: C:\ST\STM32CubeIDE_1.16.0\STM32CubeIDE\plugins\com.st.stm32cube.common.mx_6.12.0.202406281431
2024-09-11 22:52:59,374 [INFO] DbMcusXml:78 - Set database path to: C:\ST\STM32CubeIDE_1.16.0\STM32CubeIDE\plugins\com.st.stm32cube.common.mx_6.12.0.202406281431\\db\/mcu/
2024-09-11 22:52:59,374 [INFO] ApiDb:274 - Set plugin database path to: C:\ST\STM32CubeIDE_1.16.0\STM32CubeIDE\plugins\com.st.stm32cube.common.mx_6.12.0.202406281431\\db\/plugins/boardmanager/
2024-09-11 22:52:59,374 [WARN] ApiDb:259 - Overriding images path with different value:  => C:\ST\STM32CubeIDE_1.16.0\STM32CubeIDE\plugins\com.st.stm32cube.common.mx_6.12.0.202406281431\\db\/plugins/mcufinder/images/
2024-09-11 22:52:59,387 [INFO] ApiDb:250 - Set database path to: C:\Users\Juan\.stmcufinder\plugins\mcufinder//mcu/
2024-09-11 22:52:59,389 [INFO] DbMcusAds:125 - Set database path to: C:\Users\Juan\.stmcufinder\plugins\mcufinder//mcu/
2024-09-11 22:52:59,391 [INFO] CrossReferenceDbSqlite:203 - Set database path to: C:\Users\Juan\.stmcufinder\plugins\mcufinder//mcu/cs/
2024-09-11 22:52:59,491 [INFO] RulesReader:64 - Compatibility file has been processed (297 Rules)
2024-09-11 22:52:59,561 [INFO] DbMcusXml:78 - Set database path to: C:\ST\STM32CubeIDE_1.16.0\STM32CubeIDE\plugins\com.st.stm32cube.common.mx_6.12.0.202406281431\\db\/mcu/
2024-09-11 22:52:59,561 [INFO] ApiDb:274 - Set plugin database path to: C:\ST\STM32CubeIDE_1.16.0\STM32CubeIDE\plugins\com.st.stm32cube.common.mx_6.12.0.202406281431\\db\/plugins/boardmanager/
2024-09-11 22:52:59,561 [INFO] ApiDb:261 - Set plugin images path to: C:\ST\STM32CubeIDE_1.16.0\STM32CubeIDE\plugins\com.st.stm32cube.common.mx_6.12.0.202406281431\\db\/plugins/mcufinder/images/
2024-09-11 22:52:59,561 [WARN] DbFile:41 - Overriding database path with different value: C:\Users\Juan\.stmcufinder\plugins\mcufinder/ => C:\Users\Juan\.stmcufinder\plugins\mcufinder
2024-09-11 22:52:59,561 [INFO] ApiDb:250 - Set database path to: C:\Users\Juan\.stmcufinder\plugins\mcufinder//mcu/
2024-09-11 22:52:59,561 [WARN] DbFile:41 - Overriding database path with different value: C:\Users\Juan\.stmcufinder\plugins\mcufinder/ => C:\Users\Juan\.stmcufinder\plugins\mcufinder
2024-09-11 22:52:59,561 [INFO] DbMcusAds:125 - Set database path to: C:\Users\Juan\.stmcufinder\plugins\mcufinder//mcu/
2024-09-11 22:52:59,561 [WARN] DbFile:41 - Overriding database path with different value: C:\Users\Juan\.stmcufinder\plugins\mcufinder/ => C:\Users\Juan\.stmcufinder\plugins\mcufinder
2024-09-11 22:52:59,561 [WARN] DbFile:41 - Overriding database path with different value: C:\Users\Juan\.stmcufinder\plugins\mcufinder/ => C:\Users\Juan\.stmcufinder\plugins\mcufinder
2024-09-11 22:52:59,561 [INFO] CrossReferenceDbSqlite:203 - Set database path to: C:\Users\Juan\.stmcufinder\plugins\mcufinder//mcu/cs/
2024-09-11 22:52:59,630 [INFO] MainPanel:268 - HeapMemory: 268435456
2024-09-11 22:52:59,721 [INFO] DbMcusXml:78 - Set database path to: C:\ST\STM32CubeIDE_1.16.0\STM32CubeIDE\plugins\com.st.stm32cube.common.mx_6.12.0.202406281431\\db\/mcu/
2024-09-11 22:52:59,721 [INFO] ApiDb:274 - Set plugin database path to: C:\ST\STM32CubeIDE_1.16.0\STM32CubeIDE\plugins\com.st.stm32cube.common.mx_6.12.0.202406281431\\db\/plugins/boardmanager/
2024-09-11 22:52:59,721 [INFO] ApiDb:261 - Set plugin images path to: C:\ST\STM32CubeIDE_1.16.0\STM32CubeIDE\plugins\com.st.stm32cube.common.mx_6.12.0.202406281431\\db\/plugins/mcufinder/images/
2024-09-11 22:52:59,721 [WARN] DbFile:41 - Overriding database path with different value: C:\Users\Juan\.stmcufinder\plugins\mcufinder/ => C:\Users\Juan\.stmcufinder\plugins\mcufinder
2024-09-11 22:52:59,721 [INFO] ApiDb:250 - Set database path to: C:\Users\Juan\.stmcufinder\plugins\mcufinder//mcu/
2024-09-11 22:52:59,721 [WARN] DbFile:41 - Overriding database path with different value: C:\Users\Juan\.stmcufinder\plugins\mcufinder/ => C:\Users\Juan\.stmcufinder\plugins\mcufinder
2024-09-11 22:52:59,721 [INFO] DbMcusAds:125 - Set database path to: C:\Users\Juan\.stmcufinder\plugins\mcufinder//mcu/
2024-09-11 22:52:59,721 [WARN] DbFile:41 - Overriding database path with different value: C:\Users\Juan\.stmcufinder\plugins\mcufinder/ => C:\Users\Juan\.stmcufinder\plugins\mcufinder
2024-09-11 22:52:59,721 [WARN] DbFile:41 - Overriding database path with different value: C:\Users\Juan\.stmcufinder\plugins\mcufinder/ => C:\Users\Juan\.stmcufinder\plugins\mcufinder
2024-09-11 22:52:59,722 [INFO] CrossReferenceDbSqlite:203 - Set database path to: C:\Users\Juan\.stmcufinder\plugins\mcufinder//mcu/cs/
2024-09-11 22:52:59,736 [INFO] ApplicationProperties:184 - Using Application install path: C:\ST\STM32CubeIDE_1.16.0\STM32CubeIDE\plugins\com.st.stm32cube.common.mx_6.12.0.202406281431
2024-09-11 22:52:59,737 [INFO] PluginManage:196 - Search for loadable plugins [exclusion list=, ]
2024-09-11 22:52:59,738 [INFO] PluginManage:310 - Check plugin analytics
2024-09-11 22:52:59,868 [INFO] AnalyticsPlugin:253 - Accepted Software Licenses: STM32CubeMX.6.12.0
2024-09-11 22:52:59,869 [INFO] AnalyticsPlugin:255 - Accepted CMSIS Pack Licenses: 
2024-09-11 22:52:59,869 [INFO] AnalyticsPlugin:257 - Accepted Firmware Licenses: FW.F4.1.28.0
2024-09-11 22:52:59,872 [INFO] PluginManage:359 - Loaded plugin analytics (category:tool,tabindex:-1)
2024-09-11 22:52:59,872 [INFO] PluginManage:310 - Check plugin cadmodel
2024-09-11 22:52:59,884 [INFO] CADModel:105 - Init CAD model plugin
2024-09-11 22:52:59,885 [INFO] PluginManage:359 - Loaded plugin cadmodel (category:power,tabindex:5)
2024-09-11 22:52:59,885 [INFO] PluginManage:310 - Check plugin clock
2024-09-11 22:52:59,900 [INFO] PluginManage:359 - Loaded plugin clock (category:base,tabindex:2)
2024-09-11 22:52:59,900 [INFO] PluginManage:310 - Check plugin ddr
2024-09-11 22:52:59,902 [INFO] PluginManage:359 - Loaded plugin ddr (category:tool,tabindex:6)
2024-09-11 22:52:59,903 [INFO] PluginManage:310 - Check plugin filemanager
2024-09-11 22:53:00,013 [INFO] PluginManage:359 - Loaded plugin filemanager (category:base,tabindex:10)
2024-09-11 22:53:00,014 [INFO] PluginManage:310 - Check plugin ipmanager
2024-09-11 22:53:00,019 [INFO] PluginManage:359 - Loaded plugin ipmanager (category:base,tabindex:5)
2024-09-11 22:53:00,020 [INFO] PluginManage:310 - Check plugin lpbam
2024-09-11 22:53:00,035 [INFO] PluginManage:359 - Loaded plugin lpbam (category:base,tabindex:0)
2024-09-11 22:53:00,035 [INFO] PluginManage:310 - Check plugin memorymap
2024-09-11 22:53:00,055 [INFO] PluginManage:359 - Loaded plugin memorymap (category:base,tabindex:4)
2024-09-11 22:53:00,055 [INFO] PluginManage:310 - Check plugin pinoutandconfiguration
2024-09-11 22:53:00,069 [INFO] PluginManage:359 - Loaded plugin pinoutandconfiguration (category:base,tabindex:1)
2024-09-11 22:53:00,069 [INFO] PluginManage:310 - Check plugin pinoutconfig
2024-09-11 22:53:00,151 [WARN] SupportedApi:132 - Cannot load RTOS API schema: s4s-elt-must-match.1: The content of 'definitions' must match (annotation?, (simpleType | complexType)?, (unique | key | keyref)*)). A problem was found starting at: attribute.
2024-09-11 22:53:00,263 [INFO] PluginManage:359 - Loaded plugin pinoutconfig (category:base,tabindex:0)
2024-09-11 22:53:00,263 [INFO] PluginManage:310 - Check plugin power
2024-09-11 22:53:00,282 [INFO] PluginManage:359 - Loaded plugin power (category:power,tabindex:4)
2024-09-11 22:53:00,282 [INFO] PluginManage:310 - Check plugin projectmanager
2024-09-11 22:53:00,295 [INFO] PluginManage:359 - Loaded plugin projectmanager (category:projectmanager,tabindex:4)
2024-09-11 22:53:00,295 [INFO] PluginManage:310 - Check plugin rif
2024-09-11 22:53:00,310 [INFO] PluginManage:359 - Loaded plugin rif (category:base,tabindex:3)
2024-09-11 22:53:00,310 [INFO] PluginManage:310 - Check plugin thirdparty
2024-09-11 22:53:00,550 [INFO] PluginManage:359 - Loaded plugin thirdparty (category:base,tabindex:-1)
2024-09-11 22:53:00,550 [WARN] IntegrityCheckThread:84 - waiting for thirdparty lock release [integrity check]
2024-09-11 22:53:00,550 [INFO] PluginManage:310 - Check plugin tools
2024-09-11 22:53:00,550 [INFO] IntegrityCheckThread:86 - entering critical section [integrity check]
2024-09-11 22:53:00,550 [INFO] ThirdPartyUpdaterWithRetryManager:70 - Updater plugin not ready yet. [1/15]
2024-09-11 22:53:00,582 [INFO] PluginManage:359 - Loaded plugin tools (category:base,tabindex:7)
2024-09-11 22:53:00,583 [INFO] PluginManage:310 - Check plugin tutovideos
2024-09-11 22:53:00,741 [INFO] PluginManage:359 - Loaded plugin tutovideos (category:base,tabindex:-1)
2024-09-11 22:53:00,741 [INFO] PluginManage:310 - Check plugin updater
2024-09-11 22:53:00,754 [INFO] PluginManage:359 - Loaded plugin updater (category:base,tabindex:12)
2024-09-11 22:53:00,754 [INFO] PluginManage:310 - Check plugin userauth
2024-09-11 22:53:00,760 [INFO] UserAuth:113 - Init User Auth plugin
2024-09-11 22:53:00,760 [INFO] PluginManage:359 - Loaded plugin userauth (category:base,tabindex:14)
2024-09-11 22:53:00,760 [INFO] PluginManage:283 - PluginManage : Loaded plugins [18]
2024-09-11 22:53:00,928 [INFO] PinOutPanel:1561 - setPackage(No Configuration,No Configuration)
2024-09-11 22:53:01,000 [INFO] CADModel:165 - CPN selected for project level
2024-09-11 22:53:01,000 [INFO] CADModel:114 - Register for checkConnection events
2024-09-11 22:53:01,021 [INFO] IPUIPlugin:80 - create IPUIPlugin
2024-09-11 22:53:01,021 [INFO] PluginManager:220 - loadIPPluginJar : add adc
2024-09-11 22:53:01,054 [INFO] IPUIPlugin:80 - create IPUIPlugin
2024-09-11 22:53:01,054 [INFO] PluginManager:220 - loadIPPluginJar : add aes
2024-09-11 22:53:01,090 [INFO] IPUIPlugin:80 - create IPUIPlugin
2024-09-11 22:53:01,091 [INFO] PluginManager:220 - loadIPPluginJar : add can
2024-09-11 22:53:01,111 [INFO] IPUIPlugin:80 - create IPUIPlugin
2024-09-11 22:53:01,111 [INFO] PluginManager:220 - loadIPPluginJar : add comp
2024-09-11 22:53:01,142 [INFO] IPUIPlugin:80 - create IPUIPlugin
2024-09-11 22:53:01,142 [INFO] PluginManager:220 - loadIPPluginJar : add cryp
2024-09-11 22:53:01,152 [INFO] IPUIPlugin:80 - create IPUIPlugin
2024-09-11 22:53:01,152 [INFO] PluginManager:220 - loadIPPluginJar : add ddr_ctrl_phy
2024-09-11 22:53:01,179 [INFO] IPUIPlugin:80 - create IPUIPlugin
2024-09-11 22:53:01,180 [INFO] PluginManager:220 - loadIPPluginJar : add dfsdm
2024-09-11 22:53:01,191 [INFO] IPUIPlugin:80 - create IPUIPlugin
2024-09-11 22:53:01,192 [INFO] PluginManager:220 - loadIPPluginJar : add dma
2024-09-11 22:53:01,233 [INFO] IPUIPlugin:80 - create IPUIPlugin
2024-09-11 22:53:01,243 [INFO] PluginManager:220 - loadIPPluginJar : add dma3
2024-09-11 22:53:01,285 [INFO] IPUIPlugin:80 - create IPUIPlugin
2024-09-11 22:53:01,285 [INFO] PluginManager:220 - loadIPPluginJar : add extmemmanager
2024-09-11 22:53:01,305 [INFO] IPUIPlugin:80 - create IPUIPlugin
2024-09-11 22:53:01,305 [INFO] PluginManager:220 - loadIPPluginJar : add fatfs
2024-09-11 22:53:01,349 [INFO] IPUIPlugin:80 - create IPUIPlugin
2024-09-11 22:53:01,349 [INFO] PluginManager:220 - loadIPPluginJar : add fmc
2024-09-11 22:53:01,362 [INFO] IPUIPlugin:80 - create IPUIPlugin
2024-09-11 22:53:01,362 [INFO] PluginManager:220 - loadIPPluginJar : add freertos
2024-09-11 22:53:01,381 [INFO] IPUIPlugin:80 - create IPUIPlugin
2024-09-11 22:53:01,381 [INFO] PluginManager:220 - loadIPPluginJar : add genericplugin
2024-09-11 22:53:01,467 [INFO] IPUIPlugin:80 - create IPUIPlugin
2024-09-11 22:53:01,467 [INFO] PluginManager:220 - loadIPPluginJar : add gfxmmu
2024-09-11 22:53:01,589 [INFO] IPUIPlugin:80 - create IPUIPlugin
2024-09-11 22:53:01,589 [INFO] PluginManager:220 - loadIPPluginJar : add gic
2024-09-11 22:53:01,600 [INFO] IPUIPlugin:80 - create IPUIPlugin
2024-09-11 22:53:01,600 [INFO] PluginManager:220 - loadIPPluginJar : add gpio
2024-09-11 22:53:01,677 [INFO] IPUIPlugin:80 - create IPUIPlugin
2024-09-11 22:53:01,677 [INFO] PluginManager:220 - loadIPPluginJar : add gtzc
2024-09-11 22:53:01,704 [INFO] IPUIPlugin:80 - create IPUIPlugin
2024-09-11 22:53:01,705 [INFO] PluginManager:220 - loadIPPluginJar : add hash
2024-09-11 22:53:01,754 [INFO] IPUIPlugin:80 - create IPUIPlugin
2024-09-11 22:53:01,754 [INFO] PluginManager:220 - loadIPPluginJar : add i2c
2024-09-11 22:53:01,789 [INFO] IPUIPlugin:80 - create IPUIPlugin
2024-09-11 22:53:01,789 [INFO] PluginManager:220 - loadIPPluginJar : add i2s
2024-09-11 22:53:01,827 [INFO] IPUIPlugin:80 - create IPUIPlugin
2024-09-11 22:53:01,827 [INFO] PluginManager:220 - loadIPPluginJar : add i3c
2024-09-11 22:53:01,917 [INFO] IPUIPlugin:80 - create IPUIPlugin
2024-09-11 22:53:01,917 [INFO] PluginManager:220 - loadIPPluginJar : add ipddr
2024-09-11 22:53:01,994 [INFO] IPUIPlugin:80 - create IPUIPlugin
2024-09-11 22:53:01,994 [INFO] PluginManager:220 - loadIPPluginJar : add linkedlist
2024-09-11 22:53:02,023 [INFO] IPUIPlugin:80 - create IPUIPlugin
2024-09-11 22:53:02,023 [INFO] PluginManager:220 - loadIPPluginJar : add lorawan
2024-09-11 22:53:02,053 [INFO] IPUIPlugin:80 - create IPUIPlugin
2024-09-11 22:53:02,053 [INFO] PluginManager:220 - loadIPPluginJar : add ltdc
2024-09-11 22:53:02,065 [INFO] IPUIPlugin:80 - create IPUIPlugin
2024-09-11 22:53:02,066 [INFO] PluginManager:220 - loadIPPluginJar : add mdma
2024-09-11 22:53:02,075 [INFO] IPUIPlugin:80 - create IPUIPlugin
2024-09-11 22:53:02,075 [INFO] PluginManager:220 - loadIPPluginJar : add nvic
2024-09-11 22:53:02,106 [INFO] IPUIPlugin:80 - create IPUIPlugin
2024-09-11 22:53:02,106 [INFO] PluginManager:220 - loadIPPluginJar : add opamp
2024-09-11 22:53:02,158 [INFO] IPUIPlugin:80 - create IPUIPlugin
2024-09-11 22:53:02,158 [INFO] PluginManager:220 - loadIPPluginJar : add openamp
2024-09-11 22:53:02,194 [INFO] IPUIPlugin:80 - create IPUIPlugin
2024-09-11 22:53:02,194 [INFO] PluginManager:220 - loadIPPluginJar : add pdm2pcm
2024-09-11 22:53:02,206 [INFO] IPUIPlugin:80 - create IPUIPlugin
2024-09-11 22:53:02,208 [INFO] PluginManager:220 - loadIPPluginJar : add plateformsettings
2024-09-11 22:53:02,226 [INFO] IPUIPlugin:80 - create IPUIPlugin
2024-09-11 22:53:02,226 [INFO] PluginManager:220 - loadIPPluginJar : add quadspi
2024-09-11 22:53:02,248 [INFO] IPUIPlugin:80 - create IPUIPlugin
2024-09-11 22:53:02,249 [INFO] PluginManager:220 - loadIPPluginJar : add radio
2024-09-11 22:53:02,258 [INFO] IPUIPlugin:80 - create IPUIPlugin
2024-09-11 22:53:02,259 [INFO] PluginManager:220 - loadIPPluginJar : add resmgrutility
2024-09-11 22:53:02,299 [INFO] IPUIPlugin:80 - create IPUIPlugin
2024-09-11 22:53:02,299 [INFO] PluginManager:220 - loadIPPluginJar : add sai
2024-09-11 22:53:02,331 [INFO] IPUIPlugin:80 - create IPUIPlugin
2024-09-11 22:53:02,331 [INFO] PluginManager:220 - loadIPPluginJar : add spi
2024-09-11 22:53:02,390 [INFO] IPUIPlugin:80 - create IPUIPlugin
2024-09-11 22:53:02,390 [INFO] PluginManager:220 - loadIPPluginJar : add stm32_wpan
2024-09-11 22:53:02,409 [INFO] IPUIPlugin:80 - create IPUIPlugin
2024-09-11 22:53:02,410 [INFO] PluginManager:220 - loadIPPluginJar : add tim
2024-09-11 22:53:02,459 [INFO] IPUIPlugin:80 - create IPUIPlugin
2024-09-11 22:53:02,460 [INFO] PluginManager:220 - loadIPPluginJar : add touchsensing
2024-09-11 22:53:02,478 [INFO] IPUIPlugin:80 - create IPUIPlugin
2024-09-11 22:53:02,479 [INFO] PluginManager:220 - loadIPPluginJar : add tracer_emb
2024-09-11 22:53:02,498 [INFO] IPUIPlugin:80 - create IPUIPlugin
2024-09-11 22:53:02,498 [INFO] PluginManager:220 - loadIPPluginJar : add ts
2024-09-11 22:53:02,516 [INFO] IPUIPlugin:80 - create IPUIPlugin
2024-09-11 22:53:02,516 [INFO] PluginManager:220 - loadIPPluginJar : add tsc
2024-09-11 22:53:02,534 [INFO] IPUIPlugin:80 - create IPUIPlugin
2024-09-11 22:53:02,534 [INFO] PluginManager:220 - loadIPPluginJar : add ucpd
2024-09-11 22:53:02,570 [INFO] IPUIPlugin:80 - create IPUIPlugin
2024-09-11 22:53:02,570 [INFO] PluginManager:220 - loadIPPluginJar : add usart
2024-09-11 22:53:02,609 [INFO] IPUIPlugin:80 - create IPUIPlugin
2024-09-11 22:53:02,609 [INFO] PluginManager:220 - loadIPPluginJar : add usbx
2024-09-11 22:53:02,721 [INFO] CADModel:165 - CPN selected for project level
2024-09-11 22:53:02,721 [INFO] CADModel:114 - Register for checkConnection events
2024-09-11 22:53:02,721 [FATAL] Updater:334 - Updater called before beeing initialized
2024-09-11 22:53:02,721 [ERROR] CADModel:125 - Updater not yet initialized, retry later 
2024-09-11 22:53:02,827 [INFO] CADModel:165 - CPN selected for project level
2024-09-11 22:53:02,827 [INFO] CADModel:114 - Register for checkConnection events
2024-09-11 22:53:02,827 [FATAL] Updater:334 - Updater called before beeing initialized
2024-09-11 22:53:02,827 [ERROR] CADModel:125 - Updater not yet initialized, retry later 
2024-09-11 22:53:02,829 [FATAL] Updater:334 - Updater called before beeing initialized
2024-09-11 22:53:02,911 [FATAL] Updater:334 - Updater called before beeing initialized
2024-09-11 22:53:02,918 [INFO] DbMcusAds:53 - JSON generation date=Thu May 16 06:22:00 ART 2024 (1715851320667)
2024-09-11 22:53:02,918 [FATAL] Updater:334 - Updater called before beeing initialized
2024-09-11 22:53:02,951 [WARN] DetailPanel:346 - Failed to get advertising image, set to default
2024-09-11 22:53:03,022 [FATAL] Updater:334 - Updater called before beeing initialized
2024-09-11 22:53:03,023 [FATAL] Updater:334 - Updater called before beeing initialized
2024-09-11 22:53:03,023 [FATAL] Updater:334 - Updater called before beeing initialized
2024-09-11 22:53:03,024 [WARN] DetailPanel:346 - Failed to get advertising image, set to default
2024-09-11 22:53:03,024 [FATAL] Updater:334 - Updater called before beeing initialized
2024-09-11 22:53:03,089 [ERROR] Updater:1164 - MainUpdater not yet initialized. External WinMGr cannot be set.
2024-09-11 22:53:03,098 [INFO] Updater:1100 - Updater Version found : 6.12.0
2024-09-11 22:53:03,112 [INFO] ApplicationProperties:184 - Using Application install path: C:\ST\STM32CubeIDE_1.16.0\STM32CubeIDE\plugins\com.st.stm32cube.common.mx_6.12.0.202406281431
2024-09-11 22:53:03,388 [INFO] MainUpdater:2873 - connection check result : 10
2024-09-11 22:53:03,388 [INFO] MainUpdater:3567 - Updater definition file requires update
2024-09-11 22:53:03,389 [INFO] MainUpdater:290 - Updater Check For Update Now.
2024-09-11 22:53:03,389 [INFO] MicroXplorer:498 - Change Database Version : DB.6.0.120
2024-09-11 22:53:03,402 [INFO] McuFinderGlobals:63 - Set McuFinder mode to 2 (CubeIDE integrated)
2024-09-11 22:53:03,407 [INFO] UserAuth:417 - Internet connection configuration mode: 1
2024-09-11 22:53:03,429 [INFO] JxBrowserEngine:152 - Initiate JxBrowser Engine with user profile folder
2024-09-11 22:53:03,491 [INFO] ServerAccessManage:473 - Download File updaters.zip
2024-09-11 22:53:03,554 [WARN] MainUpdater:1194 - Updater busy. Cannot search thirdparties
2024-09-11 22:53:03,554 [INFO] ThirdPartyUpdaterWithRetryManager:96 - Updater plugin is busy. [1/15]
2024-09-11 22:53:03,567 [INFO] FileExtend:240 - Unzip File : updaters.zip
2024-09-11 22:53:03,567 [INFO] FileExtend:255 - Standard Zip Deflate
2024-09-11 22:53:03,930 [INFO] ServerAccessManage:473 - Download File PacksControlFlags.xml
2024-09-11 22:53:04,088 [INFO] ServerAccessManage:473 - Download File cubemx.pidx
2024-09-11 22:53:04,647 [INFO] ServerAccessManage:473 - Download File STMicroelectronics.X-CUBE-GNSS1.pdsc
2024-09-11 22:53:06,286 [INFO] WebApp:167 - Instantiating new browser for Auth
2024-09-11 22:53:06,322 [ERROR] ServerAccessManage:1089 - Problem, file not found on Server
2024-09-11 22:53:06,557 [WARN] MainUpdater:1194 - Updater busy. Cannot search thirdparties
2024-09-11 22:53:06,557 [INFO] ThirdPartyUpdaterWithRetryManager:96 - Updater plugin is busy. [2/15]
2024-09-11 22:53:06,827 [INFO] WebApp:448 - Apply proxy settings
2024-09-11 22:53:06,828 [INFO] WebApp:533 - Chromium requires no authentication
2024-09-11 22:53:06,836 [INFO] WebApp:476 - Direct internet connection detected
2024-09-11 22:53:06,854 [INFO] WebApp:869 - Register for checkConnection events
2024-09-11 22:53:06,854 [INFO] WebApp:448 - Apply proxy settings
2024-09-11 22:53:06,854 [INFO] WebApp:533 - Chromium requires no authentication
2024-09-11 22:53:06,855 [INFO] WebApp:476 - Direct internet connection detected
2024-09-11 22:53:06,987 [INFO] WebApp:220 - Starting web application
2024-09-11 22:53:06,987 [INFO] WebApp:578 - Web application path used C:\ST\STM32CubeIDE_1.16.0\STM32CubeIDE\plugins\com.st.stm32cube.common.mx_6.12.0.202406281431\db\plugins\mcufinder\reactClient1\index.html
2024-09-11 22:53:07,107 [INFO] UserAuth:417 - Internet connection configuration mode: 1
2024-09-11 22:53:07,135 [INFO] WebApp:186 - Connection restablished
2024-09-11 22:53:07,212 [ERROR] ServerAccessManage:1089 - Problem, file not found on Server
2024-09-11 22:53:08,150 [ERROR] ServerAccessManage:1089 - Problem, file not found on Server
2024-09-11 22:53:09,167 [ERROR] ServerAccessManage:1089 - Problem, file not found on Server
2024-09-11 22:53:09,558 [WARN] MainUpdater:1194 - Updater busy. Cannot search thirdparties
2024-09-11 22:53:09,558 [INFO] ThirdPartyUpdaterWithRetryManager:96 - Updater plugin is busy. [3/15]
2024-09-11 22:53:10,204 [ERROR] ServerAccessManage:1089 - Problem, file not found on Server
2024-09-11 22:53:11,142 [ERROR] ServerAccessManage:1089 - Problem, file not found on Server
2024-09-11 22:53:11,409 [INFO] ServerAccessManage:473 - Download File STMicroelectronics.X-CUBE-TOUCHGFX.pdsc
2024-09-11 22:53:12,559 [WARN] MainUpdater:1194 - Updater busy. Cannot search thirdparties
2024-09-11 22:53:12,559 [INFO] ThirdPartyUpdaterWithRetryManager:96 - Updater plugin is busy. [4/15]
2024-09-11 22:53:12,865 [INFO] ServerAccessManage:473 - Download File STMicroelectronics.X-CUBE-ALGOBUILD.pdsc
2024-09-11 22:53:13,378 [INFO] ServerAccessManage:473 - Download File STMicroelectronics.X-CUBE-AZRTOS-H7.pdsc
2024-09-11 22:53:14,044 [INFO] ServerAccessManage:473 - Download File STMicroelectronics.X-CUBE-AZRTOS-H7RS.pdsc
2024-09-11 22:53:15,097 [INFO] ServerAccessManage:473 - Download File STMicroelectronics.X-CUBE-AZRTOS-F4.pdsc
2024-09-11 22:53:15,562 [WARN] MainUpdater:1194 - Updater busy. Cannot search thirdparties
2024-09-11 22:53:15,562 [INFO] ThirdPartyUpdaterWithRetryManager:96 - Updater plugin is busy. [5/15]
2024-09-11 22:53:18,319 [INFO] ServerAccessManage:473 - Download File STMicroelectronics.X-CUBE-AZRTOS-F7.pdsc
2024-09-11 22:53:18,563 [WARN] MainUpdater:1194 - Updater busy. Cannot search thirdparties
2024-09-11 22:53:18,563 [INFO] ThirdPartyUpdaterWithRetryManager:96 - Updater plugin is busy. [6/15]
2024-09-11 22:53:21,234 [INFO] ServerAccessManage:473 - Download File STMicroelectronics.X-CUBE-AZRTOS-L4.pdsc
2024-09-11 22:53:21,566 [WARN] MainUpdater:1194 - Updater busy. Cannot search thirdparties
2024-09-11 22:53:21,566 [INFO] ThirdPartyUpdaterWithRetryManager:96 - Updater plugin is busy. [7/15]
2024-09-11 22:53:24,274 [INFO] ServerAccessManage:473 - Download File STMicroelectronics.X-CUBE-AZRTOS-L5.pdsc
2024-09-11 22:53:24,566 [WARN] MainUpdater:1194 - Updater busy. Cannot search thirdparties
2024-09-11 22:53:24,566 [INFO] ThirdPartyUpdaterWithRetryManager:96 - Updater plugin is busy. [8/15]
2024-09-11 22:53:26,827 [INFO] ServerAccessManage:473 - Download File STMicroelectronics.X-CUBE-AZRTOS-G0.pdsc
2024-09-11 22:53:27,567 [WARN] MainUpdater:1194 - Updater busy. Cannot search thirdparties
2024-09-11 22:53:27,567 [INFO] ThirdPartyUpdaterWithRetryManager:96 - Updater plugin is busy. [9/15]
2024-09-11 22:53:29,888 [INFO] ServerAccessManage:473 - Download File STMicroelectronics.X-CUBE-AZRTOS-G4.pdsc
2024-09-11 22:53:30,568 [WARN] MainUpdater:1194 - Updater busy. Cannot search thirdparties
2024-09-11 22:53:30,568 [INFO] ThirdPartyUpdaterWithRetryManager:96 - Updater plugin is busy. [10/15]
2024-09-11 22:53:32,837 [INFO] ServerAccessManage:473 - Download File STMicroelectronics.X-CUBE-AZRTOS-WB.pdsc
2024-09-11 22:53:33,568 [WARN] MainUpdater:1194 - Updater busy. Cannot search thirdparties
2024-09-11 22:53:33,568 [INFO] ThirdPartyUpdaterWithRetryManager:96 - Updater plugin is busy. [11/15]
2024-09-11 22:53:35,516 [INFO] ServerAccessManage:473 - Download File STMicroelectronics.X-CUBE-AZRTOS-WL.pdsc
2024-09-11 22:53:36,571 [WARN] MainUpdater:1194 - Updater busy. Cannot search thirdparties
2024-09-11 22:53:36,571 [INFO] ThirdPartyUpdaterWithRetryManager:96 - Updater plugin is busy. [12/15]
2024-09-11 22:53:38,760 [INFO] ServerAccessManage:473 - Download File wolfSSL.I-CUBE-wolfSSL.pdsc
2024-09-11 22:53:39,572 [WARN] MainUpdater:1194 - Updater busy. Cannot search thirdparties
2024-09-11 22:53:39,572 [INFO] ThirdPartyUpdaterWithRetryManager:96 - Updater plugin is busy. [13/15]
2024-09-11 22:53:42,573 [WARN] MainUpdater:1194 - Updater busy. Cannot search thirdparties
2024-09-11 22:53:42,573 [INFO] ThirdPartyUpdaterWithRetryManager:96 - Updater plugin is busy. [14/15]
2024-09-11 22:53:43,959 [ERROR] ServerAccessManage:1089 - Problem, file not found on Server
2024-09-11 22:53:44,397 [ERROR] ServerAccessManage:1089 - Problem, file not found on Server
2024-09-11 22:53:44,827 [ERROR] ServerAccessManage:1089 - Problem, file not found on Server
2024-09-11 22:53:45,036 [INFO] ServerAccessManage:473 - Download File wolfSSL.I-CUBE-wolfMQTT.pdsc
2024-09-11 22:53:45,574 [WARN] MainUpdater:1194 - Updater busy. Cannot search thirdparties
2024-09-11 22:53:45,574 [INFO] ThirdPartyUpdaterWithRetryManager:96 - Updater plugin is busy. [15/15]
2024-09-11 22:53:45,574 [ERROR] IntegrityCheckThread:130 - Cannot retrieve database content from updater: error -1
2024-09-11 22:53:45,574 [INFO] ThirdParty:978 - Integrity check success = false
2024-09-11 22:53:45,574 [INFO] IntegrityCheckThread:100 - exiting critical section [integrity check]
2024-09-11 22:53:45,574 [INFO] IntegrityCheckThread:103 - End integrity checks thread
2024-09-11 22:53:46,216 [ERROR] ServerAccessManage:1089 - Problem, file not found on Server
2024-09-11 22:53:46,424 [INFO] ServerAccessManage:473 - Download File wolfSSL.I-CUBE-wolfTPM.pdsc
2024-09-11 22:53:47,897 [INFO] ServerAccessManage:473 - Download File wolfSSL.I-CUBE-wolfSSH.pdsc
2024-09-11 22:53:50,329 [INFO] ServerAccessManage:473 - Download File RealThread.X-CUBE-RT-Thread_Nano.pdsc
2024-09-11 22:53:51,983 [INFO] ServerAccessManage:473 - Download File SEGGER.I-CUBE-embOS.pdsc
2024-09-11 22:53:55,618 [INFO] ServerAccessManage:473 - Download File portGmbH.I-Cube-SoM-uGOAL.pdsc
2024-09-11 22:53:58,120 [ERROR] ServerAccessManage:1089 - Problem, file not found on Server
2024-09-11 22:53:58,371 [ERROR] ServerAccessManage:1089 - Problem, file not found on Server
2024-09-11 22:53:58,627 [ERROR] ServerAccessManage:1089 - Problem, file not found on Server
2024-09-11 22:54:00,120 [INFO] ServerAccessManage:473 - Download File emotas.I-CUBE-CANOPEN.pdsc
2024-09-11 22:54:02,000 [INFO] ServerAccessManage:473 - Download File WES.I-CUBE-Cesium.pdsc
2024-09-11 22:54:02,649 [ERROR] ServerAccessManage:1089 - Problem, file not found on Server
2024-09-11 22:54:02,942 [ERROR] ServerAccessManage:1089 - Problem, file not found on Server
2024-09-11 22:54:04,196 [INFO] ServerAccessManage:473 - Download File ITTIA_DB.I-CUBE-ITTIADB.pdsc
2024-09-11 22:54:08,765 [INFO] ServerAccessManage:473 - Download File Infineon.AIROC-Wi-Fi-Bluetooth-STM32.pdsc
2024-09-11 22:54:14,991 [INFO] ServerAccessManage:473 - Download File Cesanta.I-CUBE-Mongoose.pdsc
2024-09-11 22:54:19,040 [INFO] ServerAccessManage:473 - Download File EmbeddedOffice.I-CUBE-FS-RTOS.pdsc
2024-09-11 22:54:19,639 [WARN] PackLoader:240 - Cannot read IP mode file for STMicroelectronics.X-CUBE-GNSS1.7.0.0
2024-09-11 22:54:19,643 [WARN] PackLoader:240 - Cannot read IP mode file for STMicroelectronics.X-CUBE-TOUCHGFX.4.24.0
2024-09-11 22:54:19,650 [WARN] PackLoader:240 - Cannot read IP mode file for STMicroelectronics.X-CUBE-ALGOBUILD.1.4.0
2024-09-11 22:54:19,672 [WARN] PackLoader:240 - Cannot read IP mode file for STMicroelectronics.X-CUBE-AZRTOS-H7.3.3.0
2024-09-11 22:54:19,691 [WARN] PackLoader:240 - Cannot read IP mode file for STMicroelectronics.X-CUBE-AZRTOS-H7RS.1.0.0
2024-09-11 22:54:19,706 [WARN] PackLoader:240 - Cannot read IP mode file for STMicroelectronics.X-CUBE-AZRTOS-F4.1.1.0
2024-09-11 22:54:19,720 [WARN] PackLoader:240 - Cannot read IP mode file for STMicroelectronics.X-CUBE-AZRTOS-F7.1.1.0
2024-09-11 22:54:19,742 [WARN] ConditionMgr:438 - getConditionDescription Invalid condition id : LAN8742 Phy interface Condition cause : null
2024-09-11 22:54:19,743 [WARN] PackLoader:240 - Cannot read IP mode file for STMicroelectronics.X-CUBE-AZRTOS-L4.2.0.0
2024-09-11 22:54:19,744 [WARN] ConditionMgr:1039 - genDependencies : Invalid condition id : LAN8742 Phy interface Condition cause : null
2024-09-11 22:54:19,744 [WARN] ConditionMgr:1039 - genDependencies : Invalid condition id : LAN8742 Phy interface Condition cause : null
2024-09-11 22:54:19,744 [WARN] ConditionMgr:1039 - genDependencies : Invalid condition id : LAN8742 Phy interface Condition cause : null
2024-09-11 22:54:19,751 [INFO] CheckServerUpdateThread:120 - End of CheckServer Thread
2024-09-11 22:54:19,758 [WARN] PackLoader:240 - Cannot read IP mode file for STMicroelectronics.X-CUBE-AZRTOS-L5.2.0.0
2024-09-11 22:54:19,769 [WARN] PackLoader:240 - Cannot read IP mode file for STMicroelectronics.X-CUBE-AZRTOS-G0.1.1.0
2024-09-11 22:54:19,780 [WARN] PackLoader:240 - Cannot read IP mode file for STMicroelectronics.X-CUBE-AZRTOS-G4.2.0.0
2024-09-11 22:54:19,789 [WARN] ConditionMgr:438 - getConditionDescription Invalid condition id : UX DEVICE CLASS RTOS Condition cause : null
2024-09-11 22:54:19,789 [WARN] ConditionMgr:438 - getConditionDescription Invalid condition id : UX DEVICE CLASS RTOS Condition cause : null
2024-09-11 22:54:19,791 [WARN] PackLoader:240 - Cannot read IP mode file for STMicroelectronics.X-CUBE-AZRTOS-WB.2.0.0
2024-09-11 22:54:19,791 [WARN] ConditionMgr:1039 - genDependencies : Invalid condition id : UX DEVICE CLASS RTOS Condition cause : null
2024-09-11 22:54:19,791 [WARN] ConditionMgr:1039 - genDependencies : Invalid condition id : UX DEVICE CLASS RTOS Condition cause : null
2024-09-11 22:54:19,791 [WARN] ConditionMgr:1039 - genDependencies : Invalid condition id : UX DEVICE CLASS RTOS Condition cause : null
2024-09-11 22:54:19,792 [WARN] ConditionMgr:1039 - genDependencies : Invalid condition id : UX DEVICE CLASS RTOS Condition cause : null
2024-09-11 22:54:19,792 [WARN] ConditionMgr:1039 - genDependencies : Invalid condition id : UX DEVICE CLASS RTOS Condition cause : null
2024-09-11 22:54:19,798 [INFO] LogOutputStream:77 - [STDOUT_REDIRECT] 1 : Invalid condition id : UX_CORESTACK_Condition cause : null
2024-09-11 22:54:19,799 [INFO] LogOutputStream:77 - [STDOUT_REDIRECT] 1 : Invalid condition id : UX_CORESTACK_Condition cause : null
2024-09-11 22:54:19,800 [INFO] LogOutputStream:77 - [STDOUT_REDIRECT] 1 : Invalid condition id : UX_CORESTACK_Condition cause : null
2024-09-11 22:54:19,801 [INFO] LogOutputStream:77 - [STDOUT_REDIRECT] 1 : Invalid condition id : UX_CORESTACK_Condition cause : null
2024-09-11 22:54:19,802 [INFO] LogOutputStream:77 - [STDOUT_REDIRECT] 1 : Invalid condition id : UX_CORESTACK_Condition cause : null
2024-09-11 22:54:19,803 [WARN] PackLoader:240 - Cannot read IP mode file for STMicroelectronics.X-CUBE-AZRTOS-WL.2.0.0
2024-09-11 22:54:19,807 [WARN] PackLoader:240 - Cannot read IP mode file for wolfSSL.I-CUBE-wolfSSL.5.7.2
2024-09-11 22:54:19,809 [WARN] PackLoader:240 - Cannot read IP mode file for wolfSSL.I-CUBE-wolfMQTT.1.19.0
2024-09-11 22:54:19,811 [WARN] PackLoader:240 - Cannot read IP mode file for wolfSSL.I-CUBE-wolfTPM.3.4.0
2024-09-11 22:54:19,814 [WARN] PackLoader:240 - Cannot read IP mode file for wolfSSL.I-CUBE-wolfSSH.1.4.17
2024-09-11 22:54:19,817 [WARN] PackLoader:240 - Cannot read IP mode file for RealThread.X-CUBE-RT-Thread_Nano.4.1.1
2024-09-11 22:54:19,837 [WARN] PackLoader:240 - Cannot read IP mode file for SEGGER.I-CUBE-embOS.1.3.1
2024-09-11 22:54:19,867 [WARN] PackLoader:240 - Cannot read IP mode file for portGmbH.I-Cube-SoM-uGOAL.1.1.0
2024-09-11 22:54:19,870 [WARN] PackLoader:240 - Cannot read IP mode file for emotas.I-CUBE-CANOPEN.1.3.0
2024-09-11 22:54:19,875 [WARN] PackLoader:240 - Cannot read IP mode file for WES.I-CUBE-Cesium.1.3.0
2024-09-11 22:54:19,879 [WARN] PackLoader:240 - Cannot read IP mode file for ITTIA_DB.I-CUBE-ITTIADB.8.9.0
2024-09-11 22:54:19,891 [WARN] PackLoader:240 - Cannot read IP mode file for Infineon.AIROC-Wi-Fi-Bluetooth-STM32.1.6.1
2024-09-11 22:54:19,896 [WARN] PackLoader:240 - Cannot read IP mode file for Cesanta.I-CUBE-Mongoose.7.13.0
2024-09-11 22:54:19,901 [WARN] PackLoader:240 - Cannot read IP mode file for EmbeddedOffice.I-CUBE-FS-RTOS.1.0.1
2024-09-11 22:54:19,901 [ERROR] ConditionMgr:805 - Attr not supported : Dmpu
2024-09-11 22:54:19,902 [ERROR] ConditionMgr:805 - Attr not supported : Dmpu
2024-09-11 22:54:19,902 [ERROR] ConditionMgr:805 - Attr not supported : Dmpu
2024-09-11 22:54:19,902 [ERROR] ConditionMgr:805 - Attr not supported : Dmpu
2024-09-11 22:54:19,902 [ERROR] ConditionMgr:805 - Attr not supported : Dmpu
2024-09-11 22:54:19,902 [ERROR] ConditionMgr:805 - Attr not supported : Dmpu
2024-09-11 22:54:19,902 [ERROR] ConditionMgr:805 - Attr not supported : Dmpu
2024-09-11 22:54:19,902 [ERROR] ConditionMgr:805 - Attr not supported : Dmpu
2024-09-11 22:54:19,902 [ERROR] ConditionMgr:805 - Attr not supported : Dmpu
2024-09-11 22:54:19,902 [ERROR] ConditionMgr:805 - Attr not supported : Dmpu
2024-09-11 22:54:19,902 [ERROR] ConditionMgr:805 - Attr not supported : Dmpu
2024-09-11 22:54:19,902 [ERROR] ConditionMgr:805 - Attr not supported : Dmpu
2024-09-11 22:54:19,902 [ERROR] ConditionMgr:805 - Attr not supported : Dmpu
2024-09-11 22:54:19,902 [ERROR] ConditionMgr:805 - Attr not supported : Dmpu
2024-09-11 22:54:19,902 [ERROR] ConditionMgr:805 - Attr not supported : Dmpu
2024-09-11 22:54:19,902 [ERROR] ConditionMgr:805 - Attr not supported : Dmpu
2024-09-11 22:54:19,902 [ERROR] ConditionMgr:805 - Attr not supported : Dmpu
2024-09-11 22:54:19,902 [ERROR] ConditionMgr:805 - Attr not supported : Dmpu
2024-09-11 22:54:19,902 [ERROR] ConditionMgr:805 - Attr not supported : Dmpu
2024-09-11 22:54:19,902 [ERROR] ConditionMgr:805 - Attr not supported : Dmpu
2024-09-11 22:54:19,902 [ERROR] ConditionMgr:805 - Attr not supported : Dmpu
2024-09-11 22:54:19,902 [ERROR] ConditionMgr:805 - Attr not supported : Dmpu
2024-09-11 22:54:19,902 [ERROR] ConditionMgr:805 - Attr not supported : Dmpu
2024-09-11 22:54:19,902 [ERROR] ConditionMgr:805 - Attr not supported : Dmpu
2024-09-11 22:54:19,903 [ERROR] ConditionMgr:805 - Attr not supported : Dmpu
2024-09-11 22:54:19,903 [ERROR] ConditionMgr:805 - Attr not supported : Dmpu
2024-09-11 22:54:19,903 [ERROR] ConditionMgr:805 - Attr not supported : Dmpu
2024-09-11 22:54:19,903 [ERROR] ConditionMgr:805 - Attr not supported : Dmpu
2024-09-11 22:54:19,903 [ERROR] ConditionMgr:805 - Attr not supported : Dmpu
2024-09-11 22:54:19,903 [ERROR] ConditionMgr:805 - Attr not supported : Dmpu
2024-09-11 22:54:19,903 [ERROR] ConditionMgr:805 - Attr not supported : Dmpu
2024-09-11 22:54:19,903 [ERROR] ConditionMgr:805 - Attr not supported : Dmpu
2024-09-11 22:54:19,903 [ERROR] ConditionMgr:805 - Attr not supported : Dmpu
2024-09-11 22:54:19,903 [ERROR] ConditionMgr:805 - Attr not supported : Dmpu
2024-09-11 22:54:19,903 [ERROR] ConditionMgr:805 - Attr not supported : Dmpu
2024-09-11 22:54:19,903 [ERROR] ConditionMgr:805 - Attr not supported : Dmpu
2024-09-11 22:54:19,903 [ERROR] ConditionMgr:805 - Attr not supported : Dmpu
2024-09-11 22:54:19,903 [ERROR] ConditionMgr:805 - Attr not supported : Dmpu
2024-09-11 22:54:19,903 [ERROR] ConditionMgr:805 - Attr not supported : Dmpu
2024-09-11 22:54:19,903 [ERROR] ConditionMgr:805 - Attr not supported : Dmpu
2024-09-11 22:54:19,903 [ERROR] ConditionMgr:805 - Attr not supported : Dmpu
2024-09-11 22:54:19,903 [ERROR] ConditionMgr:805 - Attr not supported : Dmpu
2024-09-11 22:54:19,903 [ERROR] ConditionMgr:805 - Attr not supported : Dmpu
2024-09-11 22:54:19,903 [ERROR] ConditionMgr:805 - Attr not supported : Dmpu
2024-09-11 22:54:19,904 [ERROR] ConditionMgr:805 - Attr not supported : Dmpu
2024-09-11 22:54:19,904 [ERROR] ConditionMgr:805 - Attr not supported : Dmpu
2024-09-11 22:54:19,904 [ERROR] ConditionMgr:805 - Attr not supported : Dmpu
2024-09-11 22:54:19,904 [ERROR] ConditionMgr:805 - Attr not supported : Dmpu
2024-09-11 22:54:19,904 [ERROR] ConditionMgr:805 - Attr not supported : Dmpu
2024-09-11 22:54:19,904 [ERROR] ConditionMgr:805 - Attr not supported : Dmpu
2024-09-11 22:54:19,904 [ERROR] ConditionMgr:805 - Attr not supported : Dmpu
2024-09-11 22:54:19,904 [ERROR] ConditionMgr:805 - Attr not supported : Dmpu
2024-09-11 22:54:19,904 [ERROR] ConditionMgr:805 - Attr not supported : Dmpu
2024-09-11 22:54:19,904 [ERROR] ConditionMgr:805 - Attr not supported : Dmpu
2024-09-11 22:54:19,904 [ERROR] ConditionMgr:805 - Attr not supported : Dmpu
2024-09-11 22:54:19,904 [ERROR] ConditionMgr:805 - Attr not supported : Dmpu
2024-09-11 22:54:19,904 [ERROR] ConditionMgr:805 - Attr not supported : Dmpu
2024-09-11 22:54:19,904 [ERROR] ConditionMgr:805 - Attr not supported : Dmpu
2024-09-11 22:54:19,904 [ERROR] ConditionMgr:805 - Attr not supported : Dmpu
2024-09-11 22:54:19,904 [ERROR] ConditionMgr:805 - Attr not supported : Dmpu
2024-09-11 22:54:19,904 [ERROR] ConditionMgr:805 - Attr not supported : Dmpu
2024-09-11 22:54:19,905 [ERROR] ConditionMgr:805 - Attr not supported : Dmpu
2024-09-11 22:54:19,905 [ERROR] ConditionMgr:805 - Attr not supported : Dmpu
2024-09-11 22:54:19,905 [ERROR] ConditionMgr:805 - Attr not supported : Dmpu
2024-09-11 22:54:19,905 [INFO] PopulateThirdPartyThread:66 - Ending populate Thread
2024-09-11 22:54:19,906 [INFO] ThirdParty:1030 - CMSIS Pack Vendor :STMicroelectronics X-CUBE-AZRTOS-H7 3.3.0
2024-09-11 22:54:19,906 [INFO] ThirdParty:1030 - CMSIS Pack Vendor :RealThread X-CUBE-RT-Thread_Nano 4.1.1
2024-09-11 22:54:19,906 [INFO] ThirdParty:1030 - CMSIS Pack Vendor :STMicroelectronics X-CUBE-AZRTOS-F4 1.1.0
2024-09-11 22:54:19,906 [INFO] ThirdParty:1030 - CMSIS Pack Vendor :wolfSSL I-CUBE-wolfSSL 5.7.2
2024-09-11 22:54:19,906 [INFO] ThirdParty:1030 - CMSIS Pack Vendor :STMicroelectronics X-CUBE-AZRTOS-WB 2.0.0
2024-09-11 22:54:19,906 [INFO] ThirdParty:1030 - CMSIS Pack Vendor :emotas I-CUBE-CANOPEN 1.3.0
2024-09-11 22:54:19,906 [INFO] ThirdParty:1030 - CMSIS Pack Vendor :STMicroelectronics X-CUBE-GNSS1 7.0.0
2024-09-11 22:54:19,907 [INFO] ThirdParty:1030 - CMSIS Pack Vendor :STMicroelectronics X-CUBE-TOUCHGFX 4.24.0
2024-09-11 22:54:19,907 [INFO] ThirdParty:1030 - CMSIS Pack Vendor :ITTIA_DB I-CUBE-ITTIADB 8.9.0
2024-09-11 22:54:19,907 [INFO] ThirdParty:1030 - CMSIS Pack Vendor :STMicroelectronics X-CUBE-AZRTOS-F7 1.1.0
2024-09-11 22:54:19,907 [INFO] ThirdParty:1030 - CMSIS Pack Vendor :STMicroelectronics X-CUBE-AZRTOS-L5 2.0.0
2024-09-11 22:54:19,907 [INFO] ThirdParty:1030 - CMSIS Pack Vendor :wolfSSL I-CUBE-wolfTPM 3.4.0
2024-09-11 22:54:19,907 [INFO] ThirdParty:1030 - CMSIS Pack Vendor :portGmbH I-Cube-SoM-uGOAL 1.1.0
2024-09-11 22:54:19,907 [INFO] ThirdParty:1030 - CMSIS Pack Vendor :STMicroelectronics X-CUBE-AZRTOS-WL 2.0.0
2024-09-11 22:54:19,907 [INFO] ThirdParty:1030 - CMSIS Pack Vendor :SEGGER I-CUBE-embOS 1.3.1
2024-09-11 22:54:19,907 [INFO] ThirdParty:1030 - CMSIS Pack Vendor :STMicroelectronics X-CUBE-ALGOBUILD 1.4.0
2024-09-11 22:54:19,907 [INFO] ThirdParty:1030 - CMSIS Pack Vendor :STMicroelectronics X-CUBE-AZRTOS-G0 1.1.0
2024-09-11 22:54:19,907 [INFO] ThirdParty:1030 - CMSIS Pack Vendor :STMicroelectronics X-CUBE-AZRTOS-H7RS 1.0.0
2024-09-11 22:54:19,907 [INFO] ThirdParty:1030 - CMSIS Pack Vendor :wolfSSL I-CUBE-wolfMQTT 1.19.0
2024-09-11 22:54:19,907 [INFO] ThirdParty:1030 - CMSIS Pack Vendor :STMicroelectronics X-CUBE-AZRTOS-L4 2.0.0
2024-09-11 22:54:19,907 [INFO] ThirdParty:1030 - CMSIS Pack Vendor :WES I-CUBE-Cesium 1.3.0
2024-09-11 22:54:19,907 [INFO] ThirdParty:1030 - CMSIS Pack Vendor :EmbeddedOffice I-CUBE-FS-RTOS 1.0.1
2024-09-11 22:54:19,907 [INFO] ThirdParty:1030 - CMSIS Pack Vendor :Cesanta I-CUBE-Mongoose 7.13.0
2024-09-11 22:54:19,907 [INFO] ThirdParty:1030 - CMSIS Pack Vendor :Infineon AIROC-Wi-Fi-Bluetooth-STM32 1.6.1
2024-09-11 22:54:19,907 [INFO] ThirdParty:1030 - CMSIS Pack Vendor :STMicroelectronics X-CUBE-AZRTOS-G4 2.0.0
2024-09-11 22:54:19,907 [INFO] ThirdParty:1030 - CMSIS Pack Vendor :wolfSSL I-CUBE-wolfSSH 1.4.17
2024-09-11 22:54:19,908 [INFO] LoadServerUpdatesThread:375 - End of LoadServerUpdate Thread
