2024-09-01 00:41:53,355 [ERROR] LogOutputStream:75 - [STDERR_REDIRECT] 
2024-09-01 20:12:20,705 [INFO] Activator:176 - 


2024-09-01 20:12:20,707 [INFO] Activator:177 - !SESSION log4j initialized
2024-09-01 20:12:26,153 [INFO] LogOutputStream:77 - [STDOUT_REDIRECT] 
2024-09-01 20:12:28,618 [INFO] ApplicationProperties:184 - Using Application install path: C:\ST\STM32CubeIDE_1.16.0\STM32CubeIDE\plugins\com.st.stm32cube.common.mx_6.12.0.202406281431
2024-09-01 20:12:28,633 [INFO] DbMcusXml:78 - Set database path to: C:\ST\STM32CubeIDE_1.16.0\STM32CubeIDE\plugins\com.st.stm32cube.common.mx_6.12.0.202406281431\\db\/mcu/
2024-09-01 20:12:28,633 [INFO] ApiDb:274 - Set plugin database path to: C:\ST\STM32CubeIDE_1.16.0\STM32CubeIDE\plugins\com.st.stm32cube.common.mx_6.12.0.202406281431\\db\/plugins/boardmanager/
2024-09-01 20:12:28,633 [WARN] ApiDb:259 - Overriding images path with different value:  => C:\ST\STM32CubeIDE_1.16.0\STM32CubeIDE\plugins\com.st.stm32cube.common.mx_6.12.0.202406281431\\db\/plugins/mcufinder/images/
2024-09-01 20:12:28,647 [INFO] ApiDb:250 - Set database path to: C:\Users\Juan\.stmcufinder\plugins\mcufinder//mcu/
2024-09-01 20:12:28,648 [INFO] DbMcusAds:125 - Set database path to: C:\Users\Juan\.stmcufinder\plugins\mcufinder//mcu/
2024-09-01 20:12:28,650 [INFO] CrossReferenceDbSqlite:203 - Set database path to: C:\Users\Juan\.stmcufinder\plugins\mcufinder//mcu/cs/
2024-09-01 20:12:28,751 [INFO] RulesReader:64 - Compatibility file has been processed (297 Rules)
2024-09-01 20:12:28,832 [INFO] DbMcusXml:78 - Set database path to: C:\ST\STM32CubeIDE_1.16.0\STM32CubeIDE\plugins\com.st.stm32cube.common.mx_6.12.0.202406281431\\db\/mcu/
2024-09-01 20:12:28,832 [INFO] ApiDb:274 - Set plugin database path to: C:\ST\STM32CubeIDE_1.16.0\STM32CubeIDE\plugins\com.st.stm32cube.common.mx_6.12.0.202406281431\\db\/plugins/boardmanager/
2024-09-01 20:12:28,833 [INFO] ApiDb:261 - Set plugin images path to: C:\ST\STM32CubeIDE_1.16.0\STM32CubeIDE\plugins\com.st.stm32cube.common.mx_6.12.0.202406281431\\db\/plugins/mcufinder/images/
2024-09-01 20:12:28,833 [WARN] DbFile:41 - Overriding database path with different value: C:\Users\Juan\.stmcufinder\plugins\mcufinder/ => C:\Users\Juan\.stmcufinder\plugins\mcufinder
2024-09-01 20:12:28,833 [INFO] ApiDb:250 - Set database path to: C:\Users\Juan\.stmcufinder\plugins\mcufinder//mcu/
2024-09-01 20:12:28,833 [WARN] DbFile:41 - Overriding database path with different value: C:\Users\Juan\.stmcufinder\plugins\mcufinder/ => C:\Users\Juan\.stmcufinder\plugins\mcufinder
2024-09-01 20:12:28,833 [INFO] DbMcusAds:125 - Set database path to: C:\Users\Juan\.stmcufinder\plugins\mcufinder//mcu/
2024-09-01 20:12:28,833 [WARN] DbFile:41 - Overriding database path with different value: C:\Users\Juan\.stmcufinder\plugins\mcufinder/ => C:\Users\Juan\.stmcufinder\plugins\mcufinder
2024-09-01 20:12:28,833 [WARN] DbFile:41 - Overriding database path with different value: C:\Users\Juan\.stmcufinder\plugins\mcufinder/ => C:\Users\Juan\.stmcufinder\plugins\mcufinder
2024-09-01 20:12:28,833 [INFO] CrossReferenceDbSqlite:203 - Set database path to: C:\Users\Juan\.stmcufinder\plugins\mcufinder//mcu/cs/
2024-09-01 20:12:28,932 [INFO] MainPanel:268 - HeapMemory: 271581184
2024-09-01 20:12:29,031 [INFO] DbMcusXml:78 - Set database path to: C:\ST\STM32CubeIDE_1.16.0\STM32CubeIDE\plugins\com.st.stm32cube.common.mx_6.12.0.202406281431\\db\/mcu/
2024-09-01 20:12:29,031 [INFO] ApiDb:274 - Set plugin database path to: C:\ST\STM32CubeIDE_1.16.0\STM32CubeIDE\plugins\com.st.stm32cube.common.mx_6.12.0.202406281431\\db\/plugins/boardmanager/
2024-09-01 20:12:29,031 [INFO] ApiDb:261 - Set plugin images path to: C:\ST\STM32CubeIDE_1.16.0\STM32CubeIDE\plugins\com.st.stm32cube.common.mx_6.12.0.202406281431\\db\/plugins/mcufinder/images/
2024-09-01 20:12:29,031 [WARN] DbFile:41 - Overriding database path with different value: C:\Users\Juan\.stmcufinder\plugins\mcufinder/ => C:\Users\Juan\.stmcufinder\plugins\mcufinder
2024-09-01 20:12:29,031 [INFO] ApiDb:250 - Set database path to: C:\Users\Juan\.stmcufinder\plugins\mcufinder//mcu/
2024-09-01 20:12:29,031 [WARN] DbFile:41 - Overriding database path with different value: C:\Users\Juan\.stmcufinder\plugins\mcufinder/ => C:\Users\Juan\.stmcufinder\plugins\mcufinder
2024-09-01 20:12:29,031 [INFO] DbMcusAds:125 - Set database path to: C:\Users\Juan\.stmcufinder\plugins\mcufinder//mcu/
2024-09-01 20:12:29,032 [WARN] DbFile:41 - Overriding database path with different value: C:\Users\Juan\.stmcufinder\plugins\mcufinder/ => C:\Users\Juan\.stmcufinder\plugins\mcufinder
2024-09-01 20:12:29,032 [WARN] DbFile:41 - Overriding database path with different value: C:\Users\Juan\.stmcufinder\plugins\mcufinder/ => C:\Users\Juan\.stmcufinder\plugins\mcufinder
2024-09-01 20:12:29,032 [INFO] CrossReferenceDbSqlite:203 - Set database path to: C:\Users\Juan\.stmcufinder\plugins\mcufinder//mcu/cs/
2024-09-01 20:12:29,047 [INFO] ApplicationProperties:184 - Using Application install path: C:\ST\STM32CubeIDE_1.16.0\STM32CubeIDE\plugins\com.st.stm32cube.common.mx_6.12.0.202406281431
2024-09-01 20:12:29,048 [INFO] PluginManage:196 - Search for loadable plugins [exclusion list=, ]
2024-09-01 20:12:29,050 [INFO] PluginManage:310 - Check plugin analytics
2024-09-01 20:12:29,188 [INFO] AnalyticsPlugin:253 - Accepted Software Licenses: STM32CubeMX.6.12.0
2024-09-01 20:12:29,188 [INFO] AnalyticsPlugin:255 - Accepted CMSIS Pack Licenses: 
2024-09-01 20:12:29,189 [INFO] AnalyticsPlugin:257 - Accepted Firmware Licenses: FW.F4.1.28.0
2024-09-01 20:12:29,191 [INFO] PluginManage:359 - Loaded plugin analytics (category:tool,tabindex:-1)
2024-09-01 20:12:29,191 [INFO] PluginManage:310 - Check plugin cadmodel
2024-09-01 20:12:29,203 [INFO] CADModel:105 - Init CAD model plugin
2024-09-01 20:12:29,204 [INFO] PluginManage:359 - Loaded plugin cadmodel (category:power,tabindex:5)
2024-09-01 20:12:29,204 [INFO] PluginManage:310 - Check plugin clock
2024-09-01 20:12:29,221 [INFO] PluginManage:359 - Loaded plugin clock (category:base,tabindex:2)
2024-09-01 20:12:29,221 [INFO] PluginManage:310 - Check plugin ddr
2024-09-01 20:12:29,223 [INFO] PluginManage:359 - Loaded plugin ddr (category:tool,tabindex:6)
2024-09-01 20:12:29,223 [INFO] PluginManage:310 - Check plugin filemanager
2024-09-01 20:12:29,391 [INFO] PluginManage:359 - Loaded plugin filemanager (category:base,tabindex:10)
2024-09-01 20:12:29,392 [INFO] PluginManage:310 - Check plugin ipmanager
2024-09-01 20:12:29,398 [INFO] PluginManage:359 - Loaded plugin ipmanager (category:base,tabindex:5)
2024-09-01 20:12:29,398 [INFO] PluginManage:310 - Check plugin lpbam
2024-09-01 20:12:29,416 [INFO] PluginManage:359 - Loaded plugin lpbam (category:base,tabindex:0)
2024-09-01 20:12:29,416 [INFO] PluginManage:310 - Check plugin memorymap
2024-09-01 20:12:29,437 [INFO] PluginManage:359 - Loaded plugin memorymap (category:base,tabindex:4)
2024-09-01 20:12:29,438 [INFO] PluginManage:310 - Check plugin pinoutandconfiguration
2024-09-01 20:12:29,453 [INFO] PluginManage:359 - Loaded plugin pinoutandconfiguration (category:base,tabindex:1)
2024-09-01 20:12:29,454 [INFO] PluginManage:310 - Check plugin pinoutconfig
2024-09-01 20:12:29,538 [WARN] SupportedApi:132 - Cannot load RTOS API schema: s4s-elt-must-match.1: The content of 'definitions' must match (annotation?, (simpleType | complexType)?, (unique | key | keyref)*)). A problem was found starting at: attribute.
2024-09-01 20:12:29,666 [INFO] PluginManage:359 - Loaded plugin pinoutconfig (category:base,tabindex:0)
2024-09-01 20:12:29,666 [INFO] PluginManage:310 - Check plugin power
2024-09-01 20:12:29,683 [INFO] PluginManage:359 - Loaded plugin power (category:power,tabindex:4)
2024-09-01 20:12:29,683 [INFO] PluginManage:310 - Check plugin projectmanager
2024-09-01 20:12:29,697 [INFO] PluginManage:359 - Loaded plugin projectmanager (category:projectmanager,tabindex:4)
2024-09-01 20:12:29,697 [INFO] PluginManage:310 - Check plugin rif
2024-09-01 20:12:29,710 [INFO] PluginManage:359 - Loaded plugin rif (category:base,tabindex:3)
2024-09-01 20:12:29,711 [INFO] PluginManage:310 - Check plugin thirdparty
2024-09-01 20:12:29,959 [INFO] PluginManage:359 - Loaded plugin thirdparty (category:base,tabindex:-1)
2024-09-01 20:12:29,959 [WARN] IntegrityCheckThread:84 - waiting for thirdparty lock release [integrity check]
2024-09-01 20:12:29,959 [INFO] PluginManage:310 - Check plugin tools
2024-09-01 20:12:29,959 [INFO] IntegrityCheckThread:86 - entering critical section [integrity check]
2024-09-01 20:12:29,960 [INFO] ThirdPartyUpdaterWithRetryManager:70 - Updater plugin not ready yet. [1/15]
2024-09-01 20:12:29,997 [INFO] PluginManage:359 - Loaded plugin tools (category:base,tabindex:7)
2024-09-01 20:12:29,998 [INFO] PluginManage:310 - Check plugin tutovideos
2024-09-01 20:12:30,213 [INFO] PluginManage:359 - Loaded plugin tutovideos (category:base,tabindex:-1)
2024-09-01 20:12:30,213 [INFO] PluginManage:310 - Check plugin updater
2024-09-01 20:12:30,228 [INFO] PluginManage:359 - Loaded plugin updater (category:base,tabindex:12)
2024-09-01 20:12:30,228 [INFO] PluginManage:310 - Check plugin userauth
2024-09-01 20:12:30,234 [INFO] UserAuth:113 - Init User Auth plugin
2024-09-01 20:12:30,234 [INFO] PluginManage:359 - Loaded plugin userauth (category:base,tabindex:14)
2024-09-01 20:12:30,234 [INFO] PluginManage:283 - PluginManage : Loaded plugins [18]
2024-09-01 20:12:30,495 [INFO] PinOutPanel:1561 - setPackage(No Configuration,No Configuration)
2024-09-01 20:12:30,648 [INFO] CADModel:165 - CPN selected for project level
2024-09-01 20:12:30,649 [INFO] CADModel:114 - Register for checkConnection events
2024-09-01 20:12:30,689 [INFO] IPUIPlugin:80 - create IPUIPlugin
2024-09-01 20:12:30,689 [INFO] PluginManager:220 - loadIPPluginJar : add adc
2024-09-01 20:12:30,737 [INFO] IPUIPlugin:80 - create IPUIPlugin
2024-09-01 20:12:30,737 [INFO] PluginManager:220 - loadIPPluginJar : add aes
2024-09-01 20:12:30,790 [INFO] IPUIPlugin:80 - create IPUIPlugin
2024-09-01 20:12:30,790 [INFO] PluginManager:220 - loadIPPluginJar : add can
2024-09-01 20:12:30,819 [INFO] IPUIPlugin:80 - create IPUIPlugin
2024-09-01 20:12:30,819 [INFO] PluginManager:220 - loadIPPluginJar : add comp
2024-09-01 20:12:30,871 [INFO] IPUIPlugin:80 - create IPUIPlugin
2024-09-01 20:12:30,871 [INFO] PluginManager:220 - loadIPPluginJar : add cryp
2024-09-01 20:12:30,882 [INFO] IPUIPlugin:80 - create IPUIPlugin
2024-09-01 20:12:30,882 [INFO] PluginManager:220 - loadIPPluginJar : add ddr_ctrl_phy
2024-09-01 20:12:30,918 [INFO] IPUIPlugin:80 - create IPUIPlugin
2024-09-01 20:12:30,918 [INFO] PluginManager:220 - loadIPPluginJar : add dfsdm
2024-09-01 20:12:30,931 [INFO] IPUIPlugin:80 - create IPUIPlugin
2024-09-01 20:12:30,932 [INFO] PluginManager:220 - loadIPPluginJar : add dma
2024-09-01 20:12:30,985 [INFO] IPUIPlugin:80 - create IPUIPlugin
2024-09-01 20:12:30,985 [INFO] PluginManager:220 - loadIPPluginJar : add dma3
2024-09-01 20:12:31,054 [INFO] IPUIPlugin:80 - create IPUIPlugin
2024-09-01 20:12:31,054 [INFO] PluginManager:220 - loadIPPluginJar : add extmemmanager
2024-09-01 20:12:31,078 [INFO] IPUIPlugin:80 - create IPUIPlugin
2024-09-01 20:12:31,078 [INFO] PluginManager:220 - loadIPPluginJar : add fatfs
2024-09-01 20:12:31,145 [INFO] IPUIPlugin:80 - create IPUIPlugin
2024-09-01 20:12:31,145 [INFO] PluginManager:220 - loadIPPluginJar : add fmc
2024-09-01 20:12:31,167 [INFO] IPUIPlugin:80 - create IPUIPlugin
2024-09-01 20:12:31,168 [INFO] PluginManager:220 - loadIPPluginJar : add freertos
2024-09-01 20:12:31,204 [INFO] IPUIPlugin:80 - create IPUIPlugin
2024-09-01 20:12:31,204 [INFO] PluginManager:220 - loadIPPluginJar : add genericplugin
2024-09-01 20:12:31,319 [INFO] IPUIPlugin:80 - create IPUIPlugin
2024-09-01 20:12:31,319 [INFO] PluginManager:220 - loadIPPluginJar : add gfxmmu
2024-09-01 20:12:31,482 [INFO] IPUIPlugin:80 - create IPUIPlugin
2024-09-01 20:12:31,482 [INFO] PluginManager:220 - loadIPPluginJar : add gic
2024-09-01 20:12:31,500 [INFO] IPUIPlugin:80 - create IPUIPlugin
2024-09-01 20:12:31,501 [INFO] PluginManager:220 - loadIPPluginJar : add gpio
2024-09-01 20:12:31,624 [INFO] IPUIPlugin:80 - create IPUIPlugin
2024-09-01 20:12:31,624 [INFO] PluginManager:220 - loadIPPluginJar : add gtzc
2024-09-01 20:12:31,661 [INFO] IPUIPlugin:80 - create IPUIPlugin
2024-09-01 20:12:31,661 [INFO] PluginManager:220 - loadIPPluginJar : add hash
2024-09-01 20:12:31,720 [INFO] IPUIPlugin:80 - create IPUIPlugin
2024-09-01 20:12:31,720 [INFO] PluginManager:220 - loadIPPluginJar : add i2c
2024-09-01 20:12:31,763 [INFO] IPUIPlugin:80 - create IPUIPlugin
2024-09-01 20:12:31,763 [INFO] PluginManager:220 - loadIPPluginJar : add i2s
2024-09-01 20:12:31,811 [INFO] IPUIPlugin:80 - create IPUIPlugin
2024-09-01 20:12:31,811 [INFO] PluginManager:220 - loadIPPluginJar : add i3c
2024-09-01 20:12:31,922 [INFO] IPUIPlugin:80 - create IPUIPlugin
2024-09-01 20:12:31,922 [INFO] PluginManager:220 - loadIPPluginJar : add ipddr
2024-09-01 20:12:32,050 [INFO] IPUIPlugin:80 - create IPUIPlugin
2024-09-01 20:12:32,050 [INFO] PluginManager:220 - loadIPPluginJar : add linkedlist
2024-09-01 20:12:32,091 [INFO] IPUIPlugin:80 - create IPUIPlugin
2024-09-01 20:12:32,092 [INFO] PluginManager:220 - loadIPPluginJar : add lorawan
2024-09-01 20:12:32,133 [INFO] IPUIPlugin:80 - create IPUIPlugin
2024-09-01 20:12:32,134 [INFO] PluginManager:220 - loadIPPluginJar : add ltdc
2024-09-01 20:12:32,148 [INFO] IPUIPlugin:80 - create IPUIPlugin
2024-09-01 20:12:32,148 [INFO] PluginManager:220 - loadIPPluginJar : add mdma
2024-09-01 20:12:32,158 [INFO] IPUIPlugin:80 - create IPUIPlugin
2024-09-01 20:12:32,159 [INFO] PluginManager:220 - loadIPPluginJar : add nvic
2024-09-01 20:12:32,197 [INFO] IPUIPlugin:80 - create IPUIPlugin
2024-09-01 20:12:32,198 [INFO] PluginManager:220 - loadIPPluginJar : add opamp
2024-09-01 20:12:32,269 [INFO] IPUIPlugin:80 - create IPUIPlugin
2024-09-01 20:12:32,270 [INFO] PluginManager:220 - loadIPPluginJar : add openamp
2024-09-01 20:12:32,318 [INFO] IPUIPlugin:80 - create IPUIPlugin
2024-09-01 20:12:32,318 [INFO] PluginManager:220 - loadIPPluginJar : add pdm2pcm
2024-09-01 20:12:32,331 [INFO] IPUIPlugin:80 - create IPUIPlugin
2024-09-01 20:12:32,333 [INFO] PluginManager:220 - loadIPPluginJar : add plateformsettings
2024-09-01 20:12:32,355 [INFO] IPUIPlugin:80 - create IPUIPlugin
2024-09-01 20:12:32,355 [INFO] PluginManager:220 - loadIPPluginJar : add quadspi
2024-09-01 20:12:32,387 [INFO] IPUIPlugin:80 - create IPUIPlugin
2024-09-01 20:12:32,387 [INFO] PluginManager:220 - loadIPPluginJar : add radio
2024-09-01 20:12:32,400 [INFO] IPUIPlugin:80 - create IPUIPlugin
2024-09-01 20:12:32,400 [INFO] PluginManager:220 - loadIPPluginJar : add resmgrutility
2024-09-01 20:12:32,454 [INFO] IPUIPlugin:80 - create IPUIPlugin
2024-09-01 20:12:32,454 [INFO] PluginManager:220 - loadIPPluginJar : add sai
2024-09-01 20:12:32,500 [INFO] IPUIPlugin:80 - create IPUIPlugin
2024-09-01 20:12:32,500 [INFO] PluginManager:220 - loadIPPluginJar : add spi
2024-09-01 20:12:32,575 [INFO] IPUIPlugin:80 - create IPUIPlugin
2024-09-01 20:12:32,575 [INFO] PluginManager:220 - loadIPPluginJar : add stm32_wpan
2024-09-01 20:12:32,601 [INFO] IPUIPlugin:80 - create IPUIPlugin
2024-09-01 20:12:32,601 [INFO] PluginManager:220 - loadIPPluginJar : add tim
2024-09-01 20:12:32,670 [INFO] IPUIPlugin:80 - create IPUIPlugin
2024-09-01 20:12:32,671 [INFO] PluginManager:220 - loadIPPluginJar : add touchsensing
2024-09-01 20:12:32,695 [INFO] IPUIPlugin:80 - create IPUIPlugin
2024-09-01 20:12:32,695 [INFO] PluginManager:220 - loadIPPluginJar : add tracer_emb
2024-09-01 20:12:32,719 [INFO] IPUIPlugin:80 - create IPUIPlugin
2024-09-01 20:12:32,719 [INFO] PluginManager:220 - loadIPPluginJar : add ts
2024-09-01 20:12:32,742 [INFO] IPUIPlugin:80 - create IPUIPlugin
2024-09-01 20:12:32,742 [INFO] PluginManager:220 - loadIPPluginJar : add tsc
2024-09-01 20:12:32,764 [INFO] IPUIPlugin:80 - create IPUIPlugin
2024-09-01 20:12:32,764 [INFO] PluginManager:220 - loadIPPluginJar : add ucpd
2024-09-01 20:12:32,808 [INFO] IPUIPlugin:80 - create IPUIPlugin
2024-09-01 20:12:32,809 [INFO] PluginManager:220 - loadIPPluginJar : add usart
2024-09-01 20:12:32,853 [INFO] IPUIPlugin:80 - create IPUIPlugin
2024-09-01 20:12:32,853 [INFO] PluginManager:220 - loadIPPluginJar : add usbx
2024-09-01 20:12:32,962 [INFO] ThirdPartyUpdaterWithRetryManager:70 - Updater plugin not ready yet. [2/15]
2024-09-01 20:12:32,973 [INFO] CADModel:165 - CPN selected for project level
2024-09-01 20:12:32,973 [INFO] CADModel:114 - Register for checkConnection events
2024-09-01 20:12:32,973 [FATAL] Updater:334 - Updater called before beeing initialized
2024-09-01 20:12:32,973 [ERROR] CADModel:125 - Updater not yet initialized, retry later 
2024-09-01 20:12:33,087 [INFO] CADModel:165 - CPN selected for project level
2024-09-01 20:12:33,087 [INFO] CADModel:114 - Register for checkConnection events
2024-09-01 20:12:33,087 [FATAL] Updater:334 - Updater called before beeing initialized
2024-09-01 20:12:33,087 [ERROR] CADModel:125 - Updater not yet initialized, retry later 
2024-09-01 20:12:33,090 [FATAL] Updater:334 - Updater called before beeing initialized
2024-09-01 20:12:33,198 [FATAL] Updater:334 - Updater called before beeing initialized
2024-09-01 20:12:33,208 [INFO] DbMcusAds:53 - JSON generation date=Thu May 16 06:22:00 ART 2024 (1715851320667)
2024-09-01 20:12:33,208 [FATAL] Updater:334 - Updater called before beeing initialized
2024-09-01 20:12:33,249 [WARN] DetailPanel:346 - Failed to get advertising image, set to default
2024-09-01 20:12:33,357 [FATAL] Updater:334 - Updater called before beeing initialized
2024-09-01 20:12:33,359 [FATAL] Updater:334 - Updater called before beeing initialized
2024-09-01 20:12:33,359 [FATAL] Updater:334 - Updater called before beeing initialized
2024-09-01 20:12:33,359 [WARN] DetailPanel:346 - Failed to get advertising image, set to default
2024-09-01 20:12:33,360 [FATAL] Updater:334 - Updater called before beeing initialized
2024-09-01 20:12:33,407 [ERROR] Updater:1164 - MainUpdater not yet initialized. External WinMGr cannot be set.
2024-09-01 20:12:33,415 [INFO] Updater:1100 - Updater Version found : 6.12.0
2024-09-01 20:12:33,430 [INFO] ApplicationProperties:184 - Using Application install path: C:\ST\STM32CubeIDE_1.16.0\STM32CubeIDE\plugins\com.st.stm32cube.common.mx_6.12.0.202406281431
2024-09-01 20:12:34,898 [INFO] MainUpdater:2873 - connection check result : 10
2024-09-01 20:12:34,898 [INFO] MainUpdater:3567 - Updater definition file requires update
2024-09-01 20:12:34,899 [INFO] MainUpdater:290 - Updater Check For Update Now.
2024-09-01 20:12:34,899 [INFO] MicroXplorer:498 - Change Database Version : DB.6.0.120
2024-09-01 20:12:34,913 [INFO] McuFinderGlobals:63 - Set McuFinder mode to 2 (CubeIDE integrated)
2024-09-01 20:12:34,918 [INFO] UserAuth:417 - Internet connection configuration mode: 1
2024-09-01 20:12:34,939 [INFO] JxBrowserEngine:152 - Initiate JxBrowser Engine with user profile folder
2024-09-01 20:12:35,963 [WARN] MainUpdater:1194 - Updater busy. Cannot search thirdparties
2024-09-01 20:12:35,963 [INFO] ThirdPartyUpdaterWithRetryManager:96 - Updater plugin is busy. [1/15]
2024-09-01 20:12:36,367 [INFO] ServerAccessManage:473 - Download File updaters.zip
2024-09-01 20:12:36,428 [INFO] FileExtend:240 - Unzip File : updaters.zip
2024-09-01 20:12:36,428 [INFO] FileExtend:255 - Standard Zip Deflate
2024-09-01 20:12:37,663 [INFO] WebApp:167 - Instantiating new browser for Auth
2024-09-01 20:12:37,808 [INFO] ServerAccessManage:473 - Download File PacksControlFlags.xml
2024-09-01 20:12:38,214 [INFO] WebApp:448 - Apply proxy settings
2024-09-01 20:12:38,215 [INFO] WebApp:533 - Chromium requires no authentication
2024-09-01 20:12:38,223 [INFO] WebApp:476 - Direct internet connection detected
2024-09-01 20:12:38,241 [INFO] WebApp:869 - Register for checkConnection events
2024-09-01 20:12:38,242 [INFO] WebApp:448 - Apply proxy settings
2024-09-01 20:12:38,242 [INFO] WebApp:533 - Chromium requires no authentication
2024-09-01 20:12:38,242 [INFO] WebApp:476 - Direct internet connection detected
2024-09-01 20:12:38,375 [INFO] WebApp:220 - Starting web application
2024-09-01 20:12:38,375 [INFO] WebApp:578 - Web application path used C:\ST\STM32CubeIDE_1.16.0\STM32CubeIDE\plugins\com.st.stm32cube.common.mx_6.12.0.202406281431\db\plugins\mcufinder\reactClient1\index.html
2024-09-01 20:12:38,492 [INFO] UserAuth:417 - Internet connection configuration mode: 1
2024-09-01 20:12:38,513 [INFO] WebApp:186 - Connection restablished
2024-09-01 20:12:38,964 [WARN] MainUpdater:1194 - Updater busy. Cannot search thirdparties
2024-09-01 20:12:38,964 [INFO] ThirdPartyUpdaterWithRetryManager:96 - Updater plugin is busy. [2/15]
2024-09-01 20:12:39,099 [INFO] ServerAccessManage:473 - Download File cubemx.pidx
2024-09-01 20:12:39,195 [INFO] LoadServerUpdatesThread:375 - End of LoadServerUpdate Thread
2024-09-01 20:12:39,352 [INFO] CheckServerUpdateThread:120 - End of CheckServer Thread
2024-09-01 20:12:42,088 [WARN] PackLoader:240 - Cannot read IP mode file for STMicroelectronics.FP-SNS-MOTENVWB1.1.4.0
2024-09-01 20:12:42,102 [WARN] PackLoader:240 - Cannot read IP mode file for STMicroelectronics.X-CUBE-SMBUS.2.1.0
2024-09-01 20:12:42,112 [WARN] PackLoader:240 - Cannot read IP mode file for STMicroelectronics.FP-SNS-FLIGHT1.5.0.2
2024-09-01 20:12:42,126 [WARN] PackLoader:240 - Cannot read IP mode file for STMicroelectronics.X-CUBE-DISPLAY.3.0.0
2024-09-01 20:12:42,143 [WARN] PackLoader:240 - Cannot read IP mode file for STMicroelectronics.X-CUBE-BLE1.7.0.0
2024-09-01 20:12:42,160 [WARN] PackLoader:240 - Cannot read IP mode file for STMicroelectronics.X-CUBE-BLEMGR.3.1.0
2024-09-01 20:12:42,172 [WARN] PackLoader:240 - Cannot read IP mode file for STMicroelectronics.FP-SNS-SMARTAG2.1.2.0
2024-09-01 20:12:42,185 [WARN] PackLoader:240 - Cannot read IP mode file for STMicroelectronics.FP-SNS-MOTENV1.5.0.0
2024-09-01 20:12:42,196 [WARN] PackLoader:240 - Cannot read IP mode file for STMicroelectronics.X-CUBE-BLE2.3.3.0
2024-09-01 20:12:42,207 [WARN] PackLoader:240 - Cannot read IP mode file for STMicroelectronics.X-CUBE-TCPP.4.1.0
2024-09-01 20:12:42,222 [WARN] PackLoader:240 - Cannot read IP mode file for STMicroelectronics.X-CUBE-SAFEA1.1.2.2
2024-09-01 20:12:42,232 [WARN] PackLoader:240 - Cannot read IP mode file for STMicroelectronics.X-CUBE-NFC4.3.0.0
2024-09-01 20:12:42,242 [WARN] PackLoader:240 - Cannot read IP mode file for STMicroelectronics.FP-ATR-SIGFOX1.3.2.0
2024-09-01 20:12:42,253 [WARN] PackLoader:240 - Cannot read IP mode file for STMicroelectronics.X-CUBE-EEPRMA1.5.1.0
2024-09-01 20:12:42,263 [WARN] PackLoader:240 - Cannot read IP mode file for STMicroelectronics.X-CUBE-GNSS1.6.0.0
2024-09-01 20:12:42,273 [WARN] PackLoader:240 - Cannot read IP mode file for STMicroelectronics.X-CUBE-FREERTOS.1.2.0
2024-09-01 20:12:42,285 [WARN] PackLoader:240 - Cannot read IP mode file for STMicroelectronics.X-CUBE-NFC6.3.1.0
2024-09-01 20:12:42,298 [WARN] PackLoader:240 - Cannot read IP mode file for STMicroelectronics.X-CUBE-AI.9.0.0
2024-09-01 20:12:42,310 [WARN] PackLoader:240 - Cannot read IP mode file for STMicroelectronics.X-CUBE-NFC7.1.0.1
2024-09-01 20:12:42,322 [WARN] PackLoader:240 - Cannot read IP mode file for STMicroelectronics.X-CUBE-SFXS2LP1.4.0.0
2024-09-01 20:12:42,338 [WARN] PackLoader:240 - Cannot read IP mode file for STMicroelectronics.X-CUBE-SUBG2.5.0.0
2024-09-01 20:12:42,352 [WARN] PackLoader:240 - Cannot read IP mode file for STMicroelectronics.X-CUBE-ISPU.2.0.0
2024-09-01 20:12:42,361 [WARN] PackLoader:240 - Cannot read IP mode file for STMicroelectronics.X-CUBE-ALS.1.0.2
2024-09-01 20:12:42,401 [WARN] PackLoader:240 - Cannot read IP mode file for STMicroelectronics.X-CUBE-MEMS1.10.0.0
2024-09-01 20:12:42,494 [WARN] PackLoader:240 - Cannot read IP mode file for STMicroelectronics.FP-ATR-ASTRA1.2.0.0
2024-09-01 20:12:42,495 [INFO] ThirdParty:978 - Integrity check success = true
2024-09-01 20:12:42,495 [INFO] IntegrityCheckThread:100 - exiting critical section [integrity check]
2024-09-01 20:12:42,495 [INFO] IntegrityCheckThread:103 - End integrity checks thread
2024-09-01 20:13:33,383 [INFO] WebApp:189 - Connection lost
2024-09-01 20:13:33,532 [INFO] WebApp:186 - Connection restablished
2024-09-01 21:17:45,786 [ERROR] LogOutputStream:75 - [STDERR_REDIRECT] 
