2025-07-18 19:30:57,670 [INFO] Activator:176 - 


2025-07-18 19:30:57,675 [INFO] Activator:177 - !SESSION log4j initialized
2025-07-18 19:31:02,738 [INFO] LogOutputStream:77 - [STDOUT_REDIRECT] 
2025-07-18 19:31:07,340 [INFO] ApplicationProperties:184 - Using Application install path: C:\ST\STM32CubeIDE_1.16.0\STM32CubeIDE\plugins\com.st.stm32cube.common.mx_6.12.1.202409122256
2025-07-18 19:31:07,358 [INFO] DbMcusXml:78 - Set database path to: C:\ST\STM32CubeIDE_1.16.0\STM32CubeIDE\plugins\com.st.stm32cube.common.mx_6.12.1.202409122256\\db\/mcu/
2025-07-18 19:31:07,358 [INFO] ApiDb:274 - Set plugin database path to: C:\ST\STM32CubeIDE_1.16.0\STM32CubeIDE\plugins\com.st.stm32cube.common.mx_6.12.1.202409122256\\db\/plugins/boardmanager/
2025-07-18 19:31:07,358 [WARN] ApiDb:259 - Overriding images path with different value:  => C:\ST\STM32CubeIDE_1.16.0\STM32CubeIDE\plugins\com.st.stm32cube.common.mx_6.12.1.202409122256\\db\/plugins/mcufinder/images/
2025-07-18 19:31:07,373 [INFO] ApiDb:250 - Set database path to: C:\Users\Juan\.stmcufinder\plugins\mcufinder//mcu/
2025-07-18 19:31:07,374 [INFO] DbMcusAds:125 - Set database path to: C:\Users\Juan\.stmcufinder\plugins\mcufinder//mcu/
2025-07-18 19:31:07,376 [INFO] CrossReferenceDbSqlite:203 - Set database path to: C:\Users\Juan\.stmcufinder\plugins\mcufinder//mcu/cs/
2025-07-18 19:31:07,473 [INFO] RulesReader:64 - Compatibility file has been processed (297 Rules)
2025-07-18 19:31:07,550 [INFO] DbMcusXml:78 - Set database path to: C:\ST\STM32CubeIDE_1.16.0\STM32CubeIDE\plugins\com.st.stm32cube.common.mx_6.12.1.202409122256\\db\/mcu/
2025-07-18 19:31:07,550 [INFO] ApiDb:274 - Set plugin database path to: C:\ST\STM32CubeIDE_1.16.0\STM32CubeIDE\plugins\com.st.stm32cube.common.mx_6.12.1.202409122256\\db\/plugins/boardmanager/
2025-07-18 19:31:07,550 [INFO] ApiDb:261 - Set plugin images path to: C:\ST\STM32CubeIDE_1.16.0\STM32CubeIDE\plugins\com.st.stm32cube.common.mx_6.12.1.202409122256\\db\/plugins/mcufinder/images/
2025-07-18 19:31:07,550 [WARN] DbFile:41 - Overriding database path with different value: C:\Users\Juan\.stmcufinder\plugins\mcufinder/ => C:\Users\Juan\.stmcufinder\plugins\mcufinder
2025-07-18 19:31:07,550 [INFO] ApiDb:250 - Set database path to: C:\Users\Juan\.stmcufinder\plugins\mcufinder//mcu/
2025-07-18 19:31:07,550 [WARN] DbFile:41 - Overriding database path with different value: C:\Users\Juan\.stmcufinder\plugins\mcufinder/ => C:\Users\Juan\.stmcufinder\plugins\mcufinder
2025-07-18 19:31:07,550 [INFO] DbMcusAds:125 - Set database path to: C:\Users\Juan\.stmcufinder\plugins\mcufinder//mcu/
2025-07-18 19:31:07,551 [WARN] DbFile:41 - Overriding database path with different value: C:\Users\Juan\.stmcufinder\plugins\mcufinder/ => C:\Users\Juan\.stmcufinder\plugins\mcufinder
2025-07-18 19:31:07,551 [WARN] DbFile:41 - Overriding database path with different value: C:\Users\Juan\.stmcufinder\plugins\mcufinder/ => C:\Users\Juan\.stmcufinder\plugins\mcufinder
2025-07-18 19:31:07,551 [INFO] CrossReferenceDbSqlite:203 - Set database path to: C:\Users\Juan\.stmcufinder\plugins\mcufinder//mcu/cs/
2025-07-18 19:31:07,624 [INFO] MainPanel:268 - HeapMemory: 268435456
2025-07-18 19:31:07,760 [INFO] DbMcusXml:78 - Set database path to: C:\ST\STM32CubeIDE_1.16.0\STM32CubeIDE\plugins\com.st.stm32cube.common.mx_6.12.1.202409122256\\db\/mcu/
2025-07-18 19:31:07,760 [INFO] ApiDb:274 - Set plugin database path to: C:\ST\STM32CubeIDE_1.16.0\STM32CubeIDE\plugins\com.st.stm32cube.common.mx_6.12.1.202409122256\\db\/plugins/boardmanager/
2025-07-18 19:31:07,760 [INFO] ApiDb:261 - Set plugin images path to: C:\ST\STM32CubeIDE_1.16.0\STM32CubeIDE\plugins\com.st.stm32cube.common.mx_6.12.1.202409122256\\db\/plugins/mcufinder/images/
2025-07-18 19:31:07,760 [WARN] DbFile:41 - Overriding database path with different value: C:\Users\Juan\.stmcufinder\plugins\mcufinder/ => C:\Users\Juan\.stmcufinder\plugins\mcufinder
2025-07-18 19:31:07,760 [INFO] ApiDb:250 - Set database path to: C:\Users\Juan\.stmcufinder\plugins\mcufinder//mcu/
2025-07-18 19:31:07,760 [WARN] DbFile:41 - Overriding database path with different value: C:\Users\Juan\.stmcufinder\plugins\mcufinder/ => C:\Users\Juan\.stmcufinder\plugins\mcufinder
2025-07-18 19:31:07,760 [INFO] DbMcusAds:125 - Set database path to: C:\Users\Juan\.stmcufinder\plugins\mcufinder//mcu/
2025-07-18 19:31:07,760 [WARN] DbFile:41 - Overriding database path with different value: C:\Users\Juan\.stmcufinder\plugins\mcufinder/ => C:\Users\Juan\.stmcufinder\plugins\mcufinder
2025-07-18 19:31:07,760 [WARN] DbFile:41 - Overriding database path with different value: C:\Users\Juan\.stmcufinder\plugins\mcufinder/ => C:\Users\Juan\.stmcufinder\plugins\mcufinder
2025-07-18 19:31:07,760 [INFO] CrossReferenceDbSqlite:203 - Set database path to: C:\Users\Juan\.stmcufinder\plugins\mcufinder//mcu/cs/
2025-07-18 19:31:07,776 [INFO] ApplicationProperties:184 - Using Application install path: C:\ST\STM32CubeIDE_1.16.0\STM32CubeIDE\plugins\com.st.stm32cube.common.mx_6.12.1.202409122256
2025-07-18 19:31:07,776 [INFO] PluginManage:196 - Search for loadable plugins [exclusion list=, ]
2025-07-18 19:31:07,781 [INFO] PluginManage:310 - Check plugin analytics
2025-07-18 19:31:12,480 [INFO] AnalyticsPlugin:253 - Accepted Software Licenses: STM32CubeMX.6.12.0
2025-07-18 19:31:12,481 [INFO] AnalyticsPlugin:255 - Accepted CMSIS Pack Licenses: 
2025-07-18 19:31:12,481 [INFO] AnalyticsPlugin:257 - Accepted Firmware Licenses: FW.F4.1.28.0
2025-07-18 19:31:12,482 [INFO] PluginManage:359 - Loaded plugin analytics (category:tool,tabindex:-1)
2025-07-18 19:31:12,483 [INFO] PluginManage:310 - Check plugin cadmodel
2025-07-18 19:31:12,499 [INFO] CADModel:105 - Init CAD model plugin
2025-07-18 19:31:12,499 [INFO] PluginManage:359 - Loaded plugin cadmodel (category:power,tabindex:5)
2025-07-18 19:31:12,499 [INFO] PluginManage:310 - Check plugin clock
2025-07-18 19:31:12,518 [INFO] PluginManage:359 - Loaded plugin clock (category:base,tabindex:2)
2025-07-18 19:31:12,518 [INFO] PluginManage:310 - Check plugin ddr
2025-07-18 19:31:12,520 [INFO] PluginManage:359 - Loaded plugin ddr (category:tool,tabindex:6)
2025-07-18 19:31:12,520 [INFO] PluginManage:310 - Check plugin filemanager
2025-07-18 19:31:12,639 [INFO] PluginManage:359 - Loaded plugin filemanager (category:base,tabindex:10)
2025-07-18 19:31:12,639 [INFO] PluginManage:310 - Check plugin ipmanager
2025-07-18 19:31:12,646 [INFO] PluginManage:359 - Loaded plugin ipmanager (category:base,tabindex:5)
2025-07-18 19:31:12,646 [INFO] PluginManage:310 - Check plugin lpbam
2025-07-18 19:31:12,665 [INFO] PluginManage:359 - Loaded plugin lpbam (category:base,tabindex:0)
2025-07-18 19:31:12,665 [INFO] PluginManage:310 - Check plugin memorymap
2025-07-18 19:31:12,691 [INFO] PluginManage:359 - Loaded plugin memorymap (category:base,tabindex:4)
2025-07-18 19:31:12,691 [INFO] PluginManage:310 - Check plugin pinoutandconfiguration
2025-07-18 19:31:12,709 [INFO] PluginManage:359 - Loaded plugin pinoutandconfiguration (category:base,tabindex:1)
2025-07-18 19:31:12,709 [INFO] PluginManage:310 - Check plugin pinoutconfig
2025-07-18 19:31:12,796 [WARN] SupportedApi:132 - Cannot load RTOS API schema: s4s-elt-must-match.1: The content of 'definitions' must match (annotation?, (simpleType | complexType)?, (unique | key | keyref)*)). A problem was found starting at: attribute.
2025-07-18 19:31:12,910 [INFO] PluginManage:359 - Loaded plugin pinoutconfig (category:base,tabindex:0)
2025-07-18 19:31:12,910 [INFO] PluginManage:310 - Check plugin power
2025-07-18 19:31:12,932 [INFO] PluginManage:359 - Loaded plugin power (category:power,tabindex:4)
2025-07-18 19:31:12,932 [INFO] PluginManage:310 - Check plugin projectmanager
2025-07-18 19:31:12,945 [INFO] PluginManage:359 - Loaded plugin projectmanager (category:projectmanager,tabindex:4)
2025-07-18 19:31:12,945 [INFO] PluginManage:310 - Check plugin rif
2025-07-18 19:31:12,963 [INFO] PluginManage:359 - Loaded plugin rif (category:base,tabindex:3)
2025-07-18 19:31:12,963 [INFO] PluginManage:310 - Check plugin thirdparty
2025-07-18 19:31:13,224 [INFO] PluginManage:359 - Loaded plugin thirdparty (category:base,tabindex:-1)
2025-07-18 19:31:13,224 [INFO] PluginManage:310 - Check plugin tools
2025-07-18 19:31:13,224 [WARN] IntegrityCheckThread:84 - waiting for thirdparty lock release [integrity check]
2025-07-18 19:31:13,224 [INFO] IntegrityCheckThread:86 - entering critical section [integrity check]
2025-07-18 19:31:13,225 [INFO] ThirdPartyUpdaterWithRetryManager:70 - Updater plugin not ready yet. [1/15]
2025-07-18 19:31:13,265 [INFO] PluginManage:359 - Loaded plugin tools (category:base,tabindex:7)
2025-07-18 19:31:13,265 [INFO] PluginManage:310 - Check plugin tutovideos
2025-07-18 19:31:13,425 [INFO] PluginManage:359 - Loaded plugin tutovideos (category:base,tabindex:-1)
2025-07-18 19:31:13,426 [INFO] PluginManage:310 - Check plugin updater
2025-07-18 19:31:13,439 [INFO] PluginManage:359 - Loaded plugin updater (category:base,tabindex:12)
2025-07-18 19:31:13,439 [INFO] PluginManage:310 - Check plugin userauth
2025-07-18 19:31:13,444 [INFO] UserAuth:113 - Init User Auth plugin
2025-07-18 19:31:13,444 [INFO] PluginManage:359 - Loaded plugin userauth (category:base,tabindex:14)
2025-07-18 19:31:13,444 [INFO] PluginManage:283 - PluginManage : Loaded plugins [18]
2025-07-18 19:31:13,612 [INFO] PinOutPanel:1561 - setPackage(No Configuration,No Configuration)
2025-07-18 19:31:13,693 [INFO] CADModel:165 - CPN selected for project level
2025-07-18 19:31:13,693 [INFO] CADModel:114 - Register for checkConnection events
2025-07-18 19:31:13,718 [INFO] IPUIPlugin:80 - create IPUIPlugin
2025-07-18 19:31:13,718 [INFO] PluginManager:220 - loadIPPluginJar : add adc
2025-07-18 19:31:13,758 [INFO] IPUIPlugin:80 - create IPUIPlugin
2025-07-18 19:31:13,758 [INFO] PluginManager:220 - loadIPPluginJar : add aes
2025-07-18 19:31:13,804 [INFO] IPUIPlugin:80 - create IPUIPlugin
2025-07-18 19:31:13,805 [INFO] PluginManager:220 - loadIPPluginJar : add can
2025-07-18 19:31:13,833 [INFO] IPUIPlugin:80 - create IPUIPlugin
2025-07-18 19:31:13,833 [INFO] PluginManager:220 - loadIPPluginJar : add comp
2025-07-18 19:31:13,871 [INFO] IPUIPlugin:80 - create IPUIPlugin
2025-07-18 19:31:13,871 [INFO] PluginManager:220 - loadIPPluginJar : add cryp
2025-07-18 19:31:13,884 [INFO] IPUIPlugin:80 - create IPUIPlugin
2025-07-18 19:31:13,884 [INFO] PluginManager:220 - loadIPPluginJar : add ddr_ctrl_phy
2025-07-18 19:31:13,918 [INFO] IPUIPlugin:80 - create IPUIPlugin
2025-07-18 19:31:13,919 [INFO] PluginManager:220 - loadIPPluginJar : add dfsdm
2025-07-18 19:31:13,934 [INFO] IPUIPlugin:80 - create IPUIPlugin
2025-07-18 19:31:13,934 [INFO] PluginManager:220 - loadIPPluginJar : add dma
2025-07-18 19:31:13,986 [INFO] IPUIPlugin:80 - create IPUIPlugin
2025-07-18 19:31:13,986 [INFO] PluginManager:220 - loadIPPluginJar : add dma3
2025-07-18 19:31:14,035 [INFO] IPUIPlugin:80 - create IPUIPlugin
2025-07-18 19:31:14,035 [INFO] PluginManager:220 - loadIPPluginJar : add extmemmanager
2025-07-18 19:31:14,059 [INFO] IPUIPlugin:80 - create IPUIPlugin
2025-07-18 19:31:14,060 [INFO] PluginManager:220 - loadIPPluginJar : add fatfs
2025-07-18 19:31:14,112 [INFO] IPUIPlugin:80 - create IPUIPlugin
2025-07-18 19:31:14,112 [INFO] PluginManager:220 - loadIPPluginJar : add fmc
2025-07-18 19:31:14,128 [INFO] IPUIPlugin:80 - create IPUIPlugin
2025-07-18 19:31:14,128 [INFO] PluginManager:220 - loadIPPluginJar : add freertos
2025-07-18 19:31:14,152 [INFO] IPUIPlugin:80 - create IPUIPlugin
2025-07-18 19:31:14,152 [INFO] PluginManager:220 - loadIPPluginJar : add genericplugin
2025-07-18 19:31:14,260 [INFO] IPUIPlugin:80 - create IPUIPlugin
2025-07-18 19:31:14,260 [INFO] PluginManager:220 - loadIPPluginJar : add gfxmmu
2025-07-18 19:31:14,409 [INFO] IPUIPlugin:80 - create IPUIPlugin
2025-07-18 19:31:14,410 [INFO] PluginManager:220 - loadIPPluginJar : add gic
2025-07-18 19:31:14,424 [INFO] IPUIPlugin:80 - create IPUIPlugin
2025-07-18 19:31:14,424 [INFO] PluginManager:220 - loadIPPluginJar : add gpio
2025-07-18 19:31:14,525 [INFO] IPUIPlugin:80 - create IPUIPlugin
2025-07-18 19:31:14,525 [INFO] PluginManager:220 - loadIPPluginJar : add gtzc
2025-07-18 19:31:14,563 [INFO] IPUIPlugin:80 - create IPUIPlugin
2025-07-18 19:31:14,563 [INFO] PluginManager:220 - loadIPPluginJar : add hash
2025-07-18 19:31:14,622 [INFO] IPUIPlugin:80 - create IPUIPlugin
2025-07-18 19:31:14,622 [INFO] PluginManager:220 - loadIPPluginJar : add i2c
2025-07-18 19:31:14,668 [INFO] IPUIPlugin:80 - create IPUIPlugin
2025-07-18 19:31:14,668 [INFO] PluginManager:220 - loadIPPluginJar : add i2s
2025-07-18 19:31:14,714 [INFO] IPUIPlugin:80 - create IPUIPlugin
2025-07-18 19:31:14,714 [INFO] PluginManager:220 - loadIPPluginJar : add i3c
2025-07-18 19:31:14,822 [INFO] IPUIPlugin:80 - create IPUIPlugin
2025-07-18 19:31:14,823 [INFO] PluginManager:220 - loadIPPluginJar : add ipddr
2025-07-18 19:31:14,927 [INFO] IPUIPlugin:80 - create IPUIPlugin
2025-07-18 19:31:14,928 [INFO] PluginManager:220 - loadIPPluginJar : add linkedlist
2025-07-18 19:31:14,969 [INFO] IPUIPlugin:80 - create IPUIPlugin
2025-07-18 19:31:14,969 [INFO] PluginManager:220 - loadIPPluginJar : add lorawan
2025-07-18 19:31:15,013 [INFO] IPUIPlugin:80 - create IPUIPlugin
2025-07-18 19:31:15,013 [INFO] PluginManager:220 - loadIPPluginJar : add ltdc
2025-07-18 19:31:15,028 [INFO] IPUIPlugin:80 - create IPUIPlugin
2025-07-18 19:31:15,028 [INFO] PluginManager:220 - loadIPPluginJar : add mdma
2025-07-18 19:31:15,041 [INFO] IPUIPlugin:80 - create IPUIPlugin
2025-07-18 19:31:15,041 [INFO] PluginManager:220 - loadIPPluginJar : add nvic
2025-07-18 19:31:15,084 [INFO] IPUIPlugin:80 - create IPUIPlugin
2025-07-18 19:31:15,085 [INFO] PluginManager:220 - loadIPPluginJar : add opamp
2025-07-18 19:31:15,155 [INFO] IPUIPlugin:80 - create IPUIPlugin
2025-07-18 19:31:15,155 [INFO] PluginManager:220 - loadIPPluginJar : add openamp
2025-07-18 19:31:15,208 [INFO] IPUIPlugin:80 - create IPUIPlugin
2025-07-18 19:31:15,208 [INFO] PluginManager:220 - loadIPPluginJar : add pdm2pcm
2025-07-18 19:31:15,223 [INFO] IPUIPlugin:80 - create IPUIPlugin
2025-07-18 19:31:15,225 [INFO] PluginManager:220 - loadIPPluginJar : add plateformsettings
2025-07-18 19:31:15,252 [INFO] IPUIPlugin:80 - create IPUIPlugin
2025-07-18 19:31:15,252 [INFO] PluginManager:220 - loadIPPluginJar : add quadspi
2025-07-18 19:31:15,282 [INFO] IPUIPlugin:80 - create IPUIPlugin
2025-07-18 19:31:15,283 [INFO] PluginManager:220 - loadIPPluginJar : add radio
2025-07-18 19:31:15,297 [INFO] IPUIPlugin:80 - create IPUIPlugin
2025-07-18 19:31:15,297 [INFO] PluginManager:220 - loadIPPluginJar : add resmgrutility
2025-07-18 19:31:15,349 [INFO] IPUIPlugin:80 - create IPUIPlugin
2025-07-18 19:31:15,349 [INFO] PluginManager:220 - loadIPPluginJar : add sai
2025-07-18 19:31:15,394 [INFO] IPUIPlugin:80 - create IPUIPlugin
2025-07-18 19:31:15,394 [INFO] PluginManager:220 - loadIPPluginJar : add spi
2025-07-18 19:31:15,473 [INFO] IPUIPlugin:80 - create IPUIPlugin
2025-07-18 19:31:15,473 [INFO] PluginManager:220 - loadIPPluginJar : add stm32_wpan
2025-07-18 19:31:15,501 [INFO] IPUIPlugin:80 - create IPUIPlugin
2025-07-18 19:31:15,501 [INFO] PluginManager:220 - loadIPPluginJar : add tim
2025-07-18 19:31:15,568 [INFO] IPUIPlugin:80 - create IPUIPlugin
2025-07-18 19:31:15,568 [INFO] PluginManager:220 - loadIPPluginJar : add touchsensing
2025-07-18 19:31:15,595 [INFO] IPUIPlugin:80 - create IPUIPlugin
2025-07-18 19:31:15,595 [INFO] PluginManager:220 - loadIPPluginJar : add tracer_emb
2025-07-18 19:31:15,623 [INFO] IPUIPlugin:80 - create IPUIPlugin
2025-07-18 19:31:15,623 [INFO] PluginManager:220 - loadIPPluginJar : add ts
2025-07-18 19:31:15,649 [INFO] IPUIPlugin:80 - create IPUIPlugin
2025-07-18 19:31:15,649 [INFO] PluginManager:220 - loadIPPluginJar : add tsc
2025-07-18 19:31:15,676 [INFO] IPUIPlugin:80 - create IPUIPlugin
2025-07-18 19:31:15,676 [INFO] PluginManager:220 - loadIPPluginJar : add ucpd
2025-07-18 19:31:15,726 [INFO] IPUIPlugin:80 - create IPUIPlugin
2025-07-18 19:31:15,726 [INFO] PluginManager:220 - loadIPPluginJar : add usart
2025-07-18 19:31:15,774 [INFO] IPUIPlugin:80 - create IPUIPlugin
2025-07-18 19:31:15,774 [INFO] PluginManager:220 - loadIPPluginJar : add usbx
2025-07-18 19:31:15,890 [INFO] CADModel:165 - CPN selected for project level
2025-07-18 19:31:15,890 [INFO] CADModel:114 - Register for checkConnection events
2025-07-18 19:31:15,890 [FATAL] Updater:334 - Updater called before beeing initialized
2025-07-18 19:31:15,891 [ERROR] CADModel:125 - Updater not yet initialized, retry later 
2025-07-18 19:31:15,998 [INFO] CADModel:165 - CPN selected for project level
2025-07-18 19:31:15,998 [INFO] CADModel:114 - Register for checkConnection events
2025-07-18 19:31:15,998 [FATAL] Updater:334 - Updater called before beeing initialized
2025-07-18 19:31:15,998 [ERROR] CADModel:125 - Updater not yet initialized, retry later 
2025-07-18 19:31:16,001 [FATAL] Updater:334 - Updater called before beeing initialized
2025-07-18 19:31:16,082 [FATAL] Updater:334 - Updater called before beeing initialized
2025-07-18 19:31:16,093 [INFO] DbMcusAds:53 - JSON generation date=Fri Sep 20 10:04:38 ART 2024 (1726837478367)
2025-07-18 19:31:16,093 [FATAL] Updater:334 - Updater called before beeing initialized
2025-07-18 19:31:16,127 [WARN] DetailPanel:346 - Failed to get advertising image, set to default
2025-07-18 19:31:16,192 [FATAL] Updater:334 - Updater called before beeing initialized
2025-07-18 19:31:16,193 [FATAL] Updater:334 - Updater called before beeing initialized
2025-07-18 19:31:16,193 [FATAL] Updater:334 - Updater called before beeing initialized
2025-07-18 19:31:16,193 [WARN] DetailPanel:346 - Failed to get advertising image, set to default
2025-07-18 19:31:16,194 [FATAL] Updater:334 - Updater called before beeing initialized
2025-07-18 19:31:16,225 [INFO] ThirdPartyUpdaterWithRetryManager:70 - Updater plugin not ready yet. [2/15]
2025-07-18 19:31:16,249 [ERROR] Updater:1164 - MainUpdater not yet initialized. External WinMGr cannot be set.
2025-07-18 19:31:16,261 [INFO] Updater:1100 - Updater Version found : 6.12.1
2025-07-18 19:31:16,278 [INFO] ApplicationProperties:184 - Using Application install path: C:\ST\STM32CubeIDE_1.16.0\STM32CubeIDE\plugins\com.st.stm32cube.common.mx_6.12.1.202409122256
2025-07-18 19:31:16,895 [INFO] MainUpdater:2873 - connection check result : 10
2025-07-18 19:31:16,895 [INFO] MainUpdater:290 - Updater Check For Update Now.
2025-07-18 19:31:16,895 [INFO] MicroXplorer:498 - Change Database Version : DB.6.0.121
2025-07-18 19:31:16,910 [INFO] McuFinderGlobals:63 - Set McuFinder mode to 2 (CubeIDE integrated)
2025-07-18 19:31:16,917 [INFO] UserAuth:417 - Internet connection configuration mode: 1
2025-07-18 19:31:16,949 [INFO] JxBrowserEngine:152 - Initiate JxBrowser Engine with user profile folder
2025-07-18 19:31:17,104 [INFO] CheckServerUpdateThread:120 - End of CheckServer Thread
2025-07-18 19:31:17,125 [INFO] MainUpdater:2873 - connection check result : 10
2025-07-18 19:31:17,132 [INFO] MainUpdater:2873 - connection check result : 10
2025-07-18 19:31:17,392 [INFO] RulesReader:64 - Compatibility file has been processed (297 Rules)
2025-07-18 19:31:17,398 [INFO] RulesReader:64 - Compatibility file has been processed (297 Rules)
2025-07-18 19:31:17,404 [INFO] MicroXplorer:468 - Change Database Path : 
2025-07-18 19:31:17,404 [INFO] MicroXplorer:498 - Change Database Version : DB.6.0.121
2025-07-18 19:31:17,417 [WARN] ThirdParty:871 - waiting for thirdparty lock release [close project]
2025-07-18 19:31:19,270 [INFO] WebApp:167 - Instantiating new browser for Auth
2025-07-18 19:31:19,508 [WARN] PackLoader:240 - Cannot read IP mode file for STMicroelectronics.FP-SNS-MOTENVWB1.1.4.0
2025-07-18 19:31:19,524 [WARN] PackLoader:240 - Cannot read IP mode file for STMicroelectronics.FP-ATR-ASTRA1.2.0.2
2025-07-18 19:31:19,540 [WARN] PackLoader:240 - Cannot read IP mode file for STMicroelectronics.X-CUBE-SMBUS.2.1.0
2025-07-18 19:31:19,553 [ERROR] Engine:466 - C:\Users\Juan\.stm32cubemx\thirdparties\pdsc\STMicroelectronics.X-CUBE-ST60.1.0.0.pdsc: PDSC version is not supported
2025-07-18 19:31:19,590 [WARN] PackLoader:240 - Cannot read IP mode file for STMicroelectronics.X-CUBE-AZRTOS-F7.1.1.0
2025-07-18 19:31:19,628 [WARN] PackLoader:240 - Cannot read IP mode file for Infineon.AIROC-Wi-Fi-Bluetooth-STM32.1.7.0
2025-07-18 19:31:19,671 [WARN] PackLoader:240 - Cannot read IP mode file for STMicroelectronics.X-CUBE-AZRTOS-H7.3.4.0
2025-07-18 19:31:19,700 [WARN] PackLoader:240 - Cannot read IP mode file for STMicroelectronics.X-CUBE-DISPLAY.3.0.0
2025-07-18 19:31:19,725 [WARN] PackLoader:240 - Cannot read IP mode file for STMicroelectronics.X-CUBE-NFC10.1.0.0
2025-07-18 19:31:19,745 [WARN] PackLoader:240 - Cannot read IP mode file for STMicroelectronics.X-CUBE-BLEMGR.4.0.0
2025-07-18 19:31:19,763 [WARN] PackLoader:240 - Cannot read IP mode file for emotas.I-CUBE-CANOPEN.1.3.0
2025-07-18 19:31:19,779 [WARN] ConditionMgr:438 - getConditionDescription Invalid condition id : Cortex-A Device cause : null
2025-07-18 19:31:19,803 [WARN] ConditionMgr:1039 - genDependencies : Invalid condition id : Cortex-A Device cause : null
2025-07-18 19:31:19,803 [WARN] ConditionMgr:1039 - genDependencies : Invalid condition id : Cortex-A Device cause : null
2025-07-18 19:31:19,803 [WARN] ConditionMgr:1039 - genDependencies : Invalid condition id : Cortex-A Device cause : null
2025-07-18 19:31:19,817 [WARN] PackLoader:240 - Cannot read IP mode file for STMicroelectronics.X-CUBE-AI.10.0.0
2025-07-18 19:31:19,833 [WARN] PackLoader:240 - Cannot read IP mode file for STMicroelectronics.FP-SNS-SMARTAG2.1.2.0
2025-07-18 19:31:19,846 [ERROR] Engine:466 - C:\Users\Juan\.stm32cubemx\thirdparties\pdsc\STMicroelectronics.FP-SNS-FLIGHT1.5.1.0.pdsc: PDSC version is not supported
2025-07-18 19:31:19,868 [INFO] LogOutputStream:77 - [STDOUT_REDIRECT] 1 : Invalid condition id : UX_CORESTACK_Condition cause : null
2025-07-18 19:31:19,868 [INFO] LogOutputStream:77 - [STDOUT_REDIRECT] 1 : Invalid condition id : UX_CORESTACK_Condition cause : null
2025-07-18 19:31:19,869 [INFO] LogOutputStream:77 - [STDOUT_REDIRECT] 1 : Invalid condition id : UX_CORESTACK_Condition cause : null
2025-07-18 19:31:19,870 [INFO] LogOutputStream:77 - [STDOUT_REDIRECT] 1 : Invalid condition id : UX_CORESTACK_Condition cause : null
2025-07-18 19:31:19,871 [INFO] LogOutputStream:77 - [STDOUT_REDIRECT] 1 : Invalid condition id : UX_CORESTACK_Condition cause : null
2025-07-18 19:31:19,874 [WARN] PackLoader:240 - Cannot read IP mode file for STMicroelectronics.X-CUBE-AZRTOS-WL.2.0.0
2025-07-18 19:31:19,890 [WARN] PackLoader:240 - Cannot read IP mode file for STMicroelectronics.FP-SNS-MOTENV1.5.0.0
2025-07-18 19:31:19,911 [WARN] PackLoader:240 - Cannot read IP mode file for WES.I-CUBE-Cesium.1.3.0
2025-07-18 19:31:19,927 [WARN] PackLoader:240 - Cannot read IP mode file for STMicroelectronics.X-CUBE-BLE2.3.3.0
2025-07-18 19:31:19,944 [WARN] PackLoader:240 - Cannot read IP mode file for STMicroelectronics.X-CUBE-NFC9.1.0.0
2025-07-18 19:31:19,961 [WARN] PackLoader:240 - Cannot read IP mode file for wolfSSL.I-CUBE-wolfSSL.5.8.0
2025-07-18 19:31:19,977 [WARN] PackLoader:240 - Cannot read IP mode file for STMicroelectronics.X-CUBE-BLE1.7.1.0
2025-07-18 19:31:19,991 [WARN] PackLoader:240 - Cannot read IP mode file for wolfSSL.I-CUBE-wolfMQTT.1.19.2
2025-07-18 19:31:20,008 [WARN] PackLoader:240 - Cannot read IP mode file for STMicroelectronics.X-CUBE-EEPRMA1.5.2.0
2025-07-18 19:31:20,026 [WARN] PackLoader:240 - Cannot read IP mode file for STMicroelectronics.X-CUBE-AI.10.1.0
2025-07-18 19:31:20,111 [WARN] PackLoader:240 - Cannot read IP mode file for STMicroelectronics.X-CUBE-MEMS1.11.2.0
2025-07-18 19:31:20,184 [INFO] WebApp:448 - Apply proxy settings
2025-07-18 19:31:20,184 [INFO] WebApp:533 - Chromium requires no authentication
2025-07-18 19:31:20,193 [INFO] WebApp:476 - Direct internet connection detected
2025-07-18 19:31:20,217 [INFO] WebApp:869 - Register for checkConnection events
2025-07-18 19:31:20,217 [INFO] WebApp:448 - Apply proxy settings
2025-07-18 19:31:20,217 [INFO] WebApp:533 - Chromium requires no authentication
2025-07-18 19:31:20,218 [INFO] WebApp:476 - Direct internet connection detected
2025-07-18 19:31:20,250 [WARN] PackLoader:240 - Cannot read IP mode file for STMicroelectronics.X-CUBE-AZRTOS-G0.1.1.0
2025-07-18 19:31:20,269 [WARN] PackLoader:240 - Cannot read IP mode file for STMicroelectronics.X-CUBE-SAFEA1.1.2.2
2025-07-18 19:31:20,286 [WARN] PackLoader:240 - Cannot read IP mode file for STMicroelectronics.X-CUBE-NFC4.3.0.0
2025-07-18 19:31:20,308 [WARN] PackLoader:240 - Cannot read IP mode file for EmbeddedOffice.I-CUBE-FS-RTOS.1.0.1
2025-07-18 19:31:20,329 [ERROR] ConditionMgr:805 - Attr not supported : Dmpu
2025-07-18 19:31:20,329 [ERROR] ConditionMgr:805 - Attr not supported : Dmpu
2025-07-18 19:31:20,329 [ERROR] ConditionMgr:805 - Attr not supported : Dmpu
2025-07-18 19:31:20,329 [ERROR] ConditionMgr:805 - Attr not supported : Dmpu
2025-07-18 19:31:20,330 [ERROR] ConditionMgr:805 - Attr not supported : Dmpu
2025-07-18 19:31:20,330 [ERROR] ConditionMgr:805 - Attr not supported : Dmpu
2025-07-18 19:31:20,330 [ERROR] ConditionMgr:805 - Attr not supported : Dmpu
2025-07-18 19:31:20,330 [ERROR] ConditionMgr:805 - Attr not supported : Dmpu
2025-07-18 19:31:20,330 [ERROR] ConditionMgr:805 - Attr not supported : Dmpu
2025-07-18 19:31:20,330 [ERROR] ConditionMgr:805 - Attr not supported : Dmpu
2025-07-18 19:31:20,330 [ERROR] ConditionMgr:805 - Attr not supported : Dmpu
2025-07-18 19:31:20,330 [ERROR] ConditionMgr:805 - Attr not supported : Dmpu
2025-07-18 19:31:20,330 [ERROR] ConditionMgr:805 - Attr not supported : Dmpu
2025-07-18 19:31:20,330 [ERROR] ConditionMgr:805 - Attr not supported : Dmpu
2025-07-18 19:31:20,330 [ERROR] ConditionMgr:805 - Attr not supported : Dmpu
2025-07-18 19:31:20,330 [ERROR] ConditionMgr:805 - Attr not supported : Dmpu
2025-07-18 19:31:20,330 [ERROR] ConditionMgr:805 - Attr not supported : Dmpu
2025-07-18 19:31:20,330 [ERROR] ConditionMgr:805 - Attr not supported : Dmpu
2025-07-18 19:31:20,330 [ERROR] ConditionMgr:805 - Attr not supported : Dmpu
2025-07-18 19:31:20,330 [ERROR] ConditionMgr:805 - Attr not supported : Dmpu
2025-07-18 19:31:20,330 [ERROR] ConditionMgr:805 - Attr not supported : Dmpu
2025-07-18 19:31:20,330 [ERROR] ConditionMgr:805 - Attr not supported : Dmpu
2025-07-18 19:31:20,330 [ERROR] ConditionMgr:805 - Attr not supported : Dmpu
2025-07-18 19:31:20,330 [ERROR] ConditionMgr:805 - Attr not supported : Dmpu
2025-07-18 19:31:20,331 [ERROR] ConditionMgr:805 - Attr not supported : Dmpu
2025-07-18 19:31:20,331 [ERROR] ConditionMgr:805 - Attr not supported : Dmpu
2025-07-18 19:31:20,331 [ERROR] ConditionMgr:805 - Attr not supported : Dmpu
2025-07-18 19:31:20,331 [ERROR] ConditionMgr:805 - Attr not supported : Dmpu
2025-07-18 19:31:20,331 [ERROR] ConditionMgr:805 - Attr not supported : Dmpu
2025-07-18 19:31:20,331 [ERROR] ConditionMgr:805 - Attr not supported : Dmpu
2025-07-18 19:31:20,331 [ERROR] ConditionMgr:805 - Attr not supported : Dmpu
2025-07-18 19:31:20,331 [ERROR] ConditionMgr:805 - Attr not supported : Dmpu
2025-07-18 19:31:20,331 [ERROR] ConditionMgr:805 - Attr not supported : Dmpu
2025-07-18 19:31:20,331 [ERROR] ConditionMgr:805 - Attr not supported : Dmpu
2025-07-18 19:31:20,332 [ERROR] ConditionMgr:805 - Attr not supported : Dmpu
2025-07-18 19:31:20,332 [ERROR] ConditionMgr:805 - Attr not supported : Dmpu
2025-07-18 19:31:20,334 [ERROR] ConditionMgr:805 - Attr not supported : Dmpu
2025-07-18 19:31:20,334 [ERROR] ConditionMgr:805 - Attr not supported : Dmpu
2025-07-18 19:31:20,334 [ERROR] ConditionMgr:805 - Attr not supported : Dmpu
2025-07-18 19:31:20,334 [ERROR] ConditionMgr:805 - Attr not supported : Dmpu
2025-07-18 19:31:20,334 [ERROR] ConditionMgr:805 - Attr not supported : Dmpu
2025-07-18 19:31:20,334 [ERROR] ConditionMgr:805 - Attr not supported : Dmpu
2025-07-18 19:31:20,334 [ERROR] ConditionMgr:805 - Attr not supported : Dmpu
2025-07-18 19:31:20,334 [ERROR] ConditionMgr:805 - Attr not supported : Dmpu
2025-07-18 19:31:20,335 [ERROR] ConditionMgr:805 - Attr not supported : Dmpu
2025-07-18 19:31:20,335 [ERROR] ConditionMgr:805 - Attr not supported : Dmpu
2025-07-18 19:31:20,335 [ERROR] ConditionMgr:805 - Attr not supported : Dmpu
2025-07-18 19:31:20,335 [ERROR] ConditionMgr:805 - Attr not supported : Dmpu
2025-07-18 19:31:20,335 [ERROR] ConditionMgr:805 - Attr not supported : Dmpu
2025-07-18 19:31:20,335 [ERROR] ConditionMgr:805 - Attr not supported : Dmpu
2025-07-18 19:31:20,335 [ERROR] ConditionMgr:805 - Attr not supported : Dmpu
2025-07-18 19:31:20,335 [ERROR] ConditionMgr:805 - Attr not supported : Dmpu
2025-07-18 19:31:20,335 [ERROR] ConditionMgr:805 - Attr not supported : Dmpu
2025-07-18 19:31:20,335 [ERROR] ConditionMgr:805 - Attr not supported : Dmpu
2025-07-18 19:31:20,335 [ERROR] ConditionMgr:805 - Attr not supported : Dmpu
2025-07-18 19:31:20,335 [ERROR] ConditionMgr:805 - Attr not supported : Dmpu
2025-07-18 19:31:20,335 [ERROR] ConditionMgr:805 - Attr not supported : Dmpu
2025-07-18 19:31:20,335 [ERROR] ConditionMgr:805 - Attr not supported : Dmpu
2025-07-18 19:31:20,335 [ERROR] ConditionMgr:805 - Attr not supported : Dmpu
2025-07-18 19:31:20,335 [ERROR] ConditionMgr:805 - Attr not supported : Dmpu
2025-07-18 19:31:20,335 [ERROR] ConditionMgr:805 - Attr not supported : Dmpu
2025-07-18 19:31:20,335 [ERROR] ConditionMgr:805 - Attr not supported : Dmpu
2025-07-18 19:31:20,336 [ERROR] ConditionMgr:805 - Attr not supported : Dmpu
2025-07-18 19:31:20,336 [ERROR] ConditionMgr:805 - Attr not supported : Dmpu
2025-07-18 19:31:20,386 [WARN] PackLoader:240 - Cannot read IP mode file for STMicroelectronics.X-CUBE-WB05N.2.0.0
2025-07-18 19:31:20,403 [WARN] PackLoader:240 - Cannot read IP mode file for wolfSSL.I-CUBE-wolfTPM.3.8.0
2025-07-18 19:31:20,419 [ERROR] Engine:466 - C:\Users\Juan\.stm32cubemx\thirdparties\pdsc\STMicroelectronics.X-CUBE-TCPP.4.2.0.pdsc: PDSC version is not supported
2025-07-18 19:31:20,435 [WARN] PackLoader:240 - Cannot read IP mode file for RealThread.X-CUBE-RT-Thread_Nano.4.1.1
2025-07-18 19:31:20,449 [WARN] PackLoader:240 - Cannot read IP mode file for STMicroelectronics.FP-ATR-SIGFOX1.3.2.0
2025-07-18 19:31:20,529 [WARN] PackLoader:240 - Cannot read IP mode file for STMicroelectronics.X-CUBE-EEPRMA1.5.1.0
2025-07-18 19:31:20,556 [WARN] PackLoader:240 - Cannot read IP mode file for ITTIA_DB.I-CUBE-ITTIADB.8.9.0
2025-07-18 19:31:20,592 [ERROR] Engine:466 - C:\Users\Juan\.stm32cubemx\thirdparties\pdsc\STMicroelectronics.X-CUBE-ST67W61.1.0.0.pdsc: PDSC version is not supported
2025-07-18 19:31:20,639 [INFO] WebApp:186 - Connection restablished
2025-07-18 19:31:20,666 [INFO] WebApp:220 - Starting web application
2025-07-18 19:31:20,667 [INFO] WebApp:578 - Web application path used C:\ST\STM32CubeIDE_1.16.0\STM32CubeIDE\plugins\com.st.stm32cube.common.mx_6.12.1.202409122256\db\plugins\mcufinder\reactClient1\index.html
2025-07-18 19:31:20,669 [WARN] PackLoader:240 - Cannot read IP mode file for SEGGER.I-CUBE-embOS.1.3.1
2025-07-18 19:31:21,065 [INFO] UserAuth:417 - Internet connection configuration mode: 1
2025-07-18 19:31:21,118 [WARN] PackLoader:240 - Cannot read IP mode file for STMicroelectronics.X-CUBE-ALGOBUILD.1.4.0
2025-07-18 19:31:21,531 [WARN] PackLoader:240 - Cannot read IP mode file for STMicroelectronics.X-CUBE-MEMS1.11.3.0
2025-07-18 19:31:21,924 [WARN] PackLoader:240 - Cannot read IP mode file for STMicroelectronics.X-CUBE-PM33A1.1.0.0
2025-07-18 19:31:21,991 [WARN] PackLoader:240 - Cannot read IP mode file for STMicroelectronics.X-CUBE-AZRTOS-F4.1.1.0
2025-07-18 19:31:22,088 [ERROR] Engine:466 - C:\Users\Juan\.stm32cubemx\thirdparties\pdsc\Avnet-IotConnect.X-CUBE-IoTC-DA16k-PMOD.1.0.0.pdsc: PDSC version is not supported
2025-07-18 19:31:22,229 [WARN] PackLoader:240 - Cannot read IP mode file for STMicroelectronics.X-CUBE-ISPU.2.1.0
2025-07-18 19:31:22,257 [WARN] PackLoader:240 - Cannot read IP mode file for STMicroelectronics.X-CUBE-NFC12.1.0.0
2025-07-18 19:31:22,406 [WARN] PackLoader:240 - Cannot read IP mode file for STMicroelectronics.X-CUBE-AZRTOS-L5.2.0.0
2025-07-18 19:31:22,440 [WARN] PackLoader:240 - Cannot read IP mode file for STMicroelectronics.X-CUBE-NFC6.3.1.0
2025-07-18 19:31:22,476 [WARN] PackLoader:240 - Cannot read IP mode file for STMicroelectronics.X-CUBE-FREERTOS.1.3.1
2025-07-18 19:31:22,537 [ERROR] Engine:466 - C:\Users\Juan\.stm32cubemx\thirdparties\pdsc\STMicroelectronics.FP-SNS-STAIOTCFT.1.0.0.pdsc: PDSC version is not supported
2025-07-18 19:31:22,561 [WARN] PackLoader:240 - Cannot read IP mode file for STMicroelectronics.X-CUBE-DPower.1.3.0
2025-07-18 19:31:22,603 [WARN] ConditionMgr:438 - getConditionDescription Invalid condition id : LAN8742 Phy interface Condition cause : null
2025-07-18 19:31:22,604 [WARN] PackLoader:240 - Cannot read IP mode file for STMicroelectronics.X-CUBE-AZRTOS-L4.2.0.0
2025-07-18 19:31:22,606 [WARN] ConditionMgr:1039 - genDependencies : Invalid condition id : LAN8742 Phy interface Condition cause : null
2025-07-18 19:31:22,606 [WARN] ConditionMgr:1039 - genDependencies : Invalid condition id : LAN8742 Phy interface Condition cause : null
2025-07-18 19:31:22,607 [WARN] ConditionMgr:1039 - genDependencies : Invalid condition id : LAN8742 Phy interface Condition cause : null
2025-07-18 19:31:22,625 [WARN] PackLoader:240 - Cannot read IP mode file for STMicroelectronics.X-CUBE-SFXS2LP1.4.0.0
2025-07-18 19:31:22,653 [WARN] PackLoader:240 - Cannot read IP mode file for STMicroelectronics.X-CUBE-AZRTOS-H7.3.3.0
2025-07-18 19:31:22,669 [ERROR] Engine:466 - C:\Users\Juan\.stm32cubemx\thirdparties\pdsc\STMicroelectronics.X-CUBE-BLEMGR.4.1.0.pdsc: PDSC version is not supported
2025-07-18 19:31:22,691 [WARN] ConditionMgr:438 - getConditionDescription Invalid condition id : UX DEVICE CLASS RTOS Condition cause : null
2025-07-18 19:31:22,692 [WARN] ConditionMgr:438 - getConditionDescription Invalid condition id : UX DEVICE CLASS RTOS Condition cause : null
2025-07-18 19:31:22,693 [WARN] PackLoader:240 - Cannot read IP mode file for STMicroelectronics.X-CUBE-AZRTOS-WB.2.0.0
2025-07-18 19:31:22,693 [WARN] ConditionMgr:1039 - genDependencies : Invalid condition id : UX DEVICE CLASS RTOS Condition cause : null
2025-07-18 19:31:22,693 [WARN] ConditionMgr:1039 - genDependencies : Invalid condition id : UX DEVICE CLASS RTOS Condition cause : null
2025-07-18 19:31:22,694 [WARN] ConditionMgr:1039 - genDependencies : Invalid condition id : UX DEVICE CLASS RTOS Condition cause : null
2025-07-18 19:31:22,694 [WARN] ConditionMgr:1039 - genDependencies : Invalid condition id : UX DEVICE CLASS RTOS Condition cause : null
2025-07-18 19:31:22,694 [WARN] ConditionMgr:1039 - genDependencies : Invalid condition id : UX DEVICE CLASS RTOS Condition cause : null
2025-07-18 19:31:22,709 [WARN] PackLoader:240 - Cannot read IP mode file for STMicroelectronics.X-CUBE-GNSS1.7.0.1
2025-07-18 19:31:22,723 [WARN] PackLoader:240 - Cannot read IP mode file for STMicroelectronics.X-CUBE-TOUCHGFX.4.25.0
2025-07-18 19:31:22,737 [WARN] PackLoader:240 - Cannot read IP mode file for STMicroelectronics.FP-SNS-STBOX1.2.0.0
2025-07-18 19:31:22,756 [WARN] PackLoader:240 - Cannot read IP mode file for STMicroelectronics.X-CUBE-SUBG2.5.0.0
2025-07-18 19:31:22,785 [WARN] PackLoader:240 - Cannot read IP mode file for STMicroelectronics.X-CUBE-AZRTOS-H7RS.1.1.0
2025-07-18 19:31:22,802 [WARN] PackLoader:240 - Cannot read IP mode file for Cesanta.I-CUBE-Mongoose.7.13.0
2025-07-18 19:31:22,834 [WARN] PackLoader:240 - Cannot read IP mode file for STMicroelectronics.X-CUBE-AZRTOS-G4.2.0.0
2025-07-18 19:31:22,848 [WARN] PackLoader:240 - Cannot read IP mode file for wolfSSL.I-CUBE-wolfSSH.1.4.20
2025-07-18 19:31:22,861 [WARN] PackLoader:240 - Cannot read IP mode file for STMicroelectronics.X-CUBE-NFC7.2.0.0
2025-07-18 19:31:22,875 [ERROR] Engine:466 - C:\Users\Juan\.stm32cubemx\thirdparties\pdsc\STMicroelectronics.X-CUBE-IPS.3.1.0.pdsc: PDSC version is not supported
2025-07-18 19:31:22,889 [WARN] PackLoader:240 - Cannot read IP mode file for STMicroelectronics.X-CUBE-ALS.1.0.2
2025-07-18 19:31:22,910 [WARN] PackLoader:240 - Cannot read IP mode file for portGmbH.I-Cube-SoM-uGOAL.1.1.0
2025-07-18 19:31:22,926 [ERROR] Engine:466 - C:\Users\Juan\.stm32cubemx\thirdparties\pdsc\STMicroelectronics.X-CUBE-TOF1.3.4.3.pdsc: PDSC version is not supported
2025-07-18 19:31:22,927 [INFO] ThirdParty:978 - Integrity check success = true
2025-07-18 19:31:22,928 [INFO] IntegrityCheckThread:100 - exiting critical section [integrity check]
2025-07-18 19:31:22,928 [INFO] IntegrityCheckThread:103 - End integrity checks thread
2025-07-18 19:31:22,928 [INFO] ThirdParty:873 - entering critical section [close project]
2025-07-18 19:31:22,929 [INFO] ThirdParty:883 - exiting critical section [close project]
2025-07-18 19:31:22,930 [INFO] PinOutPanel:1561 - setPackage(No Configuration,No Configuration)
2025-07-18 19:31:22,934 [INFO] UtilMem:75 - Begin LoadConfig() Used Memory: 147701680 Bytes (268435456)
2025-07-18 19:31:22,942 [INFO] MicroXplorer:468 - Change Database Path : C:/Users/Juan/.stm32cubemx/databases/DB.6.0.120/db/
2025-07-18 19:31:22,942 [INFO] MicroXplorer:498 - Change Database Version : DB.6.0.120
2025-07-18 19:31:24,800 [INFO] OpenFileManager:332 - Change cursor
2025-07-18 19:31:24,826 [INFO] Mcu:2032 - Initializing MCU STM32F103C(8-B)Tx STM32F103C8Tx STM32F103C8T6
2025-07-18 19:31:25,539 [INFO] Context:742 - Trying to add GPIOservice into a context  which must be forbidden
2025-07-18 19:31:25,903 [INFO] RtosManager:555 - Registered RTOS mode: class=CMSIS, group=RTOS, mode=CMSIS_V1, owner=FREERTOS
2025-07-18 19:31:25,904 [INFO] RtosManager:555 - Registered RTOS mode: class=CMSIS, group=RTOS2, mode=CMSIS_V2, owner=FREERTOS
2025-07-18 19:31:25,904 [INFO] RtosManager:555 - Registered RTOS mode: class=RTOS, group=Core, mode=CMSIS_V1, owner=FREERTOS
2025-07-18 19:31:25,904 [INFO] RtosManager:555 - Registered RTOS mode: class=RTOS, group=Core, mode=CMSIS_V2, owner=FREERTOS
2025-07-18 19:31:25,904 [WARN] ModelIntegratedComponent:184 - Missing modes for component STMicroelectronics:FreeRTOS:0.0.1:STMicroelectronics:RTOS:FreeRTOS:Core:::10.2.0:
2025-07-18 19:31:25,915 [WARN] ModelIntegratedComponent:63 - No mode defined for component null
2025-07-18 19:31:25,915 [WARN] ModelIntegratedComponent:63 - No mode defined for component null
2025-07-18 19:31:25,916 [WARN] ModelIntegratedComponent:63 - No mode defined for component null
2025-07-18 19:31:25,916 [WARN] ModelIntegratedComponent:63 - No mode defined for component null
2025-07-18 19:31:25,916 [WARN] ModelIntegratedComponent:63 - No mode defined for component null
2025-07-18 19:31:25,916 [WARN] ModelIntegratedComponent:63 - No mode defined for component null
2025-07-18 19:31:25,916 [WARN] ModelIntegratedComponent:63 - No mode defined for component null
2025-07-18 19:31:25,916 [WARN] ModelIntegratedComponent:63 - No mode defined for component null
2025-07-18 19:31:25,916 [WARN] ModelIntegratedComponent:63 - No mode defined for component null
2025-07-18 19:31:25,916 [WARN] ModelIntegratedComponent:63 - No mode defined for component null
2025-07-18 19:31:25,916 [WARN] ModelIntegratedComponent:63 - No mode defined for component null
2025-07-18 19:31:25,916 [WARN] ModelIntegratedComponent:63 - No mode defined for component null
2025-07-18 19:31:25,916 [WARN] ModelIntegratedComponent:63 - No mode defined for component null
2025-07-18 19:31:25,916 [WARN] ModelIntegratedComponent:63 - No mode defined for component null
2025-07-18 19:31:25,916 [WARN] ModelIntegratedComponent:63 - No mode defined for component null
2025-07-18 19:31:25,916 [WARN] ModelIntegratedComponent:63 - No mode defined for component null
2025-07-18 19:31:25,916 [WARN] ModelIntegratedComponent:63 - No mode defined for component null
2025-07-18 19:31:25,916 [WARN] ModelIntegratedComponent:63 - No mode defined for component null
2025-07-18 19:31:25,916 [WARN] ModelIntegratedComponent:63 - No mode defined for component null
2025-07-18 19:31:25,916 [WARN] ModelIntegratedComponent:63 - No mode defined for component null
2025-07-18 19:31:25,916 [WARN] ModelIntegratedComponent:63 - No mode defined for component null
2025-07-18 19:31:25,916 [WARN] ModelIntegratedComponent:63 - No mode defined for component null
2025-07-18 19:31:25,916 [WARN] ModelIntegratedComponent:63 - No mode defined for component null
2025-07-18 19:31:25,917 [WARN] ModelIntegratedComponent:63 - No mode defined for component null
2025-07-18 19:31:25,917 [WARN] ModelIntegratedComponent:63 - No mode defined for component null
2025-07-18 19:31:25,917 [WARN] ModelIntegratedComponent:63 - No mode defined for component null
2025-07-18 19:31:25,917 [WARN] ModelIntegratedComponent:63 - No mode defined for component null
2025-07-18 19:31:25,917 [WARN] ModelIntegratedComponent:63 - No mode defined for component null
2025-07-18 19:31:25,917 [WARN] ModelIntegratedComponent:63 - No mode defined for component null
2025-07-18 19:31:25,917 [WARN] ModelIntegratedComponent:63 - No mode defined for component null
2025-07-18 19:31:25,917 [WARN] ModelIntegratedComponent:63 - No mode defined for component null
2025-07-18 19:31:25,917 [WARN] ModelIntegratedComponent:63 - No mode defined for component null
2025-07-18 19:31:25,917 [WARN] ModelIntegratedComponent:63 - No mode defined for component null
2025-07-18 19:31:25,917 [WARN] ModelIntegratedComponent:63 - No mode defined for component null
2025-07-18 19:31:25,917 [WARN] ModelIntegratedComponent:63 - No mode defined for component null
2025-07-18 19:31:25,917 [WARN] ModelPack:524 - Component already loaded: STMicroelectronics:HAL Drivers:0.0.0:STMicroelectronics:Device:STMicro_Driver:XSPI:HAL::0.0.1:HAL_XSPI
2025-07-18 19:31:25,986 [INFO] ThirdPartyModel:298 - Start build external matchings
2025-07-18 19:31:26,448 [INFO] ThirdPartyModel:316 - End build external matchings
2025-07-18 19:31:26,467 [WARN] IP:2191 - I2C_Coeff_DF not found: check if there is a RefParameter without a condition.
2025-07-18 19:31:26,467 [WARN] IP:2191 - Analog_Filter not found: check if there is a RefParameter without a condition.
2025-07-18 19:31:26,468 [INFO] ImportTextPane:205 - (OptionalMessage_ERROR) IP (RCC) : Parameter (ADCFreqValue) has invalid value (36000000)
2025-07-18 19:31:26,468 [INFO] ImportTextPane:205 - (OptionalMessage_ERROR) IP (RCC) : Invalid parameter (FamilyName)
2025-07-18 19:31:26,468 [INFO] ImportTextPane:205 - (OptionalMessage_ERROR) IP (RCC) : Parameter (MCOFreq_Value) has invalid value (72000000)
2025-07-18 19:31:26,469 [INFO] ImportTextPane:205 - (OptionalMessage_ERROR) IP (RCC) : Parameter (USBFreq_Value) has invalid value (72000000)
2025-07-18 19:31:26,735 [INFO] ApiDb:581 - Connected to CubeFinder SQLite database (C:\Users\Juan\.stmcufinder\plugins\mcufinder\mcu\cube-finder-db.db)
2025-07-18 19:31:26,806 [INFO] ApiDb:668 - CubeFinder database Data Model version=2.1
2025-07-18 19:31:26,806 [INFO] ApiDb:669 - CubeFinder database Configuration version=3.0.39
2025-07-18 19:31:26,807 [INFO] ApiDb:670 - CubeFinder database generation date=2024-10-15 (1729006872)
2025-07-18 19:31:26,807 [INFO] ApiDb:671 - CubeFinder database FW Pack versions=[FP-ATR-ASTRA1_V2.0.0, FP-SNS-FLIGHT1_V5.0.2, FP-SNS-MOTENV1_V5.0.0, FP-SNS-MOTENVWB1_V1.4.0, FP-SNS-SMARTAG2_V1.2.0, FP-SNS-STBOX1_V2.0.0, STM32Cube_FW_C0_V1.2.0, STM32Cube_FW_F4_V1.28.1, STM32Cube_FW_F7_V1.17.2, STM32Cube_FW_G0_V1.6.2, STM32Cube_FW_G4_V1.6.0, STM32Cube_FW_H5_V1.3.0, STM32Cube_FW_H7RS_V1.1.0, STM32Cube_FW_H7_V1.11.2, STM32Cube_FW_L0_V1.12.2, STM32Cube_FW_L5_V1.5.1, STM32Cube_FW_U0_V1.1.0, STM32Cube_FW_U5_V1.6.0, STM32Cube_FW_WB0_V1.0.0, STM32Cube_FW_WBA_V1.4.1, STM32Cube_FW_WB_V1.20.0, STM32Cube_FW_WL_V1.3.0, X-CUBE-ALGOBUILD_V1.4.0, X-CUBE-ALS_V1.0.2, X-CUBE-AZRTOS-F4_V1.1.0, X-CUBE-AZRTOS-F7_V1.1.0, X-CUBE-AZRTOS-G0_V1.1.0, X-CUBE-AZRTOS-G4_V2.0.0, X-CUBE-AZRTOS-H7RS_V1.0.0, X-CUBE-AZRTOS-H7_V3.3.0, X-CUBE-AZRTOS-L4_V2.0.0, X-CUBE-AZRTOS-L5_V2.0.0, X-CUBE-AZRTOS-WB_V2.0.0, X-CUBE-AZRTOS-WL_V2.0.0, X-CUBE-BLE1_V7.0.0, X-CUBE-BLE2_V3.3.0, X-CUBE-BLEMGR_V3.1.0, X-CUBE-EEPRMA1_V5.1.0, X-CUBE-FREERTOS_V1.2.0, X-CUBE-GNSS1_V6.0.0, X-CUBE-MEMS1_V11.0.0, X-CUBE-NFC4_V3.0.0, X-CUBE-NFC7_V1.0.1, X-CUBE-SFXS2LP1_V4.0.0, X-CUBE-SUBG2_V5.0.0, X-CUBE-TOF1_V3.4.2]
2025-07-18 19:31:26,922 [INFO] DbBoardsSqlite:226 - include board P-NUCLEO-WB55-NUCLEO as a kit item of type 'Nucleo-64'
2025-07-18 19:31:26,922 [INFO] DbBoardsSqlite:226 - include board P-NUCLEO-WB55-USBDONGLE as a kit item of type 'Nucleo USB Dongle'
2025-07-18 19:31:26,923 [INFO] DbBoardsSqlite:226 - include board STEVAL-IDP005V1 as a kit item of type 'Evaluation Board'
2025-07-18 19:31:26,923 [INFO] DbBoardsSqlite:226 - include board STEVAL-IDP005V2 as a kit item of type 'Evaluation Board'
2025-07-18 19:31:27,247 [INFO] ApiDb:240 - Found 646 in-development CPN: [B-G473E-ZEST1S, B-WB1M-WPAN1, B-WL5M-SUBG1, NUCLEO-C031C6, NUCLEO-C071RB, NUCLEO-H503RB, NUCLEO-H533RE, NUCLEO-H563ZI, NUCLEO-H7S3L8, NUCLEO-U031R8, NUCLEO-U083RC, NUCLEO-U545RE-Q, NUCLEO-U5A5ZJ-Q, NUCLEO-WB05KZ, NUCLEO-WB07CC, NUCLEO-WB09KE, NUCLEO-WBA52CG, NUCLEO-WBA55CG, STEVAL-PROTEUS1, STEVAL-SMARTAG2, STEVAL-STWINBX1, STM320518-EVAL, STM32C0116-DK, STM32C011D6Y3TR, STM32C011D6Y6TR, STM32C011F4P3, STM32C011F4P6, STM32C011F4U3, STM32C011F4U6TR, STM32C011F6P3, STM32C011F6P6, STM32C011F6U3, STM32C011F6U6TR, STM32C011J4M3, STM32C011J4M6, STM32C011J6M3, STM32C011J6M6, STM32C0316-DK, STM32C031C4T3, STM32C031C4T6, STM32C031C4U3, STM32C031C4U6, STM32C031C6T3, STM32C031C6T6, STM32C031C6U3, STM32C031C6U6, STM32C031F4P3, STM32C031F4P6, STM32C031F6P3, STM32C031F6P6, STM32C031G4U3, STM32C031G4U6, STM32C031G6U3, STM32C031G6U6, STM32C031K4T3, STM32C031K4T6, STM32C031K4U3, STM32C031K4U6, STM32C031K6T3, STM32C031K6T6, STM32C031K6U3, STM32C031K6U6, STM32C071C8T6, STM32C071C8T6N, STM32C071C8U6, STM32C071C8U6N, STM32C071CBT6, STM32C071CBT6N, STM32C071CBU6, STM32C071CBU6N, STM32C071F8P6, STM32C071F8P6N, STM32C071FBP6, STM32C071FBP6N, STM32C071FBY6TR, STM32C071G8U6, STM32C071G8U6N, STM32C071GBU6, STM32C071GBU6N, STM32C071K8T6, STM32C071K8T6N, STM32C071K8U6, STM32C071K8U6N, STM32C071KBT6, STM32C071KBT6N, STM32C071KBU6, STM32C071KBU6N, STM32C071R8T6, STM32C071R8T6N, STM32C071RBI6N, STM32C071RBT6, STM32C071RBT6N, STM32G071K8TXN, STM32G071K8UXN, STM32G081GBU6N, STM32G081KBT6N, STM32G081KBUXN, STM32G0B1CCT6N, STM32G0B1KCT6, STM32G0B1NEY6TR, STM32G0B1RCT6N, STM32G0C1CCT6, STM32G0C1CCT6N, STM32G0C1CCU6N, STM32G0C1CET6N, STM32G0C1CEU6N, STM32G0C1KCT6, STM32G0C1NEY6TR, STM32G0C1RCI6N, STM32G0C1RCT6N, STM32G0C1REI6N, STM32G0C1RET6N, STM32G0C1VCI6, STM32G0C1VEI6, STM32G411C6T3, STM32G411C6T6, STM32G411C6U3, STM32G411C6U6, STM32G411C8T3, STM32G411C8T6, STM32G411C8U3, STM32G411C8U6, STM32G411CBT3, STM32G411CBT6, STM32G411CBU3, STM32G411CBU6, STM32G411K6T3, STM32G411K6T6, STM32G411K6U3, STM32G411K6U6, STM32G411K8T3, STM32G411K8T6, STM32G411K8U3, STM32G411K8U6, STM32G411KBT3, STM32G411KBT6, STM32G411KBU3, STM32G411KBU6, STM32G411M6T3, STM32G411M6T6, STM32G411M8T3, STM32G411M8T6, STM32G411MBT3, STM32G411MBT6, STM32G411R6T3, STM32G411R6T6, STM32G411R8T3, STM32G411R8T6, STM32G411RBT3, STM32G411RBT6, STM32G414CBT3, STM32G414CBT6, STM32G414CBU3, STM32G414CBU6, STM32G414CCT3, STM32G414CCT6, STM32G414CCU3, STM32G414CCU6, STM32G414MBT3, STM32G414MBT6, STM32G414MCT3, STM32G414MCT6, STM32G414RBT3, STM32G414RBT6, STM32G414RCT3, STM32G414RCT6, STM32G414VBT3, STM32G414VBT6, STM32G414VCT3, STM32G414VCT6, STM32G431CBT3Z, STM32G431RBT3Z, STM32G471CCT6, STM32G471CCU6, STM32G471CET3, STM32G471CET6, STM32G471CEU3, STM32G471CEU6, STM32G471MCT6, STM32G471MET3, STM32G471MET6, STM32G471MEY6TR, STM32G471QCT6, STM32G471QET3, STM32G471RCT6, STM32G471RET3, STM32G471RET6, STM32G471VCH6, STM32G471VCI6, STM32G471VCT6, STM32G471VEH3, STM32G471VEH6, STM32G471VEI3, STM32G471VEI6, STM32G471VET3, STM32G471VET6, STM32G473QET3Z, STM32G473RET3Z, STM32G474CCT6, STM32G491RET3Z, STM32H503CBT6, STM32H503CBU6, STM32H503EBY6TR, STM32H503KBU6, STM32H503RBT6, STM32H523CCT6, STM32H523CCU6, STM32H523CET6, STM32H523CEU6, STM32H523HEY6TR, STM32H523RCT6, STM32H523RET6, STM32H523VCI6, STM32H523VCT6, STM32H523VEI6, STM32H523VET6, STM32H523ZCJ6, STM32H523ZCT6, STM32H523ZEJ6, STM32H523ZET6, STM32H533CET6, STM32H533CEU6, STM32H533HEY6TR, STM32H533RET6, STM32H533VEI6, STM32H533VET6, STM32H533ZEJ6, STM32H533ZET6, STM32H562AGI6, STM32H562AII6, STM32H562IGK6, STM32H562IGT6, STM32H562IIK6, STM32H562IIT6, STM32H562RGT6, STM32H562RGV6, STM32H562RIT6, STM32H562RIV6, STM32H562VGT6, STM32H562VIT6, STM32H562ZGT6, STM32H562ZIT6, STM32H563AGI6, STM32H563AII3Q, STM32H563AII6, STM32H563IGK6, STM32H563IGT6, STM32H563IIK3Q, STM32H563IIK6, STM32H563IIT3Q, STM32H563IIT6, STM32H563MIY3QTR, STM32H563RGT6, STM32H563RGV6, STM32H563RIT6, STM32H563RIV6, STM32H563VGT6, STM32H563VIT3Q, STM32H563VIT6, STM32H563ZGT6, STM32H563ZIT3Q, STM32H563ZIT6, STM32H573AII3Q, STM32H573AII6, STM32H573I-DK, STM32H573IIK3Q, STM32H573IIK6, STM32H573IIT3Q, STM32H573IIT6, STM32H573MIY3QTR, STM32H573RIT6, STM32H573RIV6, STM32H573VIT3Q, STM32H573VIT6, STM32H573ZIT3Q, STM32H573ZIT6, STM32H7R3A8I6, STM32H7R3I8K6, STM32H7R3I8T6, STM32H7R3L8H6, STM32H7R3L8H6H, STM32H7R3R8V6, STM32H7R3V8H6, STM32H7R3V8T6, STM32H7R3V8Y6TR, STM32H7R3Z8J6, STM32H7R3Z8T6, STM32H7R7A8I6, STM32H7R7I8K6, STM32H7R7I8T6, STM32H7R7L8H6, STM32H7R7L8H6H, STM32H7R7Z8J6, STM32H7S3A8I6, STM32H7S3I8K6, STM32H7S3I8T6, STM32H7S3L8H6, STM32H7S3L8H6H, STM32H7S3R8V6, STM32H7S3V8H6, STM32H7S3V8T6, STM32H7S3V8Y6TR, STM32H7S3Z8J6, STM32H7S3Z8T6, STM32H7S78-DK, STM32H7S7A8I6, STM32H7S7I8K6, STM32H7S7I8T6, STM32H7S7L8H6, STM32H7S7L8H6H, STM32H7S7Z8J6, STM32L4R5QGI6STR, STM32MP131AAE3, STM32MP131AAF3, STM32MP131AAG3, STM32MP131CAE3, STM32MP131CAF3, STM32MP131CAG3, STM32MP131DAE7, STM32MP131DAF7, STM32MP131DAG7, STM32MP131FAE7, STM32MP131FAF7, STM32MP131FAG7, STM32MP133AAE3, STM32MP133AAF3, STM32MP133AAG3, STM32MP133CAE3, STM32MP133CAF3, STM32MP133CAG3, STM32MP133DAE7, STM32MP133DAF7, STM32MP133DAG7, STM32MP133FAE7, STM32MP133FAF7, STM32MP133FAG7, STM32MP135AAE3, STM32MP135AAF3, STM32MP135AAG3, STM32MP135CAE3, STM32MP135CAF3, STM32MP135CAG3, STM32MP135DAE7, STM32MP135DAF7, STM32MP135DAG7, STM32MP135F-DK, STM32MP135FAE7, STM32MP135FAF7, STM32MP135FAF7T, STM32MP135FAF7U, STM32MP135FAG7, STM32MP251AAI3, STM32MP251AAK3, STM32MP251AAL3, STM32MP251CAI3, STM32MP251CAK3, STM32MP251CAL3, STM32MP251DAI3, STM32MP251DAK3, STM32MP251DAL3, STM32MP251FAI3, STM32MP251FAK3, STM32MP251FAL3, STM32MP253AAI3, STM32MP253AAK3, STM32MP253AAL3, STM32MP253CAI3, STM32MP253CAK3, STM32MP253CAL3, STM32MP253DAI3, STM32MP253DAK3, STM32MP253DAL3, STM32MP253FAI3, STM32MP253FAK3, STM32MP253FAL3, STM32MP255AAI3, STM32MP255AAK3, STM32MP255AAL3, STM32MP255CAI3, STM32MP255CAK3, STM32MP255CAL3, STM32MP255DAI3, STM32MP255DAK3, STM32MP255DAL3, STM32MP255FAI3, STM32MP255FAK3, STM32MP255FAL3, STM32MP257AAI3, STM32MP257AAK3, STM32MP257AAL3, STM32MP257CAI3, STM32MP257CAK3, STM32MP257CAL3, STM32MP257DAI3, STM32MP257DAK3, STM32MP257DAL3, STM32MP257F-DK, STM32MP257F-EV1, STM32MP257FAI3, STM32MP257FAK3, STM32MP257FAL3, STM32U031C6T6, STM32U031C6U6, STM32U031C8T6, STM32U031C8U6, STM32U031F4P6, STM32U031F6P6, STM32U031F8P6, STM32U031G6Y6TR, STM32U031G8Y6TR, STM32U031K4U6, STM32U031K6U6, STM32U031K8U6, STM32U031R6I6, STM32U031R6T6, STM32U031R8I6, STM32U031R8T6, STM32U073C8T6, STM32U073C8U6, STM32U073CBT6, STM32U073CBU6, STM32U073CCT6, STM32U073CCU6, STM32U073H8Y6TR, STM32U073HBY6TR, STM32U073HCY6TR, STM32U073K8U6, STM32U073KBU6, STM32U073KCU6, STM32U073M8I6, STM32U073M8T6, STM32U073MBI6, STM32U073MBT6, STM32U073MCI6, STM32U073MCT6, STM32U073R8I6, STM32U073R8T6, STM32U073RBI6, STM32U073RBT6, STM32U073RCI6, STM32U073RCT6, STM32U083C-DK, STM32U083CCT6, STM32U083CCU6, STM32U083HCY6TR, STM32U083KCU6, STM32U083MCI6, STM32U083MCT6, STM32U083RCI6, STM32U083RCT6, STM32U535CBT6, STM32U535CBT6Q, STM32U535CBU6, STM32U535CBU6Q, STM32U535CCT6, STM32U535CCT6Q, STM32U535CCU6, STM32U535CCU6Q, STM32U535CET6, STM32U535CET6Q, STM32U535CEU6, STM32U535CEU6Q, STM32U535JEY6QTR, STM32U535NCY6QTR, STM32U535NEY6QTR, STM32U535RBI6, STM32U535RBI6Q, STM32U535RBT6, STM32U535RBT6Q, STM32U535RCI6, STM32U535RCI6Q, STM32U535RCT6, STM32U535RCT6Q, STM32U535REI6, STM32U535REI6Q, STM32U535RET6, STM32U535RET6Q, STM32U535VCI6, STM32U535VCI6Q, STM32U535VCT6, STM32U535VCT6Q, STM32U535VEI6, STM32U535VEI6Q, STM32U535VET6, STM32U535VET6Q, STM32U545CET6, STM32U545CET6Q, STM32U545CEU6, STM32U545CEU6Q, STM32U545JEY6QTR, STM32U545NEY6QTR, STM32U545REI6, STM32U545REI6Q, STM32U545RET6, STM32U545RET6Q, STM32U545VEI6, STM32U545VEI6Q, STM32U545VET6, STM32U545VET6Q, STM32U595AIH6, STM32U595AIH6Q, STM32U595AJH6, STM32U595AJH6Q, STM32U595QII6, STM32U595QII6Q, STM32U595QJI6, STM32U595QJI6Q, STM32U595RIT6, STM32U595RIT6Q, STM32U595RJT6, STM32U595RJT6Q, STM32U595VIT6, STM32U595VIT6Q, STM32U595VJT6, STM32U595VJT6Q, STM32U595ZIT6, STM32U595ZIT6Q, STM32U595ZIY6QTR, STM32U595ZJT6, STM32U595ZJT6Q, STM32U595ZJY6QTR, STM32U599BJY6QTR, STM32U599NIH6Q, STM32U599NJH6Q, STM32U599VIT6Q, STM32U599VJT6, STM32U599VJT6Q, STM32U599ZIT6Q, STM32U599ZIY6QTR, STM32U599ZJT6Q, STM32U599ZJY6QTR, STM32U5A5AJH6, STM32U5A5AJH6Q, STM32U5A5QII3Q , STM32U5A5QJI6, STM32U5A5QJI6Q, STM32U5A5RJT6, STM32U5A5RJT6Q, STM32U5A5VJT6, STM32U5A5VJT6Q, STM32U5A5ZJT6, STM32U5A5ZJT6Q, STM32U5A5ZJY6QTR, STM32U5A9BJY6QTR, STM32U5A9J-DK, STM32U5A9NJH6Q, STM32U5A9VJT6Q, STM32U5A9ZJT6Q, STM32U5A9ZJY6QTR, STM32U5F7VIT6, STM32U5F7VIT6Q, STM32U5F7VJT6, STM32U5F7VJT6Q, STM32U5F9BJY6QTR, STM32U5F9NJH6Q, STM32U5F9VIT6Q, STM32U5F9VJT6Q, STM32U5F9ZIJ6QTR, STM32U5F9ZIT6Q, STM32U5F9ZJJ6QTR, STM32U5F9ZJT6Q, STM32U5G7VJT6, STM32U5G7VJT6Q, STM32U5G9BJY6QTR, STM32U5G9J-DK1, STM32U5G9J-DK2, STM32U5G9NJH6Q, STM32U5G9VJT6Q, STM32U5G9ZJJ6QTR, STM32U5G9ZJT6Q, STM32WB05KZV6TR, STM32WB05KZV7TR, STM32WB05TZF6TR, STM32WB05TZF7TR, STM32WB06CCF6TR, STM32WB06CCF7TR, STM32WB06CCV6TR, STM32WB06CCV7TR, STM32WB06KCV6TR, STM32WB06KCV7TR, STM32WB07CCF6TR, STM32WB07CCF7TR, STM32WB07CCV6TR, STM32WB07CCV7TR, STM32WB07KCV6TR, STM32WB07KCV7TR, STM32WB09KEV6TR, STM32WB09KEV7TR, STM32WB09TEF6TR, STM32WB09TEF7TR, STM32WB1MMCH6, STM32WBA50KGU6, STM32WBA50KGU6TR, STM32WBA52CEU6, STM32WBA52CEU6TR, STM32WBA52CEU7, STM32WBA52CEU7TR, STM32WBA52CGU6, STM32WBA52CGU6TR, STM32WBA52CGU6U, STM32WBA52CGU7, STM32WBA52CGU7TR, STM32WBA52KEU6, STM32WBA52KEU6TR, STM32WBA52KGU6, STM32WBA52KGU6TR, STM32WBA54CEU6, STM32WBA54CEU6TR, STM32WBA54CEU7, STM32WBA54CEU7TR, STM32WBA54CGU6, STM32WBA54CGU6TR, STM32WBA54CGU7, STM32WBA54CGU7TR, STM32WBA54KEU6, STM32WBA54KEU6TR, STM32WBA54KEU7, STM32WBA54KEU7TR, STM32WBA54KGU6, STM32WBA54KGU6TR, STM32WBA54KGU7, STM32WBA54KGU7TR, STM32WBA55CEU6, STM32WBA55CEU6TR, STM32WBA55CEU7, STM32WBA55CEU7TR, STM32WBA55CGU6, STM32WBA55CGU6TR, STM32WBA55CGU6U, STM32WBA55CGU7, STM32WBA55CGU7TR, STM32WBA55G-DK1, STM32WBA55HEF6, STM32WBA55HEF7, STM32WBA55HGF6, STM32WBA55HGF7, STM32WBA55UEI6, STM32WBA55UEI6TR, STM32WBA55UEI7, STM32WBA55UEI7TR, STM32WBA55UGI6, STM32WBA55UGI6TR, STM32WBA55UGI7, STM32WBA55UGI7TR, STM32WL5MOCH6, STM32WL5MOCH6TR]
2025-07-18 19:31:27,393 [INFO] BoardInfo:889 - No configuration file found for board P-NUCLEO-WB55
2025-07-18 19:31:27,394 [INFO] DbBoards:161 - Kit is not supported: P-NUCLEO-WB55
2025-07-18 19:31:27,399 [INFO] BoardInfo:889 - No configuration file found for board STEVAL-BFA001V1B
2025-07-18 19:31:27,400 [INFO] DbBoards:161 - Kit is not supported: STEVAL-BFA001V1B
2025-07-18 19:31:27,401 [INFO] BoardInfo:889 - No configuration file found for board STEVAL-BFA001V2B
2025-07-18 19:31:27,402 [INFO] DbBoards:161 - Kit is not supported: STEVAL-BFA001V2B
2025-07-18 19:31:27,537 [INFO] DbBoards:168 - Found 201 boards, 198 are supported
2025-07-18 19:31:27,537 [INFO] DbBoards:169 - Found 201 boards, 25 of them is supported for  Bsp
2025-07-18 19:31:27,540 [INFO] ApiDb:668 - CubeFinder database Data Model version=2.1
2025-07-18 19:31:27,540 [INFO] ApiDb:669 - CubeFinder database Configuration version=3.0.39
2025-07-18 19:31:27,540 [INFO] ApiDb:670 - CubeFinder database generation date=2024-10-15 (1729006872)
2025-07-18 19:31:27,540 [INFO] ApiDb:671 - CubeFinder database FW Pack versions=[FP-ATR-ASTRA1_V2.0.0, FP-SNS-FLIGHT1_V5.0.2, FP-SNS-MOTENV1_V5.0.0, FP-SNS-MOTENVWB1_V1.4.0, FP-SNS-SMARTAG2_V1.2.0, FP-SNS-STBOX1_V2.0.0, STM32Cube_FW_C0_V1.2.0, STM32Cube_FW_F4_V1.28.1, STM32Cube_FW_F7_V1.17.2, STM32Cube_FW_G0_V1.6.2, STM32Cube_FW_G4_V1.6.0, STM32Cube_FW_H5_V1.3.0, STM32Cube_FW_H7RS_V1.1.0, STM32Cube_FW_H7_V1.11.2, STM32Cube_FW_L0_V1.12.2, STM32Cube_FW_L5_V1.5.1, STM32Cube_FW_U0_V1.1.0, STM32Cube_FW_U5_V1.6.0, STM32Cube_FW_WB0_V1.0.0, STM32Cube_FW_WBA_V1.4.1, STM32Cube_FW_WB_V1.20.0, STM32Cube_FW_WL_V1.3.0, X-CUBE-ALGOBUILD_V1.4.0, X-CUBE-ALS_V1.0.2, X-CUBE-AZRTOS-F4_V1.1.0, X-CUBE-AZRTOS-F7_V1.1.0, X-CUBE-AZRTOS-G0_V1.1.0, X-CUBE-AZRTOS-G4_V2.0.0, X-CUBE-AZRTOS-H7RS_V1.0.0, X-CUBE-AZRTOS-H7_V3.3.0, X-CUBE-AZRTOS-L4_V2.0.0, X-CUBE-AZRTOS-L5_V2.0.0, X-CUBE-AZRTOS-WB_V2.0.0, X-CUBE-AZRTOS-WL_V2.0.0, X-CUBE-BLE1_V7.0.0, X-CUBE-BLE2_V3.3.0, X-CUBE-BLEMGR_V3.1.0, X-CUBE-EEPRMA1_V5.1.0, X-CUBE-FREERTOS_V1.2.0, X-CUBE-GNSS1_V6.0.0, X-CUBE-MEMS1_V11.0.0, X-CUBE-NFC4_V3.0.0, X-CUBE-NFC7_V1.0.1, X-CUBE-SFXS2LP1_V4.0.0, X-CUBE-SUBG2_V5.0.0, X-CUBE-TOF1_V3.4.2]
2025-07-18 19:31:29,155 [INFO] ApiDb:240 - Found 646 in-development CPN: [B-G473E-ZEST1S, B-WB1M-WPAN1, B-WL5M-SUBG1, NUCLEO-C031C6, NUCLEO-C071RB, NUCLEO-H503RB, NUCLEO-H533RE, NUCLEO-H563ZI, NUCLEO-H7S3L8, NUCLEO-U031R8, NUCLEO-U083RC, NUCLEO-U545RE-Q, NUCLEO-U5A5ZJ-Q, NUCLEO-WB05KZ, NUCLEO-WB07CC, NUCLEO-WB09KE, NUCLEO-WBA52CG, NUCLEO-WBA55CG, STEVAL-PROTEUS1, STEVAL-SMARTAG2, STEVAL-STWINBX1, STM320518-EVAL, STM32C0116-DK, STM32C011D6Y3TR, STM32C011D6Y6TR, STM32C011F4P3, STM32C011F4P6, STM32C011F4U3, STM32C011F4U6TR, STM32C011F6P3, STM32C011F6P6, STM32C011F6U3, STM32C011F6U6TR, STM32C011J4M3, STM32C011J4M6, STM32C011J6M3, STM32C011J6M6, STM32C0316-DK, STM32C031C4T3, STM32C031C4T6, STM32C031C4U3, STM32C031C4U6, STM32C031C6T3, STM32C031C6T6, STM32C031C6U3, STM32C031C6U6, STM32C031F4P3, STM32C031F4P6, STM32C031F6P3, STM32C031F6P6, STM32C031G4U3, STM32C031G4U6, STM32C031G6U3, STM32C031G6U6, STM32C031K4T3, STM32C031K4T6, STM32C031K4U3, STM32C031K4U6, STM32C031K6T3, STM32C031K6T6, STM32C031K6U3, STM32C031K6U6, STM32C071C8T6, STM32C071C8T6N, STM32C071C8U6, STM32C071C8U6N, STM32C071CBT6, STM32C071CBT6N, STM32C071CBU6, STM32C071CBU6N, STM32C071F8P6, STM32C071F8P6N, STM32C071FBP6, STM32C071FBP6N, STM32C071FBY6TR, STM32C071G8U6, STM32C071G8U6N, STM32C071GBU6, STM32C071GBU6N, STM32C071K8T6, STM32C071K8T6N, STM32C071K8U6, STM32C071K8U6N, STM32C071KBT6, STM32C071KBT6N, STM32C071KBU6, STM32C071KBU6N, STM32C071R8T6, STM32C071R8T6N, STM32C071RBI6N, STM32C071RBT6, STM32C071RBT6N, STM32G071K8TXN, STM32G071K8UXN, STM32G081GBU6N, STM32G081KBT6N, STM32G081KBUXN, STM32G0B1CCT6N, STM32G0B1KCT6, STM32G0B1NEY6TR, STM32G0B1RCT6N, STM32G0C1CCT6, STM32G0C1CCT6N, STM32G0C1CCU6N, STM32G0C1CET6N, STM32G0C1CEU6N, STM32G0C1KCT6, STM32G0C1NEY6TR, STM32G0C1RCI6N, STM32G0C1RCT6N, STM32G0C1REI6N, STM32G0C1RET6N, STM32G0C1VCI6, STM32G0C1VEI6, STM32G411C6T3, STM32G411C6T6, STM32G411C6U3, STM32G411C6U6, STM32G411C8T3, STM32G411C8T6, STM32G411C8U3, STM32G411C8U6, STM32G411CBT3, STM32G411CBT6, STM32G411CBU3, STM32G411CBU6, STM32G411K6T3, STM32G411K6T6, STM32G411K6U3, STM32G411K6U6, STM32G411K8T3, STM32G411K8T6, STM32G411K8U3, STM32G411K8U6, STM32G411KBT3, STM32G411KBT6, STM32G411KBU3, STM32G411KBU6, STM32G411M6T3, STM32G411M6T6, STM32G411M8T3, STM32G411M8T6, STM32G411MBT3, STM32G411MBT6, STM32G411R6T3, STM32G411R6T6, STM32G411R8T3, STM32G411R8T6, STM32G411RBT3, STM32G411RBT6, STM32G414CBT3, STM32G414CBT6, STM32G414CBU3, STM32G414CBU6, STM32G414CCT3, STM32G414CCT6, STM32G414CCU3, STM32G414CCU6, STM32G414MBT3, STM32G414MBT6, STM32G414MCT3, STM32G414MCT6, STM32G414RBT3, STM32G414RBT6, STM32G414RCT3, STM32G414RCT6, STM32G414VBT3, STM32G414VBT6, STM32G414VCT3, STM32G414VCT6, STM32G431CBT3Z, STM32G431RBT3Z, STM32G471CCT6, STM32G471CCU6, STM32G471CET3, STM32G471CET6, STM32G471CEU3, STM32G471CEU6, STM32G471MCT6, STM32G471MET3, STM32G471MET6, STM32G471MEY6TR, STM32G471QCT6, STM32G471QET3, STM32G471RCT6, STM32G471RET3, STM32G471RET6, STM32G471VCH6, STM32G471VCI6, STM32G471VCT6, STM32G471VEH3, STM32G471VEH6, STM32G471VEI3, STM32G471VEI6, STM32G471VET3, STM32G471VET6, STM32G473QET3Z, STM32G473RET3Z, STM32G474CCT6, STM32G491RET3Z, STM32H503CBT6, STM32H503CBU6, STM32H503EBY6TR, STM32H503KBU6, STM32H503RBT6, STM32H523CCT6, STM32H523CCU6, STM32H523CET6, STM32H523CEU6, STM32H523HEY6TR, STM32H523RCT6, STM32H523RET6, STM32H523VCI6, STM32H523VCT6, STM32H523VEI6, STM32H523VET6, STM32H523ZCJ6, STM32H523ZCT6, STM32H523ZEJ6, STM32H523ZET6, STM32H533CET6, STM32H533CEU6, STM32H533HEY6TR, STM32H533RET6, STM32H533VEI6, STM32H533VET6, STM32H533ZEJ6, STM32H533ZET6, STM32H562AGI6, STM32H562AII6, STM32H562IGK6, STM32H562IGT6, STM32H562IIK6, STM32H562IIT6, STM32H562RGT6, STM32H562RGV6, STM32H562RIT6, STM32H562RIV6, STM32H562VGT6, STM32H562VIT6, STM32H562ZGT6, STM32H562ZIT6, STM32H563AGI6, STM32H563AII3Q, STM32H563AII6, STM32H563IGK6, STM32H563IGT6, STM32H563IIK3Q, STM32H563IIK6, STM32H563IIT3Q, STM32H563IIT6, STM32H563MIY3QTR, STM32H563RGT6, STM32H563RGV6, STM32H563RIT6, STM32H563RIV6, STM32H563VGT6, STM32H563VIT3Q, STM32H563VIT6, STM32H563ZGT6, STM32H563ZIT3Q, STM32H563ZIT6, STM32H573AII3Q, STM32H573AII6, STM32H573I-DK, STM32H573IIK3Q, STM32H573IIK6, STM32H573IIT3Q, STM32H573IIT6, STM32H573MIY3QTR, STM32H573RIT6, STM32H573RIV6, STM32H573VIT3Q, STM32H573VIT6, STM32H573ZIT3Q, STM32H573ZIT6, STM32H7R3A8I6, STM32H7R3I8K6, STM32H7R3I8T6, STM32H7R3L8H6, STM32H7R3L8H6H, STM32H7R3R8V6, STM32H7R3V8H6, STM32H7R3V8T6, STM32H7R3V8Y6TR, STM32H7R3Z8J6, STM32H7R3Z8T6, STM32H7R7A8I6, STM32H7R7I8K6, STM32H7R7I8T6, STM32H7R7L8H6, STM32H7R7L8H6H, STM32H7R7Z8J6, STM32H7S3A8I6, STM32H7S3I8K6, STM32H7S3I8T6, STM32H7S3L8H6, STM32H7S3L8H6H, STM32H7S3R8V6, STM32H7S3V8H6, STM32H7S3V8T6, STM32H7S3V8Y6TR, STM32H7S3Z8J6, STM32H7S3Z8T6, STM32H7S78-DK, STM32H7S7A8I6, STM32H7S7I8K6, STM32H7S7I8T6, STM32H7S7L8H6, STM32H7S7L8H6H, STM32H7S7Z8J6, STM32L4R5QGI6STR, STM32MP131AAE3, STM32MP131AAF3, STM32MP131AAG3, STM32MP131CAE3, STM32MP131CAF3, STM32MP131CAG3, STM32MP131DAE7, STM32MP131DAF7, STM32MP131DAG7, STM32MP131FAE7, STM32MP131FAF7, STM32MP131FAG7, STM32MP133AAE3, STM32MP133AAF3, STM32MP133AAG3, STM32MP133CAE3, STM32MP133CAF3, STM32MP133CAG3, STM32MP133DAE7, STM32MP133DAF7, STM32MP133DAG7, STM32MP133FAE7, STM32MP133FAF7, STM32MP133FAG7, STM32MP135AAE3, STM32MP135AAF3, STM32MP135AAG3, STM32MP135CAE3, STM32MP135CAF3, STM32MP135CAG3, STM32MP135DAE7, STM32MP135DAF7, STM32MP135DAG7, STM32MP135F-DK, STM32MP135FAE7, STM32MP135FAF7, STM32MP135FAF7T, STM32MP135FAF7U, STM32MP135FAG7, STM32MP251AAI3, STM32MP251AAK3, STM32MP251AAL3, STM32MP251CAI3, STM32MP251CAK3, STM32MP251CAL3, STM32MP251DAI3, STM32MP251DAK3, STM32MP251DAL3, STM32MP251FAI3, STM32MP251FAK3, STM32MP251FAL3, STM32MP253AAI3, STM32MP253AAK3, STM32MP253AAL3, STM32MP253CAI3, STM32MP253CAK3, STM32MP253CAL3, STM32MP253DAI3, STM32MP253DAK3, STM32MP253DAL3, STM32MP253FAI3, STM32MP253FAK3, STM32MP253FAL3, STM32MP255AAI3, STM32MP255AAK3, STM32MP255AAL3, STM32MP255CAI3, STM32MP255CAK3, STM32MP255CAL3, STM32MP255DAI3, STM32MP255DAK3, STM32MP255DAL3, STM32MP255FAI3, STM32MP255FAK3, STM32MP255FAL3, STM32MP257AAI3, STM32MP257AAK3, STM32MP257AAL3, STM32MP257CAI3, STM32MP257CAK3, STM32MP257CAL3, STM32MP257DAI3, STM32MP257DAK3, STM32MP257DAL3, STM32MP257F-DK, STM32MP257F-EV1, STM32MP257FAI3, STM32MP257FAK3, STM32MP257FAL3, STM32U031C6T6, STM32U031C6U6, STM32U031C8T6, STM32U031C8U6, STM32U031F4P6, STM32U031F6P6, STM32U031F8P6, STM32U031G6Y6TR, STM32U031G8Y6TR, STM32U031K4U6, STM32U031K6U6, STM32U031K8U6, STM32U031R6I6, STM32U031R6T6, STM32U031R8I6, STM32U031R8T6, STM32U073C8T6, STM32U073C8U6, STM32U073CBT6, STM32U073CBU6, STM32U073CCT6, STM32U073CCU6, STM32U073H8Y6TR, STM32U073HBY6TR, STM32U073HCY6TR, STM32U073K8U6, STM32U073KBU6, STM32U073KCU6, STM32U073M8I6, STM32U073M8T6, STM32U073MBI6, STM32U073MBT6, STM32U073MCI6, STM32U073MCT6, STM32U073R8I6, STM32U073R8T6, STM32U073RBI6, STM32U073RBT6, STM32U073RCI6, STM32U073RCT6, STM32U083C-DK, STM32U083CCT6, STM32U083CCU6, STM32U083HCY6TR, STM32U083KCU6, STM32U083MCI6, STM32U083MCT6, STM32U083RCI6, STM32U083RCT6, STM32U535CBT6, STM32U535CBT6Q, STM32U535CBU6, STM32U535CBU6Q, STM32U535CCT6, STM32U535CCT6Q, STM32U535CCU6, STM32U535CCU6Q, STM32U535CET6, STM32U535CET6Q, STM32U535CEU6, STM32U535CEU6Q, STM32U535JEY6QTR, STM32U535NCY6QTR, STM32U535NEY6QTR, STM32U535RBI6, STM32U535RBI6Q, STM32U535RBT6, STM32U535RBT6Q, STM32U535RCI6, STM32U535RCI6Q, STM32U535RCT6, STM32U535RCT6Q, STM32U535REI6, STM32U535REI6Q, STM32U535RET6, STM32U535RET6Q, STM32U535VCI6, STM32U535VCI6Q, STM32U535VCT6, STM32U535VCT6Q, STM32U535VEI6, STM32U535VEI6Q, STM32U535VET6, STM32U535VET6Q, STM32U545CET6, STM32U545CET6Q, STM32U545CEU6, STM32U545CEU6Q, STM32U545JEY6QTR, STM32U545NEY6QTR, STM32U545REI6, STM32U545REI6Q, STM32U545RET6, STM32U545RET6Q, STM32U545VEI6, STM32U545VEI6Q, STM32U545VET6, STM32U545VET6Q, STM32U595AIH6, STM32U595AIH6Q, STM32U595AJH6, STM32U595AJH6Q, STM32U595QII6, STM32U595QII6Q, STM32U595QJI6, STM32U595QJI6Q, STM32U595RIT6, STM32U595RIT6Q, STM32U595RJT6, STM32U595RJT6Q, STM32U595VIT6, STM32U595VIT6Q, STM32U595VJT6, STM32U595VJT6Q, STM32U595ZIT6, STM32U595ZIT6Q, STM32U595ZIY6QTR, STM32U595ZJT6, STM32U595ZJT6Q, STM32U595ZJY6QTR, STM32U599BJY6QTR, STM32U599NIH6Q, STM32U599NJH6Q, STM32U599VIT6Q, STM32U599VJT6, STM32U599VJT6Q, STM32U599ZIT6Q, STM32U599ZIY6QTR, STM32U599ZJT6Q, STM32U599ZJY6QTR, STM32U5A5AJH6, STM32U5A5AJH6Q, STM32U5A5QII3Q , STM32U5A5QJI6, STM32U5A5QJI6Q, STM32U5A5RJT6, STM32U5A5RJT6Q, STM32U5A5VJT6, STM32U5A5VJT6Q, STM32U5A5ZJT6, STM32U5A5ZJT6Q, STM32U5A5ZJY6QTR, STM32U5A9BJY6QTR, STM32U5A9J-DK, STM32U5A9NJH6Q, STM32U5A9VJT6Q, STM32U5A9ZJT6Q, STM32U5A9ZJY6QTR, STM32U5F7VIT6, STM32U5F7VIT6Q, STM32U5F7VJT6, STM32U5F7VJT6Q, STM32U5F9BJY6QTR, STM32U5F9NJH6Q, STM32U5F9VIT6Q, STM32U5F9VJT6Q, STM32U5F9ZIJ6QTR, STM32U5F9ZIT6Q, STM32U5F9ZJJ6QTR, STM32U5F9ZJT6Q, STM32U5G7VJT6, STM32U5G7VJT6Q, STM32U5G9BJY6QTR, STM32U5G9J-DK1, STM32U5G9J-DK2, STM32U5G9NJH6Q, STM32U5G9VJT6Q, STM32U5G9ZJJ6QTR, STM32U5G9ZJT6Q, STM32WB05KZV6TR, STM32WB05KZV7TR, STM32WB05TZF6TR, STM32WB05TZF7TR, STM32WB06CCF6TR, STM32WB06CCF7TR, STM32WB06CCV6TR, STM32WB06CCV7TR, STM32WB06KCV6TR, STM32WB06KCV7TR, STM32WB07CCF6TR, STM32WB07CCF7TR, STM32WB07CCV6TR, STM32WB07CCV7TR, STM32WB07KCV6TR, STM32WB07KCV7TR, STM32WB09KEV6TR, STM32WB09KEV7TR, STM32WB09TEF6TR, STM32WB09TEF7TR, STM32WB1MMCH6, STM32WBA50KGU6, STM32WBA50KGU6TR, STM32WBA52CEU6, STM32WBA52CEU6TR, STM32WBA52CEU7, STM32WBA52CEU7TR, STM32WBA52CGU6, STM32WBA52CGU6TR, STM32WBA52CGU6U, STM32WBA52CGU7, STM32WBA52CGU7TR, STM32WBA52KEU6, STM32WBA52KEU6TR, STM32WBA52KGU6, STM32WBA52KGU6TR, STM32WBA54CEU6, STM32WBA54CEU6TR, STM32WBA54CEU7, STM32WBA54CEU7TR, STM32WBA54CGU6, STM32WBA54CGU6TR, STM32WBA54CGU7, STM32WBA54CGU7TR, STM32WBA54KEU6, STM32WBA54KEU6TR, STM32WBA54KEU7, STM32WBA54KEU7TR, STM32WBA54KGU6, STM32WBA54KGU6TR, STM32WBA54KGU7, STM32WBA54KGU7TR, STM32WBA55CEU6, STM32WBA55CEU6TR, STM32WBA55CEU7, STM32WBA55CEU7TR, STM32WBA55CGU6, STM32WBA55CGU6TR, STM32WBA55CGU6U, STM32WBA55CGU7, STM32WBA55CGU7TR, STM32WBA55G-DK1, STM32WBA55HEF6, STM32WBA55HEF7, STM32WBA55HGF6, STM32WBA55HGF7, STM32WBA55UEI6, STM32WBA55UEI6TR, STM32WBA55UEI7, STM32WBA55UEI7TR, STM32WBA55UGI6, STM32WBA55UGI6TR, STM32WBA55UGI7, STM32WBA55UGI7TR, STM32WL5MOCH6, STM32WL5MOCH6TR]
2025-07-18 19:31:29,160 [INFO] DbMcus:218 - Found 4252 MCUs, 4252 are supported
2025-07-18 19:31:29,167 [INFO] ApiDb:423 - Load user favorites file C:\Users\Juan/.stm32cubeide/favorites.mcus.txt: 1 item(s)
2025-07-18 19:31:29,167 [INFO] ApiDb:427 - User favorites MCUs=[STM32F103C8T6]
2025-07-18 19:31:29,167 [INFO] DbMcus:224 - Set 1 / 1 favorites MCUs
2025-07-18 19:31:29,543 [INFO] ApiDb:423 - Load user favorites file C:\Users\Juan/.stm32cubeide/favorites.boards.txt: 1 item(s)
2025-07-18 19:31:29,543 [INFO] ApiDb:427 - User favorites Boards=[STM32F407G-DISC1]
2025-07-18 19:31:29,543 [INFO] DbBoards:198 - Set 1 / 1 favorites Boards
2025-07-18 19:31:29,598 [INFO] UtilMem:75 - End LoadConfig() Used Memory: 203241432 Bytes (325058560)
2025-07-18 19:31:29,733 [WARN] ThirdParty:833 - waiting for thirdparty lock release [change project]
2025-07-18 19:31:29,733 [INFO] ThirdParty:835 - entering critical section [change project]
2025-07-18 19:31:29,733 [INFO] ThirdParty:1030 - CMSIS Pack Vendor :STMicroelectronics X-CUBE-PM33A1 1.0.0
2025-07-18 19:31:29,733 [INFO] ThirdParty:1030 - CMSIS Pack Vendor :STMicroelectronics USBPD 4.1
2025-07-18 19:31:29,734 [INFO] ThirdParty:1030 - CMSIS Pack Vendor :STMicroelectronics X-CUBE-AZRTOS-H7 3.3.0
2025-07-18 19:31:29,734 [INFO] ThirdParty:1030 - CMSIS Pack Vendor :STMicroelectronics X-CUBE-NFC9 1.0.0
2025-07-18 19:31:29,734 [INFO] ThirdParty:1030 - CMSIS Pack Vendor :wolfSSL I-CUBE-wolfSSL 5.8.0
2025-07-18 19:31:29,734 [INFO] ThirdParty:1030 - CMSIS Pack Vendor :STMicroelectronics USB_HOST 2.0.0
2025-07-18 19:31:29,734 [INFO] ThirdParty:1030 - CMSIS Pack Vendor :STMicroelectronics FP-SNS-MOTENVWB1 1.4.0
2025-07-18 19:31:29,734 [INFO] ThirdParty:1030 - CMSIS Pack Vendor :STMicroelectronics X-CUBE-AZRTOS-F4 1.1.0
2025-07-18 19:31:29,734 [INFO] ThirdParty:1030 - CMSIS Pack Vendor :STMicroelectronics LIBJPEG 8.0.0
2025-07-18 19:31:29,734 [INFO] ThirdParty:1030 - CMSIS Pack Vendor :STMicroelectronics FP-ATR-ASTRA1 2.0.2
2025-07-18 19:31:29,734 [INFO] ThirdParty:1030 - CMSIS Pack Vendor :STMicroelectronics X-CUBE-BLE1 7.1.0
2025-07-18 19:31:29,734 [INFO] ThirdParty:1030 - CMSIS Pack Vendor :STMicroelectronics X-CUBE-SMBUS 2.1.0
2025-07-18 19:31:29,734 [INFO] ThirdParty:1030 - CMSIS Pack Vendor :wolfSSL I-CUBE-wolfMQTT 1.19.2
2025-07-18 19:31:29,734 [INFO] ThirdParty:1030 - CMSIS Pack Vendor :STMicroelectronics USB_DEVICE 3.0.0
2025-07-18 19:31:29,734 [INFO] ThirdParty:1030 - CMSIS Pack Vendor :STMicroelectronics X-CUBE-ISPU 2.1.0
2025-07-18 19:31:29,734 [INFO] ThirdParty:1030 - CMSIS Pack Vendor :STMicroelectronics X-CUBE-EEPRMA1 5.2.0
2025-07-18 19:31:29,734 [INFO] ThirdParty:1030 - CMSIS Pack Vendor :STMicroelectronics X-CUBE-AZRTOS-WB 2.0.0
2025-07-18 19:31:29,734 [INFO] ThirdParty:1030 - CMSIS Pack Vendor :STMicroelectronics X-CUBE-GNSS1 7.0.1
2025-07-18 19:31:29,734 [INFO] ThirdParty:1030 - CMSIS Pack Vendor :STMicroelectronics X-CUBE-NFC12 1.0.0
2025-07-18 19:31:29,734 [INFO] ThirdParty:1030 - CMSIS Pack Vendor :STMicroelectronics X-CUBE-AZRTOS-F7 1.1.0
2025-07-18 19:31:29,734 [INFO] ThirdParty:1030 - CMSIS Pack Vendor :STMicroelectronics X-CUBE-AZRTOS-L5 2.0.0
2025-07-18 19:31:29,734 [INFO] ThirdParty:1030 - CMSIS Pack Vendor :STMicroelectronics X-CUBE-TOUCHGFX 4.25.0
2025-07-18 19:31:29,734 [INFO] ThirdParty:1030 - CMSIS Pack Vendor :STMicroelectronics USB_DEVICE 2.0.0
2025-07-18 19:31:29,734 [INFO] ThirdParty:1030 - CMSIS Pack Vendor :STMicroelectronics X-CUBE-NFC6 3.1.0
2025-07-18 19:31:29,734 [INFO] ThirdParty:1030 - CMSIS Pack Vendor :STMicroelectronics X-CUBE-AI 10.1.0
2025-07-18 19:31:29,734 [INFO] ThirdParty:1030 - CMSIS Pack Vendor :STMicroelectronics FP-SNS-STBOX1 2.0.0
2025-07-18 19:31:29,734 [INFO] ThirdParty:1030 - CMSIS Pack Vendor :STMicroelectronics X-CUBE-MEMS1 11.2.0
2025-07-18 19:31:29,734 [INFO] ThirdParty:1030 - CMSIS Pack Vendor :STMicroelectronics FreeRTOS 0.0.1
2025-07-18 19:31:29,734 [INFO] ThirdParty:1030 - CMSIS Pack Vendor :STMicroelectronics X-CUBE-AZRTOS-G0 1.1.0
2025-07-18 19:31:29,734 [INFO] ThirdParty:1030 - CMSIS Pack Vendor :STMicroelectronics X-CUBE-SAFEA1 1.2.2
2025-07-18 19:31:29,734 [INFO] ThirdParty:1030 - CMSIS Pack Vendor :STMicroelectronics X-CUBE-NFC4 3.0.0
2025-07-18 19:31:29,734 [INFO] ThirdParty:1030 - CMSIS Pack Vendor :STMicroelectronics X-CUBE-SUBG2 5.0.0
2025-07-18 19:31:29,735 [INFO] ThirdParty:1030 - CMSIS Pack Vendor :STMicroelectronics X-CUBE-AZRTOS-H7RS 1.1.0
2025-07-18 19:31:29,735 [INFO] ThirdParty:1030 - CMSIS Pack Vendor :STMicroelectronics STM32_WPAN 1.0.0
2025-07-18 19:31:29,735 [INFO] ThirdParty:1030 - CMSIS Pack Vendor :EmbeddedOffice I-CUBE-FS-RTOS 1.0.1
2025-07-18 19:31:29,735 [INFO] ThirdParty:1030 - CMSIS Pack Vendor :STMicroelectronics lwIP 2.0.3
2025-07-18 19:31:29,735 [INFO] ThirdParty:1030 - CMSIS Pack Vendor :Cesanta I-CUBE-Mongoose 7.13.0
2025-07-18 19:31:29,735 [INFO] ThirdParty:1030 - CMSIS Pack Vendor :STMicroelectronics USB_HOST 1.0.0
2025-07-18 19:31:29,735 [INFO] ThirdParty:1030 - CMSIS Pack Vendor :Infineon AIROC-Wi-Fi-Bluetooth-STM32 1.7.0
2025-07-18 19:31:29,735 [INFO] ThirdParty:1030 - CMSIS Pack Vendor :STMicroelectronics X-CUBE-AZRTOS-G4 2.0.0
2025-07-18 19:31:29,735 [INFO] ThirdParty:1030 - CMSIS Pack Vendor :STMicroelectronics X-CUBE-WB05N 2.0.0
2025-07-18 19:31:29,735 [INFO] ThirdParty:1030 - CMSIS Pack Vendor :STMicroelectronics PDM2PCM 3.1.0
2025-07-18 19:31:29,735 [INFO] ThirdParty:1030 - CMSIS Pack Vendor :STMicroelectronics PDM2PCM 3.3.0
2025-07-18 19:31:29,735 [INFO] ThirdParty:1030 - CMSIS Pack Vendor :wolfSSL I-CUBE-wolfTPM 3.8.0
2025-07-18 19:31:29,735 [INFO] ThirdParty:1030 - CMSIS Pack Vendor :STMicroelectronics X-CUBE-AZRTOS-H7 3.4.0
2025-07-18 19:31:29,735 [INFO] ThirdParty:1030 - CMSIS Pack Vendor :STMicroelectronics X-CUBE-DISPLAY 3.0.0
2025-07-18 19:31:29,735 [INFO] ThirdParty:1030 - CMSIS Pack Vendor :wolfSSL I-CUBE-wolfSSH 1.4.20
2025-07-18 19:31:29,735 [INFO] ThirdParty:1030 - CMSIS Pack Vendor :STMicroelectronics X-CUBE-NFC7 2.0.0
2025-07-18 19:31:29,735 [INFO] ThirdParty:1030 - CMSIS Pack Vendor :RealThread X-CUBE-RT-Thread_Nano 4.1.1
2025-07-18 19:31:29,735 [INFO] ThirdParty:1030 - CMSIS Pack Vendor :STMicroelectronics FP-ATR-SIGFOX1 3.2.0
2025-07-18 19:31:29,735 [INFO] ThirdParty:1030 - CMSIS Pack Vendor :STMicroelectronics X-CUBE-NFC10 1.0.0
2025-07-18 19:31:29,735 [INFO] ThirdParty:1030 - CMSIS Pack Vendor :STMicroelectronics X-CUBE-BLEMGR 4.0.0
2025-07-18 19:31:29,735 [INFO] ThirdParty:1030 - CMSIS Pack Vendor :STMicroelectronics X-CUBE-EEPRMA1 5.1.0
2025-07-18 19:31:29,736 [INFO] ThirdParty:1030 - CMSIS Pack Vendor :STMicroelectronics X-CUBE-FREERTOS 1.3.1
2025-07-18 19:31:29,736 [INFO] ThirdParty:1030 - CMSIS Pack Vendor :STMicroelectronics HAL Drivers 0.0.0
2025-07-18 19:31:29,736 [INFO] ThirdParty:1030 - CMSIS Pack Vendor :STMicroelectronics MBEDTLS 2.16.2
2025-07-18 19:31:29,736 [INFO] ThirdParty:1030 - CMSIS Pack Vendor :STMicroelectronics X-CUBE-ALS 1.0.2
2025-07-18 19:31:29,736 [INFO] ThirdParty:1030 - CMSIS Pack Vendor :emotas I-CUBE-CANOPEN 1.3.0
2025-07-18 19:31:29,736 [INFO] ThirdParty:1030 - CMSIS Pack Vendor :STMicroelectronics MBEDTLS 2.14.1
2025-07-18 19:31:29,736 [INFO] ThirdParty:1030 - CMSIS Pack Vendor :ITTIA_DB I-CUBE-ITTIADB 8.9.0
2025-07-18 19:31:29,736 [INFO] ThirdParty:1030 - CMSIS Pack Vendor :portGmbH I-Cube-SoM-uGOAL 1.1.0
2025-07-18 19:31:29,736 [INFO] ThirdParty:1030 - CMSIS Pack Vendor :quantropi X-CUBE-qispace-sdk-base 2.0.0
2025-07-18 19:31:29,736 [INFO] ThirdParty:1030 - CMSIS Pack Vendor :STMicroelectronics X-CUBE-AI 10.0.0
2025-07-18 19:31:29,736 [INFO] ThirdParty:1030 - CMSIS Pack Vendor :STMicroelectronics ThreadX 1.0.0
2025-07-18 19:31:29,736 [INFO] ThirdParty:1030 - CMSIS Pack Vendor :STMicroelectronics FP-SNS-SMARTAG2 1.2.0
2025-07-18 19:31:29,736 [INFO] ThirdParty:1030 - CMSIS Pack Vendor :STMicroelectronics X-CUBE-AZRTOS-WL 2.0.0
2025-07-18 19:31:29,736 [INFO] ThirdParty:1030 - CMSIS Pack Vendor :SEGGER I-CUBE-embOS 1.3.1
2025-07-18 19:31:29,736 [INFO] ThirdParty:1030 - CMSIS Pack Vendor :STMicroelectronics X-CUBE-ALGOBUILD 1.4.0
2025-07-18 19:31:29,736 [INFO] ThirdParty:1030 - CMSIS Pack Vendor :STMicroelectronics X-CUBE-DPower 1.3.0
2025-07-18 19:31:29,736 [INFO] ThirdParty:1030 - CMSIS Pack Vendor :STMicroelectronics X-CUBE-MEMS1 11.3.0
2025-07-18 19:31:29,736 [INFO] ThirdParty:1030 - CMSIS Pack Vendor :STMicroelectronics FP-SNS-MOTENV1 5.0.0
2025-07-18 19:31:29,736 [INFO] ThirdParty:1030 - CMSIS Pack Vendor :STMicroelectronics USB_DEVICE 1.0.0
2025-07-18 19:31:29,736 [INFO] ThirdParty:1030 - CMSIS Pack Vendor :STMicroelectronics X-CUBE-AZRTOS-L4 2.0.0
2025-07-18 19:31:29,736 [INFO] ThirdParty:1030 - CMSIS Pack Vendor :STMicroelectronics ThreadX 0.0.2
2025-07-18 19:31:29,736 [INFO] ThirdParty:1030 - CMSIS Pack Vendor :WES I-CUBE-Cesium 1.3.0
2025-07-18 19:31:29,736 [INFO] ThirdParty:1030 - CMSIS Pack Vendor :STMicroelectronics lwIP 2.1.2
2025-07-18 19:31:29,736 [INFO] ThirdParty:1030 - CMSIS Pack Vendor :STMicroelectronics X-CUBE-SFXS2LP1 4.0.0
2025-07-18 19:31:29,736 [INFO] ThirdParty:1030 - CMSIS Pack Vendor :STMicroelectronics X-CUBE-BLE2 3.3.0
2025-07-18 19:31:29,736 [INFO] ThirdParty:1030 - CMSIS Pack Vendor :STMicroelectronics PDM2PCM 3.2.0
2025-07-18 19:31:29,737 [INFO] ThirdParty:841 - exiting critical section [change project]
2025-07-18 19:31:30,070 [INFO] PinOutPanel:1561 - setPackage(No Configuration,No Configuration)
2025-07-18 19:31:30,072 [INFO] PinOutPanel:1561 - setPackage(STM32F103C8Tx,LQFP48)
2025-07-18 19:31:30,476 [INFO] UtilMem:75 - Before build in PCC Used Memory: 213334808 Bytes (325058560)
2025-07-18 19:31:31,123 [INFO] UtilMem:75 - After build in PCC Used Memory: 212952968 Bytes (325058560)
2025-07-18 19:31:31,152 [INFO] IPUIPlugin:80 - create IPUIPlugin
2025-07-18 19:31:31,152 [INFO] IPUIPlugin:80 - create IPUIPlugin
2025-07-18 19:31:31,152 [INFO] IPUIPlugin:80 - create IPUIPlugin
2025-07-18 19:31:31,153 [INFO] IPUIPlugin:80 - create IPUIPlugin
2025-07-18 19:31:31,153 [INFO] IPUIPlugin:80 - create IPUIPlugin
2025-07-18 19:31:31,153 [INFO] IPUIPlugin:80 - create IPUIPlugin
2025-07-18 19:31:31,153 [INFO] IPUIPlugin:80 - create IPUIPlugin
2025-07-18 19:31:31,153 [INFO] IPUIPlugin:80 - create IPUIPlugin
2025-07-18 19:31:31,153 [INFO] IPUIPlugin:80 - create IPUIPlugin
2025-07-18 19:31:31,153 [INFO] IPUIPlugin:80 - create IPUIPlugin
2025-07-18 19:31:31,153 [INFO] IPUIPlugin:80 - create IPUIPlugin
2025-07-18 19:31:31,153 [INFO] IPUIPlugin:80 - create IPUIPlugin
2025-07-18 19:31:31,154 [INFO] IPUIPlugin:80 - create IPUIPlugin
2025-07-18 19:31:31,154 [INFO] IPUIPlugin:80 - create IPUIPlugin
2025-07-18 19:31:31,154 [INFO] IPUIPlugin:80 - create IPUIPlugin
2025-07-18 19:31:31,154 [INFO] IPUIPlugin:80 - create IPUIPlugin
2025-07-18 19:31:31,154 [INFO] IPUIPlugin:80 - create IPUIPlugin
2025-07-18 19:31:31,154 [INFO] IPUIPlugin:80 - create IPUIPlugin
2025-07-18 19:31:31,154 [INFO] IPUIPlugin:80 - create IPUIPlugin
2025-07-18 19:31:31,154 [INFO] IPUIPlugin:80 - create IPUIPlugin
2025-07-18 19:31:31,155 [INFO] IPUIPlugin:80 - create IPUIPlugin
2025-07-18 19:31:31,155 [INFO] IPUIPlugin:80 - create IPUIPlugin
2025-07-18 19:31:31,155 [INFO] IPUIPlugin:80 - create IPUIPlugin
2025-07-18 19:31:31,155 [INFO] IPUIPlugin:80 - create IPUIPlugin
2025-07-18 19:31:31,155 [INFO] IPUIPlugin:80 - create IPUIPlugin
2025-07-18 19:31:31,155 [INFO] IPUIPlugin:80 - create IPUIPlugin
2025-07-18 19:31:31,156 [INFO] IPUIPlugin:80 - create IPUIPlugin
2025-07-18 19:31:31,162 [WARN] IP:2191 - I2C_Coeff_DF not found: check if there is a RefParameter without a condition.
2025-07-18 19:31:31,162 [WARN] IP:2191 - Analog_Filter not found: check if there is a RefParameter without a condition.
2025-07-18 19:31:31,346 [INFO] CADModel:165 - CPN selected for project levelSTM32F103C8T6
2025-07-18 19:31:31,346 [INFO] CADModel:114 - Register for checkConnection events
2025-07-18 19:31:31,394 [INFO] OpenFileManager:363 - Restore cursor
2025-07-18 19:31:31,558 [WARN] IP:2191 - I2C_Coeff_DF not found: check if there is a RefParameter without a condition.
2025-07-18 19:31:31,558 [WARN] IP:2191 - Analog_Filter not found: check if there is a RefParameter without a condition.
2025-07-18 19:31:31,558 [WARN] IP:2191 - I2C_Coeff_DF not found: check if there is a RefParameter without a condition.
2025-07-18 19:31:31,558 [WARN] IP:2191 - Analog_Filter not found: check if there is a RefParameter without a condition.
