2025-06-11 01:00:44,182 [INFO] Activator:176 - 


2025-06-11 01:00:44,188 [INFO] Activator:177 - !SESSION log4j initialized
2025-06-11 01:00:49,720 [INFO] LogOutputStream:77 - [STDOUT_REDIRECT] 
2025-06-11 01:00:59,697 [INFO] ApplicationProperties:184 - Using Application install path: C:\ST\STM32CubeIDE_1.16.0\STM32CubeIDE\plugins\com.st.stm32cube.common.mx_6.12.1.202409122256
2025-06-11 01:00:59,721 [INFO] DbMcusXml:78 - Set database path to: C:\ST\STM32CubeIDE_1.16.0\STM32CubeIDE\plugins\com.st.stm32cube.common.mx_6.12.1.202409122256\\db\/mcu/
2025-06-11 01:00:59,722 [INFO] ApiDb:274 - Set plugin database path to: C:\ST\STM32CubeIDE_1.16.0\STM32CubeIDE\plugins\com.st.stm32cube.common.mx_6.12.1.202409122256\\db\/plugins/boardmanager/
2025-06-11 01:00:59,722 [WARN] ApiDb:259 - Overriding images path with different value:  => C:\ST\STM32CubeIDE_1.16.0\STM32CubeIDE\plugins\com.st.stm32cube.common.mx_6.12.1.202409122256\\db\/plugins/mcufinder/images/
2025-06-11 01:00:59,743 [INFO] ApiDb:250 - Set database path to: C:\Users\Juan\.stmcufinder\plugins\mcufinder//mcu/
2025-06-11 01:00:59,744 [INFO] DbMcusAds:125 - Set database path to: C:\Users\Juan\.stmcufinder\plugins\mcufinder//mcu/
2025-06-11 01:00:59,747 [INFO] CrossReferenceDbSqlite:203 - Set database path to: C:\Users\Juan\.stmcufinder\plugins\mcufinder//mcu/cs/
2025-06-11 01:00:59,921 [INFO] RulesReader:64 - Compatibility file has been processed (297 Rules)
2025-06-11 01:01:00,463 [INFO] DbMcusXml:78 - Set database path to: C:\ST\STM32CubeIDE_1.16.0\STM32CubeIDE\plugins\com.st.stm32cube.common.mx_6.12.1.202409122256\\db\/mcu/
2025-06-11 01:01:00,463 [INFO] ApiDb:274 - Set plugin database path to: C:\ST\STM32CubeIDE_1.16.0\STM32CubeIDE\plugins\com.st.stm32cube.common.mx_6.12.1.202409122256\\db\/plugins/boardmanager/
2025-06-11 01:01:00,463 [INFO] ApiDb:261 - Set plugin images path to: C:\ST\STM32CubeIDE_1.16.0\STM32CubeIDE\plugins\com.st.stm32cube.common.mx_6.12.1.202409122256\\db\/plugins/mcufinder/images/
2025-06-11 01:01:00,463 [WARN] DbFile:41 - Overriding database path with different value: C:\Users\Juan\.stmcufinder\plugins\mcufinder/ => C:\Users\Juan\.stmcufinder\plugins\mcufinder
2025-06-11 01:01:00,463 [INFO] ApiDb:250 - Set database path to: C:\Users\Juan\.stmcufinder\plugins\mcufinder//mcu/
2025-06-11 01:01:00,464 [WARN] DbFile:41 - Overriding database path with different value: C:\Users\Juan\.stmcufinder\plugins\mcufinder/ => C:\Users\Juan\.stmcufinder\plugins\mcufinder
2025-06-11 01:01:00,464 [INFO] DbMcusAds:125 - Set database path to: C:\Users\Juan\.stmcufinder\plugins\mcufinder//mcu/
2025-06-11 01:01:00,464 [WARN] DbFile:41 - Overriding database path with different value: C:\Users\Juan\.stmcufinder\plugins\mcufinder/ => C:\Users\Juan\.stmcufinder\plugins\mcufinder
2025-06-11 01:01:00,464 [WARN] DbFile:41 - Overriding database path with different value: C:\Users\Juan\.stmcufinder\plugins\mcufinder/ => C:\Users\Juan\.stmcufinder\plugins\mcufinder
2025-06-11 01:01:00,473 [INFO] CrossReferenceDbSqlite:203 - Set database path to: C:\Users\Juan\.stmcufinder\plugins\mcufinder//mcu/cs/
2025-06-11 01:01:00,670 [INFO] MainPanel:268 - HeapMemory: 268435456
2025-06-11 01:01:00,879 [INFO] DbMcusXml:78 - Set database path to: C:\ST\STM32CubeIDE_1.16.0\STM32CubeIDE\plugins\com.st.stm32cube.common.mx_6.12.1.202409122256\\db\/mcu/
2025-06-11 01:01:00,879 [INFO] ApiDb:274 - Set plugin database path to: C:\ST\STM32CubeIDE_1.16.0\STM32CubeIDE\plugins\com.st.stm32cube.common.mx_6.12.1.202409122256\\db\/plugins/boardmanager/
2025-06-11 01:01:00,880 [INFO] ApiDb:261 - Set plugin images path to: C:\ST\STM32CubeIDE_1.16.0\STM32CubeIDE\plugins\com.st.stm32cube.common.mx_6.12.1.202409122256\\db\/plugins/mcufinder/images/
2025-06-11 01:01:00,880 [WARN] DbFile:41 - Overriding database path with different value: C:\Users\Juan\.stmcufinder\plugins\mcufinder/ => C:\Users\Juan\.stmcufinder\plugins\mcufinder
2025-06-11 01:01:00,880 [INFO] ApiDb:250 - Set database path to: C:\Users\Juan\.stmcufinder\plugins\mcufinder//mcu/
2025-06-11 01:01:00,880 [WARN] DbFile:41 - Overriding database path with different value: C:\Users\Juan\.stmcufinder\plugins\mcufinder/ => C:\Users\Juan\.stmcufinder\plugins\mcufinder
2025-06-11 01:01:00,880 [INFO] DbMcusAds:125 - Set database path to: C:\Users\Juan\.stmcufinder\plugins\mcufinder//mcu/
2025-06-11 01:01:00,880 [WARN] DbFile:41 - Overriding database path with different value: C:\Users\Juan\.stmcufinder\plugins\mcufinder/ => C:\Users\Juan\.stmcufinder\plugins\mcufinder
2025-06-11 01:01:00,880 [WARN] DbFile:41 - Overriding database path with different value: C:\Users\Juan\.stmcufinder\plugins\mcufinder/ => C:\Users\Juan\.stmcufinder\plugins\mcufinder
2025-06-11 01:01:00,880 [INFO] CrossReferenceDbSqlite:203 - Set database path to: C:\Users\Juan\.stmcufinder\plugins\mcufinder//mcu/cs/
2025-06-11 01:01:00,902 [INFO] ApplicationProperties:184 - Using Application install path: C:\ST\STM32CubeIDE_1.16.0\STM32CubeIDE\plugins\com.st.stm32cube.common.mx_6.12.1.202409122256
2025-06-11 01:01:00,903 [INFO] PluginManage:196 - Search for loadable plugins [exclusion list=, ]
2025-06-11 01:01:00,905 [INFO] PluginManage:310 - Check plugin analytics
2025-06-11 01:01:05,756 [INFO] AnalyticsPlugin:253 - Accepted Software Licenses: STM32CubeMX.6.12.0
2025-06-11 01:01:05,757 [INFO] AnalyticsPlugin:255 - Accepted CMSIS Pack Licenses: 
2025-06-11 01:01:05,757 [INFO] AnalyticsPlugin:257 - Accepted Firmware Licenses: FW.F4.1.28.0
2025-06-11 01:01:05,764 [INFO] PluginManage:359 - Loaded plugin analytics (category:tool,tabindex:-1)
2025-06-11 01:01:05,764 [INFO] PluginManage:310 - Check plugin cadmodel
2025-06-11 01:01:05,795 [INFO] CADModel:105 - Init CAD model plugin
2025-06-11 01:01:05,796 [INFO] PluginManage:359 - Loaded plugin cadmodel (category:power,tabindex:5)
2025-06-11 01:01:05,796 [INFO] PluginManage:310 - Check plugin clock
2025-06-11 01:01:05,836 [INFO] PluginManage:359 - Loaded plugin clock (category:base,tabindex:2)
2025-06-11 01:01:05,837 [INFO] PluginManage:310 - Check plugin ddr
2025-06-11 01:01:05,840 [INFO] PluginManage:359 - Loaded plugin ddr (category:tool,tabindex:6)
2025-06-11 01:01:05,840 [INFO] PluginManage:310 - Check plugin filemanager
2025-06-11 01:01:06,129 [INFO] PluginManage:359 - Loaded plugin filemanager (category:base,tabindex:10)
2025-06-11 01:01:06,130 [INFO] PluginManage:310 - Check plugin ipmanager
2025-06-11 01:01:06,152 [INFO] PluginManage:359 - Loaded plugin ipmanager (category:base,tabindex:5)
2025-06-11 01:01:06,152 [INFO] PluginManage:310 - Check plugin lpbam
2025-06-11 01:01:06,188 [INFO] PluginManage:359 - Loaded plugin lpbam (category:base,tabindex:0)
2025-06-11 01:01:06,188 [INFO] PluginManage:310 - Check plugin memorymap
2025-06-11 01:01:06,239 [INFO] PluginManage:359 - Loaded plugin memorymap (category:base,tabindex:4)
2025-06-11 01:01:06,239 [INFO] PluginManage:310 - Check plugin pinoutandconfiguration
2025-06-11 01:01:06,275 [INFO] PluginManage:359 - Loaded plugin pinoutandconfiguration (category:base,tabindex:1)
2025-06-11 01:01:06,275 [INFO] PluginManage:310 - Check plugin pinoutconfig
2025-06-11 01:01:06,450 [WARN] SupportedApi:132 - Cannot load RTOS API schema: s4s-elt-must-match.1: The content of 'definitions' must match (annotation?, (simpleType | complexType)?, (unique | key | keyref)*)). A problem was found starting at: attribute.
2025-06-11 01:01:06,815 [INFO] PluginManage:359 - Loaded plugin pinoutconfig (category:base,tabindex:0)
2025-06-11 01:01:06,815 [INFO] PluginManage:310 - Check plugin power
2025-06-11 01:01:06,855 [INFO] PluginManage:359 - Loaded plugin power (category:power,tabindex:4)
2025-06-11 01:01:06,855 [INFO] PluginManage:310 - Check plugin projectmanager
2025-06-11 01:01:06,893 [INFO] PluginManage:359 - Loaded plugin projectmanager (category:projectmanager,tabindex:4)
2025-06-11 01:01:06,893 [INFO] PluginManage:310 - Check plugin rif
2025-06-11 01:01:06,925 [INFO] PluginManage:359 - Loaded plugin rif (category:base,tabindex:3)
2025-06-11 01:01:06,925 [INFO] PluginManage:310 - Check plugin thirdparty
2025-06-11 01:01:07,448 [INFO] PluginManage:359 - Loaded plugin thirdparty (category:base,tabindex:-1)
2025-06-11 01:01:07,449 [WARN] IntegrityCheckThread:84 - waiting for thirdparty lock release [integrity check]
2025-06-11 01:01:07,449 [INFO] PluginManage:310 - Check plugin tools
2025-06-11 01:01:07,449 [INFO] IntegrityCheckThread:86 - entering critical section [integrity check]
2025-06-11 01:01:07,452 [INFO] ThirdPartyUpdaterWithRetryManager:70 - Updater plugin not ready yet. [1/15]
2025-06-11 01:01:07,527 [INFO] PluginManage:359 - Loaded plugin tools (category:base,tabindex:7)
2025-06-11 01:01:07,527 [INFO] PluginManage:310 - Check plugin tutovideos
2025-06-11 01:01:07,919 [INFO] PluginManage:359 - Loaded plugin tutovideos (category:base,tabindex:-1)
2025-06-11 01:01:07,920 [INFO] PluginManage:310 - Check plugin updater
2025-06-11 01:01:07,948 [INFO] PluginManage:359 - Loaded plugin updater (category:base,tabindex:12)
2025-06-11 01:01:07,949 [INFO] PluginManage:310 - Check plugin userauth
2025-06-11 01:01:07,959 [INFO] UserAuth:113 - Init User Auth plugin
2025-06-11 01:01:07,959 [INFO] PluginManage:359 - Loaded plugin userauth (category:base,tabindex:14)
2025-06-11 01:01:07,960 [INFO] PluginManage:283 - PluginManage : Loaded plugins [18]
2025-06-11 01:01:08,474 [INFO] PinOutPanel:1561 - setPackage(No Configuration,No Configuration)
2025-06-11 01:01:08,643 [INFO] CADModel:165 - CPN selected for project level
2025-06-11 01:01:08,643 [INFO] CADModel:114 - Register for checkConnection events
2025-06-11 01:01:08,678 [INFO] IPUIPlugin:80 - create IPUIPlugin
2025-06-11 01:01:08,678 [INFO] PluginManager:220 - loadIPPluginJar : add adc
2025-06-11 01:01:08,737 [INFO] IPUIPlugin:80 - create IPUIPlugin
2025-06-11 01:01:08,737 [INFO] PluginManager:220 - loadIPPluginJar : add aes
2025-06-11 01:01:08,801 [INFO] IPUIPlugin:80 - create IPUIPlugin
2025-06-11 01:01:08,801 [INFO] PluginManager:220 - loadIPPluginJar : add can
2025-06-11 01:01:08,838 [INFO] IPUIPlugin:80 - create IPUIPlugin
2025-06-11 01:01:08,838 [INFO] PluginManager:220 - loadIPPluginJar : add comp
2025-06-11 01:01:08,977 [INFO] IPUIPlugin:80 - create IPUIPlugin
2025-06-11 01:01:08,977 [INFO] PluginManager:220 - loadIPPluginJar : add cryp
2025-06-11 01:01:09,041 [INFO] IPUIPlugin:80 - create IPUIPlugin
2025-06-11 01:01:09,041 [INFO] PluginManager:220 - loadIPPluginJar : add ddr_ctrl_phy
2025-06-11 01:01:09,118 [INFO] IPUIPlugin:80 - create IPUIPlugin
2025-06-11 01:01:09,118 [INFO] PluginManager:220 - loadIPPluginJar : add dfsdm
2025-06-11 01:01:09,142 [INFO] IPUIPlugin:80 - create IPUIPlugin
2025-06-11 01:01:09,142 [INFO] PluginManager:220 - loadIPPluginJar : add dma
2025-06-11 01:01:09,233 [INFO] IPUIPlugin:80 - create IPUIPlugin
2025-06-11 01:01:09,234 [INFO] PluginManager:220 - loadIPPluginJar : add dma3
2025-06-11 01:01:09,318 [INFO] IPUIPlugin:80 - create IPUIPlugin
2025-06-11 01:01:09,318 [INFO] PluginManager:220 - loadIPPluginJar : add extmemmanager
2025-06-11 01:01:09,354 [INFO] IPUIPlugin:80 - create IPUIPlugin
2025-06-11 01:01:09,355 [INFO] PluginManager:220 - loadIPPluginJar : add fatfs
2025-06-11 01:01:09,427 [INFO] IPUIPlugin:80 - create IPUIPlugin
2025-06-11 01:01:09,427 [INFO] PluginManager:220 - loadIPPluginJar : add fmc
2025-06-11 01:01:09,446 [INFO] IPUIPlugin:80 - create IPUIPlugin
2025-06-11 01:01:09,446 [INFO] PluginManager:220 - loadIPPluginJar : add freertos
2025-06-11 01:01:09,480 [INFO] IPUIPlugin:80 - create IPUIPlugin
2025-06-11 01:01:09,480 [INFO] PluginManager:220 - loadIPPluginJar : add genericplugin
2025-06-11 01:01:09,628 [INFO] IPUIPlugin:80 - create IPUIPlugin
2025-06-11 01:01:09,628 [INFO] PluginManager:220 - loadIPPluginJar : add gfxmmu
2025-06-11 01:01:09,819 [INFO] IPUIPlugin:80 - create IPUIPlugin
2025-06-11 01:01:09,819 [INFO] PluginManager:220 - loadIPPluginJar : add gic
2025-06-11 01:01:09,841 [INFO] IPUIPlugin:80 - create IPUIPlugin
2025-06-11 01:01:09,841 [INFO] PluginManager:220 - loadIPPluginJar : add gpio
2025-06-11 01:01:09,964 [INFO] IPUIPlugin:80 - create IPUIPlugin
2025-06-11 01:01:09,964 [INFO] PluginManager:220 - loadIPPluginJar : add gtzc
2025-06-11 01:01:10,011 [INFO] IPUIPlugin:80 - create IPUIPlugin
2025-06-11 01:01:10,011 [INFO] PluginManager:220 - loadIPPluginJar : add hash
2025-06-11 01:01:10,080 [INFO] IPUIPlugin:80 - create IPUIPlugin
2025-06-11 01:01:10,080 [INFO] PluginManager:220 - loadIPPluginJar : add i2c
2025-06-11 01:01:10,134 [INFO] IPUIPlugin:80 - create IPUIPlugin
2025-06-11 01:01:10,134 [INFO] PluginManager:220 - loadIPPluginJar : add i2s
2025-06-11 01:01:10,194 [INFO] IPUIPlugin:80 - create IPUIPlugin
2025-06-11 01:01:10,194 [INFO] PluginManager:220 - loadIPPluginJar : add i3c
2025-06-11 01:01:10,326 [INFO] IPUIPlugin:80 - create IPUIPlugin
2025-06-11 01:01:10,326 [INFO] PluginManager:220 - loadIPPluginJar : add ipddr
2025-06-11 01:01:10,453 [INFO] ThirdPartyUpdaterWithRetryManager:70 - Updater plugin not ready yet. [2/15]
2025-06-11 01:01:10,456 [INFO] IPUIPlugin:80 - create IPUIPlugin
2025-06-11 01:01:10,456 [INFO] PluginManager:220 - loadIPPluginJar : add linkedlist
2025-06-11 01:01:10,505 [INFO] IPUIPlugin:80 - create IPUIPlugin
2025-06-11 01:01:10,505 [INFO] PluginManager:220 - loadIPPluginJar : add lorawan
2025-06-11 01:01:10,560 [INFO] IPUIPlugin:80 - create IPUIPlugin
2025-06-11 01:01:10,560 [INFO] PluginManager:220 - loadIPPluginJar : add ltdc
2025-06-11 01:01:10,581 [INFO] IPUIPlugin:80 - create IPUIPlugin
2025-06-11 01:01:10,581 [INFO] PluginManager:220 - loadIPPluginJar : add mdma
2025-06-11 01:01:10,600 [INFO] IPUIPlugin:80 - create IPUIPlugin
2025-06-11 01:01:10,600 [INFO] PluginManager:220 - loadIPPluginJar : add nvic
2025-06-11 01:01:10,662 [INFO] IPUIPlugin:80 - create IPUIPlugin
2025-06-11 01:01:10,662 [INFO] PluginManager:220 - loadIPPluginJar : add opamp
2025-06-11 01:01:10,756 [INFO] IPUIPlugin:80 - create IPUIPlugin
2025-06-11 01:01:10,756 [INFO] PluginManager:220 - loadIPPluginJar : add openamp
2025-06-11 01:01:10,832 [INFO] IPUIPlugin:80 - create IPUIPlugin
2025-06-11 01:01:10,832 [INFO] PluginManager:220 - loadIPPluginJar : add pdm2pcm
2025-06-11 01:01:10,853 [INFO] IPUIPlugin:80 - create IPUIPlugin
2025-06-11 01:01:10,856 [INFO] PluginManager:220 - loadIPPluginJar : add plateformsettings
2025-06-11 01:01:10,895 [INFO] IPUIPlugin:80 - create IPUIPlugin
2025-06-11 01:01:10,895 [INFO] PluginManager:220 - loadIPPluginJar : add quadspi
2025-06-11 01:01:10,939 [INFO] IPUIPlugin:80 - create IPUIPlugin
2025-06-11 01:01:10,942 [INFO] PluginManager:220 - loadIPPluginJar : add radio
2025-06-11 01:01:10,963 [INFO] IPUIPlugin:80 - create IPUIPlugin
2025-06-11 01:01:10,963 [INFO] PluginManager:220 - loadIPPluginJar : add resmgrutility
2025-06-11 01:01:11,047 [INFO] IPUIPlugin:80 - create IPUIPlugin
2025-06-11 01:01:11,047 [INFO] PluginManager:220 - loadIPPluginJar : add sai
2025-06-11 01:01:11,178 [INFO] IPUIPlugin:80 - create IPUIPlugin
2025-06-11 01:01:11,179 [INFO] PluginManager:220 - loadIPPluginJar : add spi
2025-06-11 01:01:11,296 [INFO] IPUIPlugin:80 - create IPUIPlugin
2025-06-11 01:01:11,296 [INFO] PluginManager:220 - loadIPPluginJar : add stm32_wpan
2025-06-11 01:01:11,329 [INFO] IPUIPlugin:80 - create IPUIPlugin
2025-06-11 01:01:11,329 [INFO] PluginManager:220 - loadIPPluginJar : add tim
2025-06-11 01:01:11,408 [INFO] IPUIPlugin:80 - create IPUIPlugin
2025-06-11 01:01:11,408 [INFO] PluginManager:220 - loadIPPluginJar : add touchsensing
2025-06-11 01:01:11,436 [INFO] IPUIPlugin:80 - create IPUIPlugin
2025-06-11 01:01:11,437 [INFO] PluginManager:220 - loadIPPluginJar : add tracer_emb
2025-06-11 01:01:11,474 [INFO] IPUIPlugin:80 - create IPUIPlugin
2025-06-11 01:01:11,474 [INFO] PluginManager:220 - loadIPPluginJar : add ts
2025-06-11 01:01:11,511 [INFO] IPUIPlugin:80 - create IPUIPlugin
2025-06-11 01:01:11,511 [INFO] PluginManager:220 - loadIPPluginJar : add tsc
2025-06-11 01:01:11,545 [INFO] IPUIPlugin:80 - create IPUIPlugin
2025-06-11 01:01:11,545 [INFO] PluginManager:220 - loadIPPluginJar : add ucpd
2025-06-11 01:01:11,602 [INFO] IPUIPlugin:80 - create IPUIPlugin
2025-06-11 01:01:11,602 [INFO] PluginManager:220 - loadIPPluginJar : add usart
2025-06-11 01:01:11,655 [INFO] IPUIPlugin:80 - create IPUIPlugin
2025-06-11 01:01:11,655 [INFO] PluginManager:220 - loadIPPluginJar : add usbx
2025-06-11 01:01:11,774 [INFO] CADModel:165 - CPN selected for project level
2025-06-11 01:01:11,774 [INFO] CADModel:114 - Register for checkConnection events
2025-06-11 01:01:11,775 [FATAL] Updater:334 - Updater called before beeing initialized
2025-06-11 01:01:11,775 [ERROR] CADModel:125 - Updater not yet initialized, retry later 
2025-06-11 01:01:11,892 [INFO] CADModel:165 - CPN selected for project level
2025-06-11 01:01:11,892 [INFO] CADModel:114 - Register for checkConnection events
2025-06-11 01:01:11,892 [FATAL] Updater:334 - Updater called before beeing initialized
2025-06-11 01:01:11,892 [ERROR] CADModel:125 - Updater not yet initialized, retry later 
2025-06-11 01:01:11,895 [FATAL] Updater:334 - Updater called before beeing initialized
2025-06-11 01:01:11,981 [FATAL] Updater:334 - Updater called before beeing initialized
2025-06-11 01:01:11,993 [INFO] DbMcusAds:53 - JSON generation date=Fri Sep 20 10:04:38 ART 2024 (1726837478367)
2025-06-11 01:01:11,994 [FATAL] Updater:334 - Updater called before beeing initialized
2025-06-11 01:01:12,027 [WARN] DetailPanel:346 - Failed to get advertising image, set to default
2025-06-11 01:01:12,097 [FATAL] Updater:334 - Updater called before beeing initialized
2025-06-11 01:01:12,099 [FATAL] Updater:334 - Updater called before beeing initialized
2025-06-11 01:01:12,099 [FATAL] Updater:334 - Updater called before beeing initialized
2025-06-11 01:01:12,099 [WARN] DetailPanel:346 - Failed to get advertising image, set to default
2025-06-11 01:01:12,100 [FATAL] Updater:334 - Updater called before beeing initialized
2025-06-11 01:01:12,149 [ERROR] Updater:1164 - MainUpdater not yet initialized. External WinMGr cannot be set.
2025-06-11 01:01:12,159 [INFO] Updater:1100 - Updater Version found : 6.12.1
2025-06-11 01:01:12,178 [INFO] ApplicationProperties:184 - Using Application install path: C:\ST\STM32CubeIDE_1.16.0\STM32CubeIDE\plugins\com.st.stm32cube.common.mx_6.12.1.202409122256
2025-06-11 01:01:13,453 [INFO] ThirdPartyUpdaterWithRetryManager:70 - Updater plugin not ready yet. [3/15]
2025-06-11 01:01:13,665 [INFO] MainUpdater:2873 - connection check result : 10
2025-06-11 01:01:13,666 [INFO] MainUpdater:3567 - Updater definition file requires update
2025-06-11 01:01:13,666 [INFO] MainUpdater:290 - Updater Check For Update Now.
2025-06-11 01:01:13,666 [INFO] MicroXplorer:498 - Change Database Version : DB.6.0.121
2025-06-11 01:01:13,684 [INFO] McuFinderGlobals:63 - Set McuFinder mode to 2 (CubeIDE integrated)
2025-06-11 01:01:13,691 [INFO] UserAuth:417 - Internet connection configuration mode: 1
2025-06-11 01:01:13,716 [INFO] JxBrowserEngine:152 - Initiate JxBrowser Engine with user profile folder
2025-06-11 01:01:15,205 [INFO] ServerAccessManage:473 - Download File updaters.zip
2025-06-11 01:01:15,290 [INFO] FileExtend:240 - Unzip File : updaters.zip
2025-06-11 01:01:15,291 [INFO] FileExtend:255 - Standard Zip Deflate
2025-06-11 01:01:16,493 [WARN] MainUpdater:1194 - Updater busy. Cannot search thirdparties
2025-06-11 01:01:16,494 [INFO] ThirdPartyUpdaterWithRetryManager:96 - Updater plugin is busy. [1/15]
2025-06-11 01:01:17,374 [INFO] ServerAccessManage:473 - Download File PacksControlFlags.xml
2025-06-11 01:01:18,079 [INFO] WebApp:167 - Instantiating new browser for Auth
2025-06-11 01:01:18,101 [INFO] ServerAccessManage:473 - Download File cubemx.pidx
2025-06-11 01:01:18,925 [INFO] WebApp:448 - Apply proxy settings
2025-06-11 01:01:18,926 [INFO] WebApp:533 - Chromium requires no authentication
2025-06-11 01:01:18,933 [INFO] WebApp:476 - Direct internet connection detected
2025-06-11 01:01:18,951 [INFO] WebApp:869 - Register for checkConnection events
2025-06-11 01:01:18,952 [INFO] WebApp:448 - Apply proxy settings
2025-06-11 01:01:18,952 [INFO] WebApp:533 - Chromium requires no authentication
2025-06-11 01:01:18,952 [INFO] WebApp:476 - Direct internet connection detected
2025-06-11 01:01:19,091 [INFO] WebApp:220 - Starting web application
2025-06-11 01:01:19,091 [INFO] WebApp:578 - Web application path used C:\ST\STM32CubeIDE_1.16.0\STM32CubeIDE\plugins\com.st.stm32cube.common.mx_6.12.1.202409122256\db\plugins\mcufinder\reactClient1\index.html
2025-06-11 01:01:19,226 [INFO] WebApp:186 - Connection restablished
2025-06-11 01:01:19,257 [INFO] UserAuth:417 - Internet connection configuration mode: 1
2025-06-11 01:01:19,497 [WARN] MainUpdater:1194 - Updater busy. Cannot search thirdparties
2025-06-11 01:01:19,497 [INFO] ThirdPartyUpdaterWithRetryManager:96 - Updater plugin is busy. [2/15]
2025-06-11 01:01:19,584 [INFO] ServerAccessManage:473 - Download File STMicroelectronics.X-CUBE-AI.pdsc
2025-06-11 01:01:22,500 [WARN] MainUpdater:1194 - Updater busy. Cannot search thirdparties
2025-06-11 01:01:22,500 [INFO] ThirdPartyUpdaterWithRetryManager:96 - Updater plugin is busy. [3/15]
2025-06-11 01:01:25,502 [WARN] MainUpdater:1194 - Updater busy. Cannot search thirdparties
2025-06-11 01:01:25,502 [INFO] ThirdPartyUpdaterWithRetryManager:96 - Updater plugin is busy. [4/15]
2025-06-11 01:01:28,503 [WARN] MainUpdater:1194 - Updater busy. Cannot search thirdparties
2025-06-11 01:01:28,503 [INFO] ThirdPartyUpdaterWithRetryManager:96 - Updater plugin is busy. [5/15]
2025-06-11 01:01:31,504 [WARN] MainUpdater:1194 - Updater busy. Cannot search thirdparties
2025-06-11 01:01:31,504 [INFO] ThirdPartyUpdaterWithRetryManager:96 - Updater plugin is busy. [6/15]
2025-06-11 01:01:34,505 [WARN] MainUpdater:1194 - Updater busy. Cannot search thirdparties
2025-06-11 01:01:34,505 [INFO] ThirdPartyUpdaterWithRetryManager:96 - Updater plugin is busy. [7/15]
2025-06-11 01:01:37,506 [WARN] MainUpdater:1194 - Updater busy. Cannot search thirdparties
2025-06-11 01:01:37,506 [INFO] ThirdPartyUpdaterWithRetryManager:96 - Updater plugin is busy. [8/15]
2025-06-11 01:01:39,463 [INFO] ServerAccessManage:473 - Download File STMicroelectronics.X-CUBE-FREERTOS.pdsc
2025-06-11 01:01:40,507 [WARN] MainUpdater:1194 - Updater busy. Cannot search thirdparties
2025-06-11 01:01:40,507 [INFO] ThirdPartyUpdaterWithRetryManager:96 - Updater plugin is busy. [9/15]
2025-06-11 01:01:43,508 [WARN] MainUpdater:1194 - Updater busy. Cannot search thirdparties
2025-06-11 01:01:43,508 [INFO] ThirdPartyUpdaterWithRetryManager:96 - Updater plugin is busy. [10/15]
2025-06-11 01:01:45,655 [INFO] ServerAccessManage:473 - Download File STMicroelectronics.X-CUBE-MEMS1.pdsc
2025-06-11 01:01:46,508 [WARN] MainUpdater:1194 - Updater busy. Cannot search thirdparties
2025-06-11 01:01:46,508 [INFO] ThirdPartyUpdaterWithRetryManager:96 - Updater plugin is busy. [11/15]
2025-06-11 01:01:49,509 [WARN] MainUpdater:1194 - Updater busy. Cannot search thirdparties
2025-06-11 01:01:49,509 [INFO] ThirdPartyUpdaterWithRetryManager:96 - Updater plugin is busy. [12/15]
2025-06-11 01:01:52,510 [WARN] MainUpdater:1194 - Updater busy. Cannot search thirdparties
2025-06-11 01:01:52,510 [INFO] ThirdPartyUpdaterWithRetryManager:96 - Updater plugin is busy. [13/15]
2025-06-11 01:01:55,511 [WARN] MainUpdater:1194 - Updater busy. Cannot search thirdparties
2025-06-11 01:01:55,511 [INFO] ThirdPartyUpdaterWithRetryManager:96 - Updater plugin is busy. [14/15]
2025-06-11 01:01:58,511 [WARN] MainUpdater:1194 - Updater busy. Cannot search thirdparties
2025-06-11 01:01:58,511 [INFO] ThirdPartyUpdaterWithRetryManager:96 - Updater plugin is busy. [15/15]
2025-06-11 01:01:58,511 [ERROR] IntegrityCheckThread:130 - Cannot retrieve database content from updater: error -1
2025-06-11 01:01:58,511 [INFO] ThirdParty:978 - Integrity check success = false
2025-06-11 01:01:58,511 [INFO] IntegrityCheckThread:100 - exiting critical section [integrity check]
2025-06-11 01:01:58,511 [INFO] IntegrityCheckThread:103 - End integrity checks thread
2025-06-11 01:02:10,810 [INFO] ServerAccessManage:473 - Download File STMicroelectronics.X-CUBE-ST60.pdsc
2025-06-11 01:02:12,742 [INFO] ServerAccessManage:473 - Download File STMicroelectronics.X-CUBE-ST67W61.pdsc
2025-06-11 01:02:14,433 [WARN] PackLoader:240 - Cannot read IP mode file for STMicroelectronics.X-CUBE-AI.10.1.0
2025-06-11 01:02:14,443 [WARN] PackLoader:240 - Cannot read IP mode file for STMicroelectronics.X-CUBE-FREERTOS.1.3.1
2025-06-11 01:02:14,507 [WARN] PackLoader:240 - Cannot read IP mode file for STMicroelectronics.X-CUBE-MEMS1.11.3.0
2025-06-11 01:02:14,563 [INFO] CheckServerUpdateThread:120 - End of CheckServer Thread
2025-06-11 01:02:14,630 [WARN] PopulateThirdPartyThread:106 - Error when creating pack: C:/Users/Juan/.stm32cubemx/thirdparties/pdsc/STMicroelectronics.X-CUBE-ST60.pdsc
2025-06-11 01:02:14,632 [WARN] PopulateThirdPartyThread:106 - Error when creating pack: C:/Users/Juan/.stm32cubemx/thirdparties/pdsc/STMicroelectronics.X-CUBE-ST67W61.pdsc
2025-06-11 01:02:14,632 [INFO] PopulateThirdPartyThread:66 - Ending populate Thread
2025-06-11 01:02:14,633 [INFO] ThirdParty:1030 - CMSIS Pack Vendor :STMicroelectronics X-CUBE-AI 10.1.0
2025-06-11 01:02:14,633 [INFO] ThirdParty:1030 - CMSIS Pack Vendor :STMicroelectronics X-CUBE-FREERTOS 1.3.1
2025-06-11 01:02:14,633 [INFO] ThirdParty:1030 - CMSIS Pack Vendor :STMicroelectronics X-CUBE-MEMS1 11.3.0
2025-06-11 01:02:14,633 [INFO] LoadServerUpdatesThread:375 - End of LoadServerUpdate Thread
2025-06-11 01:39:17,379 [ERROR] LogOutputStream:75 - [STDERR_REDIRECT] 
