2025-05-15 19:00:30,838 [INFO] Activator:176 - 


2025-05-15 19:00:30,843 [INFO] Activator:177 - !SESSION log4j initialized
2025-05-15 19:00:35,460 [INFO] LogOutputStream:77 - [STDOUT_REDIRECT] 
2025-05-15 19:00:44,305 [INFO] ApplicationProperties:184 - Using Application install path: C:\ST\STM32CubeIDE_1.16.0\STM32CubeIDE\plugins\com.st.stm32cube.common.mx_6.12.1.202409122256
2025-05-15 19:00:44,319 [INFO] DbMcusXml:78 - Set database path to: C:\ST\STM32CubeIDE_1.16.0\STM32CubeIDE\plugins\com.st.stm32cube.common.mx_6.12.1.202409122256\\db\/mcu/
2025-05-15 19:00:44,320 [INFO] ApiDb:274 - Set plugin database path to: C:\ST\STM32CubeIDE_1.16.0\STM32CubeIDE\plugins\com.st.stm32cube.common.mx_6.12.1.202409122256\\db\/plugins/boardmanager/
2025-05-15 19:00:44,320 [WARN] ApiDb:259 - Overriding images path with different value:  => C:\ST\STM32CubeIDE_1.16.0\STM32CubeIDE\plugins\com.st.stm32cube.common.mx_6.12.1.202409122256\\db\/plugins/mcufinder/images/
2025-05-15 19:00:44,337 [INFO] ApiDb:250 - Set database path to: C:\Users\Juan\.stmcufinder\plugins\mcufinder//mcu/
2025-05-15 19:00:44,338 [INFO] DbMcusAds:125 - Set database path to: C:\Users\Juan\.stmcufinder\plugins\mcufinder//mcu/
2025-05-15 19:00:44,341 [INFO] CrossReferenceDbSqlite:203 - Set database path to: C:\Users\Juan\.stmcufinder\plugins\mcufinder//mcu/cs/
2025-05-15 19:00:44,444 [INFO] RulesReader:64 - Compatibility file has been processed (297 Rules)
2025-05-15 19:00:44,524 [INFO] DbMcusXml:78 - Set database path to: C:\ST\STM32CubeIDE_1.16.0\STM32CubeIDE\plugins\com.st.stm32cube.common.mx_6.12.1.202409122256\\db\/mcu/
2025-05-15 19:00:44,524 [INFO] ApiDb:274 - Set plugin database path to: C:\ST\STM32CubeIDE_1.16.0\STM32CubeIDE\plugins\com.st.stm32cube.common.mx_6.12.1.202409122256\\db\/plugins/boardmanager/
2025-05-15 19:00:44,524 [INFO] ApiDb:261 - Set plugin images path to: C:\ST\STM32CubeIDE_1.16.0\STM32CubeIDE\plugins\com.st.stm32cube.common.mx_6.12.1.202409122256\\db\/plugins/mcufinder/images/
2025-05-15 19:00:44,525 [WARN] DbFile:41 - Overriding database path with different value: C:\Users\Juan\.stmcufinder\plugins\mcufinder/ => C:\Users\Juan\.stmcufinder\plugins\mcufinder
2025-05-15 19:00:44,525 [INFO] ApiDb:250 - Set database path to: C:\Users\Juan\.stmcufinder\plugins\mcufinder//mcu/
2025-05-15 19:00:44,525 [WARN] DbFile:41 - Overriding database path with different value: C:\Users\Juan\.stmcufinder\plugins\mcufinder/ => C:\Users\Juan\.stmcufinder\plugins\mcufinder
2025-05-15 19:00:44,525 [INFO] DbMcusAds:125 - Set database path to: C:\Users\Juan\.stmcufinder\plugins\mcufinder//mcu/
2025-05-15 19:00:44,525 [WARN] DbFile:41 - Overriding database path with different value: C:\Users\Juan\.stmcufinder\plugins\mcufinder/ => C:\Users\Juan\.stmcufinder\plugins\mcufinder
2025-05-15 19:00:44,525 [WARN] DbFile:41 - Overriding database path with different value: C:\Users\Juan\.stmcufinder\plugins\mcufinder/ => C:\Users\Juan\.stmcufinder\plugins\mcufinder
2025-05-15 19:00:44,525 [INFO] CrossReferenceDbSqlite:203 - Set database path to: C:\Users\Juan\.stmcufinder\plugins\mcufinder//mcu/cs/
2025-05-15 19:00:44,649 [INFO] MainPanel:268 - HeapMemory: 268435456
2025-05-15 19:00:44,806 [INFO] DbMcusXml:78 - Set database path to: C:\ST\STM32CubeIDE_1.16.0\STM32CubeIDE\plugins\com.st.stm32cube.common.mx_6.12.1.202409122256\\db\/mcu/
2025-05-15 19:00:44,806 [INFO] ApiDb:274 - Set plugin database path to: C:\ST\STM32CubeIDE_1.16.0\STM32CubeIDE\plugins\com.st.stm32cube.common.mx_6.12.1.202409122256\\db\/plugins/boardmanager/
2025-05-15 19:00:44,806 [INFO] ApiDb:261 - Set plugin images path to: C:\ST\STM32CubeIDE_1.16.0\STM32CubeIDE\plugins\com.st.stm32cube.common.mx_6.12.1.202409122256\\db\/plugins/mcufinder/images/
2025-05-15 19:00:44,806 [WARN] DbFile:41 - Overriding database path with different value: C:\Users\Juan\.stmcufinder\plugins\mcufinder/ => C:\Users\Juan\.stmcufinder\plugins\mcufinder
2025-05-15 19:00:44,807 [INFO] ApiDb:250 - Set database path to: C:\Users\Juan\.stmcufinder\plugins\mcufinder//mcu/
2025-05-15 19:00:44,807 [WARN] DbFile:41 - Overriding database path with different value: C:\Users\Juan\.stmcufinder\plugins\mcufinder/ => C:\Users\Juan\.stmcufinder\plugins\mcufinder
2025-05-15 19:00:44,807 [INFO] DbMcusAds:125 - Set database path to: C:\Users\Juan\.stmcufinder\plugins\mcufinder//mcu/
2025-05-15 19:00:44,807 [WARN] DbFile:41 - Overriding database path with different value: C:\Users\Juan\.stmcufinder\plugins\mcufinder/ => C:\Users\Juan\.stmcufinder\plugins\mcufinder
2025-05-15 19:00:44,807 [WARN] DbFile:41 - Overriding database path with different value: C:\Users\Juan\.stmcufinder\plugins\mcufinder/ => C:\Users\Juan\.stmcufinder\plugins\mcufinder
2025-05-15 19:00:44,807 [INFO] CrossReferenceDbSqlite:203 - Set database path to: C:\Users\Juan\.stmcufinder\plugins\mcufinder//mcu/cs/
2025-05-15 19:00:44,824 [INFO] ApplicationProperties:184 - Using Application install path: C:\ST\STM32CubeIDE_1.16.0\STM32CubeIDE\plugins\com.st.stm32cube.common.mx_6.12.1.202409122256
2025-05-15 19:00:44,825 [INFO] PluginManage:196 - Search for loadable plugins [exclusion list=, ]
2025-05-15 19:00:44,826 [INFO] PluginManage:310 - Check plugin analytics
2025-05-15 19:00:49,552 [INFO] AnalyticsPlugin:253 - Accepted Software Licenses: STM32CubeMX.6.12.0
2025-05-15 19:00:49,552 [INFO] AnalyticsPlugin:255 - Accepted CMSIS Pack Licenses: 
2025-05-15 19:00:49,552 [INFO] AnalyticsPlugin:257 - Accepted Firmware Licenses: FW.F4.1.28.0
2025-05-15 19:00:49,561 [INFO] PluginManage:359 - Loaded plugin analytics (category:tool,tabindex:-1)
2025-05-15 19:00:49,561 [INFO] PluginManage:310 - Check plugin cadmodel
2025-05-15 19:00:49,588 [INFO] CADModel:105 - Init CAD model plugin
2025-05-15 19:00:49,589 [INFO] PluginManage:359 - Loaded plugin cadmodel (category:power,tabindex:5)
2025-05-15 19:00:49,589 [INFO] PluginManage:310 - Check plugin clock
2025-05-15 19:00:49,637 [INFO] PluginManage:359 - Loaded plugin clock (category:base,tabindex:2)
2025-05-15 19:00:49,638 [INFO] PluginManage:310 - Check plugin ddr
2025-05-15 19:00:49,641 [INFO] PluginManage:359 - Loaded plugin ddr (category:tool,tabindex:6)
2025-05-15 19:00:49,641 [INFO] PluginManage:310 - Check plugin filemanager
2025-05-15 19:00:49,836 [INFO] PluginManage:359 - Loaded plugin filemanager (category:base,tabindex:10)
2025-05-15 19:00:49,836 [INFO] PluginManage:310 - Check plugin ipmanager
2025-05-15 19:00:49,844 [INFO] PluginManage:359 - Loaded plugin ipmanager (category:base,tabindex:5)
2025-05-15 19:00:49,845 [INFO] PluginManage:310 - Check plugin lpbam
2025-05-15 19:00:49,871 [INFO] PluginManage:359 - Loaded plugin lpbam (category:base,tabindex:0)
2025-05-15 19:00:49,871 [INFO] PluginManage:310 - Check plugin memorymap
2025-05-15 19:00:49,904 [INFO] PluginManage:359 - Loaded plugin memorymap (category:base,tabindex:4)
2025-05-15 19:00:49,904 [INFO] PluginManage:310 - Check plugin pinoutandconfiguration
2025-05-15 19:00:49,931 [INFO] PluginManage:359 - Loaded plugin pinoutandconfiguration (category:base,tabindex:1)
2025-05-15 19:00:49,932 [INFO] PluginManage:310 - Check plugin pinoutconfig
2025-05-15 19:00:50,041 [WARN] SupportedApi:132 - Cannot load RTOS API schema: s4s-elt-must-match.1: The content of 'definitions' must match (annotation?, (simpleType | complexType)?, (unique | key | keyref)*)). A problem was found starting at: attribute.
2025-05-15 19:00:50,216 [INFO] PluginManage:359 - Loaded plugin pinoutconfig (category:base,tabindex:0)
2025-05-15 19:00:50,216 [INFO] PluginManage:310 - Check plugin power
2025-05-15 19:00:50,335 [INFO] PluginManage:359 - Loaded plugin power (category:power,tabindex:4)
2025-05-15 19:00:50,335 [INFO] PluginManage:310 - Check plugin projectmanager
2025-05-15 19:00:50,357 [INFO] PluginManage:359 - Loaded plugin projectmanager (category:projectmanager,tabindex:4)
2025-05-15 19:00:50,357 [INFO] PluginManage:310 - Check plugin rif
2025-05-15 19:00:50,383 [INFO] PluginManage:359 - Loaded plugin rif (category:base,tabindex:3)
2025-05-15 19:00:50,383 [INFO] PluginManage:310 - Check plugin thirdparty
2025-05-15 19:00:50,820 [INFO] PluginManage:359 - Loaded plugin thirdparty (category:base,tabindex:-1)
2025-05-15 19:00:50,821 [INFO] PluginManage:310 - Check plugin tools
2025-05-15 19:00:50,824 [WARN] IntegrityCheckThread:84 - waiting for thirdparty lock release [integrity check]
2025-05-15 19:00:50,825 [INFO] IntegrityCheckThread:86 - entering critical section [integrity check]
2025-05-15 19:00:50,825 [INFO] ThirdPartyUpdaterWithRetryManager:70 - Updater plugin not ready yet. [1/15]
2025-05-15 19:00:50,897 [INFO] PluginManage:359 - Loaded plugin tools (category:base,tabindex:7)
2025-05-15 19:00:50,897 [INFO] PluginManage:310 - Check plugin tutovideos
2025-05-15 19:00:51,134 [INFO] PluginManage:359 - Loaded plugin tutovideos (category:base,tabindex:-1)
2025-05-15 19:00:51,134 [INFO] PluginManage:310 - Check plugin updater
2025-05-15 19:00:51,153 [INFO] PluginManage:359 - Loaded plugin updater (category:base,tabindex:12)
2025-05-15 19:00:51,153 [INFO] PluginManage:310 - Check plugin userauth
2025-05-15 19:00:51,158 [INFO] UserAuth:113 - Init User Auth plugin
2025-05-15 19:00:51,158 [INFO] PluginManage:359 - Loaded plugin userauth (category:base,tabindex:14)
2025-05-15 19:00:51,159 [INFO] PluginManage:283 - PluginManage : Loaded plugins [18]
2025-05-15 19:00:51,477 [INFO] PinOutPanel:1561 - setPackage(No Configuration,No Configuration)
2025-05-15 19:00:51,643 [INFO] CADModel:165 - CPN selected for project level
2025-05-15 19:00:51,643 [INFO] CADModel:114 - Register for checkConnection events
2025-05-15 19:00:51,689 [INFO] IPUIPlugin:80 - create IPUIPlugin
2025-05-15 19:00:51,690 [INFO] PluginManager:220 - loadIPPluginJar : add adc
2025-05-15 19:00:51,764 [INFO] IPUIPlugin:80 - create IPUIPlugin
2025-05-15 19:00:51,764 [INFO] PluginManager:220 - loadIPPluginJar : add aes
2025-05-15 19:00:51,842 [INFO] IPUIPlugin:80 - create IPUIPlugin
2025-05-15 19:00:51,842 [INFO] PluginManager:220 - loadIPPluginJar : add can
2025-05-15 19:00:51,933 [INFO] IPUIPlugin:80 - create IPUIPlugin
2025-05-15 19:00:51,933 [INFO] PluginManager:220 - loadIPPluginJar : add comp
2025-05-15 19:00:52,014 [INFO] IPUIPlugin:80 - create IPUIPlugin
2025-05-15 19:00:52,014 [INFO] PluginManager:220 - loadIPPluginJar : add cryp
2025-05-15 19:00:52,037 [INFO] IPUIPlugin:80 - create IPUIPlugin
2025-05-15 19:00:52,037 [INFO] PluginManager:220 - loadIPPluginJar : add ddr_ctrl_phy
2025-05-15 19:00:52,100 [INFO] IPUIPlugin:80 - create IPUIPlugin
2025-05-15 19:00:52,100 [INFO] PluginManager:220 - loadIPPluginJar : add dfsdm
2025-05-15 19:00:52,122 [INFO] IPUIPlugin:80 - create IPUIPlugin
2025-05-15 19:00:52,123 [INFO] PluginManager:220 - loadIPPluginJar : add dma
2025-05-15 19:00:52,205 [INFO] IPUIPlugin:80 - create IPUIPlugin
2025-05-15 19:00:52,205 [INFO] PluginManager:220 - loadIPPluginJar : add dma3
2025-05-15 19:00:52,273 [INFO] IPUIPlugin:80 - create IPUIPlugin
2025-05-15 19:00:52,273 [INFO] PluginManager:220 - loadIPPluginJar : add extmemmanager
2025-05-15 19:00:52,303 [INFO] IPUIPlugin:80 - create IPUIPlugin
2025-05-15 19:00:52,303 [INFO] PluginManager:220 - loadIPPluginJar : add fatfs
2025-05-15 19:00:52,375 [INFO] IPUIPlugin:80 - create IPUIPlugin
2025-05-15 19:00:52,375 [INFO] PluginManager:220 - loadIPPluginJar : add fmc
2025-05-15 19:00:52,398 [INFO] IPUIPlugin:80 - create IPUIPlugin
2025-05-15 19:00:52,399 [INFO] PluginManager:220 - loadIPPluginJar : add freertos
2025-05-15 19:00:52,434 [INFO] IPUIPlugin:80 - create IPUIPlugin
2025-05-15 19:00:52,434 [INFO] PluginManager:220 - loadIPPluginJar : add genericplugin
2025-05-15 19:00:52,594 [INFO] IPUIPlugin:80 - create IPUIPlugin
2025-05-15 19:00:52,594 [INFO] PluginManager:220 - loadIPPluginJar : add gfxmmu
2025-05-15 19:00:52,850 [INFO] IPUIPlugin:80 - create IPUIPlugin
2025-05-15 19:00:52,850 [INFO] PluginManager:220 - loadIPPluginJar : add gic
2025-05-15 19:00:52,869 [INFO] IPUIPlugin:80 - create IPUIPlugin
2025-05-15 19:00:52,869 [INFO] PluginManager:220 - loadIPPluginJar : add gpio
2025-05-15 19:00:53,029 [INFO] IPUIPlugin:80 - create IPUIPlugin
2025-05-15 19:00:53,029 [INFO] PluginManager:220 - loadIPPluginJar : add gtzc
2025-05-15 19:00:53,091 [INFO] IPUIPlugin:80 - create IPUIPlugin
2025-05-15 19:00:53,091 [INFO] PluginManager:220 - loadIPPluginJar : add hash
2025-05-15 19:00:53,201 [INFO] IPUIPlugin:80 - create IPUIPlugin
2025-05-15 19:00:53,201 [INFO] PluginManager:220 - loadIPPluginJar : add i2c
2025-05-15 19:00:53,280 [INFO] IPUIPlugin:80 - create IPUIPlugin
2025-05-15 19:00:53,280 [INFO] PluginManager:220 - loadIPPluginJar : add i2s
2025-05-15 19:00:53,370 [INFO] IPUIPlugin:80 - create IPUIPlugin
2025-05-15 19:00:53,370 [INFO] PluginManager:220 - loadIPPluginJar : add i3c
2025-05-15 19:00:53,564 [INFO] IPUIPlugin:80 - create IPUIPlugin
2025-05-15 19:00:53,564 [INFO] PluginManager:220 - loadIPPluginJar : add ipddr
2025-05-15 19:00:53,762 [INFO] IPUIPlugin:80 - create IPUIPlugin
2025-05-15 19:00:53,762 [INFO] PluginManager:220 - loadIPPluginJar : add linkedlist
2025-05-15 19:00:53,827 [INFO] ThirdPartyUpdaterWithRetryManager:70 - Updater plugin not ready yet. [2/15]
2025-05-15 19:00:53,831 [INFO] IPUIPlugin:80 - create IPUIPlugin
2025-05-15 19:00:53,831 [INFO] PluginManager:220 - loadIPPluginJar : add lorawan
2025-05-15 19:00:53,940 [INFO] IPUIPlugin:80 - create IPUIPlugin
2025-05-15 19:00:53,941 [INFO] PluginManager:220 - loadIPPluginJar : add ltdc
2025-05-15 19:00:53,963 [INFO] IPUIPlugin:80 - create IPUIPlugin
2025-05-15 19:00:53,963 [INFO] PluginManager:220 - loadIPPluginJar : add mdma
2025-05-15 19:00:54,041 [INFO] IPUIPlugin:80 - create IPUIPlugin
2025-05-15 19:00:54,041 [INFO] PluginManager:220 - loadIPPluginJar : add nvic
2025-05-15 19:00:54,120 [INFO] IPUIPlugin:80 - create IPUIPlugin
2025-05-15 19:00:54,120 [INFO] PluginManager:220 - loadIPPluginJar : add opamp
2025-05-15 19:00:54,258 [INFO] IPUIPlugin:80 - create IPUIPlugin
2025-05-15 19:00:54,258 [INFO] PluginManager:220 - loadIPPluginJar : add openamp
2025-05-15 19:00:54,361 [INFO] IPUIPlugin:80 - create IPUIPlugin
2025-05-15 19:00:54,361 [INFO] PluginManager:220 - loadIPPluginJar : add pdm2pcm
2025-05-15 19:00:54,386 [INFO] IPUIPlugin:80 - create IPUIPlugin
2025-05-15 19:00:54,389 [INFO] PluginManager:220 - loadIPPluginJar : add plateformsettings
2025-05-15 19:00:54,444 [INFO] IPUIPlugin:80 - create IPUIPlugin
2025-05-15 19:00:54,444 [INFO] PluginManager:220 - loadIPPluginJar : add quadspi
2025-05-15 19:00:54,499 [INFO] IPUIPlugin:80 - create IPUIPlugin
2025-05-15 19:00:54,501 [INFO] PluginManager:220 - loadIPPluginJar : add radio
2025-05-15 19:00:54,526 [INFO] IPUIPlugin:80 - create IPUIPlugin
2025-05-15 19:00:54,526 [INFO] PluginManager:220 - loadIPPluginJar : add resmgrutility
2025-05-15 19:00:54,621 [INFO] IPUIPlugin:80 - create IPUIPlugin
2025-05-15 19:00:54,621 [INFO] PluginManager:220 - loadIPPluginJar : add sai
2025-05-15 19:00:54,704 [INFO] IPUIPlugin:80 - create IPUIPlugin
2025-05-15 19:00:54,704 [INFO] PluginManager:220 - loadIPPluginJar : add spi
2025-05-15 19:00:54,838 [INFO] IPUIPlugin:80 - create IPUIPlugin
2025-05-15 19:00:54,838 [INFO] PluginManager:220 - loadIPPluginJar : add stm32_wpan
2025-05-15 19:00:54,892 [INFO] IPUIPlugin:80 - create IPUIPlugin
2025-05-15 19:00:54,892 [INFO] PluginManager:220 - loadIPPluginJar : add tim
2025-05-15 19:00:55,020 [INFO] IPUIPlugin:80 - create IPUIPlugin
2025-05-15 19:00:55,022 [INFO] PluginManager:220 - loadIPPluginJar : add touchsensing
2025-05-15 19:00:55,128 [INFO] IPUIPlugin:80 - create IPUIPlugin
2025-05-15 19:00:55,129 [INFO] PluginManager:220 - loadIPPluginJar : add tracer_emb
2025-05-15 19:00:55,258 [INFO] IPUIPlugin:80 - create IPUIPlugin
2025-05-15 19:00:55,258 [INFO] PluginManager:220 - loadIPPluginJar : add ts
2025-05-15 19:00:55,350 [INFO] IPUIPlugin:80 - create IPUIPlugin
2025-05-15 19:00:55,350 [INFO] PluginManager:220 - loadIPPluginJar : add tsc
2025-05-15 19:00:55,419 [INFO] IPUIPlugin:80 - create IPUIPlugin
2025-05-15 19:00:55,419 [INFO] PluginManager:220 - loadIPPluginJar : add ucpd
2025-05-15 19:00:55,561 [INFO] IPUIPlugin:80 - create IPUIPlugin
2025-05-15 19:00:55,561 [INFO] PluginManager:220 - loadIPPluginJar : add usart
2025-05-15 19:00:55,675 [INFO] IPUIPlugin:80 - create IPUIPlugin
2025-05-15 19:00:55,675 [INFO] PluginManager:220 - loadIPPluginJar : add usbx
2025-05-15 19:00:55,926 [INFO] CADModel:165 - CPN selected for project level
2025-05-15 19:00:55,926 [INFO] CADModel:114 - Register for checkConnection events
2025-05-15 19:00:55,926 [FATAL] Updater:334 - Updater called before beeing initialized
2025-05-15 19:00:55,926 [ERROR] CADModel:125 - Updater not yet initialized, retry later 
2025-05-15 19:00:56,083 [INFO] CADModel:165 - CPN selected for project level
2025-05-15 19:00:56,083 [INFO] CADModel:114 - Register for checkConnection events
2025-05-15 19:00:56,084 [FATAL] Updater:334 - Updater called before beeing initialized
2025-05-15 19:00:56,084 [ERROR] CADModel:125 - Updater not yet initialized, retry later 
2025-05-15 19:00:56,086 [FATAL] Updater:334 - Updater called before beeing initialized
2025-05-15 19:00:56,210 [FATAL] Updater:334 - Updater called before beeing initialized
2025-05-15 19:00:56,225 [INFO] DbMcusAds:53 - JSON generation date=Fri Sep 20 10:04:38 ART 2024 (1726837478367)
2025-05-15 19:00:56,225 [FATAL] Updater:334 - Updater called before beeing initialized
2025-05-15 19:00:56,272 [WARN] DetailPanel:346 - Failed to get advertising image, set to default
2025-05-15 19:00:56,423 [FATAL] Updater:334 - Updater called before beeing initialized
2025-05-15 19:00:56,424 [FATAL] Updater:334 - Updater called before beeing initialized
2025-05-15 19:00:56,424 [FATAL] Updater:334 - Updater called before beeing initialized
2025-05-15 19:00:56,424 [WARN] DetailPanel:346 - Failed to get advertising image, set to default
2025-05-15 19:00:56,425 [FATAL] Updater:334 - Updater called before beeing initialized
2025-05-15 19:00:56,500 [ERROR] Updater:1164 - MainUpdater not yet initialized. External WinMGr cannot be set.
2025-05-15 19:00:56,518 [INFO] Updater:1100 - Updater Version found : 6.12.1
2025-05-15 19:00:56,540 [INFO] ApplicationProperties:184 - Using Application install path: C:\ST\STM32CubeIDE_1.16.0\STM32CubeIDE\plugins\com.st.stm32cube.common.mx_6.12.1.202409122256
2025-05-15 19:00:56,625 [INFO] MainUpdater:526 - Copy updater definitions from MX database
2025-05-15 19:00:56,663 [INFO] MainUpdater:559 - Copy flag file definitions from MX database
2025-05-15 19:00:56,665 [INFO] MainUpdater:575 - Copy thirdparty index definitions from MX database
2025-05-15 19:00:56,666 [INFO] MainUpdater:594 - Copy default thirdparty db definitions from MX database
2025-05-15 19:00:56,828 [INFO] ThirdPartyUpdaterWithRetryManager:70 - Updater plugin not ready yet. [3/15]
2025-05-15 19:00:57,110 [INFO] MainUpdater:2873 - connection check result : 10
2025-05-15 19:00:57,110 [INFO] MainUpdater:3567 - Updater definition file requires update
2025-05-15 19:00:57,111 [INFO] MainUpdater:290 - Updater Check For Update Now.
2025-05-15 19:00:57,111 [INFO] MicroXplorer:498 - Change Database Version : DB.6.0.121
2025-05-15 19:00:57,136 [INFO] McuFinderGlobals:63 - Set McuFinder mode to 2 (CubeIDE integrated)
2025-05-15 19:00:57,136 [INFO] UserAuth:179 - activating auth plugin
2025-05-15 19:00:57,140 [INFO] UserAuth:417 - Internet connection configuration mode: 1
2025-05-15 19:00:57,167 [INFO] JxBrowserEngine:152 - Initiate JxBrowser Engine with user profile folder
2025-05-15 19:00:57,260 [INFO] ServerAccessManage:473 - Download File updaters.zip
2025-05-15 19:00:57,383 [INFO] FileExtend:240 - Unzip File : updaters.zip
2025-05-15 19:00:57,384 [INFO] FileExtend:255 - Standard Zip Deflate
2025-05-15 19:00:58,458 [INFO] ServerAccessManage:473 - Download File PacksControlFlags.xml
2025-05-15 19:00:58,588 [INFO] ServerAccessManage:473 - Download File cubemx.pidx
2025-05-15 19:00:58,799 [INFO] ServerAccessManage:473 - Download File STMicroelectronics.FP-ATR-ASTRA1.pdsc
2025-05-15 19:00:59,179 [INFO] ServerAccessManage:473 - Download File STMicroelectronics.FP-ATR-SIGFOX1.pdsc
2025-05-15 19:00:59,327 [INFO] ServerAccessManage:473 - Download File STMicroelectronics.FP-SNS-STBOX1.pdsc
2025-05-15 19:00:59,504 [INFO] ServerAccessManage:473 - Download File STMicroelectronics.FP-SNS-FLIGHT1.pdsc
2025-05-15 19:00:59,823 [INFO] ServerAccessManage:473 - Download File STMicroelectronics.FP-SNS-MOTENV1.pdsc
2025-05-15 19:00:59,837 [WARN] MainUpdater:1194 - Updater busy. Cannot search thirdparties
2025-05-15 19:00:59,842 [INFO] ThirdPartyUpdaterWithRetryManager:96 - Updater plugin is busy. [1/15]
2025-05-15 19:01:00,193 [INFO] ServerAccessManage:473 - Download File STMicroelectronics.FP-SNS-MOTENVWB1.pdsc
2025-05-15 19:01:00,458 [INFO] ServerAccessManage:473 - Download File STMicroelectronics.FP-SNS-SMARTAG2.pdsc
2025-05-15 19:01:00,605 [INFO] ServerAccessManage:473 - Download File STMicroelectronics.X-CUBE-AI.pdsc
2025-05-15 19:01:01,777 [INFO] ServerAccessManage:473 - Download File STMicroelectronics.X-CUBE-ALS.pdsc
2025-05-15 19:01:02,064 [INFO] ServerAccessManage:473 - Download File STMicroelectronics.X-CUBE-BLE1.pdsc
2025-05-15 19:01:02,869 [WARN] MainUpdater:1194 - Updater busy. Cannot search thirdparties
2025-05-15 19:01:02,881 [INFO] ThirdPartyUpdaterWithRetryManager:96 - Updater plugin is busy. [2/15]
2025-05-15 19:01:03,071 [INFO] WebApp:167 - Instantiating new browser for Auth
2025-05-15 19:01:03,763 [ERROR] ServerAccessManage:1089 - Problem, file not found on Server
2025-05-15 19:01:03,945 [INFO] ServerAccessManage:473 - Download File STMicroelectronics.X-CUBE-BLE2.pdsc
2025-05-15 19:01:04,427 [INFO] WebApp:448 - Apply proxy settings
2025-05-15 19:01:04,427 [INFO] WebApp:533 - Chromium requires no authentication
2025-05-15 19:01:04,437 [INFO] WebApp:476 - Direct internet connection detected
2025-05-15 19:01:04,462 [INFO] WebApp:869 - Register for checkConnection events
2025-05-15 19:01:04,462 [INFO] WebApp:448 - Apply proxy settings
2025-05-15 19:01:04,463 [INFO] WebApp:533 - Chromium requires no authentication
2025-05-15 19:01:04,463 [INFO] WebApp:476 - Direct internet connection detected
2025-05-15 19:01:04,573 [INFO] ServerAccessManage:473 - Download File STMicroelectronics.X-CUBE-BLEMGR.pdsc
2025-05-15 19:01:04,628 [INFO] WebApp:220 - Starting web application
2025-05-15 19:01:04,628 [INFO] WebApp:578 - Web application path used C:\ST\STM32CubeIDE_1.16.0\STM32CubeIDE\plugins\com.st.stm32cube.common.mx_6.12.1.202409122256\db\plugins\mcufinder\reactClient1\index.html
2025-05-15 19:01:04,729 [INFO] WebApp:186 - Connection restablished
2025-05-15 19:01:05,333 [ERROR] ServerAccessManage:1089 - Problem, file not found on Server
2025-05-15 19:01:05,813 [INFO] ServerAccessManage:473 - Download File STMicroelectronics.X-CUBE-DISPLAY.pdsc
2025-05-15 19:01:05,882 [WARN] MainUpdater:1194 - Updater busy. Cannot search thirdparties
2025-05-15 19:01:05,882 [INFO] ThirdPartyUpdaterWithRetryManager:96 - Updater plugin is busy. [3/15]
2025-05-15 19:01:06,241 [INFO] ServerAccessManage:473 - Download File STMicroelectronics.X-CUBE-DPOWER.pdsc
2025-05-15 19:01:07,282 [ERROR] ServerAccessManage:1089 - Problem, file not found on Server
2025-05-15 19:01:07,988 [ERROR] ServerAccessManage:1089 - Problem, file not found on Server
2025-05-15 19:01:08,653 [ERROR] ServerAccessManage:1089 - Problem, file not found on Server
2025-05-15 19:01:08,883 [WARN] MainUpdater:1194 - Updater busy. Cannot search thirdparties
2025-05-15 19:01:08,883 [INFO] ThirdPartyUpdaterWithRetryManager:96 - Updater plugin is busy. [4/15]
2025-05-15 19:01:09,375 [ERROR] ServerAccessManage:1089 - Problem, file not found on Server
2025-05-15 19:01:10,053 [ERROR] ServerAccessManage:1089 - Problem, file not found on Server
2025-05-15 19:01:10,684 [ERROR] ServerAccessManage:1089 - Problem, file not found on Server
2025-05-15 19:01:11,347 [ERROR] ServerAccessManage:1089 - Problem, file not found on Server
2025-05-15 19:01:11,884 [WARN] MainUpdater:1194 - Updater busy. Cannot search thirdparties
2025-05-15 19:01:11,884 [INFO] ThirdPartyUpdaterWithRetryManager:96 - Updater plugin is busy. [5/15]
2025-05-15 19:01:12,021 [ERROR] ServerAccessManage:1089 - Problem, file not found on Server
2025-05-15 19:01:12,693 [ERROR] ServerAccessManage:1089 - Problem, file not found on Server
2025-05-15 19:01:13,359 [ERROR] ServerAccessManage:1089 - Problem, file not found on Server
2025-05-15 19:01:14,375 [ERROR] ServerAccessManage:1089 - Problem, file not found on Server
2025-05-15 19:01:14,443 [INFO] ServerAccessManage:473 - Download File STMicroelectronics.X-CUBE-EEPRMA1.pdsc
2025-05-15 19:01:14,884 [WARN] MainUpdater:1194 - Updater busy. Cannot search thirdparties
2025-05-15 19:01:14,884 [INFO] ThirdPartyUpdaterWithRetryManager:96 - Updater plugin is busy. [6/15]
2025-05-15 19:01:15,327 [ERROR] ServerAccessManage:1089 - Problem, file not found on Server
2025-05-15 19:01:16,275 [ERROR] ServerAccessManage:1089 - Problem, file not found on Server
2025-05-15 19:01:16,507 [INFO] ServerAccessManage:473 - Download File STMicroelectronics.X-CUBE-FREERTOS.pdsc
2025-05-15 19:01:16,925 [INFO] ServerAccessManage:473 - Download File STMicroelectronics.X-CUBE-GNSS1.pdsc
2025-05-15 19:01:17,885 [WARN] MainUpdater:1194 - Updater busy. Cannot search thirdparties
2025-05-15 19:01:17,885 [INFO] ThirdPartyUpdaterWithRetryManager:96 - Updater plugin is busy. [7/15]
2025-05-15 19:01:18,367 [ERROR] ServerAccessManage:1089 - Problem, file not found on Server
2025-05-15 19:01:19,041 [ERROR] ServerAccessManage:1089 - Problem, file not found on Server
2025-05-15 19:01:19,486 [ERROR] ServerAccessManage:1089 - Problem, file not found on Server
2025-05-15 19:01:20,153 [ERROR] ServerAccessManage:1089 - Problem, file not found on Server
2025-05-15 19:01:20,885 [WARN] MainUpdater:1194 - Updater busy. Cannot search thirdparties
2025-05-15 19:01:20,885 [INFO] ThirdPartyUpdaterWithRetryManager:96 - Updater plugin is busy. [8/15]
2025-05-15 19:01:20,951 [ERROR] ServerAccessManage:1089 - Problem, file not found on Server
2025-05-15 19:01:21,627 [ERROR] ServerAccessManage:1089 - Problem, file not found on Server
2025-05-15 19:01:21,680 [INFO] ServerAccessManage:473 - Download File STMicroelectronics.X-CUBE-ISPU.pdsc
2025-05-15 19:01:21,981 [INFO] ServerAccessManage:473 - Download File STMicroelectronics.X-CUBE-IPS.pdsc
2025-05-15 19:01:22,180 [INFO] ServerAccessManage:473 - Download File STMicroelectronics.X-CUBE-MEMS1.pdsc
2025-05-15 19:01:23,764 [INFO] ServerAccessManage:473 - Download File STMicroelectronics.X-CUBE-NFC4.pdsc
2025-05-15 19:01:23,886 [WARN] MainUpdater:1194 - Updater busy. Cannot search thirdparties
2025-05-15 19:01:23,886 [INFO] ThirdPartyUpdaterWithRetryManager:96 - Updater plugin is busy. [9/15]
2025-05-15 19:01:24,558 [INFO] ServerAccessManage:473 - Download File STMicroelectronics.X-CUBE-NFC6.pdsc
2025-05-15 19:01:24,741 [INFO] ServerAccessManage:473 - Download File STMicroelectronics.X-CUBE-NFC7.pdsc
2025-05-15 19:01:24,979 [INFO] ServerAccessManage:473 - Download File STMicroelectronics.X-CUBE-NFC9.pdsc
2025-05-15 19:01:25,112 [INFO] ServerAccessManage:473 - Download File STMicroelectronics.X-CUBE-NFC10.pdsc
2025-05-15 19:01:25,277 [INFO] ServerAccessManage:473 - Download File STMicroelectronics.X-CUBE-SFXS2LP1.pdsc
2025-05-15 19:01:25,583 [INFO] ServerAccessManage:473 - Download File STMicroelectronics.X-CUBE-SAFEA1.pdsc
2025-05-15 19:01:25,721 [INFO] ServerAccessManage:473 - Download File STMicroelectronics.X-CUBE-SUBG2.pdsc
2025-05-15 19:01:26,296 [INFO] ServerAccessManage:473 - Download File STMicroelectronics.X-CUBE-SMBUS.pdsc
2025-05-15 19:01:26,887 [WARN] MainUpdater:1194 - Updater busy. Cannot search thirdparties
2025-05-15 19:01:26,887 [INFO] ThirdPartyUpdaterWithRetryManager:96 - Updater plugin is busy. [10/15]
2025-05-15 19:01:27,043 [ERROR] ServerAccessManage:1089 - Problem, file not found on Server
2025-05-15 19:01:27,099 [INFO] ServerAccessManage:473 - Download File STMicroelectronics.X-CUBE-TCPP.pdsc
2025-05-15 19:01:27,296 [INFO] ServerAccessManage:473 - Download File STMicroelectronics.X-CUBE-TOF1.pdsc
2025-05-15 19:01:28,796 [ERROR] ServerAccessManage:1089 - Problem, file not found on Server
2025-05-15 19:01:28,911 [INFO] ServerAccessManage:473 - Download File STMicroelectronics.X-CUBE-TOUCHGFX.pdsc
2025-05-15 19:01:29,887 [WARN] MainUpdater:1194 - Updater busy. Cannot search thirdparties
2025-05-15 19:01:29,887 [INFO] ThirdPartyUpdaterWithRetryManager:96 - Updater plugin is busy. [11/15]
2025-05-15 19:01:30,459 [INFO] ServerAccessManage:473 - Download File STMicroelectronics.X-CUBE-ALGOBUILD.pdsc
2025-05-15 19:01:30,880 [INFO] ServerAccessManage:473 - Download File STMicroelectronics.X-CUBE-AZRTOS-H7.pdsc
2025-05-15 19:01:31,433 [INFO] ServerAccessManage:473 - Download File STMicroelectronics.X-CUBE-AZRTOS-H7RS.pdsc
2025-05-15 19:01:31,647 [INFO] ServerAccessManage:473 - Download File STMicroelectronics.X-CUBE-AZRTOS-F4.pdsc
2025-05-15 19:01:31,875 [INFO] ServerAccessManage:473 - Download File STMicroelectronics.X-CUBE-AZRTOS-F7.pdsc
2025-05-15 19:01:32,096 [INFO] ServerAccessManage:473 - Download File STMicroelectronics.X-CUBE-AZRTOS-L4.pdsc
2025-05-15 19:01:32,313 [INFO] ServerAccessManage:473 - Download File STMicroelectronics.X-CUBE-AZRTOS-L5.pdsc
2025-05-15 19:01:32,577 [INFO] ServerAccessManage:473 - Download File STMicroelectronics.X-CUBE-AZRTOS-G0.pdsc
2025-05-15 19:01:32,784 [INFO] ServerAccessManage:473 - Download File STMicroelectronics.X-CUBE-AZRTOS-G4.pdsc
2025-05-15 19:01:32,888 [WARN] MainUpdater:1194 - Updater busy. Cannot search thirdparties
2025-05-15 19:01:32,889 [INFO] ThirdPartyUpdaterWithRetryManager:96 - Updater plugin is busy. [12/15]
2025-05-15 19:01:32,987 [INFO] ServerAccessManage:473 - Download File STMicroelectronics.X-CUBE-AZRTOS-WB.pdsc
2025-05-15 19:01:33,198 [INFO] ServerAccessManage:473 - Download File STMicroelectronics.X-CUBE-AZRTOS-WL.pdsc
2025-05-15 19:01:33,403 [INFO] ServerAccessManage:473 - Download File STMicroelectronics.X-CUBE-WB05N.pdsc
2025-05-15 19:01:34,372 [INFO] ServerAccessManage:473 - Download File wolfSSL.I-CUBE-wolfSSL.pdsc
2025-05-15 19:01:35,889 [WARN] MainUpdater:1194 - Updater busy. Cannot search thirdparties
2025-05-15 19:01:35,889 [INFO] ThirdPartyUpdaterWithRetryManager:96 - Updater plugin is busy. [13/15]
2025-05-15 19:01:38,890 [WARN] MainUpdater:1194 - Updater busy. Cannot search thirdparties
2025-05-15 19:01:38,890 [INFO] ThirdPartyUpdaterWithRetryManager:96 - Updater plugin is busy. [14/15]
2025-05-15 19:01:39,770 [ERROR] ServerAccessManage:1089 - Problem, file not found on Server
2025-05-15 19:01:40,234 [ERROR] ServerAccessManage:1089 - Problem, file not found on Server
2025-05-15 19:01:40,681 [ERROR] ServerAccessManage:1089 - Problem, file not found on Server
2025-05-15 19:01:40,866 [INFO] ServerAccessManage:473 - Download File wolfSSL.I-CUBE-wolfMQTT.pdsc
2025-05-15 19:01:41,892 [WARN] MainUpdater:1194 - Updater busy. Cannot search thirdparties
2025-05-15 19:01:41,892 [INFO] ThirdPartyUpdaterWithRetryManager:96 - Updater plugin is busy. [15/15]
2025-05-15 19:01:41,892 [ERROR] IntegrityCheckThread:130 - Cannot retrieve database content from updater: error -1
2025-05-15 19:01:41,892 [INFO] ThirdParty:978 - Integrity check success = false
2025-05-15 19:01:41,892 [INFO] IntegrityCheckThread:100 - exiting critical section [integrity check]
2025-05-15 19:01:41,892 [INFO] IntegrityCheckThread:103 - End integrity checks thread
2025-05-15 19:01:42,237 [ERROR] ServerAccessManage:1089 - Problem, file not found on Server
2025-05-15 19:01:42,412 [INFO] ServerAccessManage:473 - Download File wolfSSL.I-CUBE-wolfTPM.pdsc
2025-05-15 19:01:43,972 [INFO] ServerAccessManage:473 - Download File wolfSSL.I-CUBE-wolfSSH.pdsc
2025-05-15 19:01:46,664 [INFO] ServerAccessManage:473 - Download File RealThread.X-CUBE-RT-Thread_Nano.pdsc
2025-05-15 19:01:48,110 [INFO] ServerAccessManage:473 - Download File SEGGER.I-CUBE-embOS.pdsc
2025-05-15 19:01:51,334 [INFO] ServerAccessManage:473 - Download File portGmbH.I-Cube-SoM-uGOAL.pdsc
2025-05-15 19:01:53,916 [ERROR] ServerAccessManage:1089 - Problem, file not found on Server
2025-05-15 19:01:54,170 [ERROR] ServerAccessManage:1089 - Problem, file not found on Server
2025-05-15 19:01:54,425 [ERROR] ServerAccessManage:1089 - Problem, file not found on Server
2025-05-15 19:01:55,810 [INFO] ServerAccessManage:473 - Download File emotas.I-CUBE-CANOPEN.pdsc
2025-05-15 19:01:57,502 [INFO] ServerAccessManage:473 - Download File WES.I-CUBE-Cesium.pdsc
2025-05-15 19:01:58,147 [ERROR] ServerAccessManage:1089 - Problem, file not found on Server
2025-05-15 19:01:58,424 [ERROR] ServerAccessManage:1089 - Problem, file not found on Server
2025-05-15 19:01:59,553 [INFO] ServerAccessManage:473 - Download File ITTIA_DB.I-CUBE-ITTIADB.pdsc
2025-05-15 19:02:04,024 [INFO] ServerAccessManage:473 - Download File Infineon.AIROC-Wi-Fi-Bluetooth-STM32.pdsc
2025-05-15 19:02:09,777 [INFO] ServerAccessManage:473 - Download File Cesanta.I-CUBE-Mongoose.pdsc
2025-05-15 19:02:14,293 [INFO] ServerAccessManage:473 - Download File EmbeddedOffice.I-CUBE-FS-RTOS.pdsc
2025-05-15 19:02:15,981 [INFO] ServerAccessManage:473 - Download File quantropi.X-CUBE-qispace-sdk-base.pdsc
2025-05-15 19:02:16,524 [INFO] ServerAccessManage:473 - Download File Avnet-IotConnect.X-CUBE-IoTC-DA16k-PMOD.pdsc
2025-05-15 19:02:16,623 [WARN] PackLoader:240 - Cannot read IP mode file for STMicroelectronics.FP-ATR-ASTRA1.2.0.2
2025-05-15 19:02:16,624 [WARN] CheckServerUpdateThread:151 - Open CheckUpdateFile Fail
2025-05-15 19:02:16,629 [WARN] PackLoader:240 - Cannot read IP mode file for STMicroelectronics.FP-ATR-SIGFOX1.3.2.0
2025-05-15 19:02:16,635 [WARN] PackLoader:240 - Cannot read IP mode file for STMicroelectronics.FP-SNS-STBOX1.2.0.0
2025-05-15 19:02:16,644 [WARN] PopulateThirdPartyThread:106 - Error when creating pack: C:/Users/Juan/.stm32cubemx/thirdparties/pdsc/STMicroelectronics.FP-SNS-FLIGHT1.pdsc
2025-05-15 19:02:16,648 [WARN] PackLoader:240 - Cannot read IP mode file for STMicroelectronics.FP-SNS-MOTENV1.5.0.0
2025-05-15 19:02:16,652 [WARN] PackLoader:240 - Cannot read IP mode file for STMicroelectronics.FP-SNS-MOTENVWB1.1.4.0
2025-05-15 19:02:16,657 [WARN] PackLoader:240 - Cannot read IP mode file for STMicroelectronics.FP-SNS-SMARTAG2.1.2.0
2025-05-15 19:02:16,660 [WARN] PackLoader:240 - Cannot read IP mode file for STMicroelectronics.X-CUBE-AI.10.0.0
2025-05-15 19:02:16,664 [WARN] PackLoader:240 - Cannot read IP mode file for STMicroelectronics.X-CUBE-ALS.1.0.2
2025-05-15 19:02:16,669 [WARN] PackLoader:240 - Cannot read IP mode file for STMicroelectronics.X-CUBE-BLE1.7.1.0
2025-05-15 19:02:16,674 [WARN] PackLoader:240 - Cannot read IP mode file for STMicroelectronics.X-CUBE-BLE2.3.3.0
2025-05-15 19:02:16,682 [WARN] PackLoader:240 - Cannot read IP mode file for STMicroelectronics.X-CUBE-BLEMGR.4.0.0
2025-05-15 19:02:16,692 [WARN] PackLoader:240 - Cannot read IP mode file for STMicroelectronics.X-CUBE-DISPLAY.3.0.0
2025-05-15 19:02:16,699 [WARN] PackLoader:240 - Cannot read IP mode file for STMicroelectronics.X-CUBE-DPower.1.3.0
2025-05-15 19:02:16,703 [WARN] PackLoader:240 - Cannot read IP mode file for STMicroelectronics.X-CUBE-EEPRMA1.5.1.0
2025-05-15 19:02:16,709 [WARN] PackLoader:240 - Cannot read IP mode file for STMicroelectronics.X-CUBE-FREERTOS.1.3.1
2025-05-15 19:02:16,713 [WARN] PackLoader:240 - Cannot read IP mode file for STMicroelectronics.X-CUBE-GNSS1.7.0.1
2025-05-15 19:02:16,716 [WARN] PackLoader:240 - Cannot read IP mode file for STMicroelectronics.X-CUBE-ISPU.2.1.0
2025-05-15 19:02:16,720 [WARN] PopulateThirdPartyThread:106 - Error when creating pack: C:/Users/Juan/.stm32cubemx/thirdparties/pdsc/STMicroelectronics.X-CUBE-IPS.pdsc
2025-05-15 19:02:16,746 [INFO] CheckServerUpdateThread:120 - End of CheckServer Thread
2025-05-15 19:02:16,758 [WARN] PackLoader:240 - Cannot read IP mode file for STMicroelectronics.X-CUBE-MEMS1.11.2.0
2025-05-15 19:02:16,874 [WARN] PackLoader:240 - Cannot read IP mode file for STMicroelectronics.X-CUBE-NFC4.3.0.0
2025-05-15 19:02:16,879 [WARN] PackLoader:240 - Cannot read IP mode file for STMicroelectronics.X-CUBE-NFC6.3.1.0
2025-05-15 19:02:16,884 [WARN] PackLoader:240 - Cannot read IP mode file for STMicroelectronics.X-CUBE-NFC7.2.0.0
2025-05-15 19:02:16,888 [WARN] PackLoader:240 - Cannot read IP mode file for STMicroelectronics.X-CUBE-NFC9.1.0.0
2025-05-15 19:02:16,893 [WARN] PackLoader:240 - Cannot read IP mode file for STMicroelectronics.X-CUBE-NFC10.1.0.0
2025-05-15 19:02:16,899 [WARN] PackLoader:240 - Cannot read IP mode file for STMicroelectronics.X-CUBE-SFXS2LP1.4.0.0
2025-05-15 19:02:16,903 [WARN] PackLoader:240 - Cannot read IP mode file for STMicroelectronics.X-CUBE-SAFEA1.1.2.2
2025-05-15 19:02:16,910 [WARN] PackLoader:240 - Cannot read IP mode file for STMicroelectronics.X-CUBE-SUBG2.5.0.0
2025-05-15 19:02:16,915 [WARN] PackLoader:240 - Cannot read IP mode file for STMicroelectronics.X-CUBE-SMBUS.2.1.0
2025-05-15 19:02:16,917 [WARN] PopulateThirdPartyThread:106 - Error when creating pack: C:/Users/Juan/.stm32cubemx/thirdparties/pdsc/STMicroelectronics.X-CUBE-TCPP.pdsc
2025-05-15 19:02:16,920 [WARN] PopulateThirdPartyThread:106 - Error when creating pack: C:/Users/Juan/.stm32cubemx/thirdparties/pdsc/STMicroelectronics.X-CUBE-TOF1.pdsc
2025-05-15 19:02:16,923 [WARN] PackLoader:240 - Cannot read IP mode file for STMicroelectronics.X-CUBE-TOUCHGFX.4.25.0
2025-05-15 19:02:16,928 [WARN] PackLoader:240 - Cannot read IP mode file for STMicroelectronics.X-CUBE-ALGOBUILD.1.4.0
2025-05-15 19:02:16,941 [WARN] PackLoader:240 - Cannot read IP mode file for STMicroelectronics.X-CUBE-AZRTOS-H7.3.3.0
2025-05-15 19:02:16,954 [WARN] PackLoader:240 - Cannot read IP mode file for STMicroelectronics.X-CUBE-AZRTOS-H7RS.1.1.0
2025-05-15 19:02:16,965 [WARN] PackLoader:240 - Cannot read IP mode file for STMicroelectronics.X-CUBE-AZRTOS-F4.1.1.0
2025-05-15 19:02:16,976 [WARN] PackLoader:240 - Cannot read IP mode file for STMicroelectronics.X-CUBE-AZRTOS-F7.1.1.0
2025-05-15 19:02:16,989 [WARN] ConditionMgr:438 - getConditionDescription Invalid condition id : LAN8742 Phy interface Condition cause : null
2025-05-15 19:02:16,989 [WARN] PackLoader:240 - Cannot read IP mode file for STMicroelectronics.X-CUBE-AZRTOS-L4.2.0.0
2025-05-15 19:02:16,990 [WARN] ConditionMgr:1039 - genDependencies : Invalid condition id : LAN8742 Phy interface Condition cause : null
2025-05-15 19:02:16,990 [WARN] ConditionMgr:1039 - genDependencies : Invalid condition id : LAN8742 Phy interface Condition cause : null
2025-05-15 19:02:16,991 [WARN] ConditionMgr:1039 - genDependencies : Invalid condition id : LAN8742 Phy interface Condition cause : null
2025-05-15 19:02:17,002 [WARN] PackLoader:240 - Cannot read IP mode file for STMicroelectronics.X-CUBE-AZRTOS-L5.2.0.0
2025-05-15 19:02:17,012 [WARN] PackLoader:240 - Cannot read IP mode file for STMicroelectronics.X-CUBE-AZRTOS-G0.1.1.0
2025-05-15 19:02:17,022 [WARN] PackLoader:240 - Cannot read IP mode file for STMicroelectronics.X-CUBE-AZRTOS-G4.2.0.0
2025-05-15 19:02:17,030 [WARN] ConditionMgr:438 - getConditionDescription Invalid condition id : UX DEVICE CLASS RTOS Condition cause : null
2025-05-15 19:02:17,030 [WARN] ConditionMgr:438 - getConditionDescription Invalid condition id : UX DEVICE CLASS RTOS Condition cause : null
2025-05-15 19:02:17,031 [WARN] PackLoader:240 - Cannot read IP mode file for STMicroelectronics.X-CUBE-AZRTOS-WB.2.0.0
2025-05-15 19:02:17,031 [WARN] ConditionMgr:1039 - genDependencies : Invalid condition id : UX DEVICE CLASS RTOS Condition cause : null
2025-05-15 19:02:17,032 [WARN] ConditionMgr:1039 - genDependencies : Invalid condition id : UX DEVICE CLASS RTOS Condition cause : null
2025-05-15 19:02:17,032 [WARN] ConditionMgr:1039 - genDependencies : Invalid condition id : UX DEVICE CLASS RTOS Condition cause : null
2025-05-15 19:02:17,032 [WARN] ConditionMgr:1039 - genDependencies : Invalid condition id : UX DEVICE CLASS RTOS Condition cause : null
2025-05-15 19:02:17,032 [WARN] ConditionMgr:1039 - genDependencies : Invalid condition id : UX DEVICE CLASS RTOS Condition cause : null
2025-05-15 19:02:17,037 [INFO] LogOutputStream:77 - [STDOUT_REDIRECT] 1 : Invalid condition id : UX_CORESTACK_Condition cause : null
2025-05-15 19:02:17,038 [INFO] LogOutputStream:77 - [STDOUT_REDIRECT] 1 : Invalid condition id : UX_CORESTACK_Condition cause : null
2025-05-15 19:02:17,039 [INFO] LogOutputStream:77 - [STDOUT_REDIRECT] 1 : Invalid condition id : UX_CORESTACK_Condition cause : null
2025-05-15 19:02:17,040 [INFO] LogOutputStream:77 - [STDOUT_REDIRECT] 1 : Invalid condition id : UX_CORESTACK_Condition cause : null
2025-05-15 19:02:17,040 [INFO] LogOutputStream:77 - [STDOUT_REDIRECT] 1 : Invalid condition id : UX_CORESTACK_Condition cause : null
2025-05-15 19:02:17,042 [WARN] PackLoader:240 - Cannot read IP mode file for STMicroelectronics.X-CUBE-AZRTOS-WL.2.0.0
2025-05-15 19:02:17,046 [WARN] PackLoader:240 - Cannot read IP mode file for STMicroelectronics.X-CUBE-WB05N.2.0.0
2025-05-15 19:02:17,049 [WARN] PackLoader:240 - Cannot read IP mode file for wolfSSL.I-CUBE-wolfSSL.5.8.0
2025-05-15 19:02:17,051 [WARN] PackLoader:240 - Cannot read IP mode file for wolfSSL.I-CUBE-wolfMQTT.1.19.2
2025-05-15 19:02:17,053 [WARN] PackLoader:240 - Cannot read IP mode file for wolfSSL.I-CUBE-wolfTPM.3.8.0
2025-05-15 19:02:17,056 [WARN] PackLoader:240 - Cannot read IP mode file for wolfSSL.I-CUBE-wolfSSH.1.4.20
2025-05-15 19:02:17,059 [WARN] PackLoader:240 - Cannot read IP mode file for RealThread.X-CUBE-RT-Thread_Nano.4.1.1
2025-05-15 19:02:17,077 [WARN] PackLoader:240 - Cannot read IP mode file for SEGGER.I-CUBE-embOS.1.3.1
2025-05-15 19:02:17,110 [WARN] PackLoader:240 - Cannot read IP mode file for portGmbH.I-Cube-SoM-uGOAL.1.1.0
2025-05-15 19:02:17,113 [WARN] PackLoader:240 - Cannot read IP mode file for emotas.I-CUBE-CANOPEN.1.3.0
2025-05-15 19:02:17,117 [WARN] PackLoader:240 - Cannot read IP mode file for WES.I-CUBE-Cesium.1.3.0
2025-05-15 19:02:17,121 [WARN] PackLoader:240 - Cannot read IP mode file for ITTIA_DB.I-CUBE-ITTIADB.8.9.0
2025-05-15 19:02:17,132 [WARN] PackLoader:240 - Cannot read IP mode file for Infineon.AIROC-Wi-Fi-Bluetooth-STM32.1.7.0
2025-05-15 19:02:17,138 [WARN] PackLoader:240 - Cannot read IP mode file for Cesanta.I-CUBE-Mongoose.7.13.0
2025-05-15 19:02:17,143 [WARN] PackLoader:240 - Cannot read IP mode file for EmbeddedOffice.I-CUBE-FS-RTOS.1.0.1
2025-05-15 19:02:17,143 [ERROR] ConditionMgr:805 - Attr not supported : Dmpu
2025-05-15 19:02:17,143 [ERROR] ConditionMgr:805 - Attr not supported : Dmpu
2025-05-15 19:02:17,143 [ERROR] ConditionMgr:805 - Attr not supported : Dmpu
2025-05-15 19:02:17,143 [ERROR] ConditionMgr:805 - Attr not supported : Dmpu
2025-05-15 19:02:17,143 [ERROR] ConditionMgr:805 - Attr not supported : Dmpu
2025-05-15 19:02:17,143 [ERROR] ConditionMgr:805 - Attr not supported : Dmpu
2025-05-15 19:02:17,143 [ERROR] ConditionMgr:805 - Attr not supported : Dmpu
2025-05-15 19:02:17,143 [ERROR] ConditionMgr:805 - Attr not supported : Dmpu
2025-05-15 19:02:17,143 [ERROR] ConditionMgr:805 - Attr not supported : Dmpu
2025-05-15 19:02:17,143 [ERROR] ConditionMgr:805 - Attr not supported : Dmpu
2025-05-15 19:02:17,143 [ERROR] ConditionMgr:805 - Attr not supported : Dmpu
2025-05-15 19:02:17,143 [ERROR] ConditionMgr:805 - Attr not supported : Dmpu
2025-05-15 19:02:17,143 [ERROR] ConditionMgr:805 - Attr not supported : Dmpu
2025-05-15 19:02:17,143 [ERROR] ConditionMgr:805 - Attr not supported : Dmpu
2025-05-15 19:02:17,143 [ERROR] ConditionMgr:805 - Attr not supported : Dmpu
2025-05-15 19:02:17,143 [ERROR] ConditionMgr:805 - Attr not supported : Dmpu
2025-05-15 19:02:17,144 [ERROR] ConditionMgr:805 - Attr not supported : Dmpu
2025-05-15 19:02:17,144 [ERROR] ConditionMgr:805 - Attr not supported : Dmpu
2025-05-15 19:02:17,144 [ERROR] ConditionMgr:805 - Attr not supported : Dmpu
2025-05-15 19:02:17,144 [ERROR] ConditionMgr:805 - Attr not supported : Dmpu
2025-05-15 19:02:17,144 [ERROR] ConditionMgr:805 - Attr not supported : Dmpu
2025-05-15 19:02:17,144 [ERROR] ConditionMgr:805 - Attr not supported : Dmpu
2025-05-15 19:02:17,144 [ERROR] ConditionMgr:805 - Attr not supported : Dmpu
2025-05-15 19:02:17,144 [ERROR] ConditionMgr:805 - Attr not supported : Dmpu
2025-05-15 19:02:17,144 [ERROR] ConditionMgr:805 - Attr not supported : Dmpu
2025-05-15 19:02:17,144 [ERROR] ConditionMgr:805 - Attr not supported : Dmpu
2025-05-15 19:02:17,144 [ERROR] ConditionMgr:805 - Attr not supported : Dmpu
2025-05-15 19:02:17,144 [ERROR] ConditionMgr:805 - Attr not supported : Dmpu
2025-05-15 19:02:17,144 [ERROR] ConditionMgr:805 - Attr not supported : Dmpu
2025-05-15 19:02:17,144 [ERROR] ConditionMgr:805 - Attr not supported : Dmpu
2025-05-15 19:02:17,144 [ERROR] ConditionMgr:805 - Attr not supported : Dmpu
2025-05-15 19:02:17,144 [ERROR] ConditionMgr:805 - Attr not supported : Dmpu
2025-05-15 19:02:17,144 [ERROR] ConditionMgr:805 - Attr not supported : Dmpu
2025-05-15 19:02:17,144 [ERROR] ConditionMgr:805 - Attr not supported : Dmpu
2025-05-15 19:02:17,144 [ERROR] ConditionMgr:805 - Attr not supported : Dmpu
2025-05-15 19:02:17,144 [ERROR] ConditionMgr:805 - Attr not supported : Dmpu
2025-05-15 19:02:17,144 [ERROR] ConditionMgr:805 - Attr not supported : Dmpu
2025-05-15 19:02:17,144 [ERROR] ConditionMgr:805 - Attr not supported : Dmpu
2025-05-15 19:02:17,144 [ERROR] ConditionMgr:805 - Attr not supported : Dmpu
2025-05-15 19:02:17,144 [ERROR] ConditionMgr:805 - Attr not supported : Dmpu
2025-05-15 19:02:17,144 [ERROR] ConditionMgr:805 - Attr not supported : Dmpu
2025-05-15 19:02:17,144 [ERROR] ConditionMgr:805 - Attr not supported : Dmpu
2025-05-15 19:02:17,145 [ERROR] ConditionMgr:805 - Attr not supported : Dmpu
2025-05-15 19:02:17,145 [ERROR] ConditionMgr:805 - Attr not supported : Dmpu
2025-05-15 19:02:17,145 [ERROR] ConditionMgr:805 - Attr not supported : Dmpu
2025-05-15 19:02:17,145 [ERROR] ConditionMgr:805 - Attr not supported : Dmpu
2025-05-15 19:02:17,145 [ERROR] ConditionMgr:805 - Attr not supported : Dmpu
2025-05-15 19:02:17,145 [ERROR] ConditionMgr:805 - Attr not supported : Dmpu
2025-05-15 19:02:17,145 [ERROR] ConditionMgr:805 - Attr not supported : Dmpu
2025-05-15 19:02:17,145 [ERROR] ConditionMgr:805 - Attr not supported : Dmpu
2025-05-15 19:02:17,145 [ERROR] ConditionMgr:805 - Attr not supported : Dmpu
2025-05-15 19:02:17,145 [ERROR] ConditionMgr:805 - Attr not supported : Dmpu
2025-05-15 19:02:17,145 [ERROR] ConditionMgr:805 - Attr not supported : Dmpu
2025-05-15 19:02:17,145 [ERROR] ConditionMgr:805 - Attr not supported : Dmpu
2025-05-15 19:02:17,145 [ERROR] ConditionMgr:805 - Attr not supported : Dmpu
2025-05-15 19:02:17,145 [ERROR] ConditionMgr:805 - Attr not supported : Dmpu
2025-05-15 19:02:17,145 [ERROR] ConditionMgr:805 - Attr not supported : Dmpu
2025-05-15 19:02:17,145 [ERROR] ConditionMgr:805 - Attr not supported : Dmpu
2025-05-15 19:02:17,145 [ERROR] ConditionMgr:805 - Attr not supported : Dmpu
2025-05-15 19:02:17,145 [ERROR] ConditionMgr:805 - Attr not supported : Dmpu
2025-05-15 19:02:17,145 [ERROR] ConditionMgr:805 - Attr not supported : Dmpu
2025-05-15 19:02:17,145 [ERROR] ConditionMgr:805 - Attr not supported : Dmpu
2025-05-15 19:02:17,145 [ERROR] ConditionMgr:805 - Attr not supported : Dmpu
2025-05-15 19:02:17,145 [ERROR] ConditionMgr:805 - Attr not supported : Dmpu
2025-05-15 19:02:17,148 [WARN] ConditionMgr:438 - getConditionDescription Invalid condition id : Cortex-A Device cause : null
2025-05-15 19:02:17,166 [WARN] ConditionMgr:1039 - genDependencies : Invalid condition id : Cortex-A Device cause : null
2025-05-15 19:02:17,166 [WARN] ConditionMgr:1039 - genDependencies : Invalid condition id : Cortex-A Device cause : null
2025-05-15 19:02:17,166 [WARN] ConditionMgr:1039 - genDependencies : Invalid condition id : Cortex-A Device cause : null
2025-05-15 19:02:17,167 [WARN] PopulateThirdPartyThread:106 - Error when creating pack: C:/Users/Juan/.stm32cubemx/thirdparties/pdsc/Avnet-IotConnect.X-CUBE-IoTC-DA16k-PMOD.pdsc
2025-05-15 19:02:17,168 [INFO] PopulateThirdPartyThread:66 - Ending populate Thread
2025-05-15 19:02:17,169 [INFO] ThirdParty:1030 - CMSIS Pack Vendor :STMicroelectronics X-CUBE-AZRTOS-H7 3.3.0
2025-05-15 19:02:17,169 [INFO] ThirdParty:1030 - CMSIS Pack Vendor :STMicroelectronics X-CUBE-NFC9 1.0.0
2025-05-15 19:02:17,169 [INFO] ThirdParty:1030 - CMSIS Pack Vendor :wolfSSL I-CUBE-wolfSSL 5.8.0
2025-05-15 19:02:17,169 [INFO] ThirdParty:1030 - CMSIS Pack Vendor :STMicroelectronics FP-SNS-MOTENVWB1 1.4.0
2025-05-15 19:02:17,169 [INFO] ThirdParty:1030 - CMSIS Pack Vendor :STMicroelectronics X-CUBE-AZRTOS-F4 1.1.0
2025-05-15 19:02:17,170 [INFO] ThirdParty:1030 - CMSIS Pack Vendor :STMicroelectronics FP-ATR-ASTRA1 2.0.2
2025-05-15 19:02:17,170 [INFO] ThirdParty:1030 - CMSIS Pack Vendor :STMicroelectronics X-CUBE-BLE1 7.1.0
2025-05-15 19:02:17,170 [INFO] ThirdParty:1030 - CMSIS Pack Vendor :STMicroelectronics X-CUBE-SMBUS 2.1.0
2025-05-15 19:02:17,170 [INFO] ThirdParty:1030 - CMSIS Pack Vendor :wolfSSL I-CUBE-wolfMQTT 1.19.2
2025-05-15 19:02:17,170 [INFO] ThirdParty:1030 - CMSIS Pack Vendor :STMicroelectronics X-CUBE-ISPU 2.1.0
2025-05-15 19:02:17,170 [INFO] ThirdParty:1030 - CMSIS Pack Vendor :STMicroelectronics X-CUBE-AZRTOS-WB 2.0.0
2025-05-15 19:02:17,170 [INFO] ThirdParty:1030 - CMSIS Pack Vendor :STMicroelectronics X-CUBE-GNSS1 7.0.1
2025-05-15 19:02:17,170 [INFO] ThirdParty:1030 - CMSIS Pack Vendor :STMicroelectronics X-CUBE-TOUCHGFX 4.25.0
2025-05-15 19:02:17,170 [INFO] ThirdParty:1030 - CMSIS Pack Vendor :STMicroelectronics X-CUBE-AZRTOS-F7 1.1.0
2025-05-15 19:02:17,170 [INFO] ThirdParty:1030 - CMSIS Pack Vendor :STMicroelectronics X-CUBE-AZRTOS-L5 2.0.0
2025-05-15 19:02:17,170 [INFO] ThirdParty:1030 - CMSIS Pack Vendor :STMicroelectronics X-CUBE-NFC6 3.1.0
2025-05-15 19:02:17,170 [INFO] ThirdParty:1030 - CMSIS Pack Vendor :STMicroelectronics FP-SNS-STBOX1 2.0.0
2025-05-15 19:02:17,170 [INFO] ThirdParty:1030 - CMSIS Pack Vendor :STMicroelectronics X-CUBE-MEMS1 11.2.0
2025-05-15 19:02:17,170 [INFO] ThirdParty:1030 - CMSIS Pack Vendor :STMicroelectronics X-CUBE-AZRTOS-G0 1.1.0
2025-05-15 19:02:17,170 [INFO] ThirdParty:1030 - CMSIS Pack Vendor :STMicroelectronics X-CUBE-NFC4 3.0.0
2025-05-15 19:02:17,170 [INFO] ThirdParty:1030 - CMSIS Pack Vendor :STMicroelectronics X-CUBE-SAFEA1 1.2.2
2025-05-15 19:02:17,170 [INFO] ThirdParty:1030 - CMSIS Pack Vendor :STMicroelectronics X-CUBE-SUBG2 5.0.0
2025-05-15 19:02:17,170 [INFO] ThirdParty:1030 - CMSIS Pack Vendor :STMicroelectronics X-CUBE-AZRTOS-H7RS 1.1.0
2025-05-15 19:02:17,170 [INFO] ThirdParty:1030 - CMSIS Pack Vendor :EmbeddedOffice I-CUBE-FS-RTOS 1.0.1
2025-05-15 19:02:17,170 [INFO] ThirdParty:1030 - CMSIS Pack Vendor :Cesanta I-CUBE-Mongoose 7.13.0
2025-05-15 19:02:17,170 [INFO] ThirdParty:1030 - CMSIS Pack Vendor :Infineon AIROC-Wi-Fi-Bluetooth-STM32 1.7.0
2025-05-15 19:02:17,170 [INFO] ThirdParty:1030 - CMSIS Pack Vendor :STMicroelectronics X-CUBE-AZRTOS-G4 2.0.0
2025-05-15 19:02:17,170 [INFO] ThirdParty:1030 - CMSIS Pack Vendor :STMicroelectronics X-CUBE-WB05N 2.0.0
2025-05-15 19:02:17,171 [INFO] ThirdParty:1030 - CMSIS Pack Vendor :wolfSSL I-CUBE-wolfTPM 3.8.0
2025-05-15 19:02:17,171 [INFO] ThirdParty:1030 - CMSIS Pack Vendor :STMicroelectronics X-CUBE-DISPLAY 3.0.0
2025-05-15 19:02:17,171 [INFO] ThirdParty:1030 - CMSIS Pack Vendor :wolfSSL I-CUBE-wolfSSH 1.4.20
2025-05-15 19:02:17,171 [INFO] ThirdParty:1030 - CMSIS Pack Vendor :STMicroelectronics X-CUBE-NFC7 2.0.0
2025-05-15 19:02:17,171 [INFO] ThirdParty:1030 - CMSIS Pack Vendor :RealThread X-CUBE-RT-Thread_Nano 4.1.1
2025-05-15 19:02:17,171 [INFO] ThirdParty:1030 - CMSIS Pack Vendor :STMicroelectronics FP-ATR-SIGFOX1 3.2.0
2025-05-15 19:02:17,171 [INFO] ThirdParty:1030 - CMSIS Pack Vendor :STMicroelectronics X-CUBE-NFC10 1.0.0
2025-05-15 19:02:17,171 [INFO] ThirdParty:1030 - CMSIS Pack Vendor :STMicroelectronics X-CUBE-BLEMGR 4.0.0
2025-05-15 19:02:17,171 [INFO] ThirdParty:1030 - CMSIS Pack Vendor :STMicroelectronics X-CUBE-EEPRMA1 5.1.0
2025-05-15 19:02:17,171 [INFO] ThirdParty:1030 - CMSIS Pack Vendor :STMicroelectronics X-CUBE-FREERTOS 1.3.1
2025-05-15 19:02:17,171 [INFO] ThirdParty:1030 - CMSIS Pack Vendor :STMicroelectronics X-CUBE-ALS 1.0.2
2025-05-15 19:02:17,171 [INFO] ThirdParty:1030 - CMSIS Pack Vendor :emotas I-CUBE-CANOPEN 1.3.0
2025-05-15 19:02:17,171 [INFO] ThirdParty:1030 - CMSIS Pack Vendor :ITTIA_DB I-CUBE-ITTIADB 8.9.0
2025-05-15 19:02:17,171 [INFO] ThirdParty:1030 - CMSIS Pack Vendor :portGmbH I-Cube-SoM-uGOAL 1.1.0
2025-05-15 19:02:17,171 [INFO] ThirdParty:1030 - CMSIS Pack Vendor :STMicroelectronics X-CUBE-AI 10.0.0
2025-05-15 19:02:17,171 [INFO] ThirdParty:1030 - CMSIS Pack Vendor :quantropi X-CUBE-qispace-sdk-base 2.0.0
2025-05-15 19:02:17,171 [INFO] ThirdParty:1030 - CMSIS Pack Vendor :STMicroelectronics FP-SNS-SMARTAG2 1.2.0
2025-05-15 19:02:17,171 [INFO] ThirdParty:1030 - CMSIS Pack Vendor :STMicroelectronics X-CUBE-AZRTOS-WL 2.0.0
2025-05-15 19:02:17,171 [INFO] ThirdParty:1030 - CMSIS Pack Vendor :SEGGER I-CUBE-embOS 1.3.1
2025-05-15 19:02:17,171 [INFO] ThirdParty:1030 - CMSIS Pack Vendor :STMicroelectronics X-CUBE-DPower 1.3.0
2025-05-15 19:02:17,171 [INFO] ThirdParty:1030 - CMSIS Pack Vendor :STMicroelectronics X-CUBE-ALGOBUILD 1.4.0
2025-05-15 19:02:17,171 [INFO] ThirdParty:1030 - CMSIS Pack Vendor :STMicroelectronics FP-SNS-MOTENV1 5.0.0
2025-05-15 19:02:17,171 [INFO] ThirdParty:1030 - CMSIS Pack Vendor :STMicroelectronics X-CUBE-AZRTOS-L4 2.0.0
2025-05-15 19:02:17,171 [INFO] ThirdParty:1030 - CMSIS Pack Vendor :WES I-CUBE-Cesium 1.3.0
2025-05-15 19:02:17,171 [INFO] ThirdParty:1030 - CMSIS Pack Vendor :STMicroelectronics X-CUBE-SFXS2LP1 4.0.0
2025-05-15 19:02:17,171 [INFO] ThirdParty:1030 - CMSIS Pack Vendor :STMicroelectronics X-CUBE-BLE2 3.3.0
2025-05-15 19:02:17,172 [INFO] LoadServerUpdatesThread:375 - End of LoadServerUpdate Thread
2025-05-15 19:06:06,502 [ERROR] LogOutputStream:75 - [STDERR_REDIRECT] 
