2024-08-28 01:06:38,850 [INFO] Activator:176 - 


2024-08-28 01:06:38,855 [INFO] Activator:177 - !SESSION log4j initialized
2024-08-28 01:06:44,801 [INFO] LogOutputStream:77 - [STDOUT_REDIRECT] 
2024-08-28 01:06:47,009 [INFO] ApplicationProperties:184 - Using Application install path: C:\ST\STM32CubeIDE_1.16.0\STM32CubeIDE\plugins\com.st.stm32cube.common.mx_6.12.0.202406281431
2024-08-28 01:06:47,025 [INFO] DbMcusXml:78 - Set database path to: C:\ST\STM32CubeIDE_1.16.0\STM32CubeIDE\plugins\com.st.stm32cube.common.mx_6.12.0.202406281431\\db\/mcu/
2024-08-28 01:06:47,025 [INFO] ApiDb:274 - Set plugin database path to: C:\ST\STM32CubeIDE_1.16.0\STM32CubeIDE\plugins\com.st.stm32cube.common.mx_6.12.0.202406281431\\db\/plugins/boardmanager/
2024-08-28 01:06:47,025 [WARN] ApiDb:259 - Overriding images path with different value:  => C:\ST\STM32CubeIDE_1.16.0\STM32CubeIDE\plugins\com.st.stm32cube.common.mx_6.12.0.202406281431\\db\/plugins/mcufinder/images/
2024-08-28 01:06:47,036 [INFO] ApiDb:250 - Set database path to: C:\Users\Juan\.stmcufinder\plugins\mcufinder//mcu/
2024-08-28 01:06:47,037 [INFO] DbMcusAds:125 - Set database path to: C:\Users\Juan\.stmcufinder\plugins\mcufinder//mcu/
2024-08-28 01:06:47,039 [INFO] CrossReferenceDbSqlite:203 - Set database path to: C:\Users\Juan\.stmcufinder\plugins\mcufinder//mcu/cs/
2024-08-28 01:06:47,156 [INFO] RulesReader:64 - Compatibility file has been processed (297 Rules)
2024-08-28 01:06:47,230 [INFO] DbMcusXml:78 - Set database path to: C:\ST\STM32CubeIDE_1.16.0\STM32CubeIDE\plugins\com.st.stm32cube.common.mx_6.12.0.202406281431\\db\/mcu/
2024-08-28 01:06:47,230 [INFO] ApiDb:274 - Set plugin database path to: C:\ST\STM32CubeIDE_1.16.0\STM32CubeIDE\plugins\com.st.stm32cube.common.mx_6.12.0.202406281431\\db\/plugins/boardmanager/
2024-08-28 01:06:47,230 [INFO] ApiDb:261 - Set plugin images path to: C:\ST\STM32CubeIDE_1.16.0\STM32CubeIDE\plugins\com.st.stm32cube.common.mx_6.12.0.202406281431\\db\/plugins/mcufinder/images/
2024-08-28 01:06:47,230 [WARN] DbFile:41 - Overriding database path with different value: C:\Users\Juan\.stmcufinder\plugins\mcufinder/ => C:\Users\Juan\.stmcufinder\plugins\mcufinder
2024-08-28 01:06:47,230 [INFO] ApiDb:250 - Set database path to: C:\Users\Juan\.stmcufinder\plugins\mcufinder//mcu/
2024-08-28 01:06:47,230 [WARN] DbFile:41 - Overriding database path with different value: C:\Users\Juan\.stmcufinder\plugins\mcufinder/ => C:\Users\Juan\.stmcufinder\plugins\mcufinder
2024-08-28 01:06:47,230 [INFO] DbMcusAds:125 - Set database path to: C:\Users\Juan\.stmcufinder\plugins\mcufinder//mcu/
2024-08-28 01:06:47,231 [WARN] DbFile:41 - Overriding database path with different value: C:\Users\Juan\.stmcufinder\plugins\mcufinder/ => C:\Users\Juan\.stmcufinder\plugins\mcufinder
2024-08-28 01:06:47,231 [WARN] DbFile:41 - Overriding database path with different value: C:\Users\Juan\.stmcufinder\plugins\mcufinder/ => C:\Users\Juan\.stmcufinder\plugins\mcufinder
2024-08-28 01:06:47,231 [INFO] CrossReferenceDbSqlite:203 - Set database path to: C:\Users\Juan\.stmcufinder\plugins\mcufinder//mcu/cs/
2024-08-28 01:06:47,305 [INFO] MainPanel:268 - HeapMemory: 268435456
2024-08-28 01:06:47,389 [INFO] DbMcusXml:78 - Set database path to: C:\ST\STM32CubeIDE_1.16.0\STM32CubeIDE\plugins\com.st.stm32cube.common.mx_6.12.0.202406281431\\db\/mcu/
2024-08-28 01:06:47,389 [INFO] ApiDb:274 - Set plugin database path to: C:\ST\STM32CubeIDE_1.16.0\STM32CubeIDE\plugins\com.st.stm32cube.common.mx_6.12.0.202406281431\\db\/plugins/boardmanager/
2024-08-28 01:06:47,389 [INFO] ApiDb:261 - Set plugin images path to: C:\ST\STM32CubeIDE_1.16.0\STM32CubeIDE\plugins\com.st.stm32cube.common.mx_6.12.0.202406281431\\db\/plugins/mcufinder/images/
2024-08-28 01:06:47,389 [WARN] DbFile:41 - Overriding database path with different value: C:\Users\Juan\.stmcufinder\plugins\mcufinder/ => C:\Users\Juan\.stmcufinder\plugins\mcufinder
2024-08-28 01:06:47,389 [INFO] ApiDb:250 - Set database path to: C:\Users\Juan\.stmcufinder\plugins\mcufinder//mcu/
2024-08-28 01:06:47,389 [WARN] DbFile:41 - Overriding database path with different value: C:\Users\Juan\.stmcufinder\plugins\mcufinder/ => C:\Users\Juan\.stmcufinder\plugins\mcufinder
2024-08-28 01:06:47,390 [INFO] DbMcusAds:125 - Set database path to: C:\Users\Juan\.stmcufinder\plugins\mcufinder//mcu/
2024-08-28 01:06:47,390 [WARN] DbFile:41 - Overriding database path with different value: C:\Users\Juan\.stmcufinder\plugins\mcufinder/ => C:\Users\Juan\.stmcufinder\plugins\mcufinder
2024-08-28 01:06:47,390 [WARN] DbFile:41 - Overriding database path with different value: C:\Users\Juan\.stmcufinder\plugins\mcufinder/ => C:\Users\Juan\.stmcufinder\plugins\mcufinder
2024-08-28 01:06:47,390 [INFO] CrossReferenceDbSqlite:203 - Set database path to: C:\Users\Juan\.stmcufinder\plugins\mcufinder//mcu/cs/
2024-08-28 01:06:47,403 [INFO] ApplicationProperties:184 - Using Application install path: C:\ST\STM32CubeIDE_1.16.0\STM32CubeIDE\plugins\com.st.stm32cube.common.mx_6.12.0.202406281431
2024-08-28 01:06:47,404 [INFO] PluginManage:196 - Search for loadable plugins [exclusion list=, ]
2024-08-28 01:06:47,405 [INFO] PluginManage:310 - Check plugin analytics
2024-08-28 01:06:47,528 [INFO] AnalyticsPlugin:253 - Accepted Software Licenses: STM32CubeMX.6.12.0
2024-08-28 01:06:47,528 [INFO] AnalyticsPlugin:255 - Accepted CMSIS Pack Licenses: 
2024-08-28 01:06:47,528 [INFO] AnalyticsPlugin:257 - Accepted Firmware Licenses: FW.F4.1.28.0
2024-08-28 01:06:47,531 [INFO] PluginManage:359 - Loaded plugin analytics (category:tool,tabindex:-1)
2024-08-28 01:06:47,531 [INFO] PluginManage:310 - Check plugin cadmodel
2024-08-28 01:06:47,542 [INFO] CADModel:105 - Init CAD model plugin
2024-08-28 01:06:47,542 [INFO] PluginManage:359 - Loaded plugin cadmodel (category:power,tabindex:5)
2024-08-28 01:06:47,542 [INFO] PluginManage:310 - Check plugin clock
2024-08-28 01:06:47,556 [INFO] PluginManage:359 - Loaded plugin clock (category:base,tabindex:2)
2024-08-28 01:06:47,556 [INFO] PluginManage:310 - Check plugin ddr
2024-08-28 01:06:47,558 [INFO] PluginManage:359 - Loaded plugin ddr (category:tool,tabindex:6)
2024-08-28 01:06:47,558 [INFO] PluginManage:310 - Check plugin filemanager
2024-08-28 01:06:47,681 [INFO] PluginManage:359 - Loaded plugin filemanager (category:base,tabindex:10)
2024-08-28 01:06:47,681 [INFO] PluginManage:310 - Check plugin ipmanager
2024-08-28 01:06:47,686 [INFO] PluginManage:359 - Loaded plugin ipmanager (category:base,tabindex:5)
2024-08-28 01:06:47,686 [INFO] PluginManage:310 - Check plugin lpbam
2024-08-28 01:06:47,700 [INFO] PluginManage:359 - Loaded plugin lpbam (category:base,tabindex:0)
2024-08-28 01:06:47,700 [INFO] PluginManage:310 - Check plugin memorymap
2024-08-28 01:06:47,719 [INFO] PluginManage:359 - Loaded plugin memorymap (category:base,tabindex:4)
2024-08-28 01:06:47,719 [INFO] PluginManage:310 - Check plugin pinoutandconfiguration
2024-08-28 01:06:47,731 [INFO] PluginManage:359 - Loaded plugin pinoutandconfiguration (category:base,tabindex:1)
2024-08-28 01:06:47,731 [INFO] PluginManage:310 - Check plugin pinoutconfig
2024-08-28 01:06:47,809 [WARN] SupportedApi:132 - Cannot load RTOS API schema: s4s-elt-must-match.1: The content of 'definitions' must match (annotation?, (simpleType | complexType)?, (unique | key | keyref)*)). A problem was found starting at: attribute.
2024-08-28 01:06:47,919 [INFO] PluginManage:359 - Loaded plugin pinoutconfig (category:base,tabindex:0)
2024-08-28 01:06:47,919 [INFO] PluginManage:310 - Check plugin power
2024-08-28 01:06:47,934 [INFO] PluginManage:359 - Loaded plugin power (category:power,tabindex:4)
2024-08-28 01:06:47,934 [INFO] PluginManage:310 - Check plugin projectmanager
2024-08-28 01:06:47,949 [INFO] PluginManage:359 - Loaded plugin projectmanager (category:projectmanager,tabindex:4)
2024-08-28 01:06:47,950 [INFO] PluginManage:310 - Check plugin rif
2024-08-28 01:06:47,963 [INFO] PluginManage:359 - Loaded plugin rif (category:base,tabindex:3)
2024-08-28 01:06:47,963 [INFO] PluginManage:310 - Check plugin thirdparty
2024-08-28 01:06:48,139 [INFO] PluginManage:359 - Loaded plugin thirdparty (category:base,tabindex:-1)
2024-08-28 01:06:48,139 [WARN] IntegrityCheckThread:84 - waiting for thirdparty lock release [integrity check]
2024-08-28 01:06:48,139 [INFO] IntegrityCheckThread:86 - entering critical section [integrity check]
2024-08-28 01:06:48,139 [INFO] PluginManage:310 - Check plugin tools
2024-08-28 01:06:48,140 [INFO] ThirdPartyUpdaterWithRetryManager:70 - Updater plugin not ready yet. [1/15]
2024-08-28 01:06:48,171 [INFO] PluginManage:359 - Loaded plugin tools (category:base,tabindex:7)
2024-08-28 01:06:48,171 [INFO] PluginManage:310 - Check plugin tutovideos
2024-08-28 01:06:48,322 [INFO] PluginManage:359 - Loaded plugin tutovideos (category:base,tabindex:-1)
2024-08-28 01:06:48,322 [INFO] PluginManage:310 - Check plugin updater
2024-08-28 01:06:48,343 [INFO] PluginManage:359 - Loaded plugin updater (category:base,tabindex:12)
2024-08-28 01:06:48,343 [INFO] PluginManage:310 - Check plugin userauth
2024-08-28 01:06:48,348 [INFO] UserAuth:113 - Init User Auth plugin
2024-08-28 01:06:48,348 [INFO] PluginManage:359 - Loaded plugin userauth (category:base,tabindex:14)
2024-08-28 01:06:48,348 [INFO] PluginManage:283 - PluginManage : Loaded plugins [18]
2024-08-28 01:06:48,508 [INFO] PinOutPanel:1561 - setPackage(No Configuration,No Configuration)
2024-08-28 01:06:48,574 [INFO] CADModel:165 - CPN selected for project level
2024-08-28 01:06:48,575 [INFO] CADModel:114 - Register for checkConnection events
2024-08-28 01:06:48,593 [INFO] IPUIPlugin:80 - create IPUIPlugin
2024-08-28 01:06:48,593 [INFO] PluginManager:220 - loadIPPluginJar : add adc
2024-08-28 01:06:48,623 [INFO] IPUIPlugin:80 - create IPUIPlugin
2024-08-28 01:06:48,623 [INFO] PluginManager:220 - loadIPPluginJar : add aes
2024-08-28 01:06:48,659 [INFO] IPUIPlugin:80 - create IPUIPlugin
2024-08-28 01:06:48,659 [INFO] PluginManager:220 - loadIPPluginJar : add can
2024-08-28 01:06:48,661 [INFO] IPUIPlugin:80 - create IPUIPlugin
2024-08-28 01:06:48,661 [INFO] PluginManager:220 - loadIPPluginJar : add comp
2024-08-28 01:06:48,692 [INFO] IPUIPlugin:80 - create IPUIPlugin
2024-08-28 01:06:48,692 [INFO] PluginManager:220 - loadIPPluginJar : add cryp
2024-08-28 01:06:48,702 [INFO] IPUIPlugin:80 - create IPUIPlugin
2024-08-28 01:06:48,702 [INFO] PluginManager:220 - loadIPPluginJar : add ddr_ctrl_phy
2024-08-28 01:06:48,705 [INFO] IPUIPlugin:80 - create IPUIPlugin
2024-08-28 01:06:48,705 [INFO] PluginManager:220 - loadIPPluginJar : add dfsdm
2024-08-28 01:06:48,716 [INFO] IPUIPlugin:80 - create IPUIPlugin
2024-08-28 01:06:48,716 [INFO] PluginManager:220 - loadIPPluginJar : add dma
2024-08-28 01:06:48,758 [INFO] IPUIPlugin:80 - create IPUIPlugin
2024-08-28 01:06:48,758 [INFO] PluginManager:220 - loadIPPluginJar : add dma3
2024-08-28 01:06:48,801 [INFO] IPUIPlugin:80 - create IPUIPlugin
2024-08-28 01:06:48,801 [INFO] PluginManager:220 - loadIPPluginJar : add extmemmanager
2024-08-28 01:06:48,821 [INFO] IPUIPlugin:80 - create IPUIPlugin
2024-08-28 01:06:48,821 [INFO] PluginManager:220 - loadIPPluginJar : add fatfs
2024-08-28 01:06:48,864 [INFO] IPUIPlugin:80 - create IPUIPlugin
2024-08-28 01:06:48,865 [INFO] PluginManager:220 - loadIPPluginJar : add fmc
2024-08-28 01:06:48,877 [INFO] IPUIPlugin:80 - create IPUIPlugin
2024-08-28 01:06:48,877 [INFO] PluginManager:220 - loadIPPluginJar : add freertos
2024-08-28 01:06:48,896 [INFO] IPUIPlugin:80 - create IPUIPlugin
2024-08-28 01:06:48,896 [INFO] PluginManager:220 - loadIPPluginJar : add genericplugin
2024-08-28 01:06:48,992 [INFO] IPUIPlugin:80 - create IPUIPlugin
2024-08-28 01:06:48,992 [INFO] PluginManager:220 - loadIPPluginJar : add gfxmmu
2024-08-28 01:06:49,129 [INFO] IPUIPlugin:80 - create IPUIPlugin
2024-08-28 01:06:49,129 [INFO] PluginManager:220 - loadIPPluginJar : add gic
2024-08-28 01:06:49,140 [INFO] IPUIPlugin:80 - create IPUIPlugin
2024-08-28 01:06:49,140 [INFO] PluginManager:220 - loadIPPluginJar : add gpio
2024-08-28 01:06:49,226 [INFO] IPUIPlugin:80 - create IPUIPlugin
2024-08-28 01:06:49,226 [INFO] PluginManager:220 - loadIPPluginJar : add gtzc
2024-08-28 01:06:49,256 [INFO] IPUIPlugin:80 - create IPUIPlugin
2024-08-28 01:06:49,256 [INFO] PluginManager:220 - loadIPPluginJar : add hash
2024-08-28 01:06:49,306 [INFO] IPUIPlugin:80 - create IPUIPlugin
2024-08-28 01:06:49,306 [INFO] PluginManager:220 - loadIPPluginJar : add i2c
2024-08-28 01:06:49,343 [INFO] IPUIPlugin:80 - create IPUIPlugin
2024-08-28 01:06:49,343 [INFO] PluginManager:220 - loadIPPluginJar : add i2s
2024-08-28 01:06:49,382 [INFO] IPUIPlugin:80 - create IPUIPlugin
2024-08-28 01:06:49,382 [INFO] PluginManager:220 - loadIPPluginJar : add i3c
2024-08-28 01:06:49,480 [INFO] IPUIPlugin:80 - create IPUIPlugin
2024-08-28 01:06:49,480 [INFO] PluginManager:220 - loadIPPluginJar : add ipddr
2024-08-28 01:06:49,570 [INFO] IPUIPlugin:80 - create IPUIPlugin
2024-08-28 01:06:49,570 [INFO] PluginManager:220 - loadIPPluginJar : add linkedlist
2024-08-28 01:06:49,573 [INFO] IPUIPlugin:80 - create IPUIPlugin
2024-08-28 01:06:49,573 [INFO] PluginManager:220 - loadIPPluginJar : add lorawan
2024-08-28 01:06:49,607 [INFO] IPUIPlugin:80 - create IPUIPlugin
2024-08-28 01:06:49,607 [INFO] PluginManager:220 - loadIPPluginJar : add ltdc
2024-08-28 01:06:49,618 [INFO] IPUIPlugin:80 - create IPUIPlugin
2024-08-28 01:06:49,618 [INFO] PluginManager:220 - loadIPPluginJar : add mdma
2024-08-28 01:06:49,628 [INFO] IPUIPlugin:80 - create IPUIPlugin
2024-08-28 01:06:49,628 [INFO] PluginManager:220 - loadIPPluginJar : add nvic
2024-08-28 01:06:49,662 [INFO] IPUIPlugin:80 - create IPUIPlugin
2024-08-28 01:06:49,662 [INFO] PluginManager:220 - loadIPPluginJar : add opamp
2024-08-28 01:06:49,721 [INFO] IPUIPlugin:80 - create IPUIPlugin
2024-08-28 01:06:49,721 [INFO] PluginManager:220 - loadIPPluginJar : add openamp
2024-08-28 01:06:49,762 [INFO] IPUIPlugin:80 - create IPUIPlugin
2024-08-28 01:06:49,762 [INFO] PluginManager:220 - loadIPPluginJar : add pdm2pcm
2024-08-28 01:06:49,774 [INFO] IPUIPlugin:80 - create IPUIPlugin
2024-08-28 01:06:49,775 [INFO] PluginManager:220 - loadIPPluginJar : add plateformsettings
2024-08-28 01:06:49,777 [INFO] IPUIPlugin:80 - create IPUIPlugin
2024-08-28 01:06:49,777 [INFO] PluginManager:220 - loadIPPluginJar : add quadspi
2024-08-28 01:06:49,780 [INFO] IPUIPlugin:80 - create IPUIPlugin
2024-08-28 01:06:49,780 [INFO] PluginManager:220 - loadIPPluginJar : add radio
2024-08-28 01:06:49,790 [INFO] IPUIPlugin:80 - create IPUIPlugin
2024-08-28 01:06:49,790 [INFO] PluginManager:220 - loadIPPluginJar : add resmgrutility
2024-08-28 01:06:49,833 [INFO] IPUIPlugin:80 - create IPUIPlugin
2024-08-28 01:06:49,834 [INFO] PluginManager:220 - loadIPPluginJar : add sai
2024-08-28 01:06:49,869 [INFO] IPUIPlugin:80 - create IPUIPlugin
2024-08-28 01:06:49,869 [INFO] PluginManager:220 - loadIPPluginJar : add spi
2024-08-28 01:06:49,936 [INFO] IPUIPlugin:80 - create IPUIPlugin
2024-08-28 01:06:49,936 [INFO] PluginManager:220 - loadIPPluginJar : add stm32_wpan
2024-08-28 01:06:49,938 [INFO] IPUIPlugin:80 - create IPUIPlugin
2024-08-28 01:06:49,938 [INFO] PluginManager:220 - loadIPPluginJar : add tim
2024-08-28 01:06:49,997 [INFO] IPUIPlugin:80 - create IPUIPlugin
2024-08-28 01:06:49,998 [INFO] PluginManager:220 - loadIPPluginJar : add touchsensing
2024-08-28 01:06:50,019 [INFO] IPUIPlugin:80 - create IPUIPlugin
2024-08-28 01:06:50,019 [INFO] PluginManager:220 - loadIPPluginJar : add tracer_emb
2024-08-28 01:06:50,022 [INFO] IPUIPlugin:80 - create IPUIPlugin
2024-08-28 01:06:50,022 [INFO] PluginManager:220 - loadIPPluginJar : add ts
2024-08-28 01:06:50,042 [INFO] IPUIPlugin:80 - create IPUIPlugin
2024-08-28 01:06:50,042 [INFO] PluginManager:220 - loadIPPluginJar : add tsc
2024-08-28 01:06:50,061 [INFO] IPUIPlugin:80 - create IPUIPlugin
2024-08-28 01:06:50,061 [INFO] PluginManager:220 - loadIPPluginJar : add ucpd
2024-08-28 01:06:50,102 [INFO] IPUIPlugin:80 - create IPUIPlugin
2024-08-28 01:06:50,102 [INFO] PluginManager:220 - loadIPPluginJar : add usart
2024-08-28 01:06:50,144 [INFO] IPUIPlugin:80 - create IPUIPlugin
2024-08-28 01:06:50,144 [INFO] PluginManager:220 - loadIPPluginJar : add usbx
2024-08-28 01:06:50,260 [INFO] CADModel:165 - CPN selected for project level
2024-08-28 01:06:50,260 [INFO] CADModel:114 - Register for checkConnection events
2024-08-28 01:06:50,260 [FATAL] Updater:334 - Updater called before beeing initialized
2024-08-28 01:06:50,260 [ERROR] CADModel:125 - Updater not yet initialized, retry later 
2024-08-28 01:06:50,371 [INFO] CADModel:165 - CPN selected for project level
2024-08-28 01:06:50,371 [INFO] CADModel:114 - Register for checkConnection events
2024-08-28 01:06:50,371 [FATAL] Updater:334 - Updater called before beeing initialized
2024-08-28 01:06:50,371 [ERROR] CADModel:125 - Updater not yet initialized, retry later 
2024-08-28 01:06:50,373 [FATAL] Updater:334 - Updater called before beeing initialized
2024-08-28 01:06:50,464 [FATAL] Updater:334 - Updater called before beeing initialized
2024-08-28 01:06:50,467 [INFO] DbMcusAds:53 - JSON generation date=Thu May 16 06:22:00 ART 2024 (1715851320667)
2024-08-28 01:06:50,467 [FATAL] Updater:334 - Updater called before beeing initialized
2024-08-28 01:06:50,499 [WARN] DetailPanel:346 - Failed to get advertising image, set to default
2024-08-28 01:06:50,567 [FATAL] Updater:334 - Updater called before beeing initialized
2024-08-28 01:06:50,568 [FATAL] Updater:334 - Updater called before beeing initialized
2024-08-28 01:06:50,569 [FATAL] Updater:334 - Updater called before beeing initialized
2024-08-28 01:06:50,569 [WARN] DetailPanel:346 - Failed to get advertising image, set to default
2024-08-28 01:06:50,570 [FATAL] Updater:334 - Updater called before beeing initialized
2024-08-28 01:06:50,620 [ERROR] Updater:1164 - MainUpdater not yet initialized. External WinMGr cannot be set.
2024-08-28 01:06:50,630 [INFO] Updater:1100 - Updater Version found : 6.12.0
2024-08-28 01:06:50,647 [INFO] ApplicationProperties:184 - Using Application install path: C:\ST\STM32CubeIDE_1.16.0\STM32CubeIDE\plugins\com.st.stm32cube.common.mx_6.12.0.202406281431
2024-08-28 01:06:50,921 [INFO] MainUpdater:2873 - connection check result : 10
2024-08-28 01:06:50,922 [INFO] MainUpdater:290 - Updater Check For Update Now.
2024-08-28 01:06:50,922 [INFO] MicroXplorer:498 - Change Database Version : DB.6.0.120
2024-08-28 01:06:50,936 [INFO] McuFinderGlobals:63 - Set McuFinder mode to 2 (CubeIDE integrated)
2024-08-28 01:06:50,937 [INFO] UserAuth:417 - Internet connection configuration mode: 1
2024-08-28 01:06:50,960 [INFO] JxBrowserEngine:152 - Initiate JxBrowser Engine with user profile folder
2024-08-28 01:06:51,108 [INFO] CheckServerUpdateThread:120 - End of CheckServer Thread
2024-08-28 01:06:51,263 [WARN] PackLoader:240 - Cannot read IP mode file for STMicroelectronics.FP-SNS-MOTENVWB1.1.4.0
2024-08-28 01:06:51,272 [WARN] PackLoader:240 - Cannot read IP mode file for STMicroelectronics.X-CUBE-SMBUS.2.1.0
2024-08-28 01:06:51,277 [WARN] PackLoader:240 - Cannot read IP mode file for STMicroelectronics.FP-SNS-FLIGHT1.5.0.2
2024-08-28 01:06:51,286 [WARN] PackLoader:240 - Cannot read IP mode file for STMicroelectronics.X-CUBE-DISPLAY.3.0.0
2024-08-28 01:06:51,298 [WARN] PackLoader:240 - Cannot read IP mode file for STMicroelectronics.X-CUBE-BLE1.7.0.0
2024-08-28 01:06:51,309 [WARN] PackLoader:240 - Cannot read IP mode file for STMicroelectronics.X-CUBE-BLEMGR.3.1.0
2024-08-28 01:06:51,318 [WARN] PackLoader:240 - Cannot read IP mode file for STMicroelectronics.FP-SNS-SMARTAG2.1.2.0
2024-08-28 01:06:51,322 [WARN] PackLoader:240 - Cannot read IP mode file for STMicroelectronics.FP-SNS-MOTENV1.5.0.0
2024-08-28 01:06:51,328 [WARN] PackLoader:240 - Cannot read IP mode file for STMicroelectronics.X-CUBE-BLE2.3.3.0
2024-08-28 01:06:51,334 [WARN] PackLoader:240 - Cannot read IP mode file for STMicroelectronics.X-CUBE-TCPP.4.1.0
2024-08-28 01:06:51,343 [WARN] PackLoader:240 - Cannot read IP mode file for STMicroelectronics.X-CUBE-SAFEA1.1.2.2
2024-08-28 01:06:51,356 [WARN] PackLoader:240 - Cannot read IP mode file for STMicroelectronics.X-CUBE-NFC4.3.0.0
2024-08-28 01:06:51,361 [WARN] PackLoader:240 - Cannot read IP mode file for STMicroelectronics.FP-ATR-SIGFOX1.3.2.0
2024-08-28 01:06:51,367 [WARN] PackLoader:240 - Cannot read IP mode file for STMicroelectronics.X-CUBE-EEPRMA1.5.1.0
2024-08-28 01:06:51,375 [WARN] PackLoader:240 - Cannot read IP mode file for STMicroelectronics.X-CUBE-GNSS1.6.0.0
2024-08-28 01:06:51,381 [WARN] PackLoader:240 - Cannot read IP mode file for STMicroelectronics.X-CUBE-FREERTOS.1.2.0
2024-08-28 01:06:51,393 [WARN] PackLoader:240 - Cannot read IP mode file for STMicroelectronics.X-CUBE-NFC6.3.1.0
2024-08-28 01:06:51,399 [WARN] PackLoader:240 - Cannot read IP mode file for STMicroelectronics.X-CUBE-AI.9.0.0
2024-08-28 01:06:51,404 [WARN] PackLoader:240 - Cannot read IP mode file for STMicroelectronics.X-CUBE-NFC7.1.0.1
2024-08-28 01:06:51,411 [WARN] PackLoader:240 - Cannot read IP mode file for STMicroelectronics.X-CUBE-SFXS2LP1.4.0.0
2024-08-28 01:06:51,439 [WARN] PackLoader:240 - Cannot read IP mode file for STMicroelectronics.X-CUBE-SUBG2.5.0.0
2024-08-28 01:06:51,467 [WARN] PackLoader:240 - Cannot read IP mode file for STMicroelectronics.X-CUBE-ISPU.2.0.0
2024-08-28 01:06:51,471 [WARN] PackLoader:240 - Cannot read IP mode file for STMicroelectronics.X-CUBE-ALS.1.0.2
2024-08-28 01:06:51,513 [WARN] PackLoader:240 - Cannot read IP mode file for STMicroelectronics.X-CUBE-MEMS1.10.0.0
2024-08-28 01:06:51,641 [WARN] PackLoader:240 - Cannot read IP mode file for STMicroelectronics.FP-ATR-ASTRA1.2.0.0
2024-08-28 01:06:51,641 [INFO] ThirdParty:978 - Integrity check success = true
2024-08-28 01:06:51,641 [INFO] IntegrityCheckThread:100 - exiting critical section [integrity check]
2024-08-28 01:06:51,641 [INFO] IntegrityCheckThread:103 - End integrity checks thread
2024-08-28 01:06:53,487 [INFO] WebApp:167 - Instantiating new browser for Auth
2024-08-28 01:06:54,067 [INFO] WebApp:448 - Apply proxy settings
2024-08-28 01:06:54,067 [INFO] WebApp:533 - Chromium requires no authentication
2024-08-28 01:06:54,074 [INFO] WebApp:476 - Direct internet connection detected
2024-08-28 01:06:54,094 [INFO] WebApp:869 - Register for checkConnection events
2024-08-28 01:06:54,094 [INFO] WebApp:448 - Apply proxy settings
2024-08-28 01:06:54,094 [INFO] WebApp:533 - Chromium requires no authentication
2024-08-28 01:06:54,095 [INFO] WebApp:476 - Direct internet connection detected
2024-08-28 01:06:54,233 [INFO] WebApp:220 - Starting web application
2024-08-28 01:06:54,233 [INFO] WebApp:578 - Web application path used C:\ST\STM32CubeIDE_1.16.0\STM32CubeIDE\plugins\com.st.stm32cube.common.mx_6.12.0.202406281431\db\plugins\mcufinder\reactClient1\index.html
2024-08-28 01:06:54,363 [INFO] UserAuth:417 - Internet connection configuration mode: 1
2024-08-28 01:06:54,369 [INFO] WebApp:186 - Connection restablished
2024-08-28 01:48:42,478 [INFO] McuFinderGlobals:63 - Set McuFinder mode to 2 (CubeIDE integrated)
2024-08-28 01:48:42,501 [INFO] MainUpdater:2873 - connection check result : 10
2024-08-28 01:48:42,507 [INFO] MainUpdater:2873 - connection check result : 10
2024-08-28 01:48:42,651 [INFO] RulesReader:64 - Compatibility file has been processed (297 Rules)
2024-08-28 01:48:42,659 [INFO] RulesReader:64 - Compatibility file has been processed (297 Rules)
2024-08-28 01:48:42,664 [INFO] MicroXplorer:468 - Change Database Path : 
2024-08-28 01:48:42,664 [INFO] MicroXplorer:498 - Change Database Version : DB.6.0.120
2024-08-28 01:48:42,678 [WARN] ThirdParty:871 - waiting for thirdparty lock release [close project]
2024-08-28 01:48:42,678 [INFO] ThirdParty:873 - entering critical section [close project]
2024-08-28 01:48:42,679 [INFO] ThirdParty:883 - exiting critical section [close project]
2024-08-28 01:48:42,680 [INFO] PinOutPanel:1561 - setPackage(No Configuration,No Configuration)
2024-08-28 01:48:42,684 [INFO] UtilMem:75 - Begin LoadConfig() Used Memory: 672343696 Bytes (888143872)
2024-08-28 01:48:42,685 [INFO] MicroXplorer:468 - Change Database Path : 
2024-08-28 01:48:42,685 [INFO] MicroXplorer:498 - Change Database Version : DB.6.0.120
2024-08-28 01:48:42,685 [INFO] OpenFileManager:332 - Change cursor
2024-08-28 01:48:42,709 [INFO] Mcu:2032 - Initializing MCU STM32F103C(8-B)Tx STM32F103C8Tx STM32F103C8T6
2024-08-28 01:48:43,568 [INFO] Context:742 - Trying to add GPIOservice into a context  which must be forbidden
2024-08-28 01:48:43,823 [WARN] ModelIntegratedComponent:63 - No mode defined for component null
2024-08-28 01:48:43,823 [WARN] ModelIntegratedComponent:63 - No mode defined for component null
2024-08-28 01:48:43,823 [WARN] ModelIntegratedComponent:63 - No mode defined for component null
2024-08-28 01:48:43,823 [WARN] ModelIntegratedComponent:63 - No mode defined for component null
2024-08-28 01:48:43,823 [WARN] ModelIntegratedComponent:63 - No mode defined for component null
2024-08-28 01:48:43,823 [WARN] ModelIntegratedComponent:63 - No mode defined for component null
2024-08-28 01:48:43,823 [WARN] ModelIntegratedComponent:63 - No mode defined for component null
2024-08-28 01:48:43,823 [WARN] ModelIntegratedComponent:63 - No mode defined for component null
2024-08-28 01:48:43,823 [WARN] ModelIntegratedComponent:63 - No mode defined for component null
2024-08-28 01:48:43,823 [WARN] ModelIntegratedComponent:63 - No mode defined for component null
2024-08-28 01:48:43,823 [WARN] ModelIntegratedComponent:63 - No mode defined for component null
2024-08-28 01:48:43,823 [WARN] ModelIntegratedComponent:63 - No mode defined for component null
2024-08-28 01:48:43,824 [WARN] ModelIntegratedComponent:63 - No mode defined for component null
2024-08-28 01:48:43,824 [WARN] ModelIntegratedComponent:63 - No mode defined for component null
2024-08-28 01:48:43,824 [WARN] ModelIntegratedComponent:63 - No mode defined for component null
2024-08-28 01:48:43,824 [WARN] ModelIntegratedComponent:63 - No mode defined for component null
2024-08-28 01:48:43,824 [WARN] ModelIntegratedComponent:63 - No mode defined for component null
2024-08-28 01:48:43,824 [WARN] ModelIntegratedComponent:63 - No mode defined for component null
2024-08-28 01:48:43,824 [WARN] ModelIntegratedComponent:63 - No mode defined for component null
2024-08-28 01:48:43,824 [WARN] ModelIntegratedComponent:63 - No mode defined for component null
2024-08-28 01:48:43,824 [WARN] ModelIntegratedComponent:63 - No mode defined for component null
2024-08-28 01:48:43,824 [WARN] ModelIntegratedComponent:63 - No mode defined for component null
2024-08-28 01:48:43,824 [WARN] ModelIntegratedComponent:63 - No mode defined for component null
2024-08-28 01:48:43,824 [WARN] ModelIntegratedComponent:63 - No mode defined for component null
2024-08-28 01:48:43,824 [WARN] ModelIntegratedComponent:63 - No mode defined for component null
2024-08-28 01:48:43,824 [WARN] ModelIntegratedComponent:63 - No mode defined for component null
2024-08-28 01:48:43,824 [WARN] ModelIntegratedComponent:63 - No mode defined for component null
2024-08-28 01:48:43,824 [WARN] ModelIntegratedComponent:63 - No mode defined for component null
2024-08-28 01:48:43,824 [WARN] ModelIntegratedComponent:63 - No mode defined for component null
2024-08-28 01:48:43,824 [WARN] ModelIntegratedComponent:63 - No mode defined for component null
2024-08-28 01:48:43,825 [WARN] ModelIntegratedComponent:63 - No mode defined for component null
2024-08-28 01:48:43,825 [WARN] ModelIntegratedComponent:63 - No mode defined for component null
2024-08-28 01:48:43,825 [WARN] ModelIntegratedComponent:63 - No mode defined for component null
2024-08-28 01:48:43,825 [WARN] ModelIntegratedComponent:63 - No mode defined for component null
2024-08-28 01:48:43,825 [WARN] ModelIntegratedComponent:63 - No mode defined for component null
2024-08-28 01:48:43,825 [WARN] ModelPack:524 - Component already loaded: STMicroelectronics:HAL Drivers:0.0.0:STMicroelectronics:Device:STMicro_Driver:XSPI:HAL::0.0.1:HAL_XSPI
2024-08-28 01:48:43,896 [INFO] RtosManager:555 - Registered RTOS mode: class=CMSIS, group=RTOS, mode=CMSIS_V1, owner=FREERTOS
2024-08-28 01:48:43,896 [INFO] RtosManager:555 - Registered RTOS mode: class=CMSIS, group=RTOS2, mode=CMSIS_V2, owner=FREERTOS
2024-08-28 01:48:43,896 [INFO] RtosManager:555 - Registered RTOS mode: class=RTOS, group=Core, mode=CMSIS_V1, owner=FREERTOS
2024-08-28 01:48:43,896 [INFO] RtosManager:555 - Registered RTOS mode: class=RTOS, group=Core, mode=CMSIS_V2, owner=FREERTOS
2024-08-28 01:48:43,897 [WARN] ModelIntegratedComponent:184 - Missing modes for component STMicroelectronics:FreeRTOS:0.0.1:STMicroelectronics:RTOS:FreeRTOS:Core:::10.2.0:
2024-08-28 01:48:43,906 [INFO] ThirdPartyModel:298 - Start build external matchings
2024-08-28 01:48:43,961 [INFO] ThirdPartyModel:316 - End build external matchings
2024-08-28 01:48:43,972 [INFO] ImportTextPane:205 - (OptionalMessage_ERROR) IP (RCC) : Parameter (ADCFreqValue) has invalid value (36000000)
2024-08-28 01:48:43,972 [INFO] ImportTextPane:205 - (OptionalMessage_ERROR) IP (RCC) : Invalid parameter (FamilyName)
2024-08-28 01:48:43,973 [INFO] ImportTextPane:205 - (OptionalMessage_ERROR) IP (RCC) : Parameter (MCOFreq_Value) has invalid value (72000000)
2024-08-28 01:48:43,973 [INFO] ImportTextPane:205 - (OptionalMessage_ERROR) IP (RCC) : Parameter (USBFreq_Value) has invalid value (72000000)
2024-08-28 01:48:44,166 [INFO] ApiDb:581 - Connected to CubeFinder SQLite database (C:\Users\Juan\.stmcufinder\plugins\mcufinder\mcu\cube-finder-db.db)
2024-08-28 01:48:44,237 [INFO] ApiDb:668 - CubeFinder database Data Model version=2.1
2024-08-28 01:48:44,237 [INFO] ApiDb:669 - CubeFinder database Configuration version=3.0.39
2024-08-28 01:48:44,238 [INFO] ApiDb:670 - CubeFinder database generation date=2024-08-06 (1722941618)
2024-08-28 01:48:44,238 [INFO] ApiDb:671 - CubeFinder database FW Pack versions=[FP-ATR-ASTRA1_V2.0.0, FP-SNS-FLIGHT1_V5.0.2, FP-SNS-MOTENV1_V5.0.0, FP-SNS-MOTENVWB1_V1.4.0, FP-SNS-SMARTAG2_V1.2.0, FP-SNS-STBOX1_V2.0.0, STM32Cube_FW_C0_V1.2.0, STM32Cube_FW_F4_V1.28.0, STM32Cube_FW_F7_V1.17.2, STM32Cube_FW_G0_V1.6.2, STM32Cube_FW_G4_V1.6.0, STM32Cube_FW_H5_V1.3.0, STM32Cube_FW_H7RS_V1.1.0, STM32Cube_FW_H7_V1.11.2, STM32Cube_FW_L0_V1.12.2, STM32Cube_FW_L5_V1.5.1, STM32Cube_FW_U0_V1.1.0, STM32Cube_FW_U5_V1.6.0, STM32Cube_FW_WB0_V1.0.0, STM32Cube_FW_WBA_V1.4.1, STM32Cube_FW_WB_V1.20.0, STM32Cube_FW_WL_V1.3.0, X-CUBE-ALGOBUILD_V1.4.0, X-CUBE-ALS_V1.0.2, X-CUBE-AZRTOS-F4_V1.1.0, X-CUBE-AZRTOS-F7_V1.1.0, X-CUBE-AZRTOS-G0_V1.1.0, X-CUBE-AZRTOS-G4_V2.0.0, X-CUBE-AZRTOS-H7RS_V1.0.0, X-CUBE-AZRTOS-H7_V3.2.0, X-CUBE-AZRTOS-L4_V2.0.0, X-CUBE-AZRTOS-L5_V1.1.0, X-CUBE-AZRTOS-WB_V2.0.0, X-CUBE-AZRTOS-WL_V2.0.0, X-CUBE-BLE1_V7.0.0, X-CUBE-BLE2_V3.3.0, X-CUBE-BLEMGR_V3.1.0, X-CUBE-EEPRMA1_V5.1.0, X-CUBE-FREERTOS_V1.2.0, X-CUBE-GNSS1_V6.0.0, X-CUBE-MEMS1_V10.0.0, X-CUBE-NFC4_V3.0.0, X-CUBE-NFC7_V1.0.1, X-CUBE-SFXS2LP1_V4.0.0, X-CUBE-SUBG2_V5.0.0, X-CUBE-TOF1_V3.4.2]
2024-08-28 01:48:44,347 [INFO] DbBoardsSqlite:226 - include board P-NUCLEO-WB55-NUCLEO as a kit item of type 'Nucleo-64'
2024-08-28 01:48:44,347 [INFO] DbBoardsSqlite:226 - include board P-NUCLEO-WB55-USBDONGLE as a kit item of type 'Nucleo USB Dongle'
2024-08-28 01:48:44,348 [INFO] DbBoardsSqlite:226 - include board STEVAL-IDP005V1 as a kit item of type 'Evaluation Board'
2024-08-28 01:48:44,348 [INFO] DbBoardsSqlite:226 - include board STEVAL-IDP005V2 as a kit item of type 'Evaluation Board'
2024-08-28 01:48:44,653 [INFO] ApiDb:240 - Found 646 in-development CPN: [B-G473E-ZEST1S, B-WB1M-WPAN1, B-WL5M-SUBG1, NUCLEO-C031C6, NUCLEO-C071RB, NUCLEO-H503RB, NUCLEO-H533RE, NUCLEO-H563ZI, NUCLEO-H7S3L8, NUCLEO-U031R8, NUCLEO-U083RC, NUCLEO-U545RE-Q, NUCLEO-U5A5ZJ-Q, NUCLEO-WB05KZ, NUCLEO-WB07CC, NUCLEO-WB09KE, NUCLEO-WBA52CG, NUCLEO-WBA55CG, STEVAL-PROTEUS1, STEVAL-SMARTAG2, STEVAL-STWINBX1, STM320518-EVAL, STM32C0116-DK, STM32C011D6Y3TR, STM32C011D6Y6TR, STM32C011F4P3, STM32C011F4P6, STM32C011F4U3, STM32C011F4U6TR, STM32C011F6P3, STM32C011F6P6, STM32C011F6U3, STM32C011F6U6TR, STM32C011J4M3, STM32C011J4M6, STM32C011J6M3, STM32C011J6M6, STM32C0316-DK, STM32C031C4T3, STM32C031C4T6, STM32C031C4U3, STM32C031C4U6, STM32C031C6T3, STM32C031C6T6, STM32C031C6U3, STM32C031C6U6, STM32C031F4P3, STM32C031F4P6, STM32C031F6P3, STM32C031F6P6, STM32C031G4U3, STM32C031G4U6, STM32C031G6U3, STM32C031G6U6, STM32C031K4T3, STM32C031K4T6, STM32C031K4U3, STM32C031K4U6, STM32C031K6T3, STM32C031K6T6, STM32C031K6U3, STM32C031K6U6, STM32C071C8T6, STM32C071C8T6N, STM32C071C8U6, STM32C071C8U6N, STM32C071CBT6, STM32C071CBT6N, STM32C071CBU6, STM32C071CBU6N, STM32C071F8P6, STM32C071F8P6N, STM32C071FBP6, STM32C071FBP6N, STM32C071FBY6TR, STM32C071G8U6, STM32C071G8U6N, STM32C071GBU6, STM32C071GBU6N, STM32C071K8T6, STM32C071K8T6N, STM32C071K8U6, STM32C071K8U6N, STM32C071KBT6, STM32C071KBT6N, STM32C071KBU6, STM32C071KBU6N, STM32C071R8T6, STM32C071R8T6N, STM32C071RBI6N, STM32C071RBT6, STM32C071RBT6N, STM32G071K8TXN, STM32G071K8UXN, STM32G081GBU6N, STM32G081KBT6N, STM32G081KBUXN, STM32G0B1CCT6N, STM32G0B1KCT6, STM32G0B1NEY6TR, STM32G0B1RCT6N, STM32G0C1CCT6, STM32G0C1CCT6N, STM32G0C1CCU6N, STM32G0C1CET6N, STM32G0C1CEU6N, STM32G0C1KCT6, STM32G0C1NEY6TR, STM32G0C1RCI6N, STM32G0C1RCT6N, STM32G0C1REI6N, STM32G0C1RET6N, STM32G0C1VCI6, STM32G0C1VEI6, STM32G411C6T3, STM32G411C6T6, STM32G411C6U3, STM32G411C6U6, STM32G411C8T3, STM32G411C8T6, STM32G411C8U3, STM32G411C8U6, STM32G411CBT3, STM32G411CBT6, STM32G411CBU3, STM32G411CBU6, STM32G411K6T3, STM32G411K6T6, STM32G411K6U3, STM32G411K6U6, STM32G411K8T3, STM32G411K8T6, STM32G411K8U3, STM32G411K8U6, STM32G411KBT3, STM32G411KBT6, STM32G411KBU3, STM32G411KBU6, STM32G411M6T3, STM32G411M6T6, STM32G411M8T3, STM32G411M8T6, STM32G411MBT3, STM32G411MBT6, STM32G411R6T3, STM32G411R6T6, STM32G411R8T3, STM32G411R8T6, STM32G411RBT3, STM32G411RBT6, STM32G414CBT3, STM32G414CBT6, STM32G414CBU3, STM32G414CBU6, STM32G414CCT3, STM32G414CCT6, STM32G414CCU3, STM32G414CCU6, STM32G414MBT3, STM32G414MBT6, STM32G414MCT3, STM32G414MCT6, STM32G414RBT3, STM32G414RBT6, STM32G414RCT3, STM32G414RCT6, STM32G414VBT3, STM32G414VBT6, STM32G414VCT3, STM32G414VCT6, STM32G431CBT3Z, STM32G431RBT3Z, STM32G471CCT6, STM32G471CCU6, STM32G471CET3, STM32G471CET6, STM32G471CEU3, STM32G471CEU6, STM32G471MCT6, STM32G471MET3, STM32G471MET6, STM32G471MEY6TR, STM32G471QCT6, STM32G471QET3, STM32G471RCT6, STM32G471RET3, STM32G471RET6, STM32G471VCH6, STM32G471VCI6, STM32G471VCT6, STM32G471VEH3, STM32G471VEH6, STM32G471VEI3, STM32G471VEI6, STM32G471VET3, STM32G471VET6, STM32G473QET3Z, STM32G473RET3Z, STM32G474CCT6, STM32G491RET3Z, STM32H503CBT6, STM32H503CBU6, STM32H503EBY6TR, STM32H503KBU6, STM32H503RBT6, STM32H523CCT6, STM32H523CCU6, STM32H523CET6, STM32H523CEU6, STM32H523HEY6TR, STM32H523RCT6, STM32H523RET6, STM32H523VCI6, STM32H523VCT6, STM32H523VEI6, STM32H523VET6, STM32H523ZCJ6, STM32H523ZCT6, STM32H523ZEJ6, STM32H523ZET6, STM32H533CET6, STM32H533CEU6, STM32H533HEY6TR, STM32H533RET6, STM32H533VEI6, STM32H533VET6, STM32H533ZEJ6, STM32H533ZET6, STM32H562AGI6, STM32H562AII6, STM32H562IGK6, STM32H562IGT6, STM32H562IIK6, STM32H562IIT6, STM32H562RGT6, STM32H562RGV6, STM32H562RIT6, STM32H562RIV6, STM32H562VGT6, STM32H562VIT6, STM32H562ZGT6, STM32H562ZIT6, STM32H563AGI6, STM32H563AII3Q, STM32H563AII6, STM32H563IGK6, STM32H563IGT6, STM32H563IIK3Q, STM32H563IIK6, STM32H563IIT3Q, STM32H563IIT6, STM32H563MIY3QTR, STM32H563RGT6, STM32H563RGV6, STM32H563RIT6, STM32H563RIV6, STM32H563VGT6, STM32H563VIT3Q, STM32H563VIT6, STM32H563ZGT6, STM32H563ZIT3Q, STM32H563ZIT6, STM32H573AII3Q, STM32H573AII6, STM32H573I-DK, STM32H573IIK3Q, STM32H573IIK6, STM32H573IIT3Q, STM32H573IIT6, STM32H573MIY3QTR, STM32H573RIT6, STM32H573RIV6, STM32H573VIT3Q, STM32H573VIT6, STM32H573ZIT3Q, STM32H573ZIT6, STM32H7R3A8I6, STM32H7R3I8K6, STM32H7R3I8T6, STM32H7R3L8H6, STM32H7R3L8H6H, STM32H7R3R8V6, STM32H7R3V8H6, STM32H7R3V8T6, STM32H7R3V8Y6TR, STM32H7R3Z8J6, STM32H7R3Z8T6, STM32H7R7A8I6, STM32H7R7I8K6, STM32H7R7I8T6, STM32H7R7L8H6, STM32H7R7L8H6H, STM32H7R7Z8J6, STM32H7S3A8I6, STM32H7S3I8K6, STM32H7S3I8T6, STM32H7S3L8H6, STM32H7S3L8H6H, STM32H7S3R8V6, STM32H7S3V8H6, STM32H7S3V8T6, STM32H7S3V8Y6TR, STM32H7S3Z8J6, STM32H7S3Z8T6, STM32H7S78-DK, STM32H7S7A8I6, STM32H7S7I8K6, STM32H7S7I8T6, STM32H7S7L8H6, STM32H7S7L8H6H, STM32H7S7Z8J6, STM32L4R5QGI6STR, STM32MP131AAE3, STM32MP131AAF3, STM32MP131AAG3, STM32MP131CAE3, STM32MP131CAF3, STM32MP131CAG3, STM32MP131DAE7, STM32MP131DAF7, STM32MP131DAG7, STM32MP131FAE7, STM32MP131FAF7, STM32MP131FAG7, STM32MP133AAE3, STM32MP133AAF3, STM32MP133AAG3, STM32MP133CAE3, STM32MP133CAF3, STM32MP133CAG3, STM32MP133DAE7, STM32MP133DAF7, STM32MP133DAG7, STM32MP133FAE7, STM32MP133FAF7, STM32MP133FAG7, STM32MP135AAE3, STM32MP135AAF3, STM32MP135AAG3, STM32MP135CAE3, STM32MP135CAF3, STM32MP135CAG3, STM32MP135DAE7, STM32MP135DAF7, STM32MP135DAG7, STM32MP135F-DK, STM32MP135FAE7, STM32MP135FAF7, STM32MP135FAF7T, STM32MP135FAF7U, STM32MP135FAG7, STM32MP251AAI3, STM32MP251AAK3, STM32MP251AAL3, STM32MP251CAI3, STM32MP251CAK3, STM32MP251CAL3, STM32MP251DAI3, STM32MP251DAK3, STM32MP251DAL3, STM32MP251FAI3, STM32MP251FAK3, STM32MP251FAL3, STM32MP253AAI3, STM32MP253AAK3, STM32MP253AAL3, STM32MP253CAI3, STM32MP253CAK3, STM32MP253CAL3, STM32MP253DAI3, STM32MP253DAK3, STM32MP253DAL3, STM32MP253FAI3, STM32MP253FAK3, STM32MP253FAL3, STM32MP255AAI3, STM32MP255AAK3, STM32MP255AAL3, STM32MP255CAI3, STM32MP255CAK3, STM32MP255CAL3, STM32MP255DAI3, STM32MP255DAK3, STM32MP255DAL3, STM32MP255FAI3, STM32MP255FAK3, STM32MP255FAL3, STM32MP257AAI3, STM32MP257AAK3, STM32MP257AAL3, STM32MP257CAI3, STM32MP257CAK3, STM32MP257CAL3, STM32MP257DAI3, STM32MP257DAK3, STM32MP257DAL3, STM32MP257F-DK, STM32MP257F-EV1, STM32MP257FAI3, STM32MP257FAK3, STM32MP257FAL3, STM32U031C6T6, STM32U031C6U6, STM32U031C8T6, STM32U031C8U6, STM32U031F4P6, STM32U031F6P6, STM32U031F8P6, STM32U031G6Y6TR, STM32U031G8Y6TR, STM32U031K4U6, STM32U031K6U6, STM32U031K8U6, STM32U031R6I6, STM32U031R6T6, STM32U031R8I6, STM32U031R8T6, STM32U073C8T6, STM32U073C8U6, STM32U073CBT6, STM32U073CBU6, STM32U073CCT6, STM32U073CCU6, STM32U073H8Y6TR, STM32U073HBY6TR, STM32U073HCY6TR, STM32U073K8U6, STM32U073KBU6, STM32U073KCU6, STM32U073M8I6, STM32U073M8T6, STM32U073MBI6, STM32U073MBT6, STM32U073MCI6, STM32U073MCT6, STM32U073R8I6, STM32U073R8T6, STM32U073RBI6, STM32U073RBT6, STM32U073RCI6, STM32U073RCT6, STM32U083C-DK, STM32U083CCT6, STM32U083CCU6, STM32U083HCY6TR, STM32U083KCU6, STM32U083MCI6, STM32U083MCT6, STM32U083RCI6, STM32U083RCT6, STM32U535CBT6, STM32U535CBT6Q, STM32U535CBU6, STM32U535CBU6Q, STM32U535CCT6, STM32U535CCT6Q, STM32U535CCU6, STM32U535CCU6Q, STM32U535CET6, STM32U535CET6Q, STM32U535CEU6, STM32U535CEU6Q, STM32U535JEY6QTR, STM32U535NCY6QTR, STM32U535NEY6QTR, STM32U535RBI6, STM32U535RBI6Q, STM32U535RBT6, STM32U535RBT6Q, STM32U535RCI6, STM32U535RCI6Q, STM32U535RCT6, STM32U535RCT6Q, STM32U535REI6, STM32U535REI6Q, STM32U535RET6, STM32U535RET6Q, STM32U535VCI6, STM32U535VCI6Q, STM32U535VCT6, STM32U535VCT6Q, STM32U535VEI6, STM32U535VEI6Q, STM32U535VET6, STM32U535VET6Q, STM32U545CET6, STM32U545CET6Q, STM32U545CEU6, STM32U545CEU6Q, STM32U545JEY6QTR, STM32U545NEY6QTR, STM32U545REI6, STM32U545REI6Q, STM32U545RET6, STM32U545RET6Q, STM32U545VEI6, STM32U545VEI6Q, STM32U545VET6, STM32U545VET6Q, STM32U595AIH6, STM32U595AIH6Q, STM32U595AJH6, STM32U595AJH6Q, STM32U595QII6, STM32U595QII6Q, STM32U595QJI6, STM32U595QJI6Q, STM32U595RIT6, STM32U595RIT6Q, STM32U595RJT6, STM32U595RJT6Q, STM32U595VIT6, STM32U595VIT6Q, STM32U595VJT6, STM32U595VJT6Q, STM32U595ZIT6, STM32U595ZIT6Q, STM32U595ZIY6QTR, STM32U595ZJT6, STM32U595ZJT6Q, STM32U595ZJY6QTR, STM32U599BJY6QTR, STM32U599NIH6Q, STM32U599NJH6Q, STM32U599VIT6Q, STM32U599VJT6, STM32U599VJT6Q, STM32U599ZIT6Q, STM32U599ZIY6QTR, STM32U599ZJT6Q, STM32U599ZJY6QTR, STM32U5A5AJH6, STM32U5A5AJH6Q, STM32U5A5QII3Q , STM32U5A5QJI6, STM32U5A5QJI6Q, STM32U5A5RJT6, STM32U5A5RJT6Q, STM32U5A5VJT6, STM32U5A5VJT6Q, STM32U5A5ZJT6, STM32U5A5ZJT6Q, STM32U5A5ZJY6QTR, STM32U5A9BJY6QTR, STM32U5A9J-DK, STM32U5A9NJH6Q, STM32U5A9VJT6Q, STM32U5A9ZJT6Q, STM32U5A9ZJY6QTR, STM32U5F7VIT6, STM32U5F7VIT6Q, STM32U5F7VJT6, STM32U5F7VJT6Q, STM32U5F9BJY6QTR, STM32U5F9NJH6Q, STM32U5F9VIT6Q, STM32U5F9VJT6Q, STM32U5F9ZIJ6QTR, STM32U5F9ZIT6Q, STM32U5F9ZJJ6QTR, STM32U5F9ZJT6Q, STM32U5G7VJT6, STM32U5G7VJT6Q, STM32U5G9BJY6QTR, STM32U5G9J-DK1, STM32U5G9J-DK2, STM32U5G9NJH6Q, STM32U5G9VJT6Q, STM32U5G9ZJJ6QTR, STM32U5G9ZJT6Q, STM32WB05KZV6TR, STM32WB05KZV7TR, STM32WB05TZF6TR, STM32WB05TZF7TR, STM32WB06CCF6TR, STM32WB06CCF7TR, STM32WB06CCV6TR, STM32WB06CCV7TR, STM32WB06KCV6TR, STM32WB06KCV7TR, STM32WB07CCF6TR, STM32WB07CCF7TR, STM32WB07CCV6TR, STM32WB07CCV7TR, STM32WB07KCV6TR, STM32WB07KCV7TR, STM32WB09KEV6TR, STM32WB09KEV7TR, STM32WB09TEF6TR, STM32WB09TEF7TR, STM32WB1MMCH6, STM32WBA50KGU6, STM32WBA50KGU6TR, STM32WBA52CEU6, STM32WBA52CEU6TR, STM32WBA52CEU7, STM32WBA52CEU7TR, STM32WBA52CGU6, STM32WBA52CGU6TR, STM32WBA52CGU6U, STM32WBA52CGU7, STM32WBA52CGU7TR, STM32WBA52KEU6, STM32WBA52KEU6TR, STM32WBA52KGU6, STM32WBA52KGU6TR, STM32WBA54CEU6, STM32WBA54CEU6TR, STM32WBA54CEU7, STM32WBA54CEU7TR, STM32WBA54CGU6, STM32WBA54CGU6TR, STM32WBA54CGU7, STM32WBA54CGU7TR, STM32WBA54KEU6, STM32WBA54KEU6TR, STM32WBA54KEU7, STM32WBA54KEU7TR, STM32WBA54KGU6, STM32WBA54KGU6TR, STM32WBA54KGU7, STM32WBA54KGU7TR, STM32WBA55CEU6, STM32WBA55CEU6TR, STM32WBA55CEU7, STM32WBA55CEU7TR, STM32WBA55CGU6, STM32WBA55CGU6TR, STM32WBA55CGU6U, STM32WBA55CGU7, STM32WBA55CGU7TR, STM32WBA55G-DK1, STM32WBA55HEF6, STM32WBA55HEF7, STM32WBA55HGF6, STM32WBA55HGF7, STM32WBA55UEI6, STM32WBA55UEI6TR, STM32WBA55UEI7, STM32WBA55UEI7TR, STM32WBA55UGI6, STM32WBA55UGI6TR, STM32WBA55UGI7, STM32WBA55UGI7TR, STM32WL5MOCH6, STM32WL5MOCH6TR]
2024-08-28 01:48:44,820 [INFO] BoardInfo:889 - No configuration file found for board P-NUCLEO-WB55
2024-08-28 01:48:44,821 [INFO] DbBoards:161 - Kit is not supported: P-NUCLEO-WB55
2024-08-28 01:48:44,826 [INFO] BoardInfo:889 - No configuration file found for board STEVAL-BFA001V1B
2024-08-28 01:48:44,826 [INFO] DbBoards:161 - Kit is not supported: STEVAL-BFA001V1B
2024-08-28 01:48:44,827 [INFO] BoardInfo:889 - No configuration file found for board STEVAL-BFA001V2B
2024-08-28 01:48:44,827 [INFO] DbBoards:161 - Kit is not supported: STEVAL-BFA001V2B
2024-08-28 01:48:44,954 [INFO] DbBoards:168 - Found 201 boards, 198 are supported
2024-08-28 01:48:44,954 [INFO] DbBoards:169 - Found 201 boards, 25 of them is supported for  Bsp
2024-08-28 01:48:44,957 [INFO] ApiDb:668 - CubeFinder database Data Model version=2.1
2024-08-28 01:48:44,957 [INFO] ApiDb:669 - CubeFinder database Configuration version=3.0.39
2024-08-28 01:48:44,957 [INFO] ApiDb:670 - CubeFinder database generation date=2024-08-06 (1722941618)
2024-08-28 01:48:44,957 [INFO] ApiDb:671 - CubeFinder database FW Pack versions=[FP-ATR-ASTRA1_V2.0.0, FP-SNS-FLIGHT1_V5.0.2, FP-SNS-MOTENV1_V5.0.0, FP-SNS-MOTENVWB1_V1.4.0, FP-SNS-SMARTAG2_V1.2.0, FP-SNS-STBOX1_V2.0.0, STM32Cube_FW_C0_V1.2.0, STM32Cube_FW_F4_V1.28.0, STM32Cube_FW_F7_V1.17.2, STM32Cube_FW_G0_V1.6.2, STM32Cube_FW_G4_V1.6.0, STM32Cube_FW_H5_V1.3.0, STM32Cube_FW_H7RS_V1.1.0, STM32Cube_FW_H7_V1.11.2, STM32Cube_FW_L0_V1.12.2, STM32Cube_FW_L5_V1.5.1, STM32Cube_FW_U0_V1.1.0, STM32Cube_FW_U5_V1.6.0, STM32Cube_FW_WB0_V1.0.0, STM32Cube_FW_WBA_V1.4.1, STM32Cube_FW_WB_V1.20.0, STM32Cube_FW_WL_V1.3.0, X-CUBE-ALGOBUILD_V1.4.0, X-CUBE-ALS_V1.0.2, X-CUBE-AZRTOS-F4_V1.1.0, X-CUBE-AZRTOS-F7_V1.1.0, X-CUBE-AZRTOS-G0_V1.1.0, X-CUBE-AZRTOS-G4_V2.0.0, X-CUBE-AZRTOS-H7RS_V1.0.0, X-CUBE-AZRTOS-H7_V3.2.0, X-CUBE-AZRTOS-L4_V2.0.0, X-CUBE-AZRTOS-L5_V1.1.0, X-CUBE-AZRTOS-WB_V2.0.0, X-CUBE-AZRTOS-WL_V2.0.0, X-CUBE-BLE1_V7.0.0, X-CUBE-BLE2_V3.3.0, X-CUBE-BLEMGR_V3.1.0, X-CUBE-EEPRMA1_V5.1.0, X-CUBE-FREERTOS_V1.2.0, X-CUBE-GNSS1_V6.0.0, X-CUBE-MEMS1_V10.0.0, X-CUBE-NFC4_V3.0.0, X-CUBE-NFC7_V1.0.1, X-CUBE-SFXS2LP1_V4.0.0, X-CUBE-SUBG2_V5.0.0, X-CUBE-TOF1_V3.4.2]
2024-08-28 01:48:46,650 [INFO] ApiDb:240 - Found 646 in-development CPN: [B-G473E-ZEST1S, B-WB1M-WPAN1, B-WL5M-SUBG1, NUCLEO-C031C6, NUCLEO-C071RB, NUCLEO-H503RB, NUCLEO-H533RE, NUCLEO-H563ZI, NUCLEO-H7S3L8, NUCLEO-U031R8, NUCLEO-U083RC, NUCLEO-U545RE-Q, NUCLEO-U5A5ZJ-Q, NUCLEO-WB05KZ, NUCLEO-WB07CC, NUCLEO-WB09KE, NUCLEO-WBA52CG, NUCLEO-WBA55CG, STEVAL-PROTEUS1, STEVAL-SMARTAG2, STEVAL-STWINBX1, STM320518-EVAL, STM32C0116-DK, STM32C011D6Y3TR, STM32C011D6Y6TR, STM32C011F4P3, STM32C011F4P6, STM32C011F4U3, STM32C011F4U6TR, STM32C011F6P3, STM32C011F6P6, STM32C011F6U3, STM32C011F6U6TR, STM32C011J4M3, STM32C011J4M6, STM32C011J6M3, STM32C011J6M6, STM32C0316-DK, STM32C031C4T3, STM32C031C4T6, STM32C031C4U3, STM32C031C4U6, STM32C031C6T3, STM32C031C6T6, STM32C031C6U3, STM32C031C6U6, STM32C031F4P3, STM32C031F4P6, STM32C031F6P3, STM32C031F6P6, STM32C031G4U3, STM32C031G4U6, STM32C031G6U3, STM32C031G6U6, STM32C031K4T3, STM32C031K4T6, STM32C031K4U3, STM32C031K4U6, STM32C031K6T3, STM32C031K6T6, STM32C031K6U3, STM32C031K6U6, STM32C071C8T6, STM32C071C8T6N, STM32C071C8U6, STM32C071C8U6N, STM32C071CBT6, STM32C071CBT6N, STM32C071CBU6, STM32C071CBU6N, STM32C071F8P6, STM32C071F8P6N, STM32C071FBP6, STM32C071FBP6N, STM32C071FBY6TR, STM32C071G8U6, STM32C071G8U6N, STM32C071GBU6, STM32C071GBU6N, STM32C071K8T6, STM32C071K8T6N, STM32C071K8U6, STM32C071K8U6N, STM32C071KBT6, STM32C071KBT6N, STM32C071KBU6, STM32C071KBU6N, STM32C071R8T6, STM32C071R8T6N, STM32C071RBI6N, STM32C071RBT6, STM32C071RBT6N, STM32G071K8TXN, STM32G071K8UXN, STM32G081GBU6N, STM32G081KBT6N, STM32G081KBUXN, STM32G0B1CCT6N, STM32G0B1KCT6, STM32G0B1NEY6TR, STM32G0B1RCT6N, STM32G0C1CCT6, STM32G0C1CCT6N, STM32G0C1CCU6N, STM32G0C1CET6N, STM32G0C1CEU6N, STM32G0C1KCT6, STM32G0C1NEY6TR, STM32G0C1RCI6N, STM32G0C1RCT6N, STM32G0C1REI6N, STM32G0C1RET6N, STM32G0C1VCI6, STM32G0C1VEI6, STM32G411C6T3, STM32G411C6T6, STM32G411C6U3, STM32G411C6U6, STM32G411C8T3, STM32G411C8T6, STM32G411C8U3, STM32G411C8U6, STM32G411CBT3, STM32G411CBT6, STM32G411CBU3, STM32G411CBU6, STM32G411K6T3, STM32G411K6T6, STM32G411K6U3, STM32G411K6U6, STM32G411K8T3, STM32G411K8T6, STM32G411K8U3, STM32G411K8U6, STM32G411KBT3, STM32G411KBT6, STM32G411KBU3, STM32G411KBU6, STM32G411M6T3, STM32G411M6T6, STM32G411M8T3, STM32G411M8T6, STM32G411MBT3, STM32G411MBT6, STM32G411R6T3, STM32G411R6T6, STM32G411R8T3, STM32G411R8T6, STM32G411RBT3, STM32G411RBT6, STM32G414CBT3, STM32G414CBT6, STM32G414CBU3, STM32G414CBU6, STM32G414CCT3, STM32G414CCT6, STM32G414CCU3, STM32G414CCU6, STM32G414MBT3, STM32G414MBT6, STM32G414MCT3, STM32G414MCT6, STM32G414RBT3, STM32G414RBT6, STM32G414RCT3, STM32G414RCT6, STM32G414VBT3, STM32G414VBT6, STM32G414VCT3, STM32G414VCT6, STM32G431CBT3Z, STM32G431RBT3Z, STM32G471CCT6, STM32G471CCU6, STM32G471CET3, STM32G471CET6, STM32G471CEU3, STM32G471CEU6, STM32G471MCT6, STM32G471MET3, STM32G471MET6, STM32G471MEY6TR, STM32G471QCT6, STM32G471QET3, STM32G471RCT6, STM32G471RET3, STM32G471RET6, STM32G471VCH6, STM32G471VCI6, STM32G471VCT6, STM32G471VEH3, STM32G471VEH6, STM32G471VEI3, STM32G471VEI6, STM32G471VET3, STM32G471VET6, STM32G473QET3Z, STM32G473RET3Z, STM32G474CCT6, STM32G491RET3Z, STM32H503CBT6, STM32H503CBU6, STM32H503EBY6TR, STM32H503KBU6, STM32H503RBT6, STM32H523CCT6, STM32H523CCU6, STM32H523CET6, STM32H523CEU6, STM32H523HEY6TR, STM32H523RCT6, STM32H523RET6, STM32H523VCI6, STM32H523VCT6, STM32H523VEI6, STM32H523VET6, STM32H523ZCJ6, STM32H523ZCT6, STM32H523ZEJ6, STM32H523ZET6, STM32H533CET6, STM32H533CEU6, STM32H533HEY6TR, STM32H533RET6, STM32H533VEI6, STM32H533VET6, STM32H533ZEJ6, STM32H533ZET6, STM32H562AGI6, STM32H562AII6, STM32H562IGK6, STM32H562IGT6, STM32H562IIK6, STM32H562IIT6, STM32H562RGT6, STM32H562RGV6, STM32H562RIT6, STM32H562RIV6, STM32H562VGT6, STM32H562VIT6, STM32H562ZGT6, STM32H562ZIT6, STM32H563AGI6, STM32H563AII3Q, STM32H563AII6, STM32H563IGK6, STM32H563IGT6, STM32H563IIK3Q, STM32H563IIK6, STM32H563IIT3Q, STM32H563IIT6, STM32H563MIY3QTR, STM32H563RGT6, STM32H563RGV6, STM32H563RIT6, STM32H563RIV6, STM32H563VGT6, STM32H563VIT3Q, STM32H563VIT6, STM32H563ZGT6, STM32H563ZIT3Q, STM32H563ZIT6, STM32H573AII3Q, STM32H573AII6, STM32H573I-DK, STM32H573IIK3Q, STM32H573IIK6, STM32H573IIT3Q, STM32H573IIT6, STM32H573MIY3QTR, STM32H573RIT6, STM32H573RIV6, STM32H573VIT3Q, STM32H573VIT6, STM32H573ZIT3Q, STM32H573ZIT6, STM32H7R3A8I6, STM32H7R3I8K6, STM32H7R3I8T6, STM32H7R3L8H6, STM32H7R3L8H6H, STM32H7R3R8V6, STM32H7R3V8H6, STM32H7R3V8T6, STM32H7R3V8Y6TR, STM32H7R3Z8J6, STM32H7R3Z8T6, STM32H7R7A8I6, STM32H7R7I8K6, STM32H7R7I8T6, STM32H7R7L8H6, STM32H7R7L8H6H, STM32H7R7Z8J6, STM32H7S3A8I6, STM32H7S3I8K6, STM32H7S3I8T6, STM32H7S3L8H6, STM32H7S3L8H6H, STM32H7S3R8V6, STM32H7S3V8H6, STM32H7S3V8T6, STM32H7S3V8Y6TR, STM32H7S3Z8J6, STM32H7S3Z8T6, STM32H7S78-DK, STM32H7S7A8I6, STM32H7S7I8K6, STM32H7S7I8T6, STM32H7S7L8H6, STM32H7S7L8H6H, STM32H7S7Z8J6, STM32L4R5QGI6STR, STM32MP131AAE3, STM32MP131AAF3, STM32MP131AAG3, STM32MP131CAE3, STM32MP131CAF3, STM32MP131CAG3, STM32MP131DAE7, STM32MP131DAF7, STM32MP131DAG7, STM32MP131FAE7, STM32MP131FAF7, STM32MP131FAG7, STM32MP133AAE3, STM32MP133AAF3, STM32MP133AAG3, STM32MP133CAE3, STM32MP133CAF3, STM32MP133CAG3, STM32MP133DAE7, STM32MP133DAF7, STM32MP133DAG7, STM32MP133FAE7, STM32MP133FAF7, STM32MP133FAG7, STM32MP135AAE3, STM32MP135AAF3, STM32MP135AAG3, STM32MP135CAE3, STM32MP135CAF3, STM32MP135CAG3, STM32MP135DAE7, STM32MP135DAF7, STM32MP135DAG7, STM32MP135F-DK, STM32MP135FAE7, STM32MP135FAF7, STM32MP135FAF7T, STM32MP135FAF7U, STM32MP135FAG7, STM32MP251AAI3, STM32MP251AAK3, STM32MP251AAL3, STM32MP251CAI3, STM32MP251CAK3, STM32MP251CAL3, STM32MP251DAI3, STM32MP251DAK3, STM32MP251DAL3, STM32MP251FAI3, STM32MP251FAK3, STM32MP251FAL3, STM32MP253AAI3, STM32MP253AAK3, STM32MP253AAL3, STM32MP253CAI3, STM32MP253CAK3, STM32MP253CAL3, STM32MP253DAI3, STM32MP253DAK3, STM32MP253DAL3, STM32MP253FAI3, STM32MP253FAK3, STM32MP253FAL3, STM32MP255AAI3, STM32MP255AAK3, STM32MP255AAL3, STM32MP255CAI3, STM32MP255CAK3, STM32MP255CAL3, STM32MP255DAI3, STM32MP255DAK3, STM32MP255DAL3, STM32MP255FAI3, STM32MP255FAK3, STM32MP255FAL3, STM32MP257AAI3, STM32MP257AAK3, STM32MP257AAL3, STM32MP257CAI3, STM32MP257CAK3, STM32MP257CAL3, STM32MP257DAI3, STM32MP257DAK3, STM32MP257DAL3, STM32MP257F-DK, STM32MP257F-EV1, STM32MP257FAI3, STM32MP257FAK3, STM32MP257FAL3, STM32U031C6T6, STM32U031C6U6, STM32U031C8T6, STM32U031C8U6, STM32U031F4P6, STM32U031F6P6, STM32U031F8P6, STM32U031G6Y6TR, STM32U031G8Y6TR, STM32U031K4U6, STM32U031K6U6, STM32U031K8U6, STM32U031R6I6, STM32U031R6T6, STM32U031R8I6, STM32U031R8T6, STM32U073C8T6, STM32U073C8U6, STM32U073CBT6, STM32U073CBU6, STM32U073CCT6, STM32U073CCU6, STM32U073H8Y6TR, STM32U073HBY6TR, STM32U073HCY6TR, STM32U073K8U6, STM32U073KBU6, STM32U073KCU6, STM32U073M8I6, STM32U073M8T6, STM32U073MBI6, STM32U073MBT6, STM32U073MCI6, STM32U073MCT6, STM32U073R8I6, STM32U073R8T6, STM32U073RBI6, STM32U073RBT6, STM32U073RCI6, STM32U073RCT6, STM32U083C-DK, STM32U083CCT6, STM32U083CCU6, STM32U083HCY6TR, STM32U083KCU6, STM32U083MCI6, STM32U083MCT6, STM32U083RCI6, STM32U083RCT6, STM32U535CBT6, STM32U535CBT6Q, STM32U535CBU6, STM32U535CBU6Q, STM32U535CCT6, STM32U535CCT6Q, STM32U535CCU6, STM32U535CCU6Q, STM32U535CET6, STM32U535CET6Q, STM32U535CEU6, STM32U535CEU6Q, STM32U535JEY6QTR, STM32U535NCY6QTR, STM32U535NEY6QTR, STM32U535RBI6, STM32U535RBI6Q, STM32U535RBT6, STM32U535RBT6Q, STM32U535RCI6, STM32U535RCI6Q, STM32U535RCT6, STM32U535RCT6Q, STM32U535REI6, STM32U535REI6Q, STM32U535RET6, STM32U535RET6Q, STM32U535VCI6, STM32U535VCI6Q, STM32U535VCT6, STM32U535VCT6Q, STM32U535VEI6, STM32U535VEI6Q, STM32U535VET6, STM32U535VET6Q, STM32U545CET6, STM32U545CET6Q, STM32U545CEU6, STM32U545CEU6Q, STM32U545JEY6QTR, STM32U545NEY6QTR, STM32U545REI6, STM32U545REI6Q, STM32U545RET6, STM32U545RET6Q, STM32U545VEI6, STM32U545VEI6Q, STM32U545VET6, STM32U545VET6Q, STM32U595AIH6, STM32U595AIH6Q, STM32U595AJH6, STM32U595AJH6Q, STM32U595QII6, STM32U595QII6Q, STM32U595QJI6, STM32U595QJI6Q, STM32U595RIT6, STM32U595RIT6Q, STM32U595RJT6, STM32U595RJT6Q, STM32U595VIT6, STM32U595VIT6Q, STM32U595VJT6, STM32U595VJT6Q, STM32U595ZIT6, STM32U595ZIT6Q, STM32U595ZIY6QTR, STM32U595ZJT6, STM32U595ZJT6Q, STM32U595ZJY6QTR, STM32U599BJY6QTR, STM32U599NIH6Q, STM32U599NJH6Q, STM32U599VIT6Q, STM32U599VJT6, STM32U599VJT6Q, STM32U599ZIT6Q, STM32U599ZIY6QTR, STM32U599ZJT6Q, STM32U599ZJY6QTR, STM32U5A5AJH6, STM32U5A5AJH6Q, STM32U5A5QII3Q , STM32U5A5QJI6, STM32U5A5QJI6Q, STM32U5A5RJT6, STM32U5A5RJT6Q, STM32U5A5VJT6, STM32U5A5VJT6Q, STM32U5A5ZJT6, STM32U5A5ZJT6Q, STM32U5A5ZJY6QTR, STM32U5A9BJY6QTR, STM32U5A9J-DK, STM32U5A9NJH6Q, STM32U5A9VJT6Q, STM32U5A9ZJT6Q, STM32U5A9ZJY6QTR, STM32U5F7VIT6, STM32U5F7VIT6Q, STM32U5F7VJT6, STM32U5F7VJT6Q, STM32U5F9BJY6QTR, STM32U5F9NJH6Q, STM32U5F9VIT6Q, STM32U5F9VJT6Q, STM32U5F9ZIJ6QTR, STM32U5F9ZIT6Q, STM32U5F9ZJJ6QTR, STM32U5F9ZJT6Q, STM32U5G7VJT6, STM32U5G7VJT6Q, STM32U5G9BJY6QTR, STM32U5G9J-DK1, STM32U5G9J-DK2, STM32U5G9NJH6Q, STM32U5G9VJT6Q, STM32U5G9ZJJ6QTR, STM32U5G9ZJT6Q, STM32WB05KZV6TR, STM32WB05KZV7TR, STM32WB05TZF6TR, STM32WB05TZF7TR, STM32WB06CCF6TR, STM32WB06CCF7TR, STM32WB06CCV6TR, STM32WB06CCV7TR, STM32WB06KCV6TR, STM32WB06KCV7TR, STM32WB07CCF6TR, STM32WB07CCF7TR, STM32WB07CCV6TR, STM32WB07CCV7TR, STM32WB07KCV6TR, STM32WB07KCV7TR, STM32WB09KEV6TR, STM32WB09KEV7TR, STM32WB09TEF6TR, STM32WB09TEF7TR, STM32WB1MMCH6, STM32WBA50KGU6, STM32WBA50KGU6TR, STM32WBA52CEU6, STM32WBA52CEU6TR, STM32WBA52CEU7, STM32WBA52CEU7TR, STM32WBA52CGU6, STM32WBA52CGU6TR, STM32WBA52CGU6U, STM32WBA52CGU7, STM32WBA52CGU7TR, STM32WBA52KEU6, STM32WBA52KEU6TR, STM32WBA52KGU6, STM32WBA52KGU6TR, STM32WBA54CEU6, STM32WBA54CEU6TR, STM32WBA54CEU7, STM32WBA54CEU7TR, STM32WBA54CGU6, STM32WBA54CGU6TR, STM32WBA54CGU7, STM32WBA54CGU7TR, STM32WBA54KEU6, STM32WBA54KEU6TR, STM32WBA54KEU7, STM32WBA54KEU7TR, STM32WBA54KGU6, STM32WBA54KGU6TR, STM32WBA54KGU7, STM32WBA54KGU7TR, STM32WBA55CEU6, STM32WBA55CEU6TR, STM32WBA55CEU7, STM32WBA55CEU7TR, STM32WBA55CGU6, STM32WBA55CGU6TR, STM32WBA55CGU6U, STM32WBA55CGU7, STM32WBA55CGU7TR, STM32WBA55G-DK1, STM32WBA55HEF6, STM32WBA55HEF7, STM32WBA55HGF6, STM32WBA55HGF7, STM32WBA55UEI6, STM32WBA55UEI6TR, STM32WBA55UEI7, STM32WBA55UEI7TR, STM32WBA55UGI6, STM32WBA55UGI6TR, STM32WBA55UGI7, STM32WBA55UGI7TR, STM32WL5MOCH6, STM32WL5MOCH6TR]
2024-08-28 01:48:46,655 [INFO] DbMcus:218 - Found 4251 MCUs, 4251 are supported
2024-08-28 01:48:46,659 [INFO] ApiDb:423 - Load user favorites file C:\Users\Juan/.stm32cubeide/favorites.mcus.txt: 1 item(s)
2024-08-28 01:48:46,660 [INFO] ApiDb:427 - User favorites MCUs=[STM32F103C8T6]
2024-08-28 01:48:46,660 [INFO] DbMcus:224 - Set 1 / 1 favorites MCUs
2024-08-28 01:48:46,940 [INFO] ApiDb:423 - Load user favorites file C:\Users\Juan/.stm32cubeide/favorites.boards.txt: 1 item(s)
2024-08-28 01:48:46,940 [INFO] ApiDb:427 - User favorites Boards=[STM32F407G-DISC1]
2024-08-28 01:48:46,940 [INFO] DbBoards:198 - Set 1 / 1 favorites Boards
2024-08-28 01:48:46,998 [INFO] UtilMem:75 - End LoadConfig() Used Memory: 761667248 Bytes (1073741824)
2024-08-28 01:48:47,113 [WARN] ThirdParty:833 - waiting for thirdparty lock release [change project]
2024-08-28 01:48:47,114 [INFO] ThirdParty:835 - entering critical section [change project]
2024-08-28 01:48:47,114 [INFO] ThirdParty:1030 - CMSIS Pack Vendor :STMicroelectronics USBPD 4.1
2024-08-28 01:48:47,114 [INFO] ThirdParty:1030 - CMSIS Pack Vendor :STMicroelectronics X-CUBE-DISPLAY 3.0.0
2024-08-28 01:48:47,114 [INFO] ThirdParty:1030 - CMSIS Pack Vendor :STMicroelectronics X-CUBE-GNSS1 6.0.0
2024-08-28 01:48:47,114 [INFO] ThirdParty:1030 - CMSIS Pack Vendor :STMicroelectronics USB_HOST 2.0.0
2024-08-28 01:48:47,114 [INFO] ThirdParty:1030 - CMSIS Pack Vendor :STMicroelectronics FP-SNS-MOTENVWB1 1.4.0
2024-08-28 01:48:47,114 [INFO] ThirdParty:1030 - CMSIS Pack Vendor :STMicroelectronics LIBJPEG 8.0.0
2024-08-28 01:48:47,114 [INFO] ThirdParty:1030 - CMSIS Pack Vendor :STMicroelectronics X-CUBE-BLE1 7.0.0
2024-08-28 01:48:47,114 [INFO] ThirdParty:1030 - CMSIS Pack Vendor :STMicroelectronics FP-ATR-SIGFOX1 3.2.0
2024-08-28 01:48:47,114 [INFO] ThirdParty:1030 - CMSIS Pack Vendor :STMicroelectronics X-CUBE-SMBUS 2.1.0
2024-08-28 01:48:47,114 [INFO] ThirdParty:1030 - CMSIS Pack Vendor :STMicroelectronics X-CUBE-ISPU 2.0.0
2024-08-28 01:48:47,114 [INFO] ThirdParty:1030 - CMSIS Pack Vendor :STMicroelectronics USB_DEVICE 3.0.0
2024-08-28 01:48:47,114 [INFO] ThirdParty:1030 - CMSIS Pack Vendor :STMicroelectronics X-CUBE-TCPP 4.1.0
2024-08-28 01:48:47,114 [INFO] ThirdParty:1030 - CMSIS Pack Vendor :STMicroelectronics X-CUBE-EEPRMA1 5.1.0
2024-08-28 01:48:47,114 [INFO] ThirdParty:1030 - CMSIS Pack Vendor :STMicroelectronics HAL Drivers 0.0.0
2024-08-28 01:48:47,114 [INFO] ThirdParty:1030 - CMSIS Pack Vendor :STMicroelectronics MBEDTLS 2.16.2
2024-08-28 01:48:47,114 [INFO] ThirdParty:1030 - CMSIS Pack Vendor :STMicroelectronics X-CUBE-FREERTOS 1.2.0
2024-08-28 01:48:47,114 [INFO] ThirdParty:1030 - CMSIS Pack Vendor :STMicroelectronics X-CUBE-ALS 1.0.2
2024-08-28 01:48:47,114 [INFO] ThirdParty:1030 - CMSIS Pack Vendor :STMicroelectronics X-CUBE-MEMS1 10.0.0
2024-08-28 01:48:47,114 [INFO] ThirdParty:1030 - CMSIS Pack Vendor :STMicroelectronics X-CUBE-NFC7 1.0.1
2024-08-28 01:48:47,114 [INFO] ThirdParty:1030 - CMSIS Pack Vendor :STMicroelectronics MBEDTLS 2.14.1
2024-08-28 01:48:47,114 [INFO] ThirdParty:1030 - CMSIS Pack Vendor :STMicroelectronics USB_DEVICE 2.0.0
2024-08-28 01:48:47,115 [INFO] ThirdParty:1030 - CMSIS Pack Vendor :STMicroelectronics X-CUBE-NFC6 3.1.0
2024-08-28 01:48:47,115 [INFO] ThirdParty:1030 - CMSIS Pack Vendor :STMicroelectronics X-CUBE-BLEMGR 3.1.0
2024-08-28 01:48:47,115 [INFO] ThirdParty:1030 - CMSIS Pack Vendor :STMicroelectronics ThreadX 1.0.0
2024-08-28 01:48:47,115 [INFO] ThirdParty:1030 - CMSIS Pack Vendor :STMicroelectronics FP-SNS-SMARTAG2 1.2.0
2024-08-28 01:48:47,115 [INFO] ThirdParty:1030 - CMSIS Pack Vendor :STMicroelectronics FreeRTOS 0.0.1
2024-08-28 01:48:47,115 [INFO] ThirdParty:1030 - CMSIS Pack Vendor :STMicroelectronics FP-SNS-MOTENV1 5.0.0
2024-08-28 01:48:47,115 [INFO] ThirdParty:1030 - CMSIS Pack Vendor :STMicroelectronics USB_DEVICE 1.0.0
2024-08-28 01:48:47,115 [INFO] ThirdParty:1030 - CMSIS Pack Vendor :STMicroelectronics X-CUBE-SAFEA1 1.2.2
2024-08-28 01:48:47,115 [INFO] ThirdParty:1030 - CMSIS Pack Vendor :STMicroelectronics X-CUBE-NFC4 3.0.0
2024-08-28 01:48:47,115 [INFO] ThirdParty:1030 - CMSIS Pack Vendor :STMicroelectronics X-CUBE-SUBG2 5.0.0
2024-08-28 01:48:47,115 [INFO] ThirdParty:1030 - CMSIS Pack Vendor :STMicroelectronics STM32_WPAN 1.0.0
2024-08-28 01:48:47,115 [INFO] ThirdParty:1030 - CMSIS Pack Vendor :STMicroelectronics ThreadX 0.0.2
2024-08-28 01:48:47,115 [INFO] ThirdParty:1030 - CMSIS Pack Vendor :STMicroelectronics FP-ATR-ASTRA1 2.0.0
2024-08-28 01:48:47,115 [INFO] ThirdParty:1030 - CMSIS Pack Vendor :STMicroelectronics lwIP 2.0.3
2024-08-28 01:48:47,115 [INFO] ThirdParty:1030 - CMSIS Pack Vendor :STMicroelectronics lwIP 2.1.2
2024-08-28 01:48:47,115 [INFO] ThirdParty:1030 - CMSIS Pack Vendor :STMicroelectronics X-CUBE-SFXS2LP1 4.0.0
2024-08-28 01:48:47,115 [INFO] ThirdParty:1030 - CMSIS Pack Vendor :STMicroelectronics FP-SNS-FLIGHT1 5.0.2
2024-08-28 01:48:47,115 [INFO] ThirdParty:1030 - CMSIS Pack Vendor :STMicroelectronics X-CUBE-BLE2 3.3.0
2024-08-28 01:48:47,115 [INFO] ThirdParty:1030 - CMSIS Pack Vendor :STMicroelectronics USB_HOST 1.0.0
2024-08-28 01:48:47,115 [INFO] ThirdParty:1030 - CMSIS Pack Vendor :STMicroelectronics X-CUBE-AI 9.0.0
2024-08-28 01:48:47,115 [INFO] ThirdParty:1030 - CMSIS Pack Vendor :STMicroelectronics PDM2PCM 3.1.0
2024-08-28 01:48:47,115 [INFO] ThirdParty:1030 - CMSIS Pack Vendor :STMicroelectronics PDM2PCM 3.2.0
2024-08-28 01:48:47,115 [INFO] ThirdParty:1030 - CMSIS Pack Vendor :STMicroelectronics PDM2PCM 3.3.0
2024-08-28 01:48:47,116 [INFO] ThirdParty:841 - exiting critical section [change project]
2024-08-28 01:48:47,337 [INFO] PinOutPanel:1561 - setPackage(No Configuration,No Configuration)
2024-08-28 01:48:47,339 [INFO] PinOutPanel:1561 - setPackage(STM32F103C8Tx,LQFP48)
2024-08-28 01:48:47,699 [INFO] UtilMem:75 - Before build in PCC Used Memory: 327380080 Bytes (961544192)
2024-08-28 01:48:48,270 [INFO] UtilMem:75 - After build in PCC Used Memory: 413885552 Bytes (961544192)
2024-08-28 01:48:48,289 [INFO] IPUIPlugin:80 - create IPUIPlugin
2024-08-28 01:48:48,289 [INFO] IPUIPlugin:80 - create IPUIPlugin
2024-08-28 01:48:48,289 [INFO] IPUIPlugin:80 - create IPUIPlugin
2024-08-28 01:48:48,289 [INFO] IPUIPlugin:80 - create IPUIPlugin
2024-08-28 01:48:48,290 [INFO] IPUIPlugin:80 - create IPUIPlugin
2024-08-28 01:48:48,290 [INFO] IPUIPlugin:80 - create IPUIPlugin
2024-08-28 01:48:48,290 [INFO] IPUIPlugin:80 - create IPUIPlugin
2024-08-28 01:48:48,290 [INFO] IPUIPlugin:80 - create IPUIPlugin
2024-08-28 01:48:48,290 [INFO] IPUIPlugin:80 - create IPUIPlugin
2024-08-28 01:48:48,290 [INFO] IPUIPlugin:80 - create IPUIPlugin
2024-08-28 01:48:48,290 [INFO] IPUIPlugin:80 - create IPUIPlugin
2024-08-28 01:48:48,290 [INFO] IPUIPlugin:80 - create IPUIPlugin
2024-08-28 01:48:48,290 [INFO] IPUIPlugin:80 - create IPUIPlugin
2024-08-28 01:48:48,291 [INFO] IPUIPlugin:80 - create IPUIPlugin
2024-08-28 01:48:48,291 [INFO] IPUIPlugin:80 - create IPUIPlugin
2024-08-28 01:48:48,291 [INFO] IPUIPlugin:80 - create IPUIPlugin
2024-08-28 01:48:48,291 [INFO] IPUIPlugin:80 - create IPUIPlugin
2024-08-28 01:48:48,291 [INFO] IPUIPlugin:80 - create IPUIPlugin
2024-08-28 01:48:48,291 [INFO] IPUIPlugin:80 - create IPUIPlugin
2024-08-28 01:48:48,291 [INFO] IPUIPlugin:80 - create IPUIPlugin
2024-08-28 01:48:48,292 [INFO] IPUIPlugin:80 - create IPUIPlugin
2024-08-28 01:48:48,292 [INFO] IPUIPlugin:80 - create IPUIPlugin
2024-08-28 01:48:48,292 [INFO] IPUIPlugin:80 - create IPUIPlugin
2024-08-28 01:48:48,292 [INFO] IPUIPlugin:80 - create IPUIPlugin
2024-08-28 01:48:48,292 [INFO] IPUIPlugin:80 - create IPUIPlugin
2024-08-28 01:48:48,292 [INFO] IPUIPlugin:80 - create IPUIPlugin
2024-08-28 01:48:48,293 [INFO] IPUIPlugin:80 - create IPUIPlugin
2024-08-28 01:48:48,462 [INFO] CADModel:165 - CPN selected for project levelSTM32F103C8T6
2024-08-28 01:48:48,463 [INFO] CADModel:114 - Register for checkConnection events
2024-08-28 01:48:48,509 [INFO] OpenFileManager:363 - Restore cursor
2024-08-28 01:49:32,474 [INFO] Gpio:277 - dependency for GPIO [RCC, SPI1, SYS, TIM2]
2024-08-28 01:50:04,344 [INFO] NvicIntPanel:101 - NVIC parent = com.st.microxplorer.plugins.ip.nvic.MultiNvicIntPanel[,0,0,0x0,invalid,layout=javax.swing.BoxLayout,alignmentX=0.0,alignmentY=0.0,border=,flags=9,maximumSize=,minimumSize=,preferredSize=]
2024-08-28 01:50:26,275 [INFO] Gpio:277 - dependency for GPIO [RCC, SPI1, SYS, TIM2]
2024-08-28 01:51:44,936 [INFO] UtilMem:75 - End SaveConfig() Used Memory: 202568680 Bytes (559939584)
2024-08-28 01:51:45,005 [INFO] UtilMem:75 - End SaveConfig() Used Memory: 213818264 Bytes (559939584)
2024-08-28 01:51:45,882 [INFO] UtilMem:75 - End SaveConfig() Used Memory: 249228248 Bytes (559939584)
2024-08-28 01:51:46,263 [INFO] BlockDiagram:2766 - set Specific Code input for plugin: SPI
2024-08-28 01:51:46,263 [INFO] BlockDiagram:2766 - set Specific Code input for plugin: NVIC
2024-08-28 01:51:46,263 [INFO] BlockDiagram:2766 - set Specific Code input for plugin: TIM1_8F1
2024-08-28 01:51:46,263 [INFO] BlockDiagram:2766 - set Specific Code input for plugin: SYS
2024-08-28 01:51:46,263 [INFO] BlockDiagram:2766 - set Specific Code input for plugin: GPIO
2024-08-28 01:51:46,263 [INFO] BlockDiagram:2766 - set Specific Code input for plugin: RCC
2024-08-28 01:51:46,265 [INFO] CodeGenerator:807 - code generatio: config db path: C:\ST\STM32CubeIDE_1.16.0\STM32CubeIDE\plugins\com.st.stm32cube.common.mx_6.12.0.202406281431\\db\
2024-08-28 01:51:46,427 [INFO] CodeEngine:255 - oldGeneratedFile, C:\Users\Juan\STM32CubeIDE\workspace_1.16.0\SSE-BluePill\MXTmpFiles\license.tmp_save
2024-08-28 01:51:46,720 [INFO] CodeEngine:279 - Generated code: C:\Users\Juan\STM32CubeIDE\workspace_1.16.0\SSE-BluePill\MXTmpFiles\license.tmp
2024-08-28 01:51:46,816 [INFO] CodeEngine:255 - oldGeneratedFile, C:\Users\Juan\STM32CubeIDE\workspace_1.16.0\SSE-BluePill\Core\Src\gpio.c_save
2024-08-28 01:51:46,972 [INFO] CodeEngine:279 - Generated code: C:\Users\Juan\STM32CubeIDE\workspace_1.16.0\SSE-BluePill\Core\Src\gpio.c
2024-08-28 01:51:46,981 [INFO] CodeEngine:255 - oldGeneratedFile, C:\Users\Juan\STM32CubeIDE\workspace_1.16.0\SSE-BluePill\Core\Inc\gpio.h_save
2024-08-28 01:51:47,069 [INFO] CodeEngine:279 - Generated code: C:\Users\Juan\STM32CubeIDE\workspace_1.16.0\SSE-BluePill\Core\Inc\gpio.h
2024-08-28 01:51:47,223 [INFO] CodeEngine:255 - oldGeneratedFile, C:\Users\Juan\STM32CubeIDE\workspace_1.16.0\SSE-BluePill\Core\Src\spi.c_save
2024-08-28 01:51:47,359 [INFO] CodeEngine:279 - Generated code: C:\Users\Juan\STM32CubeIDE\workspace_1.16.0\SSE-BluePill\Core\Src\spi.c
2024-08-28 01:51:47,369 [INFO] CodeEngine:255 - oldGeneratedFile, C:\Users\Juan\STM32CubeIDE\workspace_1.16.0\SSE-BluePill\Core\Inc\spi.h_save
2024-08-28 01:51:47,454 [INFO] CodeEngine:279 - Generated code: C:\Users\Juan\STM32CubeIDE\workspace_1.16.0\SSE-BluePill\Core\Inc\spi.h
2024-08-28 01:51:47,462 [INFO] CodeEngine:255 - oldGeneratedFile, C:\Users\Juan\STM32CubeIDE\workspace_1.16.0\SSE-BluePill\Core\Src\tim.c_save
2024-08-28 01:51:47,564 [INFO] CodeEngine:279 - Generated code: C:\Users\Juan\STM32CubeIDE\workspace_1.16.0\SSE-BluePill\Core\Src\tim.c
2024-08-28 01:51:47,568 [INFO] CodeEngine:255 - oldGeneratedFile, C:\Users\Juan\STM32CubeIDE\workspace_1.16.0\SSE-BluePill\Core\Inc\tim.h_save
2024-08-28 01:51:47,637 [INFO] CodeEngine:279 - Generated code: C:\Users\Juan\STM32CubeIDE\workspace_1.16.0\SSE-BluePill\Core\Inc\tim.h
2024-08-28 01:51:47,658 [INFO] CodeEngine:255 - oldGeneratedFile, C:\Users\Juan\STM32CubeIDE\workspace_1.16.0\SSE-BluePill\Core\Src\stm32f1xx_it.c_save
2024-08-28 01:51:47,759 [INFO] CodeEngine:279 - Generated code: C:\Users\Juan\STM32CubeIDE\workspace_1.16.0\SSE-BluePill\Core\Src\stm32f1xx_it.c
2024-08-28 01:51:47,774 [INFO] CodeEngine:255 - oldGeneratedFile, C:\Users\Juan\STM32CubeIDE\workspace_1.16.0\SSE-BluePill\Core\Inc\stm32f1xx_it.h_save
2024-08-28 01:51:47,840 [INFO] CodeEngine:279 - Generated code: C:\Users\Juan\STM32CubeIDE\workspace_1.16.0\SSE-BluePill\Core\Inc\stm32f1xx_it.h
2024-08-28 01:51:47,867 [INFO] CodeEngine:255 - oldGeneratedFile, C:\Users\Juan\STM32CubeIDE\workspace_1.16.0\SSE-BluePill\Core\Src\stm32f1xx_hal_msp.c_save
2024-08-28 01:51:47,961 [INFO] CodeEngine:279 - Generated code: C:\Users\Juan\STM32CubeIDE\workspace_1.16.0\SSE-BluePill\Core\Src\stm32f1xx_hal_msp.c
2024-08-28 01:51:47,970 [INFO] CodeEngine:255 - oldGeneratedFile, C:\Users\Juan\STM32CubeIDE\workspace_1.16.0\SSE-BluePill\MXTmpFiles\system.tmp_save
2024-08-28 01:51:48,028 [INFO] CodeEngine:279 - Generated code: C:\Users\Juan\STM32CubeIDE\workspace_1.16.0\SSE-BluePill\MXTmpFiles\system.tmp
2024-08-28 01:51:48,048 [INFO] CodeEngine:311 - oldGeneratedFile, C:\Users\Juan\STM32CubeIDE\workspace_1.16.0\SSE-BluePill\Core\Inc\stm32f1xx_hal_conf.h_save
2024-08-28 01:51:48,126 [INFO] CodeEngine:335 - Generated code: C:\Users\Juan\STM32CubeIDE\workspace_1.16.0\SSE-BluePill\Core\Inc\stm32f1xx_hal_conf.h
2024-08-28 01:51:48,172 [INFO] CodeEngine:255 - oldGeneratedFile, C:\Users\Juan\STM32CubeIDE\workspace_1.16.0\SSE-BluePill\Core\Inc\main.h_save
2024-08-28 01:51:48,254 [INFO] CodeEngine:279 - Generated code: C:\Users\Juan\STM32CubeIDE\workspace_1.16.0\SSE-BluePill\Core\Inc\main.h
2024-08-28 01:51:48,272 [INFO] CodeEngine:255 - oldGeneratedFile, C:\Users\Juan\STM32CubeIDE\workspace_1.16.0\SSE-BluePill\Core\Src\main.c_save
2024-08-28 01:51:48,382 [INFO] CodeEngine:279 - Generated code: C:\Users\Juan\STM32CubeIDE\workspace_1.16.0\SSE-BluePill\Core\Src\main.c
2024-08-28 01:51:48,695 [INFO] ProjectBuilder:3249 - Time for Copy HAL[1] : 133mS.
2024-08-28 01:51:48,699 [INFO] ProjectBuilder:4828 - Project Generator version: 4.4.0-B60
2024-08-28 01:51:48,768 [INFO] ConfigFileManager:1531 - The Die is : DIE410
2024-08-28 01:51:48,784 [INFO] ApiDbMcu:508 - Load IP Config File for FATFS
2024-08-28 01:51:48,794 [INFO] ApiDbMcu:508 - Load IP Config File for FREERTOS
2024-08-28 01:51:48,806 [INFO] ApiDbMcu:508 - Load IP Config File for USB_DEVICE
2024-08-28 01:51:49,379 [INFO] LogOutputStream:77 - [STDOUT_REDIRECT] 
2024-08-28 01:51:51,426 [INFO] ProjectBuilder:5097 - Time for Generating toolchain IDE Files: 2727mS.
2024-08-28 01:51:51,427 [INFO] ProjectBuilder:3107 - Time for Copy CMSIS : 0mS.
2024-08-28 01:51:51,430 [INFO] ProjectBuilder:3107 - Time for Copy CMSIS : 1mS.
2024-08-28 01:58:10,772 [INFO] UtilMem:75 - End SaveConfig() Used Memory: 261686304 Bytes (634388480)
2024-08-28 01:58:10,830 [INFO] UtilMem:75 - End SaveConfig() Used Memory: 272698400 Bytes (634388480)
2024-08-28 01:58:11,251 [INFO] UtilMem:75 - End SaveConfig() Used Memory: 301532192 Bytes (634388480)
2024-08-28 01:58:11,401 [INFO] BlockDiagram:2766 - set Specific Code input for plugin: SPI
2024-08-28 01:58:11,401 [INFO] BlockDiagram:2766 - set Specific Code input for plugin: NVIC
2024-08-28 01:58:11,401 [INFO] BlockDiagram:2766 - set Specific Code input for plugin: TIM1_8F1
2024-08-28 01:58:11,401 [INFO] BlockDiagram:2766 - set Specific Code input for plugin: SYS
2024-08-28 01:58:11,401 [INFO] BlockDiagram:2766 - set Specific Code input for plugin: GPIO
2024-08-28 01:58:11,401 [INFO] BlockDiagram:2766 - set Specific Code input for plugin: RCC
2024-08-28 01:58:11,402 [INFO] CodeGenerator:807 - code generatio: config db path: C:\ST\STM32CubeIDE_1.16.0\STM32CubeIDE\plugins\com.st.stm32cube.common.mx_6.12.0.202406281431\\db\
2024-08-28 01:58:11,455 [INFO] CodeEngine:255 - oldGeneratedFile, C:\Users\Juan\STM32CubeIDE\workspace_1.16.0\SSE-BluePill\MXTmpFiles\license.tmp_save
2024-08-28 01:58:11,522 [INFO] CodeEngine:279 - Generated code: C:\Users\Juan\STM32CubeIDE\workspace_1.16.0\SSE-BluePill\MXTmpFiles\license.tmp
2024-08-28 01:58:11,546 [INFO] CodeEngine:255 - oldGeneratedFile, C:\Users\Juan\STM32CubeIDE\workspace_1.16.0\SSE-BluePill\MXTmpFiles\gpio.tmp_save
2024-08-28 01:58:11,616 [INFO] CodeEngine:279 - Generated code: C:\Users\Juan\STM32CubeIDE\workspace_1.16.0\SSE-BluePill\MXTmpFiles\gpio.tmp
2024-08-28 01:58:11,682 [INFO] CodeEngine:255 - oldGeneratedFile, C:\Users\Juan\STM32CubeIDE\workspace_1.16.0\SSE-BluePill\Core\Src\stm32f1xx_it.c_save
2024-08-28 01:58:11,763 [INFO] CodeEngine:279 - Generated code: C:\Users\Juan\STM32CubeIDE\workspace_1.16.0\SSE-BluePill\Core\Src\stm32f1xx_it.c
2024-08-28 01:58:11,768 [INFO] CodeEngine:255 - oldGeneratedFile, C:\Users\Juan\STM32CubeIDE\workspace_1.16.0\SSE-BluePill\Core\Inc\stm32f1xx_it.h_save
2024-08-28 01:58:11,815 [INFO] CodeEngine:279 - Generated code: C:\Users\Juan\STM32CubeIDE\workspace_1.16.0\SSE-BluePill\Core\Inc\stm32f1xx_it.h
2024-08-28 01:58:11,831 [INFO] CodeEngine:255 - oldGeneratedFile, C:\Users\Juan\STM32CubeIDE\workspace_1.16.0\SSE-BluePill\Core\Src\stm32f1xx_hal_msp.c_save
2024-08-28 01:58:11,927 [INFO] CodeEngine:279 - Generated code: C:\Users\Juan\STM32CubeIDE\workspace_1.16.0\SSE-BluePill\Core\Src\stm32f1xx_hal_msp.c
2024-08-28 01:58:11,931 [INFO] CodeEngine:255 - oldGeneratedFile, C:\Users\Juan\STM32CubeIDE\workspace_1.16.0\SSE-BluePill\MXTmpFiles\system.tmp_save
2024-08-28 01:58:11,984 [INFO] CodeEngine:279 - Generated code: C:\Users\Juan\STM32CubeIDE\workspace_1.16.0\SSE-BluePill\MXTmpFiles\system.tmp
2024-08-28 01:58:11,997 [INFO] CodeEngine:311 - oldGeneratedFile, C:\Users\Juan\STM32CubeIDE\workspace_1.16.0\SSE-BluePill\Core\Inc\stm32f1xx_hal_conf.h_save
2024-08-28 01:58:12,071 [INFO] CodeEngine:335 - Generated code: C:\Users\Juan\STM32CubeIDE\workspace_1.16.0\SSE-BluePill\Core\Inc\stm32f1xx_hal_conf.h
2024-08-28 01:58:12,089 [WARN] IPConfigManager:3554 - IP not found : TIM
2024-08-28 01:58:12,090 [WARN] CodeGenerator:4002 - IP not found : null
2024-08-28 01:58:12,102 [INFO] CodeEngine:255 - oldGeneratedFile, C:\Users\Juan\STM32CubeIDE\workspace_1.16.0\SSE-BluePill\Core\Inc\main.h_save
2024-08-28 01:58:12,170 [INFO] CodeEngine:279 - Generated code: C:\Users\Juan\STM32CubeIDE\workspace_1.16.0\SSE-BluePill\Core\Inc\main.h
2024-08-28 01:58:12,180 [INFO] CodeEngine:255 - oldGeneratedFile, C:\Users\Juan\STM32CubeIDE\workspace_1.16.0\SSE-BluePill\Core\Src\main.c_save
2024-08-28 01:58:12,274 [INFO] CodeEngine:279 - Generated code: C:\Users\Juan\STM32CubeIDE\workspace_1.16.0\SSE-BluePill\Core\Src\main.c
2024-08-28 01:58:12,532 [INFO] ProjectBuilder:3249 - Time for Copy HAL[1] : 113mS.
2024-08-28 01:58:12,535 [INFO] ProjectBuilder:4828 - Project Generator version: 4.4.0-B60
2024-08-28 01:58:12,592 [INFO] ConfigFileManager:1531 - The Die is : DIE410
2024-08-28 01:58:13,287 [INFO] ProjectBuilder:5097 - Time for Generating toolchain IDE Files: 751mS.
2024-08-28 01:58:13,288 [INFO] ProjectBuilder:3107 - Time for Copy CMSIS : 0mS.
2024-08-28 01:58:13,290 [INFO] ProjectBuilder:3107 - Time for Copy CMSIS : 0mS.
2024-08-28 02:01:10,114 [INFO] NvicIntPanel:101 - NVIC parent = com.st.microxplorer.plugins.ip.nvic.MultiNvicIntPanel[,0,0,463x383,layout=javax.swing.BoxLayout,alignmentX=0.0,alignmentY=0.0,border=,flags=9,maximumSize=,minimumSize=,preferredSize=]
2024-08-28 02:01:22,863 [INFO] Gpio:277 - dependency for GPIO [RCC, SPI1, SYS, TIM2]
2024-08-28 02:01:30,553 [INFO] UtilMem:75 - End SaveConfig() Used Memory: 443352848 Bytes (634388480)
2024-08-28 02:01:30,608 [INFO] UtilMem:75 - End SaveConfig() Used Memory: 454352608 Bytes (634388480)
2024-08-28 02:01:30,990 [INFO] UtilMem:75 - End SaveConfig() Used Memory: 486858464 Bytes (634388480)
2024-08-28 02:01:31,138 [INFO] BlockDiagram:2766 - set Specific Code input for plugin: SPI
2024-08-28 02:01:31,138 [INFO] BlockDiagram:2766 - set Specific Code input for plugin: NVIC
2024-08-28 02:01:31,138 [INFO] BlockDiagram:2766 - set Specific Code input for plugin: TIM1_8F1
2024-08-28 02:01:31,138 [INFO] BlockDiagram:2766 - set Specific Code input for plugin: SYS
2024-08-28 02:01:31,139 [INFO] BlockDiagram:2766 - set Specific Code input for plugin: GPIO
2024-08-28 02:01:31,139 [INFO] BlockDiagram:2766 - set Specific Code input for plugin: RCC
2024-08-28 02:01:31,139 [INFO] CodeGenerator:807 - code generatio: config db path: C:\ST\STM32CubeIDE_1.16.0\STM32CubeIDE\plugins\com.st.stm32cube.common.mx_6.12.0.202406281431\\db\
2024-08-28 02:01:31,201 [INFO] CodeEngine:255 - oldGeneratedFile, C:\Users\Juan\STM32CubeIDE\workspace_1.16.0\SSE-BluePill\MXTmpFiles\license.tmp_save
2024-08-28 02:01:31,268 [INFO] CodeEngine:279 - Generated code: C:\Users\Juan\STM32CubeIDE\workspace_1.16.0\SSE-BluePill\MXTmpFiles\license.tmp
2024-08-28 02:01:31,284 [INFO] CodeEngine:255 - oldGeneratedFile, C:\Users\Juan\STM32CubeIDE\workspace_1.16.0\SSE-BluePill\Core\Src\gpio.c_save
2024-08-28 02:01:31,349 [INFO] CodeEngine:279 - Generated code: C:\Users\Juan\STM32CubeIDE\workspace_1.16.0\SSE-BluePill\Core\Src\gpio.c
2024-08-28 02:01:31,351 [INFO] CodeEngine:255 - oldGeneratedFile, C:\Users\Juan\STM32CubeIDE\workspace_1.16.0\SSE-BluePill\Core\Inc\gpio.h_save
2024-08-28 02:01:31,402 [INFO] CodeEngine:279 - Generated code: C:\Users\Juan\STM32CubeIDE\workspace_1.16.0\SSE-BluePill\Core\Inc\gpio.h
2024-08-28 02:01:31,450 [INFO] CodeEngine:255 - oldGeneratedFile, C:\Users\Juan\STM32CubeIDE\workspace_1.16.0\SSE-BluePill\Core\Src\spi.c_save
2024-08-28 02:01:31,526 [INFO] CodeEngine:279 - Generated code: C:\Users\Juan\STM32CubeIDE\workspace_1.16.0\SSE-BluePill\Core\Src\spi.c
2024-08-28 02:01:31,528 [INFO] CodeEngine:255 - oldGeneratedFile, C:\Users\Juan\STM32CubeIDE\workspace_1.16.0\SSE-BluePill\Core\Inc\spi.h_save
2024-08-28 02:01:31,589 [INFO] CodeEngine:279 - Generated code: C:\Users\Juan\STM32CubeIDE\workspace_1.16.0\SSE-BluePill\Core\Inc\spi.h
2024-08-28 02:01:31,597 [INFO] CodeEngine:255 - oldGeneratedFile, C:\Users\Juan\STM32CubeIDE\workspace_1.16.0\SSE-BluePill\Core\Src\tim.c_save
2024-08-28 02:01:31,680 [INFO] CodeEngine:279 - Generated code: C:\Users\Juan\STM32CubeIDE\workspace_1.16.0\SSE-BluePill\Core\Src\tim.c
2024-08-28 02:01:31,683 [INFO] CodeEngine:255 - oldGeneratedFile, C:\Users\Juan\STM32CubeIDE\workspace_1.16.0\SSE-BluePill\Core\Inc\tim.h_save
2024-08-28 02:01:31,733 [INFO] CodeEngine:279 - Generated code: C:\Users\Juan\STM32CubeIDE\workspace_1.16.0\SSE-BluePill\Core\Inc\tim.h
2024-08-28 02:01:31,747 [INFO] CodeEngine:255 - oldGeneratedFile, C:\Users\Juan\STM32CubeIDE\workspace_1.16.0\SSE-BluePill\Core\Src\stm32f1xx_it.c_save
2024-08-28 02:01:31,812 [INFO] CodeEngine:279 - Generated code: C:\Users\Juan\STM32CubeIDE\workspace_1.16.0\SSE-BluePill\Core\Src\stm32f1xx_it.c
2024-08-28 02:01:31,817 [INFO] CodeEngine:255 - oldGeneratedFile, C:\Users\Juan\STM32CubeIDE\workspace_1.16.0\SSE-BluePill\Core\Inc\stm32f1xx_it.h_save
2024-08-28 02:01:31,861 [INFO] CodeEngine:279 - Generated code: C:\Users\Juan\STM32CubeIDE\workspace_1.16.0\SSE-BluePill\Core\Inc\stm32f1xx_it.h
2024-08-28 02:01:31,876 [INFO] CodeEngine:255 - oldGeneratedFile, C:\Users\Juan\STM32CubeIDE\workspace_1.16.0\SSE-BluePill\Core\Src\stm32f1xx_hal_msp.c_save
2024-08-28 02:01:31,947 [INFO] CodeEngine:279 - Generated code: C:\Users\Juan\STM32CubeIDE\workspace_1.16.0\SSE-BluePill\Core\Src\stm32f1xx_hal_msp.c
2024-08-28 02:01:31,951 [INFO] CodeEngine:255 - oldGeneratedFile, C:\Users\Juan\STM32CubeIDE\workspace_1.16.0\SSE-BluePill\MXTmpFiles\system.tmp_save
2024-08-28 02:01:31,994 [INFO] CodeEngine:279 - Generated code: C:\Users\Juan\STM32CubeIDE\workspace_1.16.0\SSE-BluePill\MXTmpFiles\system.tmp
2024-08-28 02:01:32,007 [INFO] CodeEngine:311 - oldGeneratedFile, C:\Users\Juan\STM32CubeIDE\workspace_1.16.0\SSE-BluePill\Core\Inc\stm32f1xx_hal_conf.h_save
2024-08-28 02:01:32,082 [INFO] CodeEngine:335 - Generated code: C:\Users\Juan\STM32CubeIDE\workspace_1.16.0\SSE-BluePill\Core\Inc\stm32f1xx_hal_conf.h
2024-08-28 02:01:32,110 [INFO] CodeEngine:255 - oldGeneratedFile, C:\Users\Juan\STM32CubeIDE\workspace_1.16.0\SSE-BluePill\Core\Inc\main.h_save
2024-08-28 02:01:32,174 [INFO] CodeEngine:279 - Generated code: C:\Users\Juan\STM32CubeIDE\workspace_1.16.0\SSE-BluePill\Core\Inc\main.h
2024-08-28 02:01:32,184 [INFO] CodeEngine:255 - oldGeneratedFile, C:\Users\Juan\STM32CubeIDE\workspace_1.16.0\SSE-BluePill\Core\Src\main.c_save
2024-08-28 02:01:32,255 [INFO] CodeEngine:279 - Generated code: C:\Users\Juan\STM32CubeIDE\workspace_1.16.0\SSE-BluePill\Core\Src\main.c
2024-08-28 02:01:32,517 [INFO] ProjectBuilder:3249 - Time for Copy HAL[1] : 121mS.
2024-08-28 02:01:32,520 [INFO] ProjectBuilder:4828 - Project Generator version: 4.4.0-B60
2024-08-28 02:01:32,579 [INFO] ConfigFileManager:1531 - The Die is : DIE410
2024-08-28 02:01:33,167 [INFO] ProjectBuilder:5097 - Time for Generating toolchain IDE Files: 648mS.
2024-08-28 02:01:33,168 [INFO] ProjectBuilder:3107 - Time for Copy CMSIS : 1mS.
2024-08-28 02:01:33,171 [INFO] ProjectBuilder:3107 - Time for Copy CMSIS : 0mS.
2024-08-28 11:09:47,787 [ERROR] LogOutputStream:75 - [STDERR_REDIRECT] 
