00:36:59 **** Incremental Build of configuration Debug for project SSE-Disc ****
make -j8 all 
arm-none-eabi-gcc "C:/Users/Juan/STM32CubeIDE/workspace_1.16.0/Common/Src/bsp_rf.c" -mcpu=cortex-m4 -std=gnu11 -g3 -DDEBUG -DUSE_HAL_DRIVER -DSTM32F407xx -c -I../Core/Inc -I../Drivers/STM32F4xx_HAL_Driver/Inc -I../Drivers/STM32F4xx_HAL_Driver/Inc/Legacy -I../Drivers/CMSIS/Device/ST/STM32F4xx/Include -I../Drivers/CMSIS/Include -I../../Common/Inc -I"C:/Users/Juan/STM32CubeIDE/workspace_1.16.0/SSE-Disc/Core/app" -O0 -ffunction-sections -fdata-sections -Wall -fstack-usage -fcyclomatic-complexity -MMD -MP -MF"ExtSrc/bsp_rf.d" -MT"ExtSrc/bsp_rf.o" --specs=nano.specs -mfpu=fpv4-sp-d16 -mfloat-abi=hard -mthumb -o "ExtSrc/bsp_rf.o"
arm-none-eabi-gcc "C:/Users/Juan/STM32CubeIDE/workspace_1.16.0/Common/Src/nrf24.c" -mcpu=cortex-m4 -std=gnu11 -g3 -DDEBUG -DUSE_HAL_DRIVER -DSTM32F407xx -c -I../Core/Inc -I../Drivers/STM32F4xx_HAL_Driver/Inc -I../Drivers/STM32F4xx_HAL_Driver/Inc/Legacy -I../Drivers/CMSIS/Device/ST/STM32F4xx/Include -I../Drivers/CMSIS/Include -I../../Common/Inc -I"C:/Users/Juan/STM32CubeIDE/workspace_1.16.0/SSE-Disc/Core/app" -O0 -ffunction-sections -fdata-sections -Wall -fstack-usage -fcyclomatic-complexity -MMD -MP -MF"ExtSrc/nrf24.d" -MT"ExtSrc/nrf24.o" --specs=nano.specs -mfpu=fpv4-sp-d16 -mfloat-abi=hard -mthumb -o "ExtSrc/nrf24.o"
arm-none-eabi-gcc "C:/Users/Juan/STM32CubeIDE/workspace_1.16.0/Common/Src/nrf24_hal.c" -mcpu=cortex-m4 -std=gnu11 -g3 -DDEBUG -DUSE_HAL_DRIVER -DSTM32F407xx -c -I../Core/Inc -I../Drivers/STM32F4xx_HAL_Driver/Inc -I../Drivers/STM32F4xx_HAL_Driver/Inc/Legacy -I../Drivers/CMSIS/Device/ST/STM32F4xx/Include -I../Drivers/CMSIS/Include -I../../Common/Inc -I"C:/Users/Juan/STM32CubeIDE/workspace_1.16.0/SSE-Disc/Core/app" -O0 -ffunction-sections -fdata-sections -Wall -fstack-usage -fcyclomatic-complexity -MMD -MP -MF"ExtSrc/nrf24_hal.d" -MT"ExtSrc/nrf24_hal.o" --specs=nano.specs -mfpu=fpv4-sp-d16 -mfloat-abi=hard -mthumb -o "ExtSrc/nrf24_hal.o"
arm-none-eabi-gcc "../Core/app/app.c" -mcpu=cortex-m4 -std=gnu11 -g3 -DDEBUG -DUSE_HAL_DRIVER -DSTM32F407xx -c -I../Core/Inc -I../Drivers/STM32F4xx_HAL_Driver/Inc -I../Drivers/STM32F4xx_HAL_Driver/Inc/Legacy -I../Drivers/CMSIS/Device/ST/STM32F4xx/Include -I../Drivers/CMSIS/Include -I../../Common/Inc -I"C:/Users/Juan/STM32CubeIDE/workspace_1.16.0/SSE-Disc/Core/app" -O0 -ffunction-sections -fdata-sections -Wall -fstack-usage -fcyclomatic-complexity -MMD -MP -MF"Core/app/app.d" -MT"Core/app/app.o" --specs=nano.specs -mfpu=fpv4-sp-d16 -mfloat-abi=hard -mthumb -o "Core/app/app.o"
arm-none-eabi-gcc "../Core/Src/adc.c" -mcpu=cortex-m4 -std=gnu11 -g3 -DDEBUG -DUSE_HAL_DRIVER -DSTM32F407xx -c -I../Core/Inc -I../Drivers/STM32F4xx_HAL_Driver/Inc -I../Drivers/STM32F4xx_HAL_Driver/Inc/Legacy -I../Drivers/CMSIS/Device/ST/STM32F4xx/Include -I../Drivers/CMSIS/Include -I../../Common/Inc -I"C:/Users/Juan/STM32CubeIDE/workspace_1.16.0/SSE-Disc/Core/app" -O0 -ffunction-sections -fdata-sections -Wall -fstack-usage -fcyclomatic-complexity -MMD -MP -MF"Core/Src/adc.d" -MT"Core/Src/adc.o" --specs=nano.specs -mfpu=fpv4-sp-d16 -mfloat-abi=hard -mthumb -o "Core/Src/adc.o"
arm-none-eabi-gcc "../Core/Src/bsp_hcsr04.c" -mcpu=cortex-m4 -std=gnu11 -g3 -DDEBUG -DUSE_HAL_DRIVER -DSTM32F407xx -c -I../Core/Inc -I../Drivers/STM32F4xx_HAL_Driver/Inc -I../Drivers/STM32F4xx_HAL_Driver/Inc/Legacy -I../Drivers/CMSIS/Device/ST/STM32F4xx/Include -I../Drivers/CMSIS/Include -I../../Common/Inc -I"C:/Users/Juan/STM32CubeIDE/workspace_1.16.0/SSE-Disc/Core/app" -O0 -ffunction-sections -fdata-sections -Wall -fstack-usage -fcyclomatic-complexity -MMD -MP -MF"Core/Src/bsp_hcsr04.d" -MT"Core/Src/bsp_hcsr04.o" --specs=nano.specs -mfpu=fpv4-sp-d16 -mfloat-abi=hard -mthumb -o "Core/Src/bsp_hcsr04.o"
arm-none-eabi-gcc "../Core/Src/gpio.c" -mcpu=cortex-m4 -std=gnu11 -g3 -DDEBUG -DUSE_HAL_DRIVER -DSTM32F407xx -c -I../Core/Inc -I../Drivers/STM32F4xx_HAL_Driver/Inc -I../Drivers/STM32F4xx_HAL_Driver/Inc/Legacy -I../Drivers/CMSIS/Device/ST/STM32F4xx/Include -I../Drivers/CMSIS/Include -I../../Common/Inc -I"C:/Users/Juan/STM32CubeIDE/workspace_1.16.0/SSE-Disc/Core/app" -O0 -ffunction-sections -fdata-sections -Wall -fstack-usage -fcyclomatic-complexity -MMD -MP -MF"Core/Src/gpio.d" -MT"Core/Src/gpio.o" --specs=nano.specs -mfpu=fpv4-sp-d16 -mfloat-abi=hard -mthumb -o "Core/Src/gpio.o"
arm-none-eabi-gcc "../Core/Src/main.c" -mcpu=cortex-m4 -std=gnu11 -g3 -DDEBUG -DUSE_HAL_DRIVER -DSTM32F407xx -c -I../Core/Inc -I../Drivers/STM32F4xx_HAL_Driver/Inc -I../Drivers/STM32F4xx_HAL_Driver/Inc/Legacy -I../Drivers/CMSIS/Device/ST/STM32F4xx/Include -I../Drivers/CMSIS/Include -I../../Common/Inc -I"C:/Users/Juan/STM32CubeIDE/workspace_1.16.0/SSE-Disc/Core/app" -O0 -ffunction-sections -fdata-sections -Wall -fstack-usage -fcyclomatic-complexity -MMD -MP -MF"Core/Src/main.d" -MT"Core/Src/main.o" --specs=nano.specs -mfpu=fpv4-sp-d16 -mfloat-abi=hard -mthumb -o "Core/Src/main.o"
C:/Users/Juan/STM32CubeIDE/workspace_1.16.0/Common/Src/bsp_rf.c: In function 'BSP_RF_IrqHandler':
C:/Users/Juan/STM32CubeIDE/workspace_1.16.0/Common/Src/bsp_rf.c:79:17: warning: unused variable 'payload_length' [-Wunused-variable]
   79 |         uint8_t payload_length = NRF24L01P_PAYLOAD_LENGTH;
      |                 ^~~~~~~~~~~~~~
arm-none-eabi-gcc "../Core/Src/spi.c" -mcpu=cortex-m4 -std=gnu11 -g3 -DDEBUG -DUSE_HAL_DRIVER -DSTM32F407xx -c -I../Core/Inc -I../Drivers/STM32F4xx_HAL_Driver/Inc -I../Drivers/STM32F4xx_HAL_Driver/Inc/Legacy -I../Drivers/CMSIS/Device/ST/STM32F4xx/Include -I../Drivers/CMSIS/Include -I../../Common/Inc -I"C:/Users/Juan/STM32CubeIDE/workspace_1.16.0/SSE-Disc/Core/app" -O0 -ffunction-sections -fdata-sections -Wall -fstack-usage -fcyclomatic-complexity -MMD -MP -MF"Core/Src/spi.d" -MT"Core/Src/spi.o" --specs=nano.specs -mfpu=fpv4-sp-d16 -mfloat-abi=hard -mthumb -o "Core/Src/spi.o"
arm-none-eabi-gcc "../Core/Src/stm32f4xx_hal_msp.c" -mcpu=cortex-m4 -std=gnu11 -g3 -DDEBUG -DUSE_HAL_DRIVER -DSTM32F407xx -c -I../Core/Inc -I../Drivers/STM32F4xx_HAL_Driver/Inc -I../Drivers/STM32F4xx_HAL_Driver/Inc/Legacy -I../Drivers/CMSIS/Device/ST/STM32F4xx/Include -I../Drivers/CMSIS/Include -I../../Common/Inc -I"C:/Users/Juan/STM32CubeIDE/workspace_1.16.0/SSE-Disc/Core/app" -O0 -ffunction-sections -fdata-sections -Wall -fstack-usage -fcyclomatic-complexity -MMD -MP -MF"Core/Src/stm32f4xx_hal_msp.d" -MT"Core/Src/stm32f4xx_hal_msp.o" --specs=nano.specs -mfpu=fpv4-sp-d16 -mfloat-abi=hard -mthumb -o "Core/Src/stm32f4xx_hal_msp.o"
arm-none-eabi-gcc "../Core/Src/stm32f4xx_it.c" -mcpu=cortex-m4 -std=gnu11 -g3 -DDEBUG -DUSE_HAL_DRIVER -DSTM32F407xx -c -I../Core/Inc -I../Drivers/STM32F4xx_HAL_Driver/Inc -I../Drivers/STM32F4xx_HAL_Driver/Inc/Legacy -I../Drivers/CMSIS/Device/ST/STM32F4xx/Include -I../Drivers/CMSIS/Include -I../../Common/Inc -I"C:/Users/Juan/STM32CubeIDE/workspace_1.16.0/SSE-Disc/Core/app" -O0 -ffunction-sections -fdata-sections -Wall -fstack-usage -fcyclomatic-complexity -MMD -MP -MF"Core/Src/stm32f4xx_it.d" -MT"Core/Src/stm32f4xx_it.o" --specs=nano.specs -mfpu=fpv4-sp-d16 -mfloat-abi=hard -mthumb -o "Core/Src/stm32f4xx_it.o"
arm-none-eabi-gcc "../Core/Src/tim.c" -mcpu=cortex-m4 -std=gnu11 -g3 -DDEBUG -DUSE_HAL_DRIVER -DSTM32F407xx -c -I../Core/Inc -I../Drivers/STM32F4xx_HAL_Driver/Inc -I../Drivers/STM32F4xx_HAL_Driver/Inc/Legacy -I../Drivers/CMSIS/Device/ST/STM32F4xx/Include -I../Drivers/CMSIS/Include -I../../Common/Inc -I"C:/Users/Juan/STM32CubeIDE/workspace_1.16.0/SSE-Disc/Core/app" -O0 -ffunction-sections -fdata-sections -Wall -fstack-usage -fcyclomatic-complexity -MMD -MP -MF"Core/Src/tim.d" -MT"Core/Src/tim.o" --specs=nano.specs -mfpu=fpv4-sp-d16 -mfloat-abi=hard -mthumb -o "Core/Src/tim.o"
arm-none-eabi-g++ -o "SSE-Disc.elf" @"objects.list"   -mcpu=cortex-m4 -T"C:\Users\Juan\STM32CubeIDE\workspace_1.16.0\SSE-Disc\STM32F407VGTX_FLASH.ld" --specs=nosys.specs -Wl,-Map="SSE-Disc.map" -Wl,--gc-sections -static --specs=nano.specs -mfpu=fpv4-sp-d16 -mfloat-abi=hard -mthumb -Wl,--start-group -lc -lm -lstdc++ -lsupc++ -Wl,--end-group
Finished building target: SSE-Disc.elf
 
arm-none-eabi-size  SSE-Disc.elf 
arm-none-eabi-objdump -h -S SSE-Disc.elf  > "SSE-Disc.list"
   text	   data	    bss	    dec	    hex	filename
  22196	     12	   1996	  24204	   5e8c	SSE-Disc.elf
Finished building: default.size.stdout
 
Finished building: SSE-Disc.list
 
00:37:03 **** Incremental Build of configuration Debug for project SSE-Disc ****
make -j8 all 
arm-none-eabi-size  SSE-Disc.elf 
   text	   data	    bss	    dec	    hex	filename
  22196	     12	   1996	  24204	   5e8c	SSE-Disc.elf
Finished building: default.size.stdout
 
00:37:13 **** Incremental Build of configuration Debug for project SSE-Disc ****
make -j8 all 
arm-none-eabi-size  SSE-Disc.elf 
   text	   data	    bss	    dec	    hex	filename
  22196	     12	   1996	  24204	   5e8c	SSE-Disc.elf
Finished building: default.size.stdout
 
00:37:43 **** Incremental Build of configuration Debug for project SSE-Disc ****
make -j8 all 
arm-none-eabi-gcc "../Core/Src/main.c" -mcpu=cortex-m4 -std=gnu11 -g3 -DDEBUG -DUSE_HAL_DRIVER -DSTM32F407xx -c -I../Core/Inc -I../Drivers/STM32F4xx_HAL_Driver/Inc -I../Drivers/STM32F4xx_HAL_Driver/Inc/Legacy -I../Drivers/CMSIS/Device/ST/STM32F4xx/Include -I../Drivers/CMSIS/Include -I../../Common/Inc -I"C:/Users/Juan/STM32CubeIDE/workspace_1.16.0/SSE-Disc/Core/app" -O0 -ffunction-sections -fdata-sections -Wall -fstack-usage -fcyclomatic-complexity -MMD -MP -MF"Core/Src/main.d" -MT"Core/Src/main.o" --specs=nano.specs -mfpu=fpv4-sp-d16 -mfloat-abi=hard -mthumb -o "Core/Src/main.o"
arm-none-eabi-g++ -o "SSE-Disc.elf" @"objects.list"   -mcpu=cortex-m4 -T"C:\Users\Juan\STM32CubeIDE\workspace_1.16.0\SSE-Disc\STM32F407VGTX_FLASH.ld" --specs=nosys.specs -Wl,-Map="SSE-Disc.map" -Wl,--gc-sections -static --specs=nano.specs -mfpu=fpv4-sp-d16 -mfloat-abi=hard -mthumb -Wl,--start-group -lc -lm -lstdc++ -lsupc++ -Wl,--end-group
Finished building target: SSE-Disc.elf
 
arm-none-eabi-size  SSE-Disc.elf 
arm-none-eabi-objdump -h -S SSE-Disc.elf  > "SSE-Disc.list"
   text	   data	    bss	    dec	    hex	filename
  22352	     12	   1996	  24360	   5f28	SSE-Disc.elf
Finished building: default.size.stdout
 
Finished building: SSE-Disc.list
 
00:39:20 **** Incremental Build of configuration Debug for project SSE-Disc ****
make -j8 all 
arm-none-eabi-gcc "../Core/Src/main.c" -mcpu=cortex-m4 -std=gnu11 -g3 -DDEBUG -DUSE_HAL_DRIVER -DSTM32F407xx -c -I../Core/Inc -I../Drivers/STM32F4xx_HAL_Driver/Inc -I../Drivers/STM32F4xx_HAL_Driver/Inc/Legacy -I../Drivers/CMSIS/Device/ST/STM32F4xx/Include -I../Drivers/CMSIS/Include -I../../Common/Inc -I"C:/Users/Juan/STM32CubeIDE/workspace_1.16.0/SSE-Disc/Core/app" -O0 -ffunction-sections -fdata-sections -Wall -fstack-usage -fcyclomatic-complexity -MMD -MP -MF"Core/Src/main.d" -MT"Core/Src/main.o" --specs=nano.specs -mfpu=fpv4-sp-d16 -mfloat-abi=hard -mthumb -o "Core/Src/main.o"
arm-none-eabi-g++ -o "SSE-Disc.elf" @"objects.list"   -mcpu=cortex-m4 -T"C:\Users\Juan\STM32CubeIDE\workspace_1.16.0\SSE-Disc\STM32F407VGTX_FLASH.ld" --specs=nosys.specs -Wl,-Map="SSE-Disc.map" -Wl,--gc-sections -static --specs=nano.specs -mfpu=fpv4-sp-d16 -mfloat-abi=hard -mthumb -Wl,--start-group -lc -lm -lstdc++ -lsupc++ -Wl,--end-group
Finished building target: SSE-Disc.elf
 
arm-none-eabi-size  SSE-Disc.elf 
arm-none-eabi-objdump -h -S SSE-Disc.elf  > "SSE-Disc.list"
   text	   data	    bss	    dec	    hex	filename
  22264	     12	   1996	  24272	   5ed0	SSE-Disc.elf
Finished building: default.size.stdout
 
Finished building: SSE-Disc.list
 
00:40:35 **** Incremental Build of configuration Debug for project SSE-Disc ****
make -j8 all 
arm-none-eabi-gcc "../Core/Src/bsp_hcsr04.c" -mcpu=cortex-m4 -std=gnu11 -g3 -DDEBUG -DUSE_HAL_DRIVER -DSTM32F407xx -c -I../Core/Inc -I../Drivers/STM32F4xx_HAL_Driver/Inc -I../Drivers/STM32F4xx_HAL_Driver/Inc/Legacy -I../Drivers/CMSIS/Device/ST/STM32F4xx/Include -I../Drivers/CMSIS/Include -I../../Common/Inc -I"C:/Users/Juan/STM32CubeIDE/workspace_1.16.0/SSE-Disc/Core/app" -O0 -ffunction-sections -fdata-sections -Wall -fstack-usage -fcyclomatic-complexity -MMD -MP -MF"Core/Src/bsp_hcsr04.d" -MT"Core/Src/bsp_hcsr04.o" --specs=nano.specs -mfpu=fpv4-sp-d16 -mfloat-abi=hard -mthumb -o "Core/Src/bsp_hcsr04.o"
arm-none-eabi-gcc "../Core/Src/main.c" -mcpu=cortex-m4 -std=gnu11 -g3 -DDEBUG -DUSE_HAL_DRIVER -DSTM32F407xx -c -I../Core/Inc -I../Drivers/STM32F4xx_HAL_Driver/Inc -I../Drivers/STM32F4xx_HAL_Driver/Inc/Legacy -I../Drivers/CMSIS/Device/ST/STM32F4xx/Include -I../Drivers/CMSIS/Include -I../../Common/Inc -I"C:/Users/Juan/STM32CubeIDE/workspace_1.16.0/SSE-Disc/Core/app" -O0 -ffunction-sections -fdata-sections -Wall -fstack-usage -fcyclomatic-complexity -MMD -MP -MF"Core/Src/main.d" -MT"Core/Src/main.o" --specs=nano.specs -mfpu=fpv4-sp-d16 -mfloat-abi=hard -mthumb -o "Core/Src/main.o"
arm-none-eabi-g++ -o "SSE-Disc.elf" @"objects.list"   -mcpu=cortex-m4 -T"C:\Users\Juan\STM32CubeIDE\workspace_1.16.0\SSE-Disc\STM32F407VGTX_FLASH.ld" --specs=nosys.specs -Wl,-Map="SSE-Disc.map" -Wl,--gc-sections -static --specs=nano.specs -mfpu=fpv4-sp-d16 -mfloat-abi=hard -mthumb -Wl,--start-group -lc -lm -lstdc++ -lsupc++ -Wl,--end-group
Finished building target: SSE-Disc.elf
 
arm-none-eabi-size  SSE-Disc.elf 
arm-none-eabi-objdump -h -S SSE-Disc.elf  > "SSE-Disc.list"
   text	   data	    bss	    dec	    hex	filename
  22268	     12	   1996	  24276	   5ed4	SSE-Disc.elf
Finished building: default.size.stdout
 
Finished building: SSE-Disc.list
 
00:41:12 **** Incremental Build of configuration Debug for project SSE-Disc ****
make -j8 all 
arm-none-eabi-gcc "../Core/Src/main.c" -mcpu=cortex-m4 -std=gnu11 -g3 -DDEBUG -DUSE_HAL_DRIVER -DSTM32F407xx -c -I../Core/Inc -I../Drivers/STM32F4xx_HAL_Driver/Inc -I../Drivers/STM32F4xx_HAL_Driver/Inc/Legacy -I../Drivers/CMSIS/Device/ST/STM32F4xx/Include -I../Drivers/CMSIS/Include -I../../Common/Inc -I"C:/Users/Juan/STM32CubeIDE/workspace_1.16.0/SSE-Disc/Core/app" -O0 -ffunction-sections -fdata-sections -Wall -fstack-usage -fcyclomatic-complexity -MMD -MP -MF"Core/Src/main.d" -MT"Core/Src/main.o" --specs=nano.specs -mfpu=fpv4-sp-d16 -mfloat-abi=hard -mthumb -o "Core/Src/main.o"
arm-none-eabi-g++ -o "SSE-Disc.elf" @"objects.list"   -mcpu=cortex-m4 -T"C:\Users\Juan\STM32CubeIDE\workspace_1.16.0\SSE-Disc\STM32F407VGTX_FLASH.ld" --specs=nosys.specs -Wl,-Map="SSE-Disc.map" -Wl,--gc-sections -static --specs=nano.specs -mfpu=fpv4-sp-d16 -mfloat-abi=hard -mthumb -Wl,--start-group -lc -lm -lstdc++ -lsupc++ -Wl,--end-group
Finished building target: SSE-Disc.elf
 
arm-none-eabi-size  SSE-Disc.elf 
arm-none-eabi-objdump -h -S SSE-Disc.elf  > "SSE-Disc.list"
   text	   data	    bss	    dec	    hex	filename
  22272	     12	   1996	  24280	   5ed8	SSE-Disc.elf
Finished building: default.size.stdout
 
Finished building: SSE-Disc.list
 
00:45:50 **** Incremental Build of configuration Debug for project SSE-Disc ****
make -j8 all 
arm-none-eabi-gcc "../Core/Src/main.c" -mcpu=cortex-m4 -std=gnu11 -g3 -DDEBUG -DUSE_HAL_DRIVER -DSTM32F407xx -c -I../Core/Inc -I../Drivers/STM32F4xx_HAL_Driver/Inc -I../Drivers/STM32F4xx_HAL_Driver/Inc/Legacy -I../Drivers/CMSIS/Device/ST/STM32F4xx/Include -I../Drivers/CMSIS/Include -I../../Common/Inc -I"C:/Users/Juan/STM32CubeIDE/workspace_1.16.0/SSE-Disc/Core/app" -O0 -ffunction-sections -fdata-sections -Wall -fstack-usage -fcyclomatic-complexity -MMD -MP -MF"Core/Src/main.d" -MT"Core/Src/main.o" --specs=nano.specs -mfpu=fpv4-sp-d16 -mfloat-abi=hard -mthumb -o "Core/Src/main.o"
arm-none-eabi-gcc "../Core/Src/tim.c" -mcpu=cortex-m4 -std=gnu11 -g3 -DDEBUG -DUSE_HAL_DRIVER -DSTM32F407xx -c -I../Core/Inc -I../Drivers/STM32F4xx_HAL_Driver/Inc -I../Drivers/STM32F4xx_HAL_Driver/Inc/Legacy -I../Drivers/CMSIS/Device/ST/STM32F4xx/Include -I../Drivers/CMSIS/Include -I../../Common/Inc -I"C:/Users/Juan/STM32CubeIDE/workspace_1.16.0/SSE-Disc/Core/app" -O0 -ffunction-sections -fdata-sections -Wall -fstack-usage -fcyclomatic-complexity -MMD -MP -MF"Core/Src/tim.d" -MT"Core/Src/tim.o" --specs=nano.specs -mfpu=fpv4-sp-d16 -mfloat-abi=hard -mthumb -o "Core/Src/tim.o"
arm-none-eabi-g++ -o "SSE-Disc.elf" @"objects.list"   -mcpu=cortex-m4 -T"C:\Users\Juan\STM32CubeIDE\workspace_1.16.0\SSE-Disc\STM32F407VGTX_FLASH.ld" --specs=nosys.specs -Wl,-Map="SSE-Disc.map" -Wl,--gc-sections -static --specs=nano.specs -mfpu=fpv4-sp-d16 -mfloat-abi=hard -mthumb -Wl,--start-group -lc -lm -lstdc++ -lsupc++ -Wl,--end-group
Finished building target: SSE-Disc.elf
 
arm-none-eabi-size  SSE-Disc.elf 
arm-none-eabi-objdump -h -S SSE-Disc.elf  > "SSE-Disc.list"
   text	   data	    bss	    dec	    hex	filename
  22332	     12	   1996	  24340	   5f14	SSE-Disc.elf
Finished building: default.size.stdout
 
Finished building: SSE-Disc.list
 
00:47:27 **** Incremental Build of configuration Debug for project SSE-Disc ****
make -j8 all 
arm-none-eabi-gcc "../Core/Src/main.c" -mcpu=cortex-m4 -std=gnu11 -g3 -DDEBUG -DUSE_HAL_DRIVER -DSTM32F407xx -c -I../Core/Inc -I../Drivers/STM32F4xx_HAL_Driver/Inc -I../Drivers/STM32F4xx_HAL_Driver/Inc/Legacy -I../Drivers/CMSIS/Device/ST/STM32F4xx/Include -I../Drivers/CMSIS/Include -I../../Common/Inc -I"C:/Users/Juan/STM32CubeIDE/workspace_1.16.0/SSE-Disc/Core/app" -O0 -ffunction-sections -fdata-sections -Wall -fstack-usage -fcyclomatic-complexity -MMD -MP -MF"Core/Src/main.d" -MT"Core/Src/main.o" --specs=nano.specs -mfpu=fpv4-sp-d16 -mfloat-abi=hard -mthumb -o "Core/Src/main.o"
../Core/Src/main.c: In function 'main':
../Core/Src/main.c:87:1: warning: statement with no effect [-Wunused-value]
   87 | 0  HAL_Init();
      | ^
../Core/Src/main.c:87:2: error: expected ';' before 'HAL_Init'
   87 | 0  HAL_Init();
      |  ^ ~~~~~~~~
      |  ;
make: *** [Core/Src/subdir.mk:49: Core/Src/main.o] Error 1
"make -j8 all" terminated with exit code 2. Build might be incomplete.
00:47:45 **** Incremental Build of configuration Debug for project SSE-Disc ****
make -j8 all 
arm-none-eabi-gcc "../Core/Src/main.c" -mcpu=cortex-m4 -std=gnu11 -g3 -DDEBUG -DUSE_HAL_DRIVER -DSTM32F407xx -c -I../Core/Inc -I../Drivers/STM32F4xx_HAL_Driver/Inc -I../Drivers/STM32F4xx_HAL_Driver/Inc/Legacy -I../Drivers/CMSIS/Device/ST/STM32F4xx/Include -I../Drivers/CMSIS/Include -I../../Common/Inc -I"C:/Users/Juan/STM32CubeIDE/workspace_1.16.0/SSE-Disc/Core/app" -O0 -ffunction-sections -fdata-sections -Wall -fstack-usage -fcyclomatic-complexity -MMD -MP -MF"Core/Src/main.d" -MT"Core/Src/main.o" --specs=nano.specs -mfpu=fpv4-sp-d16 -mfloat-abi=hard -mthumb -o "Core/Src/main.o"
../Core/Src/main.c: In function 'main':
../Core/Src/main.c:89:1: warning: statement with no effect [-Wunused-value]
   89 | 0  HAL_Init();
      | ^
../Core/Src/main.c:89:2: error: expected ';' before 'HAL_Init'
   89 | 0  HAL_Init();
      |  ^ ~~~~~~~~
      |  ;
make: *** [Core/Src/subdir.mk:49: Core/Src/main.o] Error 1
"make -j8 all" terminated with exit code 2. Build might be incomplete.
00:47:59 **** Incremental Build of configuration Debug for project SSE-Disc ****
make -j8 all 
arm-none-eabi-gcc "../Core/Src/main.c" -mcpu=cortex-m4 -std=gnu11 -g3 -DDEBUG -DUSE_HAL_DRIVER -DSTM32F407xx -c -I../Core/Inc -I../Drivers/STM32F4xx_HAL_Driver/Inc -I../Drivers/STM32F4xx_HAL_Driver/Inc/Legacy -I../Drivers/CMSIS/Device/ST/STM32F4xx/Include -I../Drivers/CMSIS/Include -I../../Common/Inc -I"C:/Users/Juan/STM32CubeIDE/workspace_1.16.0/SSE-Disc/Core/app" -O0 -ffunction-sections -fdata-sections -Wall -fstack-usage -fcyclomatic-complexity -MMD -MP -MF"Core/Src/main.d" -MT"Core/Src/main.o" --specs=nano.specs -mfpu=fpv4-sp-d16 -mfloat-abi=hard -mthumb -o "Core/Src/main.o"
arm-none-eabi-g++ -o "SSE-Disc.elf" @"objects.list"   -mcpu=cortex-m4 -T"C:\Users\Juan\STM32CubeIDE\workspace_1.16.0\SSE-Disc\STM32F407VGTX_FLASH.ld" --specs=nosys.specs -Wl,-Map="SSE-Disc.map" -Wl,--gc-sections -static --specs=nano.specs -mfpu=fpv4-sp-d16 -mfloat-abi=hard -mthumb -Wl,--start-group -lc -lm -lstdc++ -lsupc++ -Wl,--end-group
Finished building target: SSE-Disc.elf
 
arm-none-eabi-size  SSE-Disc.elf 
arm-none-eabi-objdump -h -S SSE-Disc.elf  > "SSE-Disc.list"
   text	   data	    bss	    dec	    hex	filename
  22324	     12	   1996	  24332	   5f0c	SSE-Disc.elf
Finished building: default.size.stdout
 
Finished building: SSE-Disc.list
 
00:49:40 **** Incremental Build of configuration Debug for project SSE-Disc ****
make -j8 all 
arm-none-eabi-gcc "../Core/Src/main.c" -mcpu=cortex-m4 -std=gnu11 -g3 -DDEBUG -DUSE_HAL_DRIVER -DSTM32F407xx -c -I../Core/Inc -I../Drivers/STM32F4xx_HAL_Driver/Inc -I../Drivers/STM32F4xx_HAL_Driver/Inc/Legacy -I../Drivers/CMSIS/Device/ST/STM32F4xx/Include -I../Drivers/CMSIS/Include -I../../Common/Inc -I"C:/Users/Juan/STM32CubeIDE/workspace_1.16.0/SSE-Disc/Core/app" -O0 -ffunction-sections -fdata-sections -Wall -fstack-usage -fcyclomatic-complexity -MMD -MP -MF"Core/Src/main.d" -MT"Core/Src/main.o" --specs=nano.specs -mfpu=fpv4-sp-d16 -mfloat-abi=hard -mthumb -o "Core/Src/main.o"
../Core/Src/main.c: In function 'HAL_TIM_PWM_PulseFinishedCallback':
../Core/Src/main.c:207:59: error: expected ')' before ';' token
  207 |         duty_cycle = (float) (new_min(distance, 100) / 100;
      |                              ~                            ^
      |                                                           )
../Core/Src/main.c:214:10: error: expected ';' before '}' token
  214 |         }
      |          ^
      |          ;
  215 | 
  216 | }
      | ~         
make: *** [Core/Src/subdir.mk:49: Core/Src/main.o] Error 1
"make -j8 all" terminated with exit code 2. Build might be incomplete.
00:50:14 **** Incremental Build of configuration Debug for project SSE-Disc ****
make -j8 all 
arm-none-eabi-gcc "../Core/Src/main.c" -mcpu=cortex-m4 -std=gnu11 -g3 -DDEBUG -DUSE_HAL_DRIVER -DSTM32F407xx -c -I../Core/Inc -I../Drivers/STM32F4xx_HAL_Driver/Inc -I../Drivers/STM32F4xx_HAL_Driver/Inc/Legacy -I../Drivers/CMSIS/Device/ST/STM32F4xx/Include -I../Drivers/CMSIS/Include -I../../Common/Inc -I"C:/Users/Juan/STM32CubeIDE/workspace_1.16.0/SSE-Disc/Core/app" -O0 -ffunction-sections -fdata-sections -Wall -fstack-usage -fcyclomatic-complexity -MMD -MP -MF"Core/Src/main.d" -MT"Core/Src/main.o" --specs=nano.specs -mfpu=fpv4-sp-d16 -mfloat-abi=hard -mthumb -o "Core/Src/main.o"
../Core/Src/main.c: In function 'HAL_TIM_PWM_PulseFinishedCallback':
../Core/Src/main.c:207:59: error: expected ')' before ';' token
  207 |         duty_cycle = (float) (new_min(distance, 100) / 100;
      |                              ~                            ^
      |                                                           )
../Core/Src/main.c:214:10: error: expected ';' before '}' token
  214 |         }
      |          ^
      |          ;
  215 | 
  216 | }
      | ~         
make: *** [Core/Src/subdir.mk:49: Core/Src/main.o] Error 1
"make -j8 all" terminated with exit code 2. Build might be incomplete.
00:50:27 **** Incremental Build of configuration Debug for project SSE-Disc ****
make -j8 all 
arm-none-eabi-gcc "../Core/Src/main.c" -mcpu=cortex-m4 -std=gnu11 -g3 -DDEBUG -DUSE_HAL_DRIVER -DSTM32F407xx -c -I../Core/Inc -I../Drivers/STM32F4xx_HAL_Driver/Inc -I../Drivers/STM32F4xx_HAL_Driver/Inc/Legacy -I../Drivers/CMSIS/Device/ST/STM32F4xx/Include -I../Drivers/CMSIS/Include -I../../Common/Inc -I"C:/Users/Juan/STM32CubeIDE/workspace_1.16.0/SSE-Disc/Core/app" -O0 -ffunction-sections -fdata-sections -Wall -fstack-usage -fcyclomatic-complexity -MMD -MP -MF"Core/Src/main.d" -MT"Core/Src/main.o" --specs=nano.specs -mfpu=fpv4-sp-d16 -mfloat-abi=hard -mthumb -o "Core/Src/main.o"
arm-none-eabi-g++ -o "SSE-Disc.elf" @"objects.list"   -mcpu=cortex-m4 -T"C:\Users\Juan\STM32CubeIDE\workspace_1.16.0\SSE-Disc\STM32F407VGTX_FLASH.ld" --specs=nosys.specs -Wl,-Map="SSE-Disc.map" -Wl,--gc-sections -static --specs=nano.specs -mfpu=fpv4-sp-d16 -mfloat-abi=hard -mthumb -Wl,--start-group -lc -lm -lstdc++ -lsupc++ -Wl,--end-group
Finished building target: SSE-Disc.elf
 
arm-none-eabi-size  SSE-Disc.elf 
arm-none-eabi-objdump -h -S SSE-Disc.elf  > "SSE-Disc.list"
   text	   data	    bss	    dec	    hex	filename
  22316	     12	   1996	  24324	   5f04	SSE-Disc.elf
Finished building: default.size.stdout
 
Finished building: SSE-Disc.list
 
00:51:03 **** Incremental Build of configuration Debug for project SSE-Disc ****
make -j8 all 
arm-none-eabi-gcc "../Core/Src/main.c" -mcpu=cortex-m4 -std=gnu11 -g3 -DDEBUG -DUSE_HAL_DRIVER -DSTM32F407xx -c -I../Core/Inc -I../Drivers/STM32F4xx_HAL_Driver/Inc -I../Drivers/STM32F4xx_HAL_Driver/Inc/Legacy -I../Drivers/CMSIS/Device/ST/STM32F4xx/Include -I../Drivers/CMSIS/Include -I../../Common/Inc -I"C:/Users/Juan/STM32CubeIDE/workspace_1.16.0/SSE-Disc/Core/app" -O0 -ffunction-sections -fdata-sections -Wall -fstack-usage -fcyclomatic-complexity -MMD -MP -MF"Core/Src/main.d" -MT"Core/Src/main.o" --specs=nano.specs -mfpu=fpv4-sp-d16 -mfloat-abi=hard -mthumb -o "Core/Src/main.o"
arm-none-eabi-g++ -o "SSE-Disc.elf" @"objects.list"   -mcpu=cortex-m4 -T"C:\Users\Juan\STM32CubeIDE\workspace_1.16.0\SSE-Disc\STM32F407VGTX_FLASH.ld" --specs=nosys.specs -Wl,-Map="SSE-Disc.map" -Wl,--gc-sections -static --specs=nano.specs -mfpu=fpv4-sp-d16 -mfloat-abi=hard -mthumb -Wl,--start-group -lc -lm -lstdc++ -lsupc++ -Wl,--end-group
Finished building target: SSE-Disc.elf
 
arm-none-eabi-size  SSE-Disc.elf 
arm-none-eabi-objdump -h -S SSE-Disc.elf  > "SSE-Disc.list"
   text	   data	    bss	    dec	    hex	filename
  22312	     12	   1996	  24320	   5f00	SSE-Disc.elf
Finished building: default.size.stdout
 
Finished building: SSE-Disc.list
 
00:52:25 **** Incremental Build of configuration Debug for project SSE-Disc ****
make -j8 all 
arm-none-eabi-gcc "../Core/Src/main.c" -mcpu=cortex-m4 -std=gnu11 -g3 -DDEBUG -DUSE_HAL_DRIVER -DSTM32F407xx -c -I../Core/Inc -I../Drivers/STM32F4xx_HAL_Driver/Inc -I../Drivers/STM32F4xx_HAL_Driver/Inc/Legacy -I../Drivers/CMSIS/Device/ST/STM32F4xx/Include -I../Drivers/CMSIS/Include -I../../Common/Inc -I"C:/Users/Juan/STM32CubeIDE/workspace_1.16.0/SSE-Disc/Core/app" -O0 -ffunction-sections -fdata-sections -Wall -fstack-usage -fcyclomatic-complexity -MMD -MP -MF"Core/Src/main.d" -MT"Core/Src/main.o" --specs=nano.specs -mfpu=fpv4-sp-d16 -mfloat-abi=hard -mthumb -o "Core/Src/main.o"
arm-none-eabi-g++ -o "SSE-Disc.elf" @"objects.list"   -mcpu=cortex-m4 -T"C:\Users\Juan\STM32CubeIDE\workspace_1.16.0\SSE-Disc\STM32F407VGTX_FLASH.ld" --specs=nosys.specs -Wl,-Map="SSE-Disc.map" -Wl,--gc-sections -static --specs=nano.specs -mfpu=fpv4-sp-d16 -mfloat-abi=hard -mthumb -Wl,--start-group -lc -lm -lstdc++ -lsupc++ -Wl,--end-group
Finished building target: SSE-Disc.elf
 
arm-none-eabi-size  SSE-Disc.elf 
arm-none-eabi-objdump -h -S SSE-Disc.elf  > "SSE-Disc.list"
   text	   data	    bss	    dec	    hex	filename
  22324	     12	   1996	  24332	   5f0c	SSE-Disc.elf
Finished building: default.size.stdout
 
Finished building: SSE-Disc.list
 
01:01:12 **** Incremental Build of configuration Debug for project SSE-Disc ****
make -j8 all 
arm-none-eabi-gcc "../Core/Src/main.c" -mcpu=cortex-m4 -std=gnu11 -g3 -DDEBUG -DUSE_HAL_DRIVER -DSTM32F407xx -c -I../Core/Inc -I../Drivers/STM32F4xx_HAL_Driver/Inc -I../Drivers/STM32F4xx_HAL_Driver/Inc/Legacy -I../Drivers/CMSIS/Device/ST/STM32F4xx/Include -I../Drivers/CMSIS/Include -I../../Common/Inc -I"C:/Users/Juan/STM32CubeIDE/workspace_1.16.0/SSE-Disc/Core/app" -O0 -ffunction-sections -fdata-sections -Wall -fstack-usage -fcyclomatic-complexity -MMD -MP -MF"Core/Src/main.d" -MT"Core/Src/main.o" --specs=nano.specs -mfpu=fpv4-sp-d16 -mfloat-abi=hard -mthumb -o "Core/Src/main.o"
../Core/Src/main.c: In function 'main':
../Core/Src/main.c:130:14: error: 'duty_cycle' undeclared (first use in this function)
  130 |           if(duty_cycle <= 0.5){
      |              ^~~~~~~~~~
../Core/Src/main.c:130:14: note: each undeclared identifier is reported only once for each function it appears in
make: *** [Core/Src/subdir.mk:49: Core/Src/main.o] Error 1
"make -j8 all" terminated with exit code 2. Build might be incomplete.
01:01:27 **** Incremental Build of configuration Debug for project SSE-Disc ****
make -j8 all 
arm-none-eabi-gcc "../Core/Src/main.c" -mcpu=cortex-m4 -std=gnu11 -g3 -DDEBUG -DUSE_HAL_DRIVER -DSTM32F407xx -c -I../Core/Inc -I../Drivers/STM32F4xx_HAL_Driver/Inc -I../Drivers/STM32F4xx_HAL_Driver/Inc/Legacy -I../Drivers/CMSIS/Device/ST/STM32F4xx/Include -I../Drivers/CMSIS/Include -I../../Common/Inc -I"C:/Users/Juan/STM32CubeIDE/workspace_1.16.0/SSE-Disc/Core/app" -O0 -ffunction-sections -fdata-sections -Wall -fstack-usage -fcyclomatic-complexity -MMD -MP -MF"Core/Src/main.d" -MT"Core/Src/main.o" --specs=nano.specs -mfpu=fpv4-sp-d16 -mfloat-abi=hard -mthumb -o "Core/Src/main.o"
arm-none-eabi-g++ -o "SSE-Disc.elf" @"objects.list"   -mcpu=cortex-m4 -T"C:\Users\Juan\STM32CubeIDE\workspace_1.16.0\SSE-Disc\STM32F407VGTX_FLASH.ld" --specs=nosys.specs -Wl,-Map="SSE-Disc.map" -Wl,--gc-sections -static --specs=nano.specs -mfpu=fpv4-sp-d16 -mfloat-abi=hard -mthumb -Wl,--start-group -lc -lm -lstdc++ -lsupc++ -Wl,--end-group
Finished building target: SSE-Disc.elf
 
arm-none-eabi-size  SSE-Disc.elf 
arm-none-eabi-objdump -h -S SSE-Disc.elf  > "SSE-Disc.list"
   text	   data	    bss	    dec	    hex	filename
  22376	     12	   1996	  24384	   5f40	SSE-Disc.elf
Finished building: default.size.stdout
 
Finished building: SSE-Disc.list
 
